#
# A fatal error has been detected by the Java Runtime Environment:
#
#  SIGSEGV (0xb) at pc=0x0000000000000000, pid=5581, tid=140253098673920
#
# JRE version: OpenJDK Runtime Environment (8.0_25-b18) (build 1.8.0_25-b18)
# Java VM: OpenJDK 64-Bit Server VM (25.25-b02 mixed mode linux-amd64 compressed oops)
# Problematic frame:
# C  0x0000000000000000
#
# Failed to write core dump. Core dumps have been disabled. To enable core dumping, try "ulimit -c unlimited" before starting Java again
#
# If you would like to submit a bug report, please visit:
#   http://bugreport.sun.com/bugreport/crash.jsp
#

---------------  T H R E A D  ---------------

Current thread is native thread

siginfo: si_signo: 11 (SIGSEGV), si_code: 1 (SEGV_MAPERR), si_addr: 0x0000000000000000

Registers:
RAX=0x00007f8f398e87c0, RBX=0x0000000000000800, RCX=0x00007f8f98357600, RDX=0x00007f8f98357600
RSP=0x00007f8f381ffd58, RBP=0x00007f8f98341470, RSI=0x0000000000000000, RDI=0x00007f8f98341470
R8 =0x00000000006db800, R9 =0x0000000000000001, R10=0x00007f8f98341494, R11=0x0000000000000000
R12=0x00007f8f98345600, R13=0x0000000000012000, R14=0x0000000000002000, R15=0x00007f8f381fff08
RIP=0x0000000000000000, EFLAGS=0x0000000000010246, CSGSFS=0x0000000000000033, ERR=0x0000000000000014
  TRAPNO=0x000000000000000e

Top of Stack: (sp=0x00007f8f381ffd58)
0x00007f8f381ffd58:   00007f8f396b14d1 0000000000000008
0x00007f8f381ffd68:   00007f8f1c005b80 00007f8fbb800000
0x00007f8f381ffd78:   00007f8f9f729379 0000000000000000
0x00007f8f381ffd88:   00007f8f38ff3152 00007f8f9830c9d0
0x00007f8f381ffd98:   0000000000000000 0000000000000000
0x00007f8f381ffda8:   0000000000000000 00007f8f9833dc20
0x00007f8f381ffdb8:   00007f8f9833db60 0000000000004000
0x00007f8f381ffdc8:   00007f8f38ffb57a 0000000000000005
0x00007f8f381ffdd8:   00007f8f14000ce0 0000000000000000
0x00007f8f381ffde8:   5700000000000001 0000000000004000
0x00007f8f381ffdf8:   00007f8f38ffd08b 0000000000000000
0x00007f8f381ffe08:   0000000000000000 0000000000000000
0x00007f8f381ffe18:   0000000000000000 0000000000000000
0x00007f8f381ffe28:   0000000000004000 00007f8f9833db60
0x00007f8f381ffe38:   00007f8f381fff08 00007f8f381fff00
0x00007f8f381ffe48:   00007f8f98345600 00007f8f9833dc58
0x00007f8f381ffe58:   00007f8f3946cba2 00007f8f2402f040
0x00007f8f381ffe68:   00007f8f241bf040 00000800381ffeb0
0x00007f8f381ffe78:   00007f8f381ffe90 0000000000000000
0x00007f8f381ffe88:   00007f8f39471df2 00001fa00000037f
0x00007f8f381ffe98:   00007f8f38fdd99f 00007f8f9833dc20
0x00007f8f381ffea8:   0000000000004000 00007f8f983131c0
0x00007f8f381ffeb8:   0000000000000000 00007f8f98341470
0x00007f8f381ffec8:   0000000000000008 00007f8f381fff08
0x00007f8f381ffed8:   00007f8f396c7544 0000000000000000
0x00007f8f381ffee8:   00007f8f381fff00 0000000000002000
0x00007f8f381ffef8:   0000000000006000 00007f8f241bf040
0x00007f8f381fff08:   0000000000004000 0000000000000000
0x00007f8f381fff18:   00007f8f9833e640 0000000000000000
0x00007f8f381fff28:   00007f8f9fb1f400 0000000000000000
0x00007f8f381fff38:   00007f8f38200700 0000000000000000
0x00007f8f381fff48:   00007f8f396ba73a 0000000000000000 

Instructions: (pc=0x0000000000000000)
0xffffffffffffffe0:   

Register to memory mapping:

RAX=0x00007f8f398e87c0: <offset 0x2577c0> in /tmp/libgdximalerich/7b43be9b/libopenal64.so at 0x00007f8f39691000
RBX=0x0000000000000800 is an unknown value
RCX=0x00007f8f98357600 is an unknown value
RDX=0x00007f8f98357600 is an unknown value
RSP=0x00007f8f381ffd58 is an unknown value
RBP=0x00007f8f98341470 is an unknown value
RSI=0x0000000000000000 is an unknown value
RDI=0x00007f8f98341470 is an unknown value
R8 =0x00000000006db800 is an unknown value
R9 =0x0000000000000001 is an unknown value
R10=0x00007f8f98341494 is an unknown value
R11=0x0000000000000000 is an unknown value
R12=0x00007f8f98345600 is an unknown value
R13=0x0000000000012000 is an unknown value
R14=0x0000000000002000 is an unknown value
R15=0x00007f8f381fff08 is an unknown value


Stack: [0x00007f8f38100000,0x00007f8f38201000],  sp=0x00007f8f381ffd58,  free space=1023k

---------------  P R O C E S S  ---------------

VM state:at safepoint (shutting down)

VM Mutex/Monitor currently owned by a thread:  ([mutex/lock_event])
[0x00007f8f98007630] Threads_lock - owner thread: 0x00007f8f9807a800

Heap:
 PSYoungGen      total 37888K, used 28899K [0x00000000d6a00000, 0x00000000d9400000, 0x0000000100000000)
  eden space 32768K, 74% used [0x00000000d6a00000,0x00000000d81b0f08,0x00000000d8a00000)
  from space 5120K, 90% used [0x00000000d8a00000,0x00000000d8e87f68,0x00000000d8f00000)
  to   space 5120K, 0% used [0x00000000d8f00000,0x00000000d8f00000,0x00000000d9400000)
 ParOldGen       total 86016K, used 8K [0x0000000083e00000, 0x0000000089200000, 0x00000000d6a00000)
  object space 86016K, 0% used [0x0000000083e00000,0x0000000083e02000,0x0000000089200000)
 Metaspace       used 12193K, capacity 12345K, committed 12544K, reserved 1060864K
  class space    used 1138K, capacity 1214K, committed 1280K, reserved 1048576K

Card table byte_map: [0x00007f8f9c8e0000,0x00007f8f9ccc2000] byte_map_base: 0x00007f8f9c4c1000

Marking Bits: (ParMarkBitMap*) 0x00007f8f9ed23780
 Begin Bits: [0x00007f8f801f0000, 0x00007f8f820f8000)
 End Bits:   [0x00007f8f820f8000, 0x00007f8f84000000)

Polling page: 0x00007f8f9fb55000

CodeCache: size=245760Kb used=7028Kb max_used=7048Kb free=238731Kb
 bounds [0x00007f8f89000000, 0x00007f8f896f0000, 0x00007f8f98000000]
 total_blobs=2530 nmethods=1909 adapters=535
 compilation: enabled

Compilation events (10 events):
Event: 88.260 Thread 0x00007f8f980b7800 1913       4       particles.Weather::verifyOffsets (59 bytes)
Event: 88.263 Thread 0x00007f8f980b7800 nmethod 1913 0x00007f8f896b5890 code [0x00007f8f896b5a40, 0x00007f8f896b5cb8]
Event: 88.945 Thread 0x00007f8f980bc000 1914       3       physics.CombatPacket::checkDelay (39 bytes)
Event: 88.945 Thread 0x00007f8f980bc000 nmethod 1914 0x00007f8f896be690 code [0x00007f8f896be800, 0x00007f8f896bea90]
Event: 89.110 Thread 0x00007f8f980bc000 1915       3       physics.CombatPacket::getMoveDirection (131 bytes)
Event: 89.111 Thread 0x00007f8f980bc000 nmethod 1915 0x00007f8f896be0d0 code [0x00007f8f896be260, 0x00007f8f896be5b0]
Event: 89.211 Thread 0x00007f8f980bc000 1916       1       entity.Unit::getID (5 bytes)
Event: 89.211 Thread 0x00007f8f980bc000 nmethod 1916 0x00007f8f896b22d0 code [0x00007f8f896b2420, 0x00007f8f896b2530]
Event: 90.316 Thread 0x00007f8f980bc000 1917       3       java.nio.ByteBuffer::arrayOffset (35 bytes)
Event: 90.316 Thread 0x00007f8f980bc000 nmethod 1917 0x00007f8f896a4190 code [0x00007f8f896a4320, 0x00007f8f896a4618]

GC Heap History (2 events):
Event: 14.673 GC heap before
{Heap before GC invocations=1 (full 0):
 PSYoungGen      total 37888K, used 32768K [0x00000000d6a00000, 0x00000000d9400000, 0x0000000100000000)
  eden space 32768K, 100% used [0x00000000d6a00000,0x00000000d8a00000,0x00000000d8a00000)
  from space 5120K, 0% used [0x00000000d8f00000,0x00000000d8f00000,0x00000000d9400000)
  to   space 5120K, 0% used [0x00000000d8a00000,0x00000000d8a00000,0x00000000d8f00000)
 ParOldGen       total 86016K, used 0K [0x0000000083e00000, 0x0000000089200000, 0x00000000d6a00000)
  object space 86016K, 0% used [0x0000000083e00000,0x0000000083e00000,0x0000000089200000)
 Metaspace       used 12019K, capacity 12185K, committed 12544K, reserved 1060864K
  class space    used 1132K, capacity 1182K, committed 1280K, reserved 1048576K
Event: 14.679 GC heap after
Heap after GC invocations=1 (full 0):
 PSYoungGen      total 37888K, used 4639K [0x00000000d6a00000, 0x00000000d9400000, 0x0000000100000000)
  eden space 32768K, 0% used [0x00000000d6a00000,0x00000000d6a00000,0x00000000d8a00000)
  from space 5120K, 90% used [0x00000000d8a00000,0x00000000d8e87f68,0x00000000d8f00000)
  to   space 5120K, 0% used [0x00000000d8f00000,0x00000000d8f00000,0x00000000d9400000)
 ParOldGen       total 86016K, used 8K [0x0000000083e00000, 0x0000000089200000, 0x00000000d6a00000)
  object space 86016K, 0% used [0x0000000083e00000,0x0000000083e02000,0x0000000089200000)
 Metaspace       used 12019K, capacity 12185K, committed 12544K, reserved 1060864K
  class space    used 1132K, capacity 1182K, committed 1280K, reserved 1048576K
}

Deoptimization events (10 events):
Event: 6.477 Thread 0x00007f8f983cc800 Uncommon trap: reason=class_check action=maybe_recompile pc=0x00007f8f892c76bc method=com.badlogic.gdx.graphics.Texture.getWidth()I @ 4
Event: 6.477 Thread 0x00007f8f983cc800 Uncommon trap: reason=class_check action=maybe_recompile pc=0x00007f8f892c4600 method=com.badlogic.gdx.graphics.Texture.getWidth()I @ 4
Event: 8.245 Thread 0x00007f8f983cc800 Uncommon trap: reason=null_check action=make_not_entrant pc=0x00007f8f894dd4f4 method=com.badlogic.gdx.utils.ObjectIntMap.get(Ljava/lang/Object;I)I @ 21
Event: 8.246 Thread 0x00007f8f983cc800 Uncommon trap: reason=null_check action=make_not_entrant pc=0x00007f8f894ac998 method=com.badlogic.gdx.utils.ObjectIntMap.get(Ljava/lang/Object;I)I @ 21
Event: 8.247 Thread 0x00007f8f983cc800 Uncommon trap: reason=null_check action=make_not_entrant pc=0x00007f8f89428338 method=com.badlogic.gdx.utils.ObjectIntMap.get(Ljava/lang/Object;I)I @ 21
Event: 76.455 Thread 0x00007f8f983cc800 Uncommon trap: reason=unreached action=reinterpret pc=0x00007f8f8965a5a4 method=entity.Squad.draw(Lcom/badlogic/gdx/graphics/g2d/SpriteBatch;Lcom/mygdx/game/Camera;Z)V @ 66
Event: 76.456 Thread 0x00007f8f983cc800 Uncommon trap: reason=null_check action=make_not_entrant pc=0x00007f8f89508d38 method=com.badlogic.gdx.utils.ObjectIntMap.get(Ljava/lang/Object;I)I @ 42
Event: 76.456 Thread 0x00007f8f983cc800 Uncommon trap: reason=null_check action=make_not_entrant pc=0x00007f8f8950ec74 method=com.badlogic.gdx.utils.ObjectIntMap.get(Ljava/lang/Object;I)I @ 42
Event: 90.317 Thread 0x00007f8f0c002000 Uncommon trap: reason=class_check action=maybe_recompile pc=0x00007f8f89573b08 method=java.util.concurrent.locks.AbstractQueuedSynchronizer.release(I)Z @ 2
Event: 90.345 Thread 0x00007f8f0c002000 Uncommon trap: reason=class_check action=maybe_recompile pc=0x00007f8f89573b08 method=java.util.concurrent.locks.AbstractQueuedSynchronizer.release(I)Z @ 2

Internal exceptions (10 events):
Event: 9.213 Thread 0x00007f8f983cc800 Exception <a 'java/security/PrivilegedActionException'> (0x00000000d8845c68) thrown at [/build/java8-openjdk/src/jdk8u-jdk8u25-b18/hotspot/src/share/vm/prims/jvm.cpp, line 1312]
Event: 14.490 Thread 0x00007f8f1892f000 Exception <a 'java/security/PrivilegedActionException'> (0x00000000d8671728) thrown at [/build/java8-openjdk/src/jdk8u-jdk8u25-b18/hotspot/src/share/vm/prims/jvm.cpp, line 1312]
Event: 14.490 Thread 0x00007f8f1892f000 Exception <a 'java/security/PrivilegedActionException'> (0x00000000d8676370) thrown at [/build/java8-openjdk/src/jdk8u-jdk8u25-b18/hotspot/src/share/vm/prims/jvm.cpp, line 1312]
Event: 29.368 Thread 0x00007f8f983cc800 Exception <a 'java/security/PrivilegedActionException'> (0x00000000d70a2948) thrown at [/build/java8-openjdk/src/jdk8u-jdk8u25-b18/hotspot/src/share/vm/prims/jvm.cpp, line 1312]
Event: 29.369 Thread 0x00007f8f983cc800 Exception <a 'java/security/PrivilegedActionException'> (0x00000000d70a91f0) thrown at [/build/java8-openjdk/src/jdk8u-jdk8u25-b18/hotspot/src/share/vm/prims/jvm.cpp, line 1312]
Event: 76.456 Thread 0x00007f8f983cc800 Implicit null exception at 0x00007f8f8950860e to 0x00007f8f89508d25
Event: 76.456 Thread 0x00007f8f983cc800 Implicit null exception at 0x00007f8f8950df0d to 0x00007f8f8950ec69
Event: 90.316 Thread 0x00007f8f983cc800 Exception <a 'java/security/PrivilegedActionException'> (0x00000000d8162a80) thrown at [/build/java8-openjdk/src/jdk8u-jdk8u25-b18/hotspot/src/share/vm/prims/jvm.cpp, line 1312]
Event: 90.316 Thread 0x00007f8f04004000 Exception <a 'java/security/PrivilegedActionException'> (0x00000000d816fa60) thrown at [/build/java8-openjdk/src/jdk8u-jdk8u25-b18/hotspot/src/share/vm/prims/jvm.cpp, line 1312]
Event: 90.349 Thread 0x00007f8f983cc800 Exception <a 'java/security/PrivilegedActionException'> (0x00000000d81679f0) thrown at [/build/java8-openjdk/src/jdk8u-jdk8u25-b18/hotspot/src/share/vm/prims/jvm.cpp, line 1312]

Events (10 events):
Event: 90.345 Executing VM operation: RevokeBias
Event: 90.345 Executing VM operation: RevokeBias done
Event: 90.345 Thread 0x00007f8f0c002000 Uncommon trap: trap_request=0xffffffde fr.pc=0x00007f8f89573b08
Event: 90.345 Thread 0x00007f8f0c002000 DEOPT PACKING pc=0x00007f8f89573b08 sp=0x00007f8f68066940
Event: 90.345 Thread 0x00007f8f0c002000 DEOPT UNPACKING pc=0x00007f8f89004f69 sp=0x00007f8f68066908 mode 2
Event: 90.348 Thread 0x00007f8f04004000 Thread exited: 0x00007f8f04004000
Event: 90.349 loading class org/lwjgl/opengl/CallbackUtil
Event: 90.349 loading class org/lwjgl/opengl/CallbackUtil done
Event: 90.349 Thread 0x00007f8f04005000 Thread exited: 0x00007f8f04005000
Event: 90.349 Executing VM operation: Exit


Dynamic libraries:
00400000-00401000 r-xp 00000000 08:01 808857                             /usr/lib/jvm/java-8-openjdk/jre/bin/java
00600000-00601000 rw-p 00000000 08:01 808857                             /usr/lib/jvm/java-8-openjdk/jre/bin/java
0182f000-01850000 rw-p 00000000 00:00 0                                  [heap]
83e00000-89200000 rw-p 00000000 00:00 0 
89200000-d6a00000 ---p 00000000 00:00 0 
d6a00000-d9400000 rw-p 00000000 00:00 0 
d9400000-100000000 ---p 00000000 00:00 0 
100000000-100140000 rw-p 00000000 00:00 0 
100140000-140000000 ---p 00000000 00:00 0 
7f8efc000000-7f8efc021000 rw-p 00000000 00:00 0 
7f8efc021000-7f8f00000000 ---p 00000000 00:00 0 
7f8f04000000-7f8f04021000 rw-p 00000000 00:00 0 
7f8f04021000-7f8f08000000 ---p 00000000 00:00 0 
7f8f08000000-7f8f08021000 rw-p 00000000 00:00 0 
7f8f08021000-7f8f0c000000 ---p 00000000 00:00 0 
7f8f0c000000-7f8f0c021000 rw-p 00000000 00:00 0 
7f8f0c021000-7f8f10000000 ---p 00000000 00:00 0 
7f8f10000000-7f8f10021000 rw-p 00000000 00:00 0 
7f8f10021000-7f8f14000000 ---p 00000000 00:00 0 
7f8f14000000-7f8f14021000 rw-p 00000000 00:00 0 
7f8f14021000-7f8f18000000 ---p 00000000 00:00 0 
7f8f18000000-7f8f1950c000 rw-p 00000000 00:00 0 
7f8f1950c000-7f8f1c000000 ---p 00000000 00:00 0 
7f8f1c000000-7f8f1c021000 rw-p 00000000 00:00 0 
7f8f1c021000-7f8f20000000 ---p 00000000 00:00 0 
7f8f21197000-7f8f21297000 rw-p 00000000 00:00 0 
7f8f21297000-7f8f21397000 ---p 00000000 00:00 0 
7f8f21397000-7f8f22d80000 r-xp 00000000 08:01 687867                     /usr/lib/libnvidia-glcore.so.343.36
7f8f22d80000-7f8f22d9e000 rwxp 019e9000 08:01 687867                     /usr/lib/libnvidia-glcore.so.343.36
7f8f22d9e000-7f8f2322c000 r-xp 01a07000 08:01 687867                     /usr/lib/libnvidia-glcore.so.343.36
7f8f2322c000-7f8f2342b000 ---p 01e95000 08:01 687867                     /usr/lib/libnvidia-glcore.so.343.36
7f8f2342b000-7f8f23fe2000 rw-p 01e94000 08:01 687867                     /usr/lib/libnvidia-glcore.so.343.36
7f8f23fe2000-7f8f23fff000 rw-p 00000000 00:00 0 
7f8f23fff000-7f8f28000000 rw-s 00000000 00:11 235700                     /dev/shm/pulse-shm-2522967843
7f8f28000000-7f8f28021000 rw-p 00000000 00:00 0 
7f8f28021000-7f8f2c000000 ---p 00000000 00:00 0 
7f8f2c1ef000-7f8f2c1f2000 ---p 00000000 00:00 0 
7f8f2c1f2000-7f8f2c2f0000 rw-p 00000000 00:00 0 
7f8f2c2f0000-7f8f2c2f3000 ---p 00000000 00:00 0 
7f8f2c2f3000-7f8f2c3f1000 rw-p 00000000 00:00 0                          [stack:5836]
7f8f2c3f1000-7f8f2c402000 r-xp 00000000 08:01 808671                     /usr/lib/jvm/java-8-openjdk/jre/lib/amd64/libnio.so
7f8f2c402000-7f8f2c601000 ---p 00011000 08:01 808671                     /usr/lib/jvm/java-8-openjdk/jre/lib/amd64/libnio.so
7f8f2c601000-7f8f2c602000 rw-p 00010000 08:01 808671                     /usr/lib/jvm/java-8-openjdk/jre/lib/amd64/libnio.so
7f8f2c602000-7f8f2c618000 r-xp 00000000 08:01 808661                     /usr/lib/jvm/java-8-openjdk/jre/lib/amd64/libnet.so
7f8f2c618000-7f8f2c818000 ---p 00016000 08:01 808661                     /usr/lib/jvm/java-8-openjdk/jre/lib/amd64/libnet.so
7f8f2c818000-7f8f2c819000 rw-p 00016000 08:01 808661                     /usr/lib/jvm/java-8-openjdk/jre/lib/amd64/libnet.so
7f8f2d21a000-7f8f2d61a000 rw-s 740d5000 00:05 7608                       /dev/nvidiactl
7f8f2d61a000-7f8f2d81a000 rw-s 2433ad000 00:05 7608                      /dev/nvidiactl
7f8f2db1a000-7f8f2db1d000 ---p 00000000 00:00 0 
7f8f2db1d000-7f8f2dc1b000 rw-p 00000000 00:00 0 
7f8f2dc1b000-7f8f2dc1e000 ---p 00000000 00:00 0 
7f8f2dc1e000-7f8f2dd1c000 rw-p 00000000 00:00 0                          [stack:5829]
7f8f2dd1c000-7f8f2df1c000 rw-p 00000000 00:00 0 
7f8f2df1c000-7f8f2df9c000 rw-s 23c039000 00:05 7608                      /dev/nvidiactl
7f8f2e21c000-7f8f2e21f000 r-xp 00000000 08:01 687875                     /usr/lib/libnvidia-tls.so.343.36
7f8f2e21f000-7f8f2e41e000 ---p 00003000 08:01 687875                     /usr/lib/libnvidia-tls.so.343.36
7f8f2e41e000-7f8f2e41f000 rw-p 00002000 08:01 687875                     /usr/lib/libnvidia-tls.so.343.36
7f8f2e41f000-7f8f2e4e7000 r-xp 00000000 08:01 687908                     /usr/lib/nvidia/libGL.so.343.36
7f8f2e4e7000-7f8f2e516000 rwxp 000c8000 08:01 687908                     /usr/lib/nvidia/libGL.so.343.36
7f8f2e516000-7f8f2e532000 r-xp 000f7000 08:01 687908                     /usr/lib/nvidia/libGL.so.343.36
7f8f2e532000-7f8f2e732000 ---p 00113000 08:01 687908                     /usr/lib/nvidia/libGL.so.343.36
7f8f2e732000-7f8f2e756000 rw-p 00113000 08:01 687908                     /usr/lib/nvidia/libGL.so.343.36
7f8f2e756000-7f8f2e76d000 rw-p 00000000 00:00 0 
7f8f2e76d000-7f8f2e770000 ---p 00000000 00:00 0 
7f8f2e770000-7f8f2e86e000 rw-p 00000000 00:00 0                          [stack:5629]
7f8f2e86e000-7f8f2e86f000 ---p 00000000 00:00 0 
7f8f2e86f000-7f8f2f06f000 rw-p 00000000 00:00 0                          [stack:5627]
7f8f2f06f000-7f8f2f083000 r-xp 00000000 08:01 658557                     /usr/lib/libresolv-2.20.so
7f8f2f083000-7f8f2f282000 ---p 00014000 08:01 658557                     /usr/lib/libresolv-2.20.so
7f8f2f282000-7f8f2f283000 r--p 00013000 08:01 658557                     /usr/lib/libresolv-2.20.so
7f8f2f283000-7f8f2f284000 rw-p 00014000 08:01 658557                     /usr/lib/libresolv-2.20.so
7f8f2f284000-7f8f2f286000 rw-p 00000000 00:00 0 
7f8f2f286000-7f8f2f29b000 r-xp 00000000 08:01 658546                     /usr/lib/libnsl-2.20.so
7f8f2f29b000-7f8f2f49a000 ---p 00015000 08:01 658546                     /usr/lib/libnsl-2.20.so
7f8f2f49a000-7f8f2f49b000 r--p 00014000 08:01 658546                     /usr/lib/libnsl-2.20.so
7f8f2f49b000-7f8f2f49c000 rw-p 00015000 08:01 658546                     /usr/lib/libnsl-2.20.so
7f8f2f49c000-7f8f2f49e000 rw-p 00000000 00:00 0 
7f8f2f49e000-7f8f2f4a4000 r-xp 00000000 08:01 689792                     /usr/lib/libogg.so.0.8.2
7f8f2f4a4000-7f8f2f6a3000 ---p 00006000 08:01 689792                     /usr/lib/libogg.so.0.8.2
7f8f2f6a3000-7f8f2f6a4000 r--p 00005000 08:01 689792                     /usr/lib/libogg.so.0.8.2
7f8f2f6a4000-7f8f2f6a5000 rw-p 00006000 08:01 689792                     /usr/lib/libogg.so.0.8.2
7f8f2f6a5000-7f8f2f6d1000 r-xp 00000000 08:01 689800                     /usr/lib/libvorbis.so.0.4.7
7f8f2f6d1000-7f8f2f8d0000 ---p 0002c000 08:01 689800                     /usr/lib/libvorbis.so.0.4.7
7f8f2f8d0000-7f8f2f8d1000 r--p 0002b000 08:01 689800                     /usr/lib/libvorbis.so.0.4.7
7f8f2f8d1000-7f8f2f8d2000 rw-p 0002c000 08:01 689800                     /usr/lib/libvorbis.so.0.4.7
7f8f2f8d2000-7f8f2f95f000 r-xp 00000000 08:01 689802                     /usr/lib/libvorbisenc.so.2.0.10
7f8f2f95f000-7f8f2fb5e000 ---p 0008d000 08:01 689802                     /usr/lib/libvorbisenc.so.2.0.10
7f8f2fb5e000-7f8f2fb7a000 r--p 0008c000 08:01 689802                     /usr/lib/libvorbisenc.so.2.0.10
7f8f2fb7a000-7f8f2fb7b000 rw-p 000a8000 08:01 689802                     /usr/lib/libvorbisenc.so.2.0.10
7f8f2fb7b000-7f8f2fbed000 r-xp 00000000 08:01 689880                     /usr/lib/libFLAC.so.8.3.0
7f8f2fbed000-7f8f2fdec000 ---p 00072000 08:01 689880                     /usr/lib/libFLAC.so.8.3.0
7f8f2fdec000-7f8f2fded000 r--p 00071000 08:01 689880                     /usr/lib/libFLAC.so.8.3.0
7f8f2fded000-7f8f2fdee000 rw-p 00072000 08:01 689880                     /usr/lib/libFLAC.so.8.3.0
7f8f2fdee000-7f8f2fdff000 r-xp 00000000 08:01 666762                     /usr/lib/libgpg-error.so.0.13.0
7f8f2fdff000-7f8f2fffe000 ---p 00011000 08:01 666762                     /usr/lib/libgpg-error.so.0.13.0
7f8f2fffe000-7f8f2ffff000 r--p 00010000 08:01 666762                     /usr/lib/libgpg-error.so.0.13.0
7f8f2ffff000-7f8f30000000 rw-p 00011000 08:01 666762                     /usr/lib/libgpg-error.so.0.13.0
7f8f30000000-7f8f30021000 rw-p 00000000 00:00 0 
7f8f30021000-7f8f34000000 ---p 00000000 00:00 0 
7f8f34000000-7f8f34021000 rw-p 00000000 00:00 0 
7f8f34021000-7f8f38000000 ---p 00000000 00:00 0 
7f8f38000000-7f8f3801c000 r--s 00393000 08:01 131908                     /usr/lib/jvm/java-8-openjdk/jre/lib/ext/cldrdata.jar
7f8f3803c000-7f8f38100000 rw-s 241f5d000 00:05 7608                      /dev/nvidiactl
7f8f38100000-7f8f38101000 ---p 00000000 00:00 0 
7f8f38101000-7f8f38201000 rw-p 00000000 00:00 0                          [stack:5628]
7f8f38201000-7f8f382d8000 r-xp 00000000 08:01 666774                     /usr/lib/libgcrypt.so.20.0.2
7f8f382d8000-7f8f384d8000 ---p 000d7000 08:01 666774                     /usr/lib/libgcrypt.so.20.0.2
7f8f384d8000-7f8f384d9000 r--p 000d7000 08:01 666774                     /usr/lib/libgcrypt.so.20.0.2
7f8f384d9000-7f8f384e2000 rw-p 000d8000 08:01 666774                     /usr/lib/libgcrypt.so.20.0.2
7f8f384e2000-7f8f384ec000 r-xp 00000000 08:01 667025                     /usr/lib/liblz4.so.1.4.0
7f8f384ec000-7f8f386eb000 ---p 0000a000 08:01 667025                     /usr/lib/liblz4.so.1.4.0
7f8f386eb000-7f8f386ec000 r--p 00009000 08:01 667025                     /usr/lib/liblz4.so.1.4.0
7f8f386ec000-7f8f386ed000 rw-p 0000a000 08:01 667025                     /usr/lib/liblz4.so.1.4.0
7f8f386ed000-7f8f3870f000 r-xp 00000000 08:01 666663                     /usr/lib/liblzma.so.5.0.7
7f8f3870f000-7f8f3890e000 ---p 00022000 08:01 666663                     /usr/lib/liblzma.so.5.0.7
7f8f3890e000-7f8f3890f000 r--p 00021000 08:01 666663                     /usr/lib/liblzma.so.5.0.7
7f8f3890f000-7f8f38910000 rw-p 00022000 08:01 666663                     /usr/lib/liblzma.so.5.0.7
7f8f38910000-7f8f38915000 r-xp 00000000 08:01 689850                     /usr/lib/libasyncns.so.0.3.1
7f8f38915000-7f8f38b14000 ---p 00005000 08:01 689850                     /usr/lib/libasyncns.so.0.3.1
7f8f38b14000-7f8f38b15000 r--p 00004000 08:01 689850                     /usr/lib/libasyncns.so.0.3.1
7f8f38b15000-7f8f38b16000 rw-p 00005000 08:01 689850                     /usr/lib/libasyncns.so.0.3.1
7f8f38b16000-7f8f38b77000 r-xp 00000000 08:01 689905                     /usr/lib/libsndfile.so.1.0.25
7f8f38b77000-7f8f38d77000 ---p 00061000 08:01 689905                     /usr/lib/libsndfile.so.1.0.25
7f8f38d77000-7f8f38d79000 r--p 00061000 08:01 689905                     /usr/lib/libsndfile.so.1.0.25
7f8f38d79000-7f8f38d7a000 rw-p 00063000 08:01 689905                     /usr/lib/libsndfile.so.1.0.25
7f8f38d7a000-7f8f38d7e000 rw-p 00000000 00:00 0 
7f8f38d7e000-7f8f38dc5000 r-xp 00000000 08:01 666312                     /usr/lib/libdbus-1.so.3.8.9
7f8f38dc5000-7f8f38fc5000 ---p 00047000 08:01 666312                     /usr/lib/libdbus-1.so.3.8.9
7f8f38fc5000-7f8f38fc6000 r--p 00047000 08:01 666312                     /usr/lib/libdbus-1.so.3.8.9
7f8f38fc6000-7f8f38fc7000 rw-p 00048000 08:01 666312                     /usr/lib/libdbus-1.so.3.8.9
7f8f38fc7000-7f8f39038000 r-xp 00000000 08:01 689982                     /usr/lib/pulseaudio/libpulsecommon-5.0.so
7f8f39038000-7f8f39238000 ---p 00071000 08:01 689982                     /usr/lib/pulseaudio/libpulsecommon-5.0.so
7f8f39238000-7f8f39239000 r--p 00071000 08:01 689982                     /usr/lib/pulseaudio/libpulsecommon-5.0.so
7f8f39239000-7f8f3923b000 rw-p 00072000 08:01 689982                     /usr/lib/pulseaudio/libpulsecommon-5.0.so
7f8f3923b000-7f8f39245000 r-xp 00000000 08:01 689925                     /usr/lib/libjson-c.so.2.0.1
7f8f39245000-7f8f39444000 ---p 0000a000 08:01 689925                     /usr/lib/libjson-c.so.2.0.1
7f8f39444000-7f8f39445000 r--p 00009000 08:01 689925                     /usr/lib/libjson-c.so.2.0.1
7f8f39445000-7f8f39446000 rw-p 0000a000 08:01 689925                     /usr/lib/libjson-c.so.2.0.1
7f8f39446000-7f8f39490000 r-xp 00000000 08:01 689975                     /usr/lib/libpulse.so.0.17.3
7f8f39490000-7f8f3968f000 ---p 0004a000 08:01 689975                     /usr/lib/libpulse.so.0.17.3
7f8f3968f000-7f8f39690000 r--p 00049000 08:01 689975                     /usr/lib/libpulse.so.0.17.3
7f8f39690000-7f8f39691000 rw-p 0004a000 08:01 689975                     /usr/lib/libpulse.so.0.17.3
7f8f39691000-7f8f396e6000 r-xp 00000000 00:1f 147522                     /tmp/libgdximalerich/7b43be9b/libopenal64.so
7f8f396e6000-7f8f398e5000 ---p 00055000 00:1f 147522                     /tmp/libgdximalerich/7b43be9b/libopenal64.so
7f8f398e5000-7f8f398e8000 r--p 00054000 00:1f 147522                     /tmp/libgdximalerich/7b43be9b/libopenal64.so
7f8f398e8000-7f8f398e9000 rw-p 00057000 00:1f 147522                     /tmp/libgdximalerich/7b43be9b/libopenal64.so
7f8f398e9000-7f8f398ea000 rw-p 00000000 00:00 0 
7f8f398ea000-7f8f398ef000 r-xp 00000000 08:01 681418                     /usr/lib/libXxf86vm.so.1.0.0
7f8f398ef000-7f8f39aee000 ---p 00005000 08:01 681418                     /usr/lib/libXxf86vm.so.1.0.0
7f8f39aee000-7f8f39aef000 r--p 00004000 08:01 681418                     /usr/lib/libXxf86vm.so.1.0.0
7f8f39aef000-7f8f39af0000 rw-p 00005000 08:01 681418                     /usr/lib/libXxf86vm.so.1.0.0
7f8f39af0000-7f8f39af9000 r-xp 00000000 08:01 682129                     /usr/lib/libXrandr.so.2.2.0
7f8f39af9000-7f8f39cf8000 ---p 00009000 08:01 682129                     /usr/lib/libXrandr.so.2.2.0
7f8f39cf8000-7f8f39cf9000 r--p 00008000 08:01 682129                     /usr/lib/libXrandr.so.2.2.0
7f8f39cf9000-7f8f39cfa000 rw-p 00009000 08:01 682129                     /usr/lib/libXrandr.so.2.2.0
7f8f39cfa000-7f8f39d66000 r-xp 00000000 00:1f 147517                     /tmp/libgdximalerich/7b43be9b/liblwjgl64.so
7f8f39d66000-7f8f39f65000 ---p 0006c000 00:1f 147517                     /tmp/libgdximalerich/7b43be9b/liblwjgl64.so
7f8f39f65000-7f8f39f67000 r--p 0006b000 00:1f 147517                     /tmp/libgdximalerich/7b43be9b/liblwjgl64.so
7f8f39f67000-7f8f39f68000 rw-p 0006d000 00:1f 147517                     /tmp/libgdximalerich/7b43be9b/liblwjgl64.so
7f8f39f68000-7f8f39f69000 r-xp 00000000 08:01 808675                     /usr/lib/jvm/java-8-openjdk/jre/lib/amd64/libjawt.so
7f8f39f69000-7f8f3a168000 ---p 00001000 08:01 808675                     /usr/lib/jvm/java-8-openjdk/jre/lib/amd64/libjawt.so
7f8f3a168000-7f8f3a169000 rw-p 00000000 08:01 808675                     /usr/lib/jvm/java-8-openjdk/jre/lib/amd64/libjawt.so
7f8f3a169000-7f8f3a16c000 ---p 00000000 00:00 0 
7f8f3a16c000-7f8f3a26a000 rw-p 00000000 00:00 0                          [stack:5625]
7f8f3a26a000-7f8f3a26f000 r-xp 00000000 08:01 681427                     /usr/lib/libXfixes.so.3.1.0
7f8f3a26f000-7f8f3a46e000 ---p 00005000 08:01 681427                     /usr/lib/libXfixes.so.3.1.0
7f8f3a46e000-7f8f3a46f000 r--p 00004000 08:01 681427                     /usr/lib/libXfixes.so.3.1.0
7f8f3a46f000-7f8f3a470000 rw-p 00005000 08:01 681427                     /usr/lib/libXfixes.so.3.1.0
7f8f3a470000-7f8f3a47a000 r-xp 00000000 08:01 682213                     /usr/lib/libXcursor.so.1.0.2
7f8f3a47a000-7f8f3a679000 ---p 0000a000 08:01 682213                     /usr/lib/libXcursor.so.1.0.2
7f8f3a679000-7f8f3a67a000 r--p 00009000 08:01 682213                     /usr/lib/libXcursor.so.1.0.2
7f8f3a67a000-7f8f3a67b000 rw-p 0000a000 08:01 682213                     /usr/lib/libXcursor.so.1.0.2
7f8f3a67b000-7f8f3a6e9000 r-xp 00000000 08:01 666348                     /usr/lib/libpcre.so.1.2.4
7f8f3a6e9000-7f8f3a8e8000 ---p 0006e000 08:01 666348                     /usr/lib/libpcre.so.1.2.4
7f8f3a8e8000-7f8f3a8e9000 r--p 0006d000 08:01 666348                     /usr/lib/libpcre.so.1.2.4
7f8f3a8e9000-7f8f3a8ea000 rw-p 0006e000 08:01 666348                     /usr/lib/libpcre.so.1.2.4
7f8f3a8ea000-7f8f3a906000 r-xp 00000000 08:01 676943                     /usr/lib/libgraphite2.so.3.0.1
7f8f3a906000-7f8f3ab05000 ---p 0001c000 08:01 676943                     /usr/lib/libgraphite2.so.3.0.1
7f8f3ab05000-7f8f3ab07000 r--p 0001b000 08:01 676943                     /usr/lib/libgraphite2.so.3.0.1
7f8f3ab07000-7f8f3ab08000 rw-p 0001d000 08:01 676943                     /usr/lib/libgraphite2.so.3.0.1
7f8f3ab08000-7f8f3ac14000 r-xp 00000000 08:01 666564                     /usr/lib/libglib-2.0.so.0.4200.1
7f8f3ac14000-7f8f3ae13000 ---p 0010c000 08:01 666564                     /usr/lib/libglib-2.0.so.0.4200.1
7f8f3ae13000-7f8f3ae14000 r--p 0010b000 08:01 666564                     /usr/lib/libglib-2.0.so.0.4200.1
7f8f3ae14000-7f8f3ae15000 rw-p 0010c000 08:01 666564                     /usr/lib/libglib-2.0.so.0.4200.1
7f8f3ae15000-7f8f3ae16000 rw-p 00000000 00:00 0 
7f8f3ae16000-7f8f3ae6c000 r-xp 00000000 08:01 676955                     /usr/lib/libharfbuzz.so.0.936.0
7f8f3ae6c000-7f8f3b06b000 ---p 00056000 08:01 676955                     /usr/lib/libharfbuzz.so.0.936.0
7f8f3b06b000-7f8f3b06d000 r--p 00055000 08:01 676955                     /usr/lib/libharfbuzz.so.0.936.0
7f8f3b06d000-7f8f3b06e000 rw-p 00057000 08:01 676955                     /usr/lib/libharfbuzz.so.0.936.0
7f8f3b06e000-7f8f3b0a3000 r-xp 00000000 08:01 676920                     /usr/lib/libpng16.so.16.15.0
7f8f3b0a3000-7f8f3b2a2000 ---p 00035000 08:01 676920                     /usr/lib/libpng16.so.16.15.0
7f8f3b2a2000-7f8f3b2a3000 r--p 00034000 08:01 676920                     /usr/lib/libpng16.so.16.15.0
7f8f3b2a3000-7f8f3b2a4000 rw-p 00035000 08:01 676920                     /usr/lib/libpng16.so.16.15.0
7f8f3b2a4000-7f8f3b2b3000 r-xp 00000000 08:01 661599                     /usr/lib/libbz2.so.1.0.6
7f8f3b2b3000-7f8f3b4b2000 ---p 0000f000 08:01 661599                     /usr/lib/libbz2.so.1.0.6
7f8f3b4b2000-7f8f3b4b4000 rw-p 0000e000 08:01 661599                     /usr/lib/libbz2.so.1.0.6
7f8f3b4b4000-7f8f3b557000 r-xp 00000000 08:01 676961                     /usr/lib/libfreetype.so.6.11.2
7f8f3b557000-7f8f3b756000 ---p 000a3000 08:01 676961                     /usr/lib/libfreetype.so.6.11.2
7f8f3b756000-7f8f3b75c000 r--p 000a2000 08:01 676961                     /usr/lib/libfreetype.so.6.11.2
7f8f3b75c000-7f8f3b75d000 rw-p 000a8000 08:01 676961                     /usr/lib/libfreetype.so.6.11.2
7f8f3b75d000-7f8f3b7be000 r-xp 00000000 08:01 808676                     /usr/lib/jvm/java-8-openjdk/jre/lib/amd64/libfontmanager.so
7f8f3b7be000-7f8f3b9bd000 ---p 00061000 08:01 808676                     /usr/lib/jvm/java-8-openjdk/jre/lib/amd64/libfontmanager.so
7f8f3b9bd000-7f8f3b9c1000 rw-p 00060000 08:01 808676                     /usr/lib/jvm/java-8-openjdk/jre/lib/amd64/libfontmanager.so
7f8f3b9c1000-7f8f3b9d4000 rw-p 00000000 00:00 0 
7f8f3b9d4000-7f8f3b9d9000 r-xp 00000000 08:01 676913                     /usr/lib/libXdmcp.so.6.0.0
7f8f3b9d9000-7f8f3bbd8000 ---p 00005000 08:01 676913                     /usr/lib/libXdmcp.so.6.0.0
7f8f3bbd8000-7f8f3bbd9000 r--p 00004000 08:01 676913                     /usr/lib/libXdmcp.so.6.0.0
7f8f3bbd9000-7f8f3bbda000 rw-p 00005000 08:01 676913                     /usr/lib/libXdmcp.so.6.0.0
7f8f3bbda000-7f8f3bbdc000 r-xp 00000000 08:01 677039                     /usr/lib/libXau.so.6.0.0
7f8f3bbdc000-7f8f3bddc000 ---p 00002000 08:01 677039                     /usr/lib/libXau.so.6.0.0
7f8f3bddc000-7f8f3bddd000 r--p 00002000 08:01 677039                     /usr/lib/libXau.so.6.0.0
7f8f3bddd000-7f8f3bdde000 rw-p 00003000 08:01 677039                     /usr/lib/libXau.so.6.0.0
7f8f3bdde000-7f8f3bdff000 r-xp 00000000 08:01 679432                     /usr/lib/libxcb.so.1.1.0
7f8f3bdff000-7f8f3bffe000 ---p 00021000 08:01 679432                     /usr/lib/libxcb.so.1.1.0
7f8f3bffe000-7f8f3bfff000 r--p 00020000 08:01 679432                     /usr/lib/libxcb.so.1.1.0
7f8f3bfff000-7f8f3c000000 rw-p 00021000 08:01 679432                     /usr/lib/libxcb.so.1.1.0
7f8f3c000000-7f8f3c3f1000 rw-p 00000000 00:00 0 
7f8f3c3f1000-7f8f40000000 ---p 00000000 00:00 0 
7f8f40000000-7f8f40021000 rw-p 00000000 00:00 0 
7f8f40021000-7f8f44000000 ---p 00000000 00:00 0 
7f8f44000000-7f8f45398000 rw-p 00000000 00:00 0 
7f8f45398000-7f8f48000000 ---p 00000000 00:00 0 
7f8f48000000-7f8f48ed3000 rw-p 00000000 00:00 0 
7f8f48ed3000-7f8f4c000000 ---p 00000000 00:00 0 
7f8f4c000000-7f8f4c021000 rw-p 00000000 00:00 0 
7f8f4c021000-7f8f50000000 ---p 00000000 00:00 0 
7f8f50000000-7f8f508ca000 rw-p 00000000 00:00 0 
7f8f508ca000-7f8f54000000 ---p 00000000 00:00 0 
7f8f54000000-7f8f54021000 rw-p 00000000 00:00 0 
7f8f54021000-7f8f58000000 ---p 00000000 00:00 0 
7f8f58000000-7f8f58021000 rw-p 00000000 00:00 0 
7f8f58021000-7f8f5c000000 ---p 00000000 00:00 0 
7f8f5c000000-7f8f5c021000 rw-p 00000000 00:00 0 
7f8f5c021000-7f8f60000000 ---p 00000000 00:00 0 
7f8f60000000-7f8f60021000 rw-p 00000000 00:00 0 
7f8f60021000-7f8f64000000 ---p 00000000 00:00 0 
7f8f64000000-7f8f64021000 rw-p 00000000 00:00 0 
7f8f64021000-7f8f68000000 ---p 00000000 00:00 0 
7f8f6802f000-7f8f68032000 ---p 00000000 00:00 0 
7f8f68032000-7f8f68068000 rw-p 00000000 00:00 0                          [stack:16701]
7f8f68068000-7f8f68080000 r-xp 00000000 08:01 666794                     /usr/lib/libsystemd-journal.so.0.11.5
7f8f68080000-7f8f68081000 ---p 00018000 08:01 666794                     /usr/lib/libsystemd-journal.so.0.11.5
7f8f68081000-7f8f68082000 r--p 00018000 08:01 666794                     /usr/lib/libsystemd-journal.so.0.11.5
7f8f68082000-7f8f68083000 rw-p 00019000 08:01 666794                     /usr/lib/libsystemd-journal.so.0.11.5
7f8f68083000-7f8f68086000 ---p 00000000 00:00 0 
7f8f68086000-7f8f68184000 rw-p 00000000 00:00 0                          [stack:5624]
7f8f68184000-7f8f68193000 r-xp 00000000 08:01 682112                     /usr/lib/libXi.so.6.1.0
7f8f68193000-7f8f68393000 ---p 0000f000 08:01 682112                     /usr/lib/libXi.so.6.1.0
7f8f68393000-7f8f68394000 r--p 0000f000 08:01 682112                     /usr/lib/libXi.so.6.1.0
7f8f68394000-7f8f68395000 rw-p 00010000 08:01 682112                     /usr/lib/libXi.so.6.1.0
7f8f68395000-7f8f6839a000 r-xp 00000000 08:01 682265                     /usr/lib/libXtst.so.6.1.0
7f8f6839a000-7f8f68599000 ---p 00005000 08:01 682265                     /usr/lib/libXtst.so.6.1.0
7f8f68599000-7f8f6859a000 r--p 00004000 08:01 682265                     /usr/lib/libXtst.so.6.1.0
7f8f6859a000-7f8f6859b000 rw-p 00005000 08:01 682265                     /usr/lib/libXtst.so.6.1.0
7f8f6859b000-7f8f685a4000 r-xp 00000000 08:01 682122                     /usr/lib/libXrender.so.1.3.0
7f8f685a4000-7f8f687a3000 ---p 00009000 08:01 682122                     /usr/lib/libXrender.so.1.3.0
7f8f687a3000-7f8f687a4000 r--p 00008000 08:01 682122                     /usr/lib/libXrender.so.1.3.0
7f8f687a4000-7f8f687a5000 rw-p 00009000 08:01 682122                     /usr/lib/libXrender.so.1.3.0
7f8f687a5000-7f8f688e0000 r-xp 00000000 08:01 680349                     /usr/lib/libX11.so.6.3.0
7f8f688e0000-7f8f68adf000 ---p 0013b000 08:01 680349                     /usr/lib/libX11.so.6.3.0
7f8f68adf000-7f8f68ae1000 r--p 0013a000 08:01 680349                     /usr/lib/libX11.so.6.3.0
7f8f68ae1000-7f8f68ae6000 rw-p 0013c000 08:01 680349                     /usr/lib/libX11.so.6.3.0
7f8f68ae6000-7f8f68ae7000 rw-p 00000000 00:00 0 
7f8f68ae7000-7f8f68af8000 r-xp 00000000 08:01 681387                     /usr/lib/libXext.so.6.4.0
7f8f68af8000-7f8f68cf7000 ---p 00011000 08:01 681387                     /usr/lib/libXext.so.6.4.0
7f8f68cf7000-7f8f68cf8000 r--p 00010000 08:01 681387                     /usr/lib/libXext.so.6.4.0
7f8f68cf8000-7f8f68cf9000 rw-p 00011000 08:01 681387                     /usr/lib/libXext.so.6.4.0
7f8f68d00000-7f8f68d0a000 r--s 00116000 08:01 131907                     /usr/lib/jvm/java-8-openjdk/jre/lib/ext/localedata.jar
7f8f68d2a000-7f8f68d7e000 r-xp 00000000 08:01 808674                     /usr/lib/jvm/java-8-openjdk/jre/lib/amd64/libawt_xawt.so
7f8f68d7e000-7f8f68f7d000 ---p 00054000 08:01 808674                     /usr/lib/jvm/java-8-openjdk/jre/lib/amd64/libawt_xawt.so
7f8f68f7d000-7f8f68f80000 rw-p 00053000 08:01 808674                     /usr/lib/jvm/java-8-openjdk/jre/lib/amd64/libawt_xawt.so
7f8f68f80000-7f8f68f82000 rw-p 00000000 00:00 0 
7f8f68f82000-7f8f69022000 r-xp 00000000 08:01 808669                     /usr/lib/jvm/java-8-openjdk/jre/lib/amd64/libawt.so
7f8f69022000-7f8f69222000 ---p 000a0000 08:01 808669                     /usr/lib/jvm/java-8-openjdk/jre/lib/amd64/libawt.so
7f8f69222000-7f8f6922e000 rw-p 000a0000 08:01 808669                     /usr/lib/jvm/java-8-openjdk/jre/lib/amd64/libawt.so
7f8f6922e000-7f8f69252000 rw-p 00000000 00:00 0 
7f8f69252000-7f8f69268000 r-xp 00000000 08:01 705807                     /usr/lib/libgcc_s.so.1
7f8f69268000-7f8f69467000 ---p 00016000 08:01 705807                     /usr/lib/libgcc_s.so.1
7f8f69467000-7f8f69468000 rw-p 00015000 08:01 705807                     /usr/lib/libgcc_s.so.1
7f8f69468000-7f8f69558000 r-xp 00000000 08:01 705836                     /usr/lib/libstdc++.so.6.0.20
7f8f69558000-7f8f69758000 ---p 000f0000 08:01 705836                     /usr/lib/libstdc++.so.6.0.20
7f8f69758000-7f8f69760000 r--p 000f0000 08:01 705836                     /usr/lib/libstdc++.so.6.0.20
7f8f69760000-7f8f69762000 rw-p 000f8000 08:01 705836                     /usr/lib/libstdc++.so.6.0.20
7f8f69762000-7f8f69777000 rw-p 00000000 00:00 0 
7f8f6977a000-7f8f6977c000 rw-p 00000000 00:00 0 
7f8f69791000-7f8f697a4000 r--s 00345000 08:01 808618                     /usr/lib/jvm/java-8-openjdk/jre/lib/resources.jar
7f8f697a4000-7f8f697a8000 r--s 00093000 08:01 808619                     /usr/lib/jvm/java-8-openjdk/jre/lib/jsse.jar
7f8f697a8000-7f8f697e5000 r-xp 00000000 00:1f 144014                     /tmp/libgdximalerich/5502b6ed/libgdx64.so
7f8f697e5000-7f8f699e4000 ---p 0003d000 00:1f 144014                     /tmp/libgdximalerich/5502b6ed/libgdx64.so
7f8f699e4000-7f8f699e5000 r--p 0003c000 00:1f 144014                     /tmp/libgdximalerich/5502b6ed/libgdx64.so
7f8f699e5000-7f8f699e6000 rw-p 0003d000 00:1f 144014                     /tmp/libgdximalerich/5502b6ed/libgdx64.so
7f8f699e6000-7f8f699ea000 r--s 00027000 08:02 7342661                    /home/imalerich/.gradle/caches/modules-2/files-2.1/org.lwjgl.lwjgl/lwjgl_util/2.9.1/290d7ba8a1bd9566f5ddf16ad06f09af5ec9b20e/lwjgl_util-2.9.1.jar
7f8f699ea000-7f8f699f8000 r--s 000ea000 08:02 7342653                    /home/imalerich/.gradle/caches/modules-2/files-2.1/org.lwjgl.lwjgl/lwjgl/2.9.1/f58c5aabcef0e41718a564be9f8e412fff8db847/lwjgl-2.9.1.jar
7f8f699f8000-7f8f69a11000 r--s 0017e000 08:02 6824992                    /home/imalerich/.gradle/caches/modules-2/files-2.1/com.badlogicgames.gdx/gdx/1.3.1/18995f8b7b19118975722370818023c76a86fdf4/gdx-1.3.1.jar
7f8f69a11000-7f8f69a12000 ---p 00000000 00:00 0 
7f8f69a12000-7f8f69b12000 rw-p 00000000 00:00 0 
7f8f69b12000-7f8f69b15000 ---p 00000000 00:00 0 
7f8f69b15000-7f8f69c13000 rw-p 00000000 00:00 0                          [stack:5622]
7f8f69c13000-7f8f69c16000 ---p 00000000 00:00 0 
7f8f69c16000-7f8f69d14000 rw-p 00000000 00:00 0                          [stack:5621]
7f8f69d14000-7f8f69d17000 ---p 00000000 00:00 0 
7f8f69d17000-7f8f69e15000 rw-p 00000000 00:00 0                          [stack:5620]
7f8f69e15000-7f8f69e18000 ---p 00000000 00:00 0 
7f8f69e18000-7f8f69f16000 rw-p 00000000 00:00 0                          [stack:5619]
7f8f69f16000-7f8f69f19000 ---p 00000000 00:00 0 
7f8f69f19000-7f8f6a017000 rw-p 00000000 00:00 0                          [stack:5618]
7f8f6a017000-7f8f6a01a000 ---p 00000000 00:00 0 
7f8f6a01a000-7f8f6a118000 rw-p 00000000 00:00 0                          [stack:5617]
7f8f6a118000-7f8f6a2a1000 r--p 00000000 08:01 676544                     /usr/lib/locale/locale-archive
7f8f6a2a1000-7f8f6a2a4000 ---p 00000000 00:00 0 
7f8f6a2a4000-7f8f6a3a2000 rw-p 00000000 00:00 0                          [stack:5612]
7f8f6a3a2000-7f8f6a3a5000 ---p 00000000 00:00 0 
7f8f6a3a5000-7f8f6a4a3000 rw-p 00000000 00:00 0                          [stack:5611]
7f8f6a4a3000-7f8f6a4a4000 ---p 00000000 00:00 0 
7f8f6a4a4000-7f8f6c000000 rw-p 00000000 00:00 0                          [stack:5606]
7f8f6c000000-7f8f6c021000 rw-p 00000000 00:00 0 
7f8f6c021000-7f8f70000000 ---p 00000000 00:00 0 
7f8f70000000-7f8f70021000 rw-p 00000000 00:00 0 
7f8f70021000-7f8f74000000 ---p 00000000 00:00 0 
7f8f74000000-7f8f74021000 rw-p 00000000 00:00 0 
7f8f74021000-7f8f78000000 ---p 00000000 00:00 0 
7f8f78000000-7f8f78021000 rw-p 00000000 00:00 0 
7f8f78021000-7f8f7c000000 ---p 00000000 00:00 0 
7f8f7c000000-7f8f7c021000 rw-p 00000000 00:00 0 
7f8f7c021000-7f8f80000000 ---p 00000000 00:00 0 
7f8f80000000-7f8f80001000 rw-s c2060000 00:05 7609                       /dev/nvidia0
7f8f80001000-7f8f80002000 r--s 0008b000 08:02 7342643                    /home/imalerich/.gradle/caches/modules-2/files-2.1/org.lwjgl.lwjgl/lwjgl-platform/2.9.1/aa9aae879af8eb378e22cfc64db56ec2ca9a44d1/lwjgl-platform-2.9.1-natives-linux.jar
7f8f80002000-7f8f80023000 rw-p 00000000 00:00 0 
7f8f80023000-7f8f801f0000 r--s 03bb4000 08:01 808620                     /usr/lib/jvm/java-8-openjdk/jre/lib/rt.jar
7f8f801f0000-7f8f84000000 rw-p 00000000 00:00 0 
7f8f84000000-7f8f84021000 rw-p 00000000 00:00 0 
7f8f84021000-7f8f88000000 ---p 00000000 00:00 0 
7f8f88000000-7f8f88001000 r--s 00095000 08:02 7342647                    /home/imalerich/.gradle/caches/modules-2/files-2.1/org.lwjgl.lwjgl/lwjgl-platform/2.9.1/4c517eca808522457dd95ee8fc1fbcdbb602efbe/lwjgl-platform-2.9.1-natives-windows.jar
7f8f88001000-7f8f88002000 r--s 00080000 08:02 7342645                    /home/imalerich/.gradle/caches/modules-2/files-2.1/org.lwjgl.lwjgl/lwjgl-platform/2.9.1/2d12c83fdfbc04ecabf02c7bc8cc54d034f0daac/lwjgl-platform-2.9.1-natives-osx.jar
7f8f88002000-7f8f88004000 r--s 00017000 08:02 7342665                    /home/imalerich/.gradle/caches/modules-2/files-2.1/org.jcraft/jorbis/0.0.17/8872d22b293e8f5d7d56ff92be966e6dc28ebdc6/jorbis-0.0.17.jar
7f8f88004000-7f8f88005000 r--s 00001000 08:02 7342649                    /home/imalerich/.gradle/caches/modules-2/files-2.1/net.java.jutils/jutils/1.0.0/e12fe1fda814bd348c1579329c86943d2cd3c6a6/jutils-1.0.0.jar
7f8f88005000-7f8f88009000 r--s 0002f000 08:02 7342651                    /home/imalerich/.gradle/caches/modules-2/files-2.1/net.java.jinput/jinput/2.0.5/39c7796b469a600f72380316f6b1f11db6c2c7c4/jinput-2.0.5.jar
7f8f88009000-7f8f8800a000 r--s 00002000 08:02 7342655                    /home/imalerich/.gradle/caches/modules-2/files-2.1/net.java.jinput/jinput-platform/2.0.5/7ff832a6eb9ab6a767f1ade2b548092d0fa64795/jinput-platform-2.0.5-natives-linux.jar
7f8f8800a000-7f8f8800b000 r--s 00002000 08:02 7342657                    /home/imalerich/.gradle/caches/modules-2/files-2.1/net.java.jinput/jinput-platform/2.0.5/53f9c919f34d2ca9de8c51fc4e1e8282029a9232/jinput-platform-2.0.5-natives-osx.jar
7f8f8800b000-7f8f8800c000 r--s 00025000 08:02 7342659                    /home/imalerich/.gradle/caches/modules-2/files-2.1/net.java.jinput/jinput-platform/2.0.5/385ee093e01f587f30ee1c8a2ee7d408fd732e16/jinput-platform-2.0.5-natives-windows.jar
7f8f8800c000-7f8f8800d000 r--s 00015000 08:02 7342663                    /home/imalerich/.gradle/caches/modules-2/files-2.1/com.badlogicgames.jlayer/jlayer/1.0.1-gdx/7cca83cec5c1b2f011362f4d85aabd71a73b049d/jlayer-1.0.1-gdx.jar
7f8f8800d000-7f8f88010000 r--s 0001f000 08:02 7342637                    /home/imalerich/.gradle/caches/modules-2/files-2.1/com.badlogicgames.gdx/gdx-backend-lwjgl/1.3.1/8df8aa24811d137e88658508fba4c7bb6f27c8c9/gdx-backend-lwjgl-1.3.1.jar
7f8f88010000-7f8f88017000 r--s 0004c000 08:02 9444111                    /home/imalerich/dev/Artillery/Lib/kryonet-2.21-all.jar
7f8f88017000-7f8f88dfe000 rw-p 00000000 00:00 0 
7f8f88dfe000-7f8f88dff000 ---p 00000000 00:00 0 
7f8f88dff000-7f8f88eff000 rw-p 00000000 00:00 0                          [stack:5594]
7f8f88eff000-7f8f88f00000 ---p 00000000 00:00 0 
7f8f88f00000-7f8f89000000 rw-p 00000000 00:00 0                          [stack:5593]
7f8f89000000-7f8f896f0000 rwxp 00000000 00:00 0 
7f8f896f0000-7f8f98000000 ---p 00000000 00:00 0 
7f8f98000000-7f8f983df000 rw-p 00000000 00:00 0 
7f8f983df000-7f8f9c000000 ---p 00000000 00:00 0 
7f8f9c000000-7f8f9c001000 r--s 000cd000 08:02 6430306                    /home/imalerich/.gradle/caches/modules-2/files-2.1/com.badlogicgames.gdx/gdx-platform/1.3.1/88596abf3fdd2ea4662e67d59c3c05b07b0d859b/gdx-platform-1.3.1-natives-desktop.jar
7f8f9c001000-7f8f9c002000 r--s 00133000 08:02 7342641                    /home/imalerich/.gradle/caches/modules-2/files-2.1/com.badlogicgames.gdx/gdx-controllers-platform/1.3.1/a1645f0dfb448fdfb181faa1b2bddac14ad2fd3d/gdx-controllers-platform-1.3.1-natives-desktop.jar
7f8f9c002000-7f8f9c044000 rw-p 00000000 00:00 0 
7f8f9c044000-7f8f9c045000 ---p 00000000 00:00 0 
7f8f9c045000-7f8f9c145000 rw-p 00000000 00:00 0                          [stack:5592]
7f8f9c145000-7f8f9c146000 ---p 00000000 00:00 0 
7f8f9c146000-7f8f9c246000 rw-p 00000000 00:00 0                          [stack:5591]
7f8f9c246000-7f8f9c247000 ---p 00000000 00:00 0 
7f8f9c247000-7f8f9c347000 rw-p 00000000 00:00 0                          [stack:5590]
7f8f9c347000-7f8f9c348000 ---p 00000000 00:00 0 
7f8f9c348000-7f8f9c448000 rw-p 00000000 00:00 0                          [stack:5589]
7f8f9c448000-7f8f9c449000 ---p 00000000 00:00 0 
7f8f9c449000-7f8f9c549000 rw-p 00000000 00:00 0                          [stack:5588]
7f8f9c549000-7f8f9c54a000 ---p 00000000 00:00 0 
7f8f9c54a000-7f8f9c674000 rw-p 00000000 00:00 0                          [stack:5587]
7f8f9c674000-7f8f9c8e0000 ---p 00000000 00:00 0 
7f8f9c8e0000-7f8f9c90a000 rw-p 00000000 00:00 0 
7f8f9c90a000-7f8f9cb76000 ---p 00000000 00:00 0 
7f8f9cb76000-7f8f9cb8b000 rw-p 00000000 00:00 0 
7f8f9cb8b000-7f8f9ccc1000 ---p 00000000 00:00 0 
7f8f9ccc1000-7f8f9ccde000 rw-p 00000000 00:00 0 
7f8f9ccde000-7f8f9d082000 ---p 00000000 00:00 0 
7f8f9d082000-7f8f9d08a000 r-xp 00000000 08:01 808658                     /usr/lib/jvm/java-8-openjdk/jre/lib/amd64/libzip.so
7f8f9d08a000-7f8f9d289000 ---p 00008000 08:01 808658                     /usr/lib/jvm/java-8-openjdk/jre/lib/amd64/libzip.so
7f8f9d289000-7f8f9d28a000 rw-p 00007000 08:01 808658                     /usr/lib/jvm/java-8-openjdk/jre/lib/amd64/libzip.so
7f8f9d28a000-7f8f9d295000 r-xp 00000000 08:01 658558                     /usr/lib/libnss_files-2.20.so
7f8f9d295000-7f8f9d495000 ---p 0000b000 08:01 658558                     /usr/lib/libnss_files-2.20.so
7f8f9d495000-7f8f9d496000 r--p 0000b000 08:01 658558                     /usr/lib/libnss_files-2.20.so
7f8f9d496000-7f8f9d497000 rw-p 0000c000 08:01 658558                     /usr/lib/libnss_files-2.20.so
7f8f9d497000-7f8f9d4c4000 r-xp 00000000 08:01 808657                     /usr/lib/jvm/java-8-openjdk/jre/lib/amd64/libjava.so
7f8f9d4c4000-7f8f9d6c3000 ---p 0002d000 08:01 808657                     /usr/lib/jvm/java-8-openjdk/jre/lib/amd64/libjava.so
7f8f9d6c3000-7f8f9d6c5000 rw-p 0002c000 08:01 808657                     /usr/lib/jvm/java-8-openjdk/jre/lib/amd64/libjava.so
7f8f9d6c5000-7f8f9d6d2000 r-xp 00000000 08:01 808650                     /usr/lib/jvm/java-8-openjdk/jre/lib/amd64/libverify.so
7f8f9d6d2000-7f8f9d8d1000 ---p 0000d000 08:01 808650                     /usr/lib/jvm/java-8-openjdk/jre/lib/amd64/libverify.so
7f8f9d8d1000-7f8f9d8d3000 rw-p 0000c000 08:01 808650                     /usr/lib/jvm/java-8-openjdk/jre/lib/amd64/libverify.so
7f8f9d8d3000-7f8f9d8da000 r-xp 00000000 08:01 658599                     /usr/lib/librt-2.20.so
7f8f9d8da000-7f8f9dad9000 ---p 00007000 08:01 658599                     /usr/lib/librt-2.20.so
7f8f9dad9000-7f8f9dada000 r--p 00006000 08:01 658599                     /usr/lib/librt-2.20.so
7f8f9dada000-7f8f9dadb000 rw-p 00007000 08:01 658599                     /usr/lib/librt-2.20.so
7f8f9dadb000-7f8f9dbde000 r-xp 00000000 08:01 658585                     /usr/lib/libm-2.20.so
7f8f9dbde000-7f8f9ddde000 ---p 00103000 08:01 658585                     /usr/lib/libm-2.20.so
7f8f9ddde000-7f8f9dddf000 r--p 00103000 08:01 658585                     /usr/lib/libm-2.20.so
7f8f9dddf000-7f8f9dde0000 rw-p 00104000 08:01 658585                     /usr/lib/libm-2.20.so
7f8f9dde0000-7f8f9ea45000 r-xp 00000000 08:01 131921                     /usr/lib/jvm/java-8-openjdk/jre/lib/amd64/server/libjvm.so
7f8f9ea45000-7f8f9ec45000 ---p 00c65000 08:01 131921                     /usr/lib/jvm/java-8-openjdk/jre/lib/amd64/server/libjvm.so
7f8f9ec45000-7f8f9ed11000 rw-p 00c65000 08:01 131921                     /usr/lib/jvm/java-8-openjdk/jre/lib/amd64/server/libjvm.so
7f8f9ed11000-7f8f9ed50000 rw-p 00000000 00:00 0 
7f8f9ed50000-7f8f9eeea000 r-xp 00000000 08:01 658586                     /usr/lib/libc-2.20.so
7f8f9eeea000-7f8f9f0e9000 ---p 0019a000 08:01 658586                     /usr/lib/libc-2.20.so
7f8f9f0e9000-7f8f9f0ed000 r--p 00199000 08:01 658586                     /usr/lib/libc-2.20.so
7f8f9f0ed000-7f8f9f0ef000 rw-p 0019d000 08:01 658586                     /usr/lib/libc-2.20.so
7f8f9f0ef000-7f8f9f0f3000 rw-p 00000000 00:00 0 
7f8f9f0f3000-7f8f9f0f6000 r-xp 00000000 08:01 658555                     /usr/lib/libdl-2.20.so
7f8f9f0f6000-7f8f9f2f5000 ---p 00003000 08:01 658555                     /usr/lib/libdl-2.20.so
7f8f9f2f5000-7f8f9f2f6000 r--p 00002000 08:01 658555                     /usr/lib/libdl-2.20.so
7f8f9f2f6000-7f8f9f2f7000 rw-p 00003000 08:01 658555                     /usr/lib/libdl-2.20.so
7f8f9f2f7000-7f8f9f304000 r-xp 00000000 08:01 131918                     /usr/lib/jvm/java-8-openjdk/jre/lib/amd64/jli/libjli.so
7f8f9f304000-7f8f9f503000 ---p 0000d000 08:01 131918                     /usr/lib/jvm/java-8-openjdk/jre/lib/amd64/jli/libjli.so
7f8f9f503000-7f8f9f504000 rw-p 0000c000 08:01 131918                     /usr/lib/jvm/java-8-openjdk/jre/lib/amd64/jli/libjli.so
7f8f9f504000-7f8f9f519000 r-xp 00000000 08:01 661607                     /usr/lib/libz.so.1.2.8
7f8f9f519000-7f8f9f718000 ---p 00015000 08:01 661607                     /usr/lib/libz.so.1.2.8
7f8f9f718000-7f8f9f719000 r--p 00014000 08:01 661607                     /usr/lib/libz.so.1.2.8
7f8f9f719000-7f8f9f71a000 rw-p 00015000 08:01 661607                     /usr/lib/libz.so.1.2.8
7f8f9f71a000-7f8f9f731000 r-xp 00000000 08:01 658564                     /usr/lib/libpthread-2.20.so
7f8f9f731000-7f8f9f930000 ---p 00017000 08:01 658564                     /usr/lib/libpthread-2.20.so
7f8f9f930000-7f8f9f931000 r--p 00016000 08:01 658564                     /usr/lib/libpthread-2.20.so
7f8f9f931000-7f8f9f932000 rw-p 00017000 08:01 658564                     /usr/lib/libpthread-2.20.so
7f8f9f932000-7f8f9f936000 rw-p 00000000 00:00 0 
7f8f9f936000-7f8f9f958000 r-xp 00000000 08:01 658561                     /usr/lib/ld-2.20.so
7f8f9f958000-7f8f9f95a000 r--s 00004000 08:02 7342639                    /home/imalerich/.gradle/caches/modules-2/files-2.1/com.badlogicgames.gdx/gdx-controllers-desktop/1.3.1/9485e5ad3740c8a44d9a600662dcbfdb6fa13c80/gdx-controllers-desktop-1.3.1.jar
7f8f9f95a000-7f8f9f95b000 r--s 00002000 08:02 6824994                    /home/imalerich/.gradle/caches/modules-2/files-2.1/com.badlogicgames.gdx/gdx-controllers/1.3.1/b6257423d255dc8fecfc38bd578dfb5ba1bf22bc/gdx-controllers-1.3.1.jar
7f8f9f95b000-7f8f9fa20000 rw-p 00000000 00:00 0 
7f8f9fa20000-7f8f9fa23000 ---p 00000000 00:00 0 
7f8f9fa23000-7f8f9fb4c000 rw-p 00000000 00:00 0                          [stack:5586]
7f8f9fb4c000-7f8f9fb54000 rw-s 00000000 00:1f 235685                     /tmp/hsperfdata_imalerich/5581 (deleted)
7f8f9fb54000-7f8f9fb55000 rw-p 00000000 00:00 0 
7f8f9fb55000-7f8f9fb56000 ---p 00000000 00:00 0 
7f8f9fb56000-7f8f9fb57000 rw-p 00000000 00:00 0 
7f8f9fb57000-7f8f9fb58000 r--p 00021000 08:01 658561                     /usr/lib/ld-2.20.so
7f8f9fb58000-7f8f9fb59000 rw-p 00022000 08:01 658561                     /usr/lib/ld-2.20.so
7f8f9fb59000-7f8f9fb5a000 rw-p 00000000 00:00 0 
7fffde503000-7fffde524000 rw-p 00000000 00:00 0                          [stack]
7fffde5fc000-7fffde5fe000 r--p 00000000 00:00 0                          [vvar]
7fffde5fe000-7fffde600000 r-xp 00000000 00:00 0                          [vdso]
ffffffffff600000-ffffffffff601000 r-xp 00000000 00:00 0                  [vsyscall]

VM Arguments:
jvm_args: -Dfile.encoding=UTF-8 
java_command: com.mygdx.game.desktop.DesktopLauncher
java_class_path (initial): /home/imalerich/dev/Artillery/LGDX/desktop/bin:/home/imalerich/dev/Artillery/LGDX/core/bin:/home/imalerich/.gradle/caches/modules-2/files-2.1/com.badlogicgames.gdx/gdx-controllers/1.3.1/b6257423d255dc8fecfc38bd578dfb5ba1bf22bc/gdx-controllers-1.3.1.jar:/home/imalerich/.gradle/caches/modules-2/files-2.1/com.badlogicgames.gdx/gdx/1.3.1/18995f8b7b19118975722370818023c76a86fdf4/gdx-1.3.1.jar:/home/imalerich/dev/Artillery/Lib/kryonet-2.21-all.jar:/home/imalerich/.gradle/caches/modules-2/files-2.1/com.badlogicgames.gdx/gdx-backend-lwjgl/1.3.1/8df8aa24811d137e88658508fba4c7bb6f27c8c9/gdx-backend-lwjgl-1.3.1.jar:/home/imalerich/.gradle/caches/modules-2/files-2.1/com.badlogicgames.gdx/gdx-controllers-desktop/1.3.1/9485e5ad3740c8a44d9a600662dcbfdb6fa13c80/gdx-controllers-desktop-1.3.1.jar:/home/imalerich/.gradle/caches/modules-2/files-2.1/com.badlogicgames.gdx/gdx-controllers-platform/1.3.1/a1645f0dfb448fdfb181faa1b2bddac14ad2fd3d/gdx-controllers-platform-1.3.1-natives-desktop.jar:/home/imalerich/.gradle/caches/modules-2/files-2.1/com.badlogicgames.gdx/gdx-platform/1.3.1/88596abf3fdd2ea4662e67d59c3c05b07b0d859b/gdx-platform-1.3.1-natives-desktop.jar:/home/imalerich/.gradle/caches/modules-2/files-2.1/com.badlogicgames.jlayer/jlayer/1.0.1-gdx/7cca83cec5c1b2f011362f4d85aabd71a73b049d/jlayer-1.0.1-gdx.jar:/home/imalerich/.gradle/caches/modules-2/files-2.1/net.java.jinput/jinput-platform/2.0.5/385ee093e01f587f30ee1c8a2ee7d408fd732e16/jinput-platform-2.0.5-natives-windows.jar:/home/imalerich/.gradle/caches/modules-2/files-2.1/net.java.jinput/jinput-platform/2.0.5/53f9c919f34d2ca9de8c51fc4e1e8282029a9232/jinput-platform-2.0.5-natives-osx.jar:/home/imalerich/.gradle/caches/modules-2/files-2.1/net.java.jinput/jinput-platform/2.0.5/7ff832a6eb9ab6a767f1ade2b548092d0fa64795/jinput-platform-2.0.5-natives-linux.jar:/home/imalerich/.gradle/caches/modules-2/files-2.1/net.java.jinput/jinput/2.0.5/39c7796b469a600f72380316f6b1f11db6c2c7c4/jinput-2.0.5.jar:/home/imal
Launcher Type: SUN_STANDARD

Environment Variables:
PATH=/usr/local/sbin:/usr/local/bin:/usr/bin:/usr/lib/jvm/default/bin:/usr/bin/site_perl:/usr/bin/vendor_perl:/usr/bin/core_perl
SHELL=/bin/bash
DISPLAY=:0

Signal Handlers:
SIGSEGV: [libjvm.so+0xa606e0], sa_mask[0]=11111111011111111101111111111110, sa_flags=SA_RESTART|SA_SIGINFO
SIGBUS: [libjvm.so+0xa606e0], sa_mask[0]=11111111011111111101111111111110, sa_flags=SA_RESTART|SA_SIGINFO
SIGFPE: [libjvm.so+0x8b4a70], sa_mask[0]=11111111011111111101111111111110, sa_flags=SA_RESTART|SA_SIGINFO
SIGPIPE: [libjvm.so+0x8b4a70], sa_mask[0]=11111111011111111101111111111110, sa_flags=SA_RESTART|SA_SIGINFO
SIGXFSZ: [libjvm.so+0x8b4a70], sa_mask[0]=11111111011111111101111111111110, sa_flags=SA_RESTART|SA_SIGINFO
SIGILL: [libjvm.so+0x8b4a70], sa_mask[0]=11111111011111111101111111111110, sa_flags=SA_RESTART|SA_SIGINFO
SIGUSR1: SIG_DFL, sa_mask[0]=00000000000000000000000000000000, sa_flags=none
SIGUSR2: [libjvm.so+0x8b4920], sa_mask[0]=00100000000000000000000000000000, sa_flags=SA_RESTART|SA_SIGINFO
SIGHUP: [libjvm.so+0x8b4b40], sa_mask[0]=11111111011111111101111111111110, sa_flags=SA_RESTART|SA_SIGINFO
SIGINT: SIG_IGN, sa_mask[0]=00000000000000000000000000000000, sa_flags=none
SIGTERM: [libjvm.so+0x8b4b40], sa_mask[0]=11111111011111111101111111111110, sa_flags=SA_RESTART|SA_SIGINFO
SIGQUIT: [libjvm.so+0x8b4b40], sa_mask[0]=11111111011111111101111111111110, sa_flags=SA_RESTART|SA_SIGINFO


---------------  S Y S T E M  ---------------

OS:NAME="Arch Linux"
ID=arch
PRETTY_NAME="Arch Linux"
ANSI_COLOR="0;36"
HOME_URL="https://www.archlinux.org/"
SUPPORT_URL="https://bbs.archlinux.org/"
BUG_REPORT_URL="https://bugs.archlinux.org/"


uname:Linux 3.17.6-1-ARCH #1 SMP PREEMPT Sun Dec 7 23:43:32 UTC 2014 x86_64
libc:glibc 2.20 NPTL 2.20 
rlimit: STACK 8192k, CORE 0k, NPROC 31439, NOFILE 4096, AS infinity
load average:0.85 0.68 0.48

/proc/meminfo:
MemTotal:        8126984 kB
MemFree:         5705276 kB
MemAvailable:    6635124 kB
Buffers:           69416 kB
Cached:          1023140 kB
SwapCached:            0 kB
Active:          1586308 kB
Inactive:         597308 kB
Active(anon):    1094068 kB
Inactive(anon):    17796 kB
Active(file):     492240 kB
Inactive(file):   579512 kB
Unevictable:           4 kB
Mlocked:               4 kB
SwapTotal:             0 kB
SwapFree:              0 kB
Dirty:              1584 kB
Writeback:             0 kB
AnonPages:       1090836 kB
Mapped:           286152 kB
Shmem:             20780 kB
Slab:              84588 kB
SReclaimable:      54064 kB
SUnreclaim:        30524 kB
KernelStack:        5936 kB
PageTables:        10660 kB
NFS_Unstable:          0 kB
Bounce:                0 kB
WritebackTmp:          0 kB
CommitLimit:     4063492 kB
Committed_AS:    1976924 kB
VmallocTotal:   34359738367 kB
VmallocUsed:      141680 kB
VmallocChunk:   34359586300 kB
HardwareCorrupted:     0 kB
AnonHugePages:    706560 kB
HugePages_Total:       0
HugePages_Free:        0
HugePages_Rsvd:        0
HugePages_Surp:        0
Hugepagesize:       2048 kB
DirectMap4k:      194304 kB
DirectMap2M:     8140800 kB


CPU:total 8 (4 cores per cpu, 2 threads per core) family 6 model 58 stepping 9, cmov, cx8, fxsr, mmx, sse, sse2, sse3, ssse3, sse4.1, sse4.2, popcnt, avx, aes, clmul, erms, ht, tsc, tscinvbit, tscinv

/proc/cpuinfo:
processor	: 0
vendor_id	: GenuineIntel
cpu family	: 6
model		: 58
model name	: Intel(R) Core(TM) i7-3630QM CPU @ 2.40GHz
stepping	: 9
microcode	: 0x12
cpu MHz		: 1809.281
cache size	: 6144 KB
physical id	: 0
siblings	: 8
core id		: 0
cpu cores	: 4
apicid		: 0
initial apicid	: 0
fpu		: yes
fpu_exception	: yes
cpuid level	: 13
wp		: yes
flags		: fpu vme de pse tsc msr pae mce cx8 apic sep mtrr pge mca cmov pat pse36 clflush dts acpi mmx fxsr sse sse2 ss ht tm pbe syscall nx rdtscp lm constant_tsc arch_perfmon pebs bts rep_good nopl xtopology nonstop_tsc aperfmperf eagerfpu pni pclmulqdq dtes64 monitor ds_cpl vmx est tm2 ssse3 cx16 xtpr pdcm pcid sse4_1 sse4_2 x2apic popcnt tsc_deadline_timer aes xsave avx f16c rdrand lahf_lm ida arat epb pln pts dtherm tpr_shadow vnmi flexpriority ept vpid fsgsbase smep erms xsaveopt
bugs		:
bogomips	: 4791.85
clflush size	: 64
cache_alignment	: 64
address sizes	: 36 bits physical, 48 bits virtual
power management:

processor	: 1
vendor_id	: GenuineIntel
cpu family	: 6
model		: 58
model name	: Intel(R) Core(TM) i7-3630QM CPU @ 2.40GHz
stepping	: 9
microcode	: 0x12
cpu MHz		: 1803.750
cache size	: 6144 KB
physical id	: 0
siblings	: 8
core id		: 0
cpu cores	: 4
apicid		: 1
initial apicid	: 1
fpu		: yes
fpu_exception	: yes
cpuid level	: 13
wp		: yes
flags		: fpu vme de pse tsc msr pae mce cx8 apic sep mtrr pge mca cmov pat pse36 clflush dts acpi mmx fxsr sse sse2 ss ht tm pbe syscall nx rdtscp lm constant_tsc arch_perfmon pebs bts rep_good nopl xtopology nonstop_tsc aperfmperf eagerfpu pni pclmulqdq dtes64 monitor ds_cpl vmx est tm2 ssse3 cx16 xtpr pdcm pcid sse4_1 sse4_2 x2apic popcnt tsc_deadline_timer aes xsave avx f16c rdrand lahf_lm ida arat epb pln pts dtherm tpr_shadow vnmi flexpriority ept vpid fsgsbase smep erms xsaveopt
bugs		:
bogomips	: 4791.85
clflush size	: 64
cache_alignment	: 64
address sizes	: 36 bits physical, 48 bits virtual
power management:

processor	: 2
vendor_id	: GenuineIntel
cpu family	: 6
model		: 58
model name	: Intel(R) Core(TM) i7-3630QM CPU @ 2.40GHz
stepping	: 9
microcode	: 0x12
cpu MHz		: 2373.281
cache size	: 6144 KB
physical id	: 0
siblings	: 8
core id		: 1
cpu cores	: 4
apicid		: 2
initial apicid	: 2
fpu		: yes
fpu_exception	: yes
cpuid level	: 13
wp		: yes
flags		: fpu vme de pse tsc msr pae mce cx8 apic sep mtrr pge mca cmov pat pse36 clflush dts acpi mmx fxsr sse sse2 ss ht tm pbe syscall nx rdtscp lm constant_tsc arch_perfmon pebs bts rep_good nopl xtopology nonstop_tsc aperfmperf eagerfpu pni pclmulqdq dtes64 monitor ds_cpl vmx est tm2 ssse3 cx16 xtpr pdcm pcid sse4_1 sse4_2 x2apic popcnt tsc_deadline_timer aes xsave avx f16c rdrand lahf_lm ida arat epb pln pts dtherm tpr_shadow vnmi flexpriority ept vpid fsgsbase smep erms xsaveopt
bugs		:
bogomips	: 4791.85
clflush size	: 64
cache_alignment	: 64
address sizes	: 36 bits physical, 48 bits virtual
power management:

processor	: 3
vendor_id	: GenuineIntel
cpu family	: 6
model		: 58
model name	: Intel(R) Core(TM) i7-3630QM CPU @ 2.40GHz
stepping	: 9
microcode	: 0x12
cpu MHz		: 2309.531
cache size	: 6144 KB
physical id	: 0
siblings	: 8
core id		: 1
cpu cores	: 4
apicid		: 3
initial apicid	: 3
fpu		: yes
fpu_exception	: yes
cpuid level	: 13
wp		: yes
flags		: fpu vme de pse tsc msr pae mce cx8 apic sep mtrr pge mca cmov pat pse36 clflush dts acpi mmx fxsr sse sse2 ss ht tm pbe syscall nx rdtscp lm constant_tsc arch_perfmon pebs bts rep_good nopl xtopology nonstop_tsc aperfmperf eagerfpu pni pclmulqdq dtes64 monitor ds_cpl vmx est tm2 ssse3 cx16 xtpr pdcm pcid sse4_1 sse4_2 x2apic popcnt tsc_deadline_timer aes xsave avx f16c rdrand lahf_lm ida arat epb pln pts dtherm tpr_shadow vnmi flexpriority ept vpid fsgsbase smep erms xsaveopt
bugs		:
bogomips	: 4791.85
clflush size	: 64
cache_alignment	: 64
address sizes	: 36 bits physical, 48 bits virtual
power management:

processor	: 4
vendor_id	: GenuineIntel
cpu family	: 6
model		: 58
model name	: Intel(R) Core(TM) i7-3630QM CPU @ 2.40GHz
stepping	: 9
microcode	: 0x12
cpu MHz		: 1568.906
cache size	: 6144 KB
physical id	: 0
siblings	: 8
core id		: 2
cpu cores	: 4
apicid		: 4
initial apicid	: 4
fpu		: yes
fpu_exception	: yes
cpuid level	: 13
wp		: yes
flags		: fpu vme de pse tsc msr pae mce cx8 apic sep mtrr pge mca cmov pat pse36 clflush dts acpi mmx fxsr sse sse2 ss ht tm pbe syscall nx rdtscp lm constant_tsc arch_perfmon pebs bts rep_good nopl xtopology nonstop_tsc aperfmperf eagerfpu pni pclmulqdq dtes64 monitor ds_cpl vmx est tm2 ssse3 cx16 xtpr pdcm pcid sse4_1 sse4_2 x2apic popcnt tsc_deadline_timer aes xsave avx f16c rdrand lahf_lm ida arat epb pln pts dtherm tpr_shadow vnmi flexpriority ept vpid fsgsbase smep erms xsaveopt
bugs		:
bogomips	: 4791.85
clflush size	: 64
cache_alignment	: 64
address sizes	: 36 bits physical, 48 bits virtual
power management:

processor	: 5
vendor_id	: GenuineIntel
cpu family	: 6
model		: 58
model name	: Intel(R) Core(TM) i7-3630QM CPU @ 2.40GHz
stepping	: 9
microcode	: 0x12
cpu MHz		: 3199.312
cache size	: 6144 KB
physical id	: 0
siblings	: 8
core id		: 2
cpu cores	: 4
apicid		: 5
initial apicid	: 5
fpu		: yes
fpu_exception	: yes
cpuid level	: 13
wp		: yes
flags		: fpu vme de pse tsc msr pae mce cx8 apic sep mtrr pge mca cmov pat pse36 clflush dts acpi mmx fxsr sse sse2 ss ht tm pbe syscall nx rdtscp lm constant_tsc arch_perfmon pebs bts rep_good nopl xtopology nonstop_tsc aperfmperf eagerfpu pni pclmulqdq dtes64 monitor ds_cpl vmx est tm2 ssse3 cx16 xtpr pdcm pcid sse4_1 sse4_2 x2apic popcnt tsc_deadline_timer aes xsave avx f16c rdrand lahf_lm ida arat epb pln pts dtherm tpr_shadow vnmi flexpriority ept vpid fsgsbase smep erms xsaveopt
bugs		:
bogomips	: 4791.85
clflush size	: 64
cache_alignment	: 64
address sizes	: 36 bits physical, 48 bits virtual
power management:

processor	: 6
vendor_id	: GenuineIntel
cpu family	: 6
model		: 58
model name	: Intel(R) Core(TM) i7-3630QM CPU @ 2.40GHz
stepping	: 9
microcode	: 0x12
cpu MHz		: 2726.062
cache size	: 6144 KB
physical id	: 0
siblings	: 8
core id		: 3
cpu cores	: 4
apicid		: 6
initial apicid	: 6
fpu		: yes
fpu_exception	: yes
cpuid level	: 13
wp		: yes
flags		: fpu vme de pse tsc msr pae mce cx8 apic sep mtrr pge mca cmov pat pse36 clflush dts acpi mmx fxsr sse sse2 ss ht tm pbe syscall nx rdtscp lm constant_tsc arch_perfmon pebs bts rep_good nopl xtopology nonstop_tsc aperfmperf eagerfpu pni pclmulqdq dtes64 monitor ds_cpl vmx est tm2 ssse3 cx16 xtpr pdcm pcid sse4_1 sse4_2 x2apic popcnt tsc_deadline_timer aes xsave avx f16c rdrand lahf_lm ida arat epb pln pts dtherm tpr_shadow vnmi flexpriority ept vpid fsgsbase smep erms xsaveopt
bugs		:
bogomips	: 4791.85
clflush size	: 64
cache_alignment	: 64
address sizes	: 36 bits physical, 48 bits virtual
power management:

processor	: 7
vendor_id	: GenuineIntel
cpu family	: 6
model		: 58
model name	: Intel(R) Core(TM) i7-3630QM CPU @ 2.40GHz
stepping	: 9
microcode	: 0x12
cpu MHz		: 2920.125
cache size	: 6144 KB
physical id	: 0
siblings	: 8
core id		: 3
cpu cores	: 4
apicid		: 7
initial apicid	: 7
fpu		: yes
fpu_exception	: yes
cpuid level	: 13
wp		: yes
flags		: fpu vme de pse tsc msr pae mce cx8 apic sep mtrr pge mca cmov pat pse36 clflush dts acpi mmx fxsr sse sse2 ss ht tm pbe syscall nx rdtscp lm constant_tsc arch_perfmon pebs bts rep_good nopl xtopology nonstop_tsc aperfmperf eagerfpu pni pclmulqdq dtes64 monitor ds_cpl vmx est tm2 ssse3 cx16 xtpr pdcm pcid sse4_1 sse4_2 x2apic popcnt tsc_deadline_timer aes xsave avx f16c rdrand lahf_lm ida arat epb pln pts dtherm tpr_shadow vnmi flexpriority ept vpid fsgsbase smep erms xsaveopt
bugs		:
bogomips	: 4791.85
clflush size	: 64
cache_alignment	: 64
address sizes	: 36 bits physical, 48 bits virtual
power management:



Memory: 4k page, physical 8126984k(5705424k free), swap 0k(0k free)

vm_info: OpenJDK 64-Bit Server VM (25.25-b02) for linux-amd64 JRE (1.8.0_25-b18), built on Nov 16 2014 16:13:29 by "builduser" with gcc 4.9.2

time: Tue Dec 16 14:35:52 2014
elapsed time: 90 seconds (0d 0h 1m 30s)

