#
# A fatal error has been detected by the Java Runtime Environment:
#
#  SIGSEGV (0xb) at pc=0x0000000000000000, pid=19724, tid=140654784669440
#
# JRE version: OpenJDK Runtime Environment (8.0_25-b18) (build 1.8.0_25-b18)
# Java VM: OpenJDK 64-Bit Server VM (25.25-b02 mixed mode linux-amd64 compressed oops)
# Problematic frame:
# C  0x0000000000000000
#
# Failed to write core dump. Core dumps have been disabled. To enable core dumping, try "ulimit -c unlimited" before starting Java again
#
# If you would like to submit a bug report, please visit:
#   http://bugreport.sun.com/bugreport/crash.jsp
#

---------------  T H R E A D  ---------------

Current thread is native thread

siginfo: si_signo: 11 (SIGSEGV), si_code: 1 (SEGV_MAPERR), si_addr: 0x0000000000000000

Registers:
RAX=0x00007fecc56d77c0, RBX=0x0000000000000400, RCX=0x00007fecf4376580, RDX=0x00007fecf4376580
RSP=0x00007fecbe79dd58, RBP=0x00007fecf4361410, RSI=0x0000000000000000, RDI=0x00007fecf4361410
R8 =0x0000000000761c00, R9 =0x0000000000000001, R10=0x00007fecf4361434, R11=0x0000000000000000
R12=0x00007fecf43655a0, R13=0x0000000000012000, R14=0x0000000000001000, R15=0x00007fecbe79df08
RIP=0x0000000000000000, EFLAGS=0x0000000000010246, CSGSFS=0x0000000000000033, ERR=0x0000000000000014
  TRAPNO=0x000000000000000e

Top of Stack: (sp=0x00007fecbe79dd58)
0x00007fecbe79dd58:   00007fecc54a04d1 0000000000000008
0x00007fecbe79dd68:   00007fec84005b80 00007fecbb800000
0x00007fecbe79dd78:   00007fecfb4eb379 0000000000000000
0x00007fecbe79dd88:   00007fecc4de2152 00007fecf432f480
0x00007fecbe79dd98:   0000000000000000 0000000000000000
0x00007fecbe79dda8:   0000000000000000 00007fecf435dbc0
0x00007fecbe79ddb8:   00007fecf435db00 0000000000002000
0x00007fecbe79ddc8:   00007fecc4dea57a 0000000000000005
0x00007fecbe79ddd8:   00007fec74000ce0 0000000000000000
0x00007fecbe79dde8:   5700000000000001 0000000000002000
0x00007fecbe79ddf8:   00007fecc4dec08b 0000000000000000
0x00007fecbe79de08:   0000000000000000 0000000000000000
0x00007fecbe79de18:   0000000000000000 0000000000000000
0x00007fecbe79de28:   0000000000002000 00007fecf435db00
0x00007fecbe79de38:   00007fecbe79df08 00007fecbe79df00
0x00007fecbe79de48:   00007fecf43655a0 00007fecf435dbf8
0x00007fecbe79de58:   00007fecc525bba2 00007fec7c3ff040
0x00007fecbe79de68:   00007fec7c29f040 00000400be79deb0
0x00007fecbe79de78:   00007fecbe79de90 0000000000000000
0x00007fecbe79de88:   00007fecc5260df2 00001fa00000037f
0x00007fecbe79de98:   00007fecc4dcc99f 00007fecf435dbc0
0x00007fecbe79dea8:   0000000000002000 00007fecf4333150
0x00007fecbe79deb8:   0000000000000000 00007fecf4361410
0x00007fecbe79dec8:   0000000000000008 00007fecbe79df08
0x00007fecbe79ded8:   00007fecc54b6544 0000000000000000
0x00007fecbe79dee8:   00007fecbe79df00 0000000000002000
0x00007fecbe79def8:   0000000000006000 00007fec7c29f040
0x00007fecbe79df08:   0000000000002000 0000000000000000
0x00007fecbe79df18:   00007fecf4360ef0 0000000000000000
0x00007fecbe79df28:   00007fecfb8e1400 0000000000000000
0x00007fecbe79df38:   00007fecbe79e700 0000000000000000
0x00007fecbe79df48:   00007fecc54a973a 0000000000000000 

Instructions: (pc=0x0000000000000000)
0xffffffffffffffe0:   

Register to memory mapping:

RAX=0x00007fecc56d77c0: <offset 0x2577c0> in /tmp/libgdximalerich/7b43be9b/libopenal64.so at 0x00007fecc5480000
RBX=0x0000000000000400 is an unknown value
RCX=0x00007fecf4376580 is an unknown value
RDX=0x00007fecf4376580 is an unknown value
RSP=0x00007fecbe79dd58 is an unknown value
RBP=0x00007fecf4361410 is an unknown value
RSI=0x0000000000000000 is an unknown value
RDI=0x00007fecf4361410 is an unknown value
R8 =0x0000000000761c00 is an unknown value
R9 =0x0000000000000001 is an unknown value
R10=0x00007fecf4361434 is an unknown value
R11=0x0000000000000000 is an unknown value
R12=0x00007fecf43655a0 is an unknown value
R13=0x0000000000012000 is an unknown value
R14=0x0000000000001000 is an unknown value
R15=0x00007fecbe79df08 is an unknown value


Stack: [0x00007fecbe69e000,0x00007fecbe79f000],  sp=0x00007fecbe79dd58,  free space=1023k

---------------  P R O C E S S  ---------------

VM state:at safepoint (shutting down)

VM Mutex/Monitor currently owned by a thread:  ([mutex/lock_event])
[0x00007fecf4007630] Threads_lock - owner thread: 0x00007fecf407a800

Heap:
 PSYoungGen      total 37888K, used 19832K [0x00000000d6a00000, 0x00000000d9400000, 0x0000000100000000)
  eden space 32768K, 46% used [0x00000000d6a00000,0x00000000d78e94b0,0x00000000d8a00000)
  from space 5120K, 89% used [0x00000000d8a00000,0x00000000d8e74e40,0x00000000d8f00000)
  to   space 5120K, 0% used [0x00000000d8f00000,0x00000000d8f00000,0x00000000d9400000)
 ParOldGen       total 86016K, used 80K [0x0000000083e00000, 0x0000000089200000, 0x00000000d6a00000)
  object space 86016K, 0% used [0x0000000083e00000,0x0000000083e14010,0x0000000089200000)
 Metaspace       used 12196K, capacity 12345K, committed 12544K, reserved 1060864K
  class space    used 1139K, capacity 1214K, committed 1280K, reserved 1048576K

Card table byte_map: [0x00007fecf86a2000,0x00007fecf8a84000] byte_map_base: 0x00007fecf8283000

Marking Bits: (ParMarkBitMap*) 0x00007fecfaae5780
 Begin Bits: [0x00007fecd41f0000, 0x00007fecd60f8000)
 End Bits:   [0x00007fecd60f8000, 0x00007fecd8000000)

Polling page: 0x00007fecfb917000

CodeCache: size=245760Kb used=6490Kb max_used=6550Kb free=239269Kb
 bounds [0x00007fece5000000, 0x00007fece5690000, 0x00007fecf4000000]
 total_blobs=2384 nmethods=1763 adapters=535
 compilation: enabled

Compilation events (10 events):
Event: 95.706 Thread 0x00007fecf40b7800 1896       4       com.badlogic.gdx.utils.Array::addAll (63 bytes)
Event: 95.707 Thread 0x00007fecf40b9800 1897       4       com.mygdx.game.Game::draw (47 bytes)
Event: 95.709 Thread 0x00007fecf40b7800 nmethod 1896 0x00007fece5643e10 code [0x00007fece5643fa0, 0x00007fece5644248]
Event: 95.713 Thread 0x00007fecf40b5000 nmethod 1895 0x00007fece52d9210 code [0x00007fece52d94c0, 0x00007fece52da668]
Event: 96.607 Thread 0x00007fecf40b7800 1898       4       com.badlogic.gdx.graphics.g2d.TextureRegion::setRegion (71 bytes)
Event: 96.612 Thread 0x00007fecf40b7800 nmethod 1898 0x00007fece51662d0 code [0x00007fece51664a0, 0x00007fece5166938]
Event: 97.241 Thread 0x00007fecf40b5000 1899       4       entity.Squad::draw (156 bytes)
Event: 97.312 Thread 0x00007fecf40b5000 nmethod 1899 0x00007fece5302690 code [0x00007fece5302ac0, 0x00007fece5304ed8]
Event: 98.400 Thread 0x00007fecf40bc000 1900       3       java.nio.CharBuffer::arrayOffset (35 bytes)
Event: 98.400 Thread 0x00007fecf40bc000 nmethod 1900 0x00007fece523a810 code [0x00007fece523a9a0, 0x00007fece523ac98]

GC Heap History (2 events):
Event: 59.239 GC heap before
{Heap before GC invocations=1 (full 0):
 PSYoungGen      total 37888K, used 32768K [0x00000000d6a00000, 0x00000000d9400000, 0x0000000100000000)
  eden space 32768K, 100% used [0x00000000d6a00000,0x00000000d8a00000,0x00000000d8a00000)
  from space 5120K, 0% used [0x00000000d8f00000,0x00000000d8f00000,0x00000000d9400000)
  to   space 5120K, 0% used [0x00000000d8a00000,0x00000000d8a00000,0x00000000d8f00000)
 ParOldGen       total 86016K, used 0K [0x0000000083e00000, 0x0000000089200000, 0x00000000d6a00000)
  object space 86016K, 0% used [0x0000000083e00000,0x0000000083e00000,0x0000000089200000)
 Metaspace       used 11976K, capacity 12089K, committed 12160K, reserved 1060864K
  class space    used 1133K, capacity 1150K, committed 1152K, reserved 1048576K
Event: 59.244 GC heap after
Heap after GC invocations=1 (full 0):
 PSYoungGen      total 37888K, used 4563K [0x00000000d6a00000, 0x00000000d9400000, 0x0000000100000000)
  eden space 32768K, 0% used [0x00000000d6a00000,0x00000000d6a00000,0x00000000d8a00000)
  from space 5120K, 89% used [0x00000000d8a00000,0x00000000d8e74e40,0x00000000d8f00000)
  to   space 5120K, 0% used [0x00000000d8f00000,0x00000000d8f00000,0x00000000d9400000)
 ParOldGen       total 86016K, used 80K [0x0000000083e00000, 0x0000000089200000, 0x00000000d6a00000)
  object space 86016K, 0% used [0x0000000083e00000,0x0000000083e14010,0x0000000089200000)
 Metaspace       used 11976K, capacity 12089K, committed 12160K, reserved 1060864K
  class space    used 1133K, capacity 1150K, committed 1152K, reserved 1048576K
}

Deoptimization events (10 events):
Event: 58.239 Thread 0x00007fecf43ec800 Uncommon trap: reason=null_check action=make_not_entrant pc=0x00007fece5353ed8 method=com.badlogic.gdx.utils.ObjectIntMap.get(Ljava/lang/Object;I)I @ 21
Event: 58.259 Thread 0x00007fecf43ec800 Uncommon trap: reason=null_check action=make_not_entrant pc=0x00007fece5533240 method=com.badlogic.gdx.utils.ObjectIntMap.get(Ljava/lang/Object;I)I @ 21
Event: 58.259 Thread 0x00007fecf43ec800 Uncommon trap: reason=null_check action=make_not_entrant pc=0x00007fece532c978 method=com.badlogic.gdx.utils.ObjectIntMap.get(Ljava/lang/Object;I)I @ 21
Event: 60.480 Thread 0x00007fec6c00b800 Uncommon trap: reason=unreached action=reinterpret pc=0x00007fece539d940 method=java.util.concurrent.locks.AbstractQueuedSynchronizer.release(I)Z @ 14
Event: 65.399 Thread 0x00007fec6c7c1800 Uncommon trap: reason=uninitialized action=reinterpret pc=0x00007fece54bf07c method=com.esotericsoftware.kryonet.Client.keepAlive()V @ 57
Event: 65.399 Thread 0x00007fec6c7c1800 Uncommon trap: reason=class_check action=maybe_recompile pc=0x00007fece54c4f60 method=com.esotericsoftware.kryo.io.ByteBufferOutputStream.write([BII)V @ 22
Event: 84.455 Thread 0x00007fec6c7c1800 Uncommon trap: reason=class_check action=maybe_recompile pc=0x00007fece54c4f60 method=com.esotericsoftware.kryo.io.ByteBufferOutputStream.write([BII)V @ 22
Event: 84.470 Thread 0x00007fecf43ec800 Uncommon trap: reason=unreached action=reinterpret pc=0x00007fece565f450 method=entity.Squad.draw(Lcom/badlogic/gdx/graphics/g2d/SpriteBatch;Lcom/mygdx/game/Camera;Z)V @ 66
Event: 84.471 Thread 0x00007fecf43ec800 Uncommon trap: reason=null_check action=make_not_entrant pc=0x00007fece5579738 method=com.badlogic.gdx.utils.ObjectIntMap.get(Ljava/lang/Object;I)I @ 42
Event: 84.471 Thread 0x00007fecf43ec800 Uncommon trap: reason=null_check action=make_not_entrant pc=0x00007fece55777f8 method=com.badlogic.gdx.utils.ObjectIntMap.get(Ljava/lang/Object;I)I @ 42

Internal exceptions (10 events):
Event: 58.259 Thread 0x00007fecf43ec800 Implicit null exception at 0x00007fece532c54c to 0x00007fece532c965
Event: 60.480 Thread 0x00007fec6c00b800 Implicit null exception at 0x00007fece539d8cf to 0x00007fece539d931
Event: 62.895 Thread 0x00007fec6c7bb000 Exception <a 'java/security/PrivilegedActionException'> (0x00000000d6bcece8) thrown at [/build/java8-openjdk/src/jdk8u-jdk8u25-b18/hotspot/src/share/vm/prims/jvm.cpp, line 1312]
Event: 62.895 Thread 0x00007fec6c7bb000 Exception <a 'java/security/PrivilegedActionException'> (0x00000000d6bd3930) thrown at [/build/java8-openjdk/src/jdk8u-jdk8u25-b18/hotspot/src/share/vm/prims/jvm.cpp, line 1312]
Event: 70.743 Thread 0x00007fecf43ec800 Exception <a 'java/security/PrivilegedActionException'> (0x00000000d6fa3328) thrown at [/build/java8-openjdk/src/jdk8u-jdk8u25-b18/hotspot/src/share/vm/prims/jvm.cpp, line 1312]
Event: 70.744 Thread 0x00007fecf43ec800 Exception <a 'java/security/PrivilegedActionException'> (0x00000000d6fa9bd0) thrown at [/build/java8-openjdk/src/jdk8u-jdk8u25-b18/hotspot/src/share/vm/prims/jvm.cpp, line 1312]
Event: 84.471 Thread 0x00007fecf43ec800 Implicit null exception at 0x00007fece557900e to 0x00007fece5579725
Event: 84.471 Thread 0x00007fecf43ec800 Implicit null exception at 0x00007fece5577125 to 0x00007fece55777d9
Event: 98.400 Thread 0x00007fecf43ec800 Exception <a 'java/security/PrivilegedActionException'> (0x00000000d78489c0) thrown at [/build/java8-openjdk/src/jdk8u-jdk8u25-b18/hotspot/src/share/vm/prims/jvm.cpp, line 1312]
Event: 98.400 Thread 0x00007fec68002000 Exception <a 'java/security/PrivilegedActionException'> (0x00000000d7887410) thrown at [/build/java8-openjdk/src/jdk8u-jdk8u25-b18/hotspot/src/share/vm/prims/jvm.cpp, line 1312]

Events (10 events):
Event: 98.428 Executing VM operation: RevokeBias done
Event: 98.428 Executing VM operation: RevokeBias
Event: 98.428 Executing VM operation: RevokeBias done
Event: 98.428 Executing VM operation: RevokeBias
Event: 98.428 Executing VM operation: RevokeBias done
Event: 98.428 Executing VM operation: RevokeBias
Event: 98.428 Executing VM operation: RevokeBias done
Event: 98.429 Thread 0x00007fec68002000 Thread exited: 0x00007fec68002000
Event: 98.429 Thread 0x00007fec68004000 Thread exited: 0x00007fec68004000
Event: 98.429 Executing VM operation: Exit


Dynamic libraries:
00400000-00401000 r-xp 00000000 08:01 808857                             /usr/lib/jvm/java-8-openjdk/jre/bin/java
00600000-00601000 rw-p 00000000 08:01 808857                             /usr/lib/jvm/java-8-openjdk/jre/bin/java
013cd000-013ee000 rw-p 00000000 00:00 0                                  [heap]
83e00000-89200000 rw-p 00000000 00:00 0 
89200000-d6a00000 ---p 00000000 00:00 0 
d6a00000-d9400000 rw-p 00000000 00:00 0 
d9400000-100000000 ---p 00000000 00:00 0 
100000000-100140000 rw-p 00000000 00:00 0 
100140000-140000000 ---p 00000000 00:00 0 
7fec5c000000-7fec5c021000 rw-p 00000000 00:00 0 
7fec5c021000-7fec60000000 ---p 00000000 00:00 0 
7fec60000000-7fec60021000 rw-p 00000000 00:00 0 
7fec60021000-7fec64000000 ---p 00000000 00:00 0 
7fec64000000-7fec64021000 rw-p 00000000 00:00 0 
7fec64021000-7fec68000000 ---p 00000000 00:00 0 
7fec68000000-7fec68021000 rw-p 00000000 00:00 0 
7fec68021000-7fec6c000000 ---p 00000000 00:00 0 
7fec6c000000-7fec6d515000 rw-p 00000000 00:00 0 
7fec6d515000-7fec70000000 ---p 00000000 00:00 0 
7fec70000000-7fec70021000 rw-p 00000000 00:00 0 
7fec70021000-7fec74000000 ---p 00000000 00:00 0 
7fec74000000-7fec74021000 rw-p 00000000 00:00 0 
7fec74021000-7fec78000000 ---p 00000000 00:00 0 
7fec7886e000-7fec78871000 ---p 00000000 00:00 0 
7fec78871000-7fec78a6f000 rw-p 00000000 00:00 0 
7fec78a6f000-7fec78b6f000 ---p 00000000 00:00 0 
7fec78b6f000-7fec78b80000 r-xp 00000000 08:01 808671                     /usr/lib/jvm/java-8-openjdk/jre/lib/amd64/libnio.so
7fec78b80000-7fec78d7f000 ---p 00011000 08:01 808671                     /usr/lib/jvm/java-8-openjdk/jre/lib/amd64/libnio.so
7fec78d7f000-7fec78d80000 rw-p 00010000 08:01 808671                     /usr/lib/jvm/java-8-openjdk/jre/lib/amd64/libnio.so
7fec78d80000-7fec78d96000 r-xp 00000000 08:01 808661                     /usr/lib/jvm/java-8-openjdk/jre/lib/amd64/libnet.so
7fec78d96000-7fec78f96000 ---p 00016000 08:01 808661                     /usr/lib/jvm/java-8-openjdk/jre/lib/amd64/libnet.so
7fec78f96000-7fec78f97000 rw-p 00016000 08:01 808661                     /usr/lib/jvm/java-8-openjdk/jre/lib/amd64/libnet.so
7fec78f97000-7fec79397000 rw-s 1e9c21000 00:05 7608                      /dev/nvidiactl
7fec79397000-7fec7ad80000 r-xp 00000000 08:01 687867                     /usr/lib/libnvidia-glcore.so.343.36
7fec7ad80000-7fec7ad9e000 rwxp 019e9000 08:01 687867                     /usr/lib/libnvidia-glcore.so.343.36
7fec7ad9e000-7fec7b22c000 r-xp 01a07000 08:01 687867                     /usr/lib/libnvidia-glcore.so.343.36
7fec7b22c000-7fec7b42b000 ---p 01e95000 08:01 687867                     /usr/lib/libnvidia-glcore.so.343.36
7fec7b42b000-7fec7bfe2000 rw-p 01e94000 08:01 687867                     /usr/lib/libnvidia-glcore.so.343.36
7fec7bfe2000-7fec7bfff000 rw-p 00000000 00:00 0 
7fec7bfff000-7fec80000000 rw-s 00000000 00:11 326999                     /dev/shm/pulse-shm-4278527838
7fec80000000-7fec80021000 rw-p 00000000 00:00 0 
7fec80021000-7fec84000000 ---p 00000000 00:00 0 
7fec84000000-7fec84021000 rw-p 00000000 00:00 0 
7fec84021000-7fec88000000 ---p 00000000 00:00 0 
7fec88000000-7fec88021000 rw-p 00000000 00:00 0 
7fec88021000-7fec8c000000 ---p 00000000 00:00 0 
7fec8c000000-7fec8c021000 rw-p 00000000 00:00 0 
7fec8c021000-7fec90000000 ---p 00000000 00:00 0 
7fec90000000-7fec9034e000 rw-p 00000000 00:00 0 
7fec9034e000-7fec94000000 ---p 00000000 00:00 0 
7fec94000000-7fec94021000 rw-p 00000000 00:00 0 
7fec94021000-7fec98000000 ---p 00000000 00:00 0 
7fec98000000-7fec98259000 rw-p 00000000 00:00 0 
7fec98259000-7fec9c000000 ---p 00000000 00:00 0 
7fec9c000000-7fec9d674000 rw-p 00000000 00:00 0 
7fec9d674000-7feca0000000 ---p 00000000 00:00 0 
7feca0000000-7feca0021000 rw-p 00000000 00:00 0 
7feca0021000-7feca4000000 ---p 00000000 00:00 0 
7feca4000000-7feca46fe000 rw-p 00000000 00:00 0 
7feca46fe000-7feca8000000 ---p 00000000 00:00 0 
7feca8000000-7feca8021000 rw-p 00000000 00:00 0 
7feca8021000-7fecac000000 ---p 00000000 00:00 0 
7fecac000000-7fecac021000 rw-p 00000000 00:00 0 
7fecac021000-7fecb0000000 ---p 00000000 00:00 0 
7fecb0000000-7fecb0021000 rw-p 00000000 00:00 0 
7fecb0021000-7fecb4000000 ---p 00000000 00:00 0 
7fecb4000000-7fecb4021000 rw-p 00000000 00:00 0 
7fecb4021000-7fecb8000000 ---p 00000000 00:00 0 
7fecb8000000-7fecb8021000 rw-p 00000000 00:00 0 
7fecb8021000-7fecbc000000 ---p 00000000 00:00 0 
7fecbc0e4000-7fecbc0e7000 ---p 00000000 00:00 0 
7fecbc0e7000-7fecbc1e5000 rw-p 00000000 00:00 0                          [stack:25092]
7fecbc1e5000-7fecbc5e5000 rw-s 8143b000 00:05 7608                       /dev/nvidiactl
7fecbc7e5000-7fecbcbe5000 rw-s 816ca000 00:05 7608                       /dev/nvidiactl
7fecbcfe6000-7fecbd3e6000 rw-s 1d8922000 00:05 7608                      /dev/nvidiactl
7fecbd3e6000-7fecbd5e6000 rw-s 81775000 00:05 7608                       /dev/nvidiactl
7fecbd8e6000-7fecbd8e9000 ---p 00000000 00:00 0 
7fecbd8e9000-7fecbd9e7000 rw-p 00000000 00:00 0 
7fecbd9e7000-7fecbd9ea000 ---p 00000000 00:00 0 
7fecbd9ea000-7fecbdae8000 rw-p 00000000 00:00 0                          [stack:25091]
7fecbdae8000-7fecbdce8000 rw-p 00000000 00:00 0 
7fecbdce8000-7fecbdd68000 rw-s 72e26000 00:05 7608                       /dev/nvidiactl
7fecbdf88000-7fecbe04c000 rw-s 241f5d000 00:05 7608                      /dev/nvidiactl
7fecbe04c000-7fecbe04f000 r-xp 00000000 08:01 687875                     /usr/lib/libnvidia-tls.so.343.36
7fecbe04f000-7fecbe24e000 ---p 00003000 08:01 687875                     /usr/lib/libnvidia-tls.so.343.36
7fecbe24e000-7fecbe24f000 rw-p 00002000 08:01 687875                     /usr/lib/libnvidia-tls.so.343.36
7fecbe24f000-7fecbe317000 r-xp 00000000 08:01 687908                     /usr/lib/nvidia/libGL.so.343.36
7fecbe317000-7fecbe346000 rwxp 000c8000 08:01 687908                     /usr/lib/nvidia/libGL.so.343.36
7fecbe346000-7fecbe362000 r-xp 000f7000 08:01 687908                     /usr/lib/nvidia/libGL.so.343.36
7fecbe362000-7fecbe562000 ---p 00113000 08:01 687908                     /usr/lib/nvidia/libGL.so.343.36
7fecbe562000-7fecbe586000 rw-p 00113000 08:01 687908                     /usr/lib/nvidia/libGL.so.343.36
7fecbe586000-7fecbe59d000 rw-p 00000000 00:00 0 
7fecbe59d000-7fecbe5a0000 ---p 00000000 00:00 0 
7fecbe5a0000-7fecbe69e000 rw-p 00000000 00:00 0                          [stack:19807]
7fecbe69e000-7fecbe69f000 ---p 00000000 00:00 0 
7fecbe69f000-7fecbe79f000 rw-p 00000000 00:00 0                          [stack:19806]
7fecbe79f000-7fecbe7a0000 ---p 00000000 00:00 0 
7fecbe7a0000-7fecbefa0000 rw-p 00000000 00:00 0                          [stack:19805]
7fecbefa0000-7fecbefb4000 r-xp 00000000 08:01 658557                     /usr/lib/libresolv-2.20.so
7fecbefb4000-7fecbf1b3000 ---p 00014000 08:01 658557                     /usr/lib/libresolv-2.20.so
7fecbf1b3000-7fecbf1b4000 r--p 00013000 08:01 658557                     /usr/lib/libresolv-2.20.so
7fecbf1b4000-7fecbf1b5000 rw-p 00014000 08:01 658557                     /usr/lib/libresolv-2.20.so
7fecbf1b5000-7fecbf1b7000 rw-p 00000000 00:00 0 
7fecbf1b7000-7fecbf1cc000 r-xp 00000000 08:01 658546                     /usr/lib/libnsl-2.20.so
7fecbf1cc000-7fecbf3cb000 ---p 00015000 08:01 658546                     /usr/lib/libnsl-2.20.so
7fecbf3cb000-7fecbf3cc000 r--p 00014000 08:01 658546                     /usr/lib/libnsl-2.20.so
7fecbf3cc000-7fecbf3cd000 rw-p 00015000 08:01 658546                     /usr/lib/libnsl-2.20.so
7fecbf3cd000-7fecbf3cf000 rw-p 00000000 00:00 0 
7fecbf3cf000-7fecbf3d5000 r-xp 00000000 08:01 689792                     /usr/lib/libogg.so.0.8.2
7fecbf3d5000-7fecbf5d4000 ---p 00006000 08:01 689792                     /usr/lib/libogg.so.0.8.2
7fecbf5d4000-7fecbf5d5000 r--p 00005000 08:01 689792                     /usr/lib/libogg.so.0.8.2
7fecbf5d5000-7fecbf5d6000 rw-p 00006000 08:01 689792                     /usr/lib/libogg.so.0.8.2
7fecbf5d6000-7fecbf602000 r-xp 00000000 08:01 689800                     /usr/lib/libvorbis.so.0.4.7
7fecbf602000-7fecbf801000 ---p 0002c000 08:01 689800                     /usr/lib/libvorbis.so.0.4.7
7fecbf801000-7fecbf802000 r--p 0002b000 08:01 689800                     /usr/lib/libvorbis.so.0.4.7
7fecbf802000-7fecbf803000 rw-p 0002c000 08:01 689800                     /usr/lib/libvorbis.so.0.4.7
7fecbf803000-7fecbf890000 r-xp 00000000 08:01 689802                     /usr/lib/libvorbisenc.so.2.0.10
7fecbf890000-7fecbfa8f000 ---p 0008d000 08:01 689802                     /usr/lib/libvorbisenc.so.2.0.10
7fecbfa8f000-7fecbfaab000 r--p 0008c000 08:01 689802                     /usr/lib/libvorbisenc.so.2.0.10
7fecbfaab000-7fecbfaac000 rw-p 000a8000 08:01 689802                     /usr/lib/libvorbisenc.so.2.0.10
7fecbfaac000-7fecbfb1e000 r-xp 00000000 08:01 689880                     /usr/lib/libFLAC.so.8.3.0
7fecbfb1e000-7fecbfd1d000 ---p 00072000 08:01 689880                     /usr/lib/libFLAC.so.8.3.0
7fecbfd1d000-7fecbfd1e000 r--p 00071000 08:01 689880                     /usr/lib/libFLAC.so.8.3.0
7fecbfd1e000-7fecbfd1f000 rw-p 00072000 08:01 689880                     /usr/lib/libFLAC.so.8.3.0
7fecbfd1f000-7fecbfdf6000 r-xp 00000000 08:01 666774                     /usr/lib/libgcrypt.so.20.0.2
7fecbfdf6000-7fecbfff6000 ---p 000d7000 08:01 666774                     /usr/lib/libgcrypt.so.20.0.2
7fecbfff6000-7fecbfff7000 r--p 000d7000 08:01 666774                     /usr/lib/libgcrypt.so.20.0.2
7fecbfff7000-7fecc0000000 rw-p 000d8000 08:01 666774                     /usr/lib/libgcrypt.so.20.0.2
7fecc0000000-7fecc0021000 rw-p 00000000 00:00 0 
7fecc0021000-7fecc4000000 ---p 00000000 00:00 0 
7fecc4003000-7fecc401f000 r--s 00393000 08:01 131908                     /usr/lib/jvm/java-8-openjdk/jre/lib/ext/cldrdata.jar
7fecc40bf000-7fecc40d0000 r-xp 00000000 08:01 666762                     /usr/lib/libgpg-error.so.0.13.0
7fecc40d0000-7fecc42cf000 ---p 00011000 08:01 666762                     /usr/lib/libgpg-error.so.0.13.0
7fecc42cf000-7fecc42d0000 r--p 00010000 08:01 666762                     /usr/lib/libgpg-error.so.0.13.0
7fecc42d0000-7fecc42d1000 rw-p 00011000 08:01 666762                     /usr/lib/libgpg-error.so.0.13.0
7fecc42d1000-7fecc42db000 r-xp 00000000 08:01 667025                     /usr/lib/liblz4.so.1.4.0
7fecc42db000-7fecc44da000 ---p 0000a000 08:01 667025                     /usr/lib/liblz4.so.1.4.0
7fecc44da000-7fecc44db000 r--p 00009000 08:01 667025                     /usr/lib/liblz4.so.1.4.0
7fecc44db000-7fecc44dc000 rw-p 0000a000 08:01 667025                     /usr/lib/liblz4.so.1.4.0
7fecc44dc000-7fecc44fe000 r-xp 00000000 08:01 666663                     /usr/lib/liblzma.so.5.0.7
7fecc44fe000-7fecc46fd000 ---p 00022000 08:01 666663                     /usr/lib/liblzma.so.5.0.7
7fecc46fd000-7fecc46fe000 r--p 00021000 08:01 666663                     /usr/lib/liblzma.so.5.0.7
7fecc46fe000-7fecc46ff000 rw-p 00022000 08:01 666663                     /usr/lib/liblzma.so.5.0.7
7fecc46ff000-7fecc4704000 r-xp 00000000 08:01 689850                     /usr/lib/libasyncns.so.0.3.1
7fecc4704000-7fecc4903000 ---p 00005000 08:01 689850                     /usr/lib/libasyncns.so.0.3.1
7fecc4903000-7fecc4904000 r--p 00004000 08:01 689850                     /usr/lib/libasyncns.so.0.3.1
7fecc4904000-7fecc4905000 rw-p 00005000 08:01 689850                     /usr/lib/libasyncns.so.0.3.1
7fecc4905000-7fecc4966000 r-xp 00000000 08:01 689905                     /usr/lib/libsndfile.so.1.0.25
7fecc4966000-7fecc4b66000 ---p 00061000 08:01 689905                     /usr/lib/libsndfile.so.1.0.25
7fecc4b66000-7fecc4b68000 r--p 00061000 08:01 689905                     /usr/lib/libsndfile.so.1.0.25
7fecc4b68000-7fecc4b69000 rw-p 00063000 08:01 689905                     /usr/lib/libsndfile.so.1.0.25
7fecc4b69000-7fecc4b6d000 rw-p 00000000 00:00 0 
7fecc4b6d000-7fecc4bb4000 r-xp 00000000 08:01 666312                     /usr/lib/libdbus-1.so.3.8.9
7fecc4bb4000-7fecc4db4000 ---p 00047000 08:01 666312                     /usr/lib/libdbus-1.so.3.8.9
7fecc4db4000-7fecc4db5000 r--p 00047000 08:01 666312                     /usr/lib/libdbus-1.so.3.8.9
7fecc4db5000-7fecc4db6000 rw-p 00048000 08:01 666312                     /usr/lib/libdbus-1.so.3.8.9
7fecc4db6000-7fecc4e27000 r-xp 00000000 08:01 689982                     /usr/lib/pulseaudio/libpulsecommon-5.0.so
7fecc4e27000-7fecc5027000 ---p 00071000 08:01 689982                     /usr/lib/pulseaudio/libpulsecommon-5.0.so
7fecc5027000-7fecc5028000 r--p 00071000 08:01 689982                     /usr/lib/pulseaudio/libpulsecommon-5.0.so
7fecc5028000-7fecc502a000 rw-p 00072000 08:01 689982                     /usr/lib/pulseaudio/libpulsecommon-5.0.so
7fecc502a000-7fecc5034000 r-xp 00000000 08:01 689925                     /usr/lib/libjson-c.so.2.0.1
7fecc5034000-7fecc5233000 ---p 0000a000 08:01 689925                     /usr/lib/libjson-c.so.2.0.1
7fecc5233000-7fecc5234000 r--p 00009000 08:01 689925                     /usr/lib/libjson-c.so.2.0.1
7fecc5234000-7fecc5235000 rw-p 0000a000 08:01 689925                     /usr/lib/libjson-c.so.2.0.1
7fecc5235000-7fecc527f000 r-xp 00000000 08:01 689975                     /usr/lib/libpulse.so.0.17.3
7fecc527f000-7fecc547e000 ---p 0004a000 08:01 689975                     /usr/lib/libpulse.so.0.17.3
7fecc547e000-7fecc547f000 r--p 00049000 08:01 689975                     /usr/lib/libpulse.so.0.17.3
7fecc547f000-7fecc5480000 rw-p 0004a000 08:01 689975                     /usr/lib/libpulse.so.0.17.3
7fecc5480000-7fecc54d5000 r-xp 00000000 00:1f 147522                     /tmp/libgdximalerich/7b43be9b/libopenal64.so
7fecc54d5000-7fecc56d4000 ---p 00055000 00:1f 147522                     /tmp/libgdximalerich/7b43be9b/libopenal64.so
7fecc56d4000-7fecc56d7000 r--p 00054000 00:1f 147522                     /tmp/libgdximalerich/7b43be9b/libopenal64.so
7fecc56d7000-7fecc56d8000 rw-p 00057000 00:1f 147522                     /tmp/libgdximalerich/7b43be9b/libopenal64.so
7fecc56d8000-7fecc56d9000 rw-p 00000000 00:00 0 
7fecc56d9000-7fecc56de000 r-xp 00000000 08:01 681418                     /usr/lib/libXxf86vm.so.1.0.0
7fecc56de000-7fecc58dd000 ---p 00005000 08:01 681418                     /usr/lib/libXxf86vm.so.1.0.0
7fecc58dd000-7fecc58de000 r--p 00004000 08:01 681418                     /usr/lib/libXxf86vm.so.1.0.0
7fecc58de000-7fecc58df000 rw-p 00005000 08:01 681418                     /usr/lib/libXxf86vm.so.1.0.0
7fecc58df000-7fecc58e8000 r-xp 00000000 08:01 682129                     /usr/lib/libXrandr.so.2.2.0
7fecc58e8000-7fecc5ae7000 ---p 00009000 08:01 682129                     /usr/lib/libXrandr.so.2.2.0
7fecc5ae7000-7fecc5ae8000 r--p 00008000 08:01 682129                     /usr/lib/libXrandr.so.2.2.0
7fecc5ae8000-7fecc5ae9000 rw-p 00009000 08:01 682129                     /usr/lib/libXrandr.so.2.2.0
7fecc5ae9000-7fecc5b55000 r-xp 00000000 00:1f 147517                     /tmp/libgdximalerich/7b43be9b/liblwjgl64.so
7fecc5b55000-7fecc5d54000 ---p 0006c000 00:1f 147517                     /tmp/libgdximalerich/7b43be9b/liblwjgl64.so
7fecc5d54000-7fecc5d56000 r--p 0006b000 00:1f 147517                     /tmp/libgdximalerich/7b43be9b/liblwjgl64.so
7fecc5d56000-7fecc5d57000 rw-p 0006d000 00:1f 147517                     /tmp/libgdximalerich/7b43be9b/liblwjgl64.so
7fecc5d57000-7fecc5d58000 r-xp 00000000 08:01 808675                     /usr/lib/jvm/java-8-openjdk/jre/lib/amd64/libjawt.so
7fecc5d58000-7fecc5f57000 ---p 00001000 08:01 808675                     /usr/lib/jvm/java-8-openjdk/jre/lib/amd64/libjawt.so
7fecc5f57000-7fecc5f58000 rw-p 00000000 08:01 808675                     /usr/lib/jvm/java-8-openjdk/jre/lib/amd64/libjawt.so
7fecc5f58000-7fecc5f5b000 ---p 00000000 00:00 0 
7fecc5f5b000-7fecc6059000 rw-p 00000000 00:00 0                          [stack:19799]
7fecc6059000-7fecc605e000 r-xp 00000000 08:01 681427                     /usr/lib/libXfixes.so.3.1.0
7fecc605e000-7fecc625d000 ---p 00005000 08:01 681427                     /usr/lib/libXfixes.so.3.1.0
7fecc625d000-7fecc625e000 r--p 00004000 08:01 681427                     /usr/lib/libXfixes.so.3.1.0
7fecc625e000-7fecc625f000 rw-p 00005000 08:01 681427                     /usr/lib/libXfixes.so.3.1.0
7fecc625f000-7fecc6269000 r-xp 00000000 08:01 682213                     /usr/lib/libXcursor.so.1.0.2
7fecc6269000-7fecc6468000 ---p 0000a000 08:01 682213                     /usr/lib/libXcursor.so.1.0.2
7fecc6468000-7fecc6469000 r--p 00009000 08:01 682213                     /usr/lib/libXcursor.so.1.0.2
7fecc6469000-7fecc646a000 rw-p 0000a000 08:01 682213                     /usr/lib/libXcursor.so.1.0.2
7fecc646a000-7fecc64d8000 r-xp 00000000 08:01 666348                     /usr/lib/libpcre.so.1.2.4
7fecc64d8000-7fecc66d7000 ---p 0006e000 08:01 666348                     /usr/lib/libpcre.so.1.2.4
7fecc66d7000-7fecc66d8000 r--p 0006d000 08:01 666348                     /usr/lib/libpcre.so.1.2.4
7fecc66d8000-7fecc66d9000 rw-p 0006e000 08:01 666348                     /usr/lib/libpcre.so.1.2.4
7fecc66d9000-7fecc66f5000 r-xp 00000000 08:01 676943                     /usr/lib/libgraphite2.so.3.0.1
7fecc66f5000-7fecc68f4000 ---p 0001c000 08:01 676943                     /usr/lib/libgraphite2.so.3.0.1
7fecc68f4000-7fecc68f6000 r--p 0001b000 08:01 676943                     /usr/lib/libgraphite2.so.3.0.1
7fecc68f6000-7fecc68f7000 rw-p 0001d000 08:01 676943                     /usr/lib/libgraphite2.so.3.0.1
7fecc68f7000-7fecc6a03000 r-xp 00000000 08:01 666564                     /usr/lib/libglib-2.0.so.0.4200.1
7fecc6a03000-7fecc6c02000 ---p 0010c000 08:01 666564                     /usr/lib/libglib-2.0.so.0.4200.1
7fecc6c02000-7fecc6c03000 r--p 0010b000 08:01 666564                     /usr/lib/libglib-2.0.so.0.4200.1
7fecc6c03000-7fecc6c04000 rw-p 0010c000 08:01 666564                     /usr/lib/libglib-2.0.so.0.4200.1
7fecc6c04000-7fecc6c05000 rw-p 00000000 00:00 0 
7fecc6c05000-7fecc6c5b000 r-xp 00000000 08:01 676955                     /usr/lib/libharfbuzz.so.0.936.0
7fecc6c5b000-7fecc6e5a000 ---p 00056000 08:01 676955                     /usr/lib/libharfbuzz.so.0.936.0
7fecc6e5a000-7fecc6e5c000 r--p 00055000 08:01 676955                     /usr/lib/libharfbuzz.so.0.936.0
7fecc6e5c000-7fecc6e5d000 rw-p 00057000 08:01 676955                     /usr/lib/libharfbuzz.so.0.936.0
7fecc6e5d000-7fecc6e92000 r-xp 00000000 08:01 676920                     /usr/lib/libpng16.so.16.15.0
7fecc6e92000-7fecc7091000 ---p 00035000 08:01 676920                     /usr/lib/libpng16.so.16.15.0
7fecc7091000-7fecc7092000 r--p 00034000 08:01 676920                     /usr/lib/libpng16.so.16.15.0
7fecc7092000-7fecc7093000 rw-p 00035000 08:01 676920                     /usr/lib/libpng16.so.16.15.0
7fecc7093000-7fecc70a2000 r-xp 00000000 08:01 661599                     /usr/lib/libbz2.so.1.0.6
7fecc70a2000-7fecc72a1000 ---p 0000f000 08:01 661599                     /usr/lib/libbz2.so.1.0.6
7fecc72a1000-7fecc72a3000 rw-p 0000e000 08:01 661599                     /usr/lib/libbz2.so.1.0.6
7fecc72a3000-7fecc7346000 r-xp 00000000 08:01 676961                     /usr/lib/libfreetype.so.6.11.2
7fecc7346000-7fecc7545000 ---p 000a3000 08:01 676961                     /usr/lib/libfreetype.so.6.11.2
7fecc7545000-7fecc754b000 r--p 000a2000 08:01 676961                     /usr/lib/libfreetype.so.6.11.2
7fecc754b000-7fecc754c000 rw-p 000a8000 08:01 676961                     /usr/lib/libfreetype.so.6.11.2
7fecc754c000-7fecc75ad000 r-xp 00000000 08:01 808676                     /usr/lib/jvm/java-8-openjdk/jre/lib/amd64/libfontmanager.so
7fecc75ad000-7fecc77ac000 ---p 00061000 08:01 808676                     /usr/lib/jvm/java-8-openjdk/jre/lib/amd64/libfontmanager.so
7fecc77ac000-7fecc77b0000 rw-p 00060000 08:01 808676                     /usr/lib/jvm/java-8-openjdk/jre/lib/amd64/libfontmanager.so
7fecc77b0000-7fecc77c3000 rw-p 00000000 00:00 0 
7fecc77c3000-7fecc77c8000 r-xp 00000000 08:01 676913                     /usr/lib/libXdmcp.so.6.0.0
7fecc77c8000-7fecc79c7000 ---p 00005000 08:01 676913                     /usr/lib/libXdmcp.so.6.0.0
7fecc79c7000-7fecc79c8000 r--p 00004000 08:01 676913                     /usr/lib/libXdmcp.so.6.0.0
7fecc79c8000-7fecc79c9000 rw-p 00005000 08:01 676913                     /usr/lib/libXdmcp.so.6.0.0
7fecc79c9000-7fecc79cb000 r-xp 00000000 08:01 677039                     /usr/lib/libXau.so.6.0.0
7fecc79cb000-7fecc7bcb000 ---p 00002000 08:01 677039                     /usr/lib/libXau.so.6.0.0
7fecc7bcb000-7fecc7bcc000 r--p 00002000 08:01 677039                     /usr/lib/libXau.so.6.0.0
7fecc7bcc000-7fecc7bcd000 rw-p 00003000 08:01 677039                     /usr/lib/libXau.so.6.0.0
7fecc7bcd000-7fecc7bee000 r-xp 00000000 08:01 679432                     /usr/lib/libxcb.so.1.1.0
7fecc7bee000-7fecc7ded000 ---p 00021000 08:01 679432                     /usr/lib/libxcb.so.1.1.0
7fecc7ded000-7fecc7dee000 r--p 00020000 08:01 679432                     /usr/lib/libxcb.so.1.1.0
7fecc7dee000-7fecc7def000 rw-p 00021000 08:01 679432                     /usr/lib/libxcb.so.1.1.0
7fecc7def000-7fecc7dfe000 r-xp 00000000 08:01 682112                     /usr/lib/libXi.so.6.1.0
7fecc7dfe000-7fecc7ffe000 ---p 0000f000 08:01 682112                     /usr/lib/libXi.so.6.1.0
7fecc7ffe000-7fecc7fff000 r--p 0000f000 08:01 682112                     /usr/lib/libXi.so.6.1.0
7fecc7fff000-7fecc8000000 rw-p 00010000 08:01 682112                     /usr/lib/libXi.so.6.1.0
7fecc8000000-7fecc8021000 rw-p 00000000 00:00 0 
7fecc8021000-7feccc000000 ---p 00000000 00:00 0 
7feccc003000-7feccc006000 ---p 00000000 00:00 0 
7feccc006000-7feccc03c000 rw-p 00000000 00:00 0                          [stack:31516]
7feccc03c000-7feccc054000 r-xp 00000000 08:01 666794                     /usr/lib/libsystemd-journal.so.0.11.5
7feccc054000-7feccc055000 ---p 00018000 08:01 666794                     /usr/lib/libsystemd-journal.so.0.11.5
7feccc055000-7feccc056000 r--p 00018000 08:01 666794                     /usr/lib/libsystemd-journal.so.0.11.5
7feccc056000-7feccc057000 rw-p 00019000 08:01 666794                     /usr/lib/libsystemd-journal.so.0.11.5
7feccc057000-7feccc05a000 ---p 00000000 00:00 0 
7feccc05a000-7feccc158000 rw-p 00000000 00:00 0                          [stack:19798]
7feccc158000-7feccc15d000 r-xp 00000000 08:01 682265                     /usr/lib/libXtst.so.6.1.0
7feccc15d000-7feccc35c000 ---p 00005000 08:01 682265                     /usr/lib/libXtst.so.6.1.0
7feccc35c000-7feccc35d000 r--p 00004000 08:01 682265                     /usr/lib/libXtst.so.6.1.0
7feccc35d000-7feccc35e000 rw-p 00005000 08:01 682265                     /usr/lib/libXtst.so.6.1.0
7feccc35e000-7feccc367000 r-xp 00000000 08:01 682122                     /usr/lib/libXrender.so.1.3.0
7feccc367000-7feccc566000 ---p 00009000 08:01 682122                     /usr/lib/libXrender.so.1.3.0
7feccc566000-7feccc567000 r--p 00008000 08:01 682122                     /usr/lib/libXrender.so.1.3.0
7feccc567000-7feccc568000 rw-p 00009000 08:01 682122                     /usr/lib/libXrender.so.1.3.0
7feccc568000-7feccc6a3000 r-xp 00000000 08:01 680349                     /usr/lib/libX11.so.6.3.0
7feccc6a3000-7feccc8a2000 ---p 0013b000 08:01 680349                     /usr/lib/libX11.so.6.3.0
7feccc8a2000-7feccc8a4000 r--p 0013a000 08:01 680349                     /usr/lib/libX11.so.6.3.0
7feccc8a4000-7feccc8a9000 rw-p 0013c000 08:01 680349                     /usr/lib/libX11.so.6.3.0
7feccc8a9000-7feccc8aa000 rw-p 00000000 00:00 0 
7feccc8aa000-7feccc8bb000 r-xp 00000000 08:01 681387                     /usr/lib/libXext.so.6.4.0
7feccc8bb000-7fecccaba000 ---p 00011000 08:01 681387                     /usr/lib/libXext.so.6.4.0
7fecccaba000-7fecccabb000 r--p 00010000 08:01 681387                     /usr/lib/libXext.so.6.4.0
7fecccabb000-7fecccabc000 rw-p 00011000 08:01 681387                     /usr/lib/libXext.so.6.4.0
7fecccac3000-7fecccacd000 r--s 00116000 08:01 131907                     /usr/lib/jvm/java-8-openjdk/jre/lib/ext/localedata.jar
7fecccaed000-7fecccb41000 r-xp 00000000 08:01 808674                     /usr/lib/jvm/java-8-openjdk/jre/lib/amd64/libawt_xawt.so
7fecccb41000-7fecccd40000 ---p 00054000 08:01 808674                     /usr/lib/jvm/java-8-openjdk/jre/lib/amd64/libawt_xawt.so
7fecccd40000-7fecccd43000 rw-p 00053000 08:01 808674                     /usr/lib/jvm/java-8-openjdk/jre/lib/amd64/libawt_xawt.so
7fecccd43000-7fecccd45000 rw-p 00000000 00:00 0 
7fecccd45000-7fecccde5000 r-xp 00000000 08:01 808669                     /usr/lib/jvm/java-8-openjdk/jre/lib/amd64/libawt.so
7fecccde5000-7fecccfe5000 ---p 000a0000 08:01 808669                     /usr/lib/jvm/java-8-openjdk/jre/lib/amd64/libawt.so
7fecccfe5000-7fecccff1000 rw-p 000a0000 08:01 808669                     /usr/lib/jvm/java-8-openjdk/jre/lib/amd64/libawt.so
7fecccff1000-7feccd015000 rw-p 00000000 00:00 0 
7feccd015000-7feccd02b000 r-xp 00000000 08:01 705807                     /usr/lib/libgcc_s.so.1
7feccd02b000-7feccd22a000 ---p 00016000 08:01 705807                     /usr/lib/libgcc_s.so.1
7feccd22a000-7feccd22b000 rw-p 00015000 08:01 705807                     /usr/lib/libgcc_s.so.1
7feccd22b000-7feccd31b000 r-xp 00000000 08:01 705836                     /usr/lib/libstdc++.so.6.0.20
7feccd31b000-7feccd51b000 ---p 000f0000 08:01 705836                     /usr/lib/libstdc++.so.6.0.20
7feccd51b000-7feccd523000 r--p 000f0000 08:01 705836                     /usr/lib/libstdc++.so.6.0.20
7feccd523000-7feccd525000 rw-p 000f8000 08:01 705836                     /usr/lib/libstdc++.so.6.0.20
7feccd525000-7feccd53a000 rw-p 00000000 00:00 0 
7feccd53c000-7feccd53e000 rw-p 00000000 00:00 0 
7feccd553000-7feccd554000 rw-s c2060000 00:05 7609                       /dev/nvidia0
7feccd554000-7feccd567000 r--s 00345000 08:01 808618                     /usr/lib/jvm/java-8-openjdk/jre/lib/resources.jar
7feccd567000-7feccd56b000 r--s 00093000 08:01 808619                     /usr/lib/jvm/java-8-openjdk/jre/lib/jsse.jar
7feccd56b000-7feccd5a8000 r-xp 00000000 00:1f 144014                     /tmp/libgdximalerich/5502b6ed/libgdx64.so
7feccd5a8000-7feccd7a7000 ---p 0003d000 00:1f 144014                     /tmp/libgdximalerich/5502b6ed/libgdx64.so
7feccd7a7000-7feccd7a8000 r--p 0003c000 00:1f 144014                     /tmp/libgdximalerich/5502b6ed/libgdx64.so
7feccd7a8000-7feccd7a9000 rw-p 0003d000 00:1f 144014                     /tmp/libgdximalerich/5502b6ed/libgdx64.so
7feccd7a9000-7feccd7ad000 r--s 00027000 08:02 7342661                    /home/imalerich/.gradle/caches/modules-2/files-2.1/org.lwjgl.lwjgl/lwjgl_util/2.9.1/290d7ba8a1bd9566f5ddf16ad06f09af5ec9b20e/lwjgl_util-2.9.1.jar
7feccd7ad000-7feccd7bb000 r--s 000ea000 08:02 7342653                    /home/imalerich/.gradle/caches/modules-2/files-2.1/org.lwjgl.lwjgl/lwjgl/2.9.1/f58c5aabcef0e41718a564be9f8e412fff8db847/lwjgl-2.9.1.jar
7feccd7bb000-7feccd7bc000 r--s 0008b000 08:02 7342643                    /home/imalerich/.gradle/caches/modules-2/files-2.1/org.lwjgl.lwjgl/lwjgl-platform/2.9.1/aa9aae879af8eb378e22cfc64db56ec2ca9a44d1/lwjgl-platform-2.9.1-natives-linux.jar
7feccd7bc000-7feccd7bd000 r--s 00095000 08:02 7342647                    /home/imalerich/.gradle/caches/modules-2/files-2.1/org.lwjgl.lwjgl/lwjgl-platform/2.9.1/4c517eca808522457dd95ee8fc1fbcdbb602efbe/lwjgl-platform-2.9.1-natives-windows.jar
7feccd7bd000-7feccd7be000 r--s 00080000 08:02 7342645                    /home/imalerich/.gradle/caches/modules-2/files-2.1/org.lwjgl.lwjgl/lwjgl-platform/2.9.1/2d12c83fdfbc04ecabf02c7bc8cc54d034f0daac/lwjgl-platform-2.9.1-natives-osx.jar
7feccd7be000-7feccd7c0000 r--s 00017000 08:02 7342665                    /home/imalerich/.gradle/caches/modules-2/files-2.1/org.jcraft/jorbis/0.0.17/8872d22b293e8f5d7d56ff92be966e6dc28ebdc6/jorbis-0.0.17.jar
7feccd7c0000-7feccd7c1000 ---p 00000000 00:00 0 
7feccd7c1000-7feccd8c1000 rw-p 00000000 00:00 0 
7feccd8c1000-7feccd8c4000 ---p 00000000 00:00 0 
7feccd8c4000-7feccd9c2000 rw-p 00000000 00:00 0                          [stack:19766]
7feccd9c2000-7feccd9c5000 ---p 00000000 00:00 0 
7feccd9c5000-7feccdac3000 rw-p 00000000 00:00 0                          [stack:19765]
7feccdac3000-7feccdac6000 ---p 00000000 00:00 0 
7feccdac6000-7feccdbc4000 rw-p 00000000 00:00 0                          [stack:19764]
7feccdbc4000-7feccdbc7000 ---p 00000000 00:00 0 
7feccdbc7000-7feccdcc5000 rw-p 00000000 00:00 0                          [stack:19763]
7feccdcc5000-7feccdcc8000 ---p 00000000 00:00 0 
7feccdcc8000-7feccddc6000 rw-p 00000000 00:00 0                          [stack:19762]
7feccddc6000-7feccddc9000 ---p 00000000 00:00 0 
7feccddc9000-7feccdec7000 rw-p 00000000 00:00 0                          [stack:19761]
7feccdec7000-7fecce050000 r--p 00000000 08:01 676544                     /usr/lib/locale/locale-archive
7fecce050000-7fecce053000 ---p 00000000 00:00 0 
7fecce053000-7fecce151000 rw-p 00000000 00:00 0                          [stack:19756]
7fecce151000-7fecce154000 ---p 00000000 00:00 0 
7fecce154000-7fecce252000 rw-p 00000000 00:00 0                          [stack:19755]
7fecce252000-7fecce253000 ---p 00000000 00:00 0 
7fecce253000-7feccfe33000 rw-p 00000000 00:00 0                          [stack:19751]
7feccfe33000-7fecd0000000 r--s 03bb4000 08:01 808620                     /usr/lib/jvm/java-8-openjdk/jre/lib/rt.jar
7fecd0000000-7fecd0021000 rw-p 00000000 00:00 0 
7fecd0021000-7fecd4000000 ---p 00000000 00:00 0 
7fecd4000000-7fecd4001000 r--s 00001000 08:02 7342649                    /home/imalerich/.gradle/caches/modules-2/files-2.1/net.java.jutils/jutils/1.0.0/e12fe1fda814bd348c1579329c86943d2cd3c6a6/jutils-1.0.0.jar
7fecd4001000-7fecd4005000 r--s 0002f000 08:02 7342651                    /home/imalerich/.gradle/caches/modules-2/files-2.1/net.java.jinput/jinput/2.0.5/39c7796b469a600f72380316f6b1f11db6c2c7c4/jinput-2.0.5.jar
7fecd4005000-7fecd4006000 r--s 00002000 08:02 7342655                    /home/imalerich/.gradle/caches/modules-2/files-2.1/net.java.jinput/jinput-platform/2.0.5/7ff832a6eb9ab6a767f1ade2b548092d0fa64795/jinput-platform-2.0.5-natives-linux.jar
7fecd4006000-7fecd4007000 r--s 00002000 08:02 7342657                    /home/imalerich/.gradle/caches/modules-2/files-2.1/net.java.jinput/jinput-platform/2.0.5/53f9c919f34d2ca9de8c51fc4e1e8282029a9232/jinput-platform-2.0.5-natives-osx.jar
7fecd4007000-7fecd4008000 r--s 00025000 08:02 7342659                    /home/imalerich/.gradle/caches/modules-2/files-2.1/net.java.jinput/jinput-platform/2.0.5/385ee093e01f587f30ee1c8a2ee7d408fd732e16/jinput-platform-2.0.5-natives-windows.jar
7fecd4008000-7fecd400b000 r--s 0001f000 08:02 7342637                    /home/imalerich/.gradle/caches/modules-2/files-2.1/com.badlogicgames.gdx/gdx-backend-lwjgl/1.3.1/8df8aa24811d137e88658508fba4c7bb6f27c8c9/gdx-backend-lwjgl-1.3.1.jar
7fecd400b000-7fecd8000000 rw-p 00000000 00:00 0 
7fecd8000000-7fecd8021000 rw-p 00000000 00:00 0 
7fecd8021000-7fecdc000000 ---p 00000000 00:00 0 
7fecdc000000-7fecdc021000 rw-p 00000000 00:00 0 
7fecdc021000-7fece0000000 ---p 00000000 00:00 0 
7fece0000000-7fece0021000 rw-p 00000000 00:00 0 
7fece0021000-7fece4000000 ---p 00000000 00:00 0 
7fece4000000-7fece4001000 r--s 00015000 08:02 7342663                    /home/imalerich/.gradle/caches/modules-2/files-2.1/com.badlogicgames.jlayer/jlayer/1.0.1-gdx/7cca83cec5c1b2f011362f4d85aabd71a73b049d/jlayer-1.0.1-gdx.jar
7fece4001000-7fece4002000 r--s 000cd000 08:02 6430306                    /home/imalerich/.gradle/caches/modules-2/files-2.1/com.badlogicgames.gdx/gdx-platform/1.3.1/88596abf3fdd2ea4662e67d59c3c05b07b0d859b/gdx-platform-1.3.1-natives-desktop.jar
7fece4002000-7fece401b000 r--s 0017e000 08:02 6824992                    /home/imalerich/.gradle/caches/modules-2/files-2.1/com.badlogicgames.gdx/gdx/1.3.1/18995f8b7b19118975722370818023c76a86fdf4/gdx-1.3.1.jar
7fece401b000-7fece4bfc000 rw-p 00000000 00:00 0 
7fece4bfc000-7fece4bfd000 ---p 00000000 00:00 0 
7fece4bfd000-7fece4cfd000 rw-p 00000000 00:00 0                          [stack:19743]
7fece4cfd000-7fece4cfe000 ---p 00000000 00:00 0 
7fece4cfe000-7fece4dfe000 rw-p 00000000 00:00 0                          [stack:19742]
7fece4dfe000-7fece4dff000 ---p 00000000 00:00 0 
7fece4dff000-7fece4eff000 rw-p 00000000 00:00 0                          [stack:19741]
7fece4eff000-7fece4f00000 ---p 00000000 00:00 0 
7fece4f00000-7fece5000000 rw-p 00000000 00:00 0                          [stack:19740]
7fece5000000-7fece5690000 rwxp 00000000 00:00 0 
7fece5690000-7fecf4000000 ---p 00000000 00:00 0 
7fecf4000000-7fecf43ff000 rw-p 00000000 00:00 0 
7fecf43ff000-7fecf8000000 ---p 00000000 00:00 0 
7fecf8000000-7fecf8001000 r--s 00133000 08:02 7342641                    /home/imalerich/.gradle/caches/modules-2/files-2.1/com.badlogicgames.gdx/gdx-controllers-platform/1.3.1/a1645f0dfb448fdfb181faa1b2bddac14ad2fd3d/gdx-controllers-platform-1.3.1-natives-desktop.jar
7fecf8001000-7fecf8008000 r--s 0004c000 08:02 9444111                    /home/imalerich/dev/Artillery/Lib/kryonet-2.21-all.jar
7fecf8008000-7fecf8009000 ---p 00000000 00:00 0 
7fecf8009000-7fecf8109000 rw-p 00000000 00:00 0                          [stack:19739]
7fecf8109000-7fecf810a000 ---p 00000000 00:00 0 
7fecf810a000-7fecf820a000 rw-p 00000000 00:00 0                          [stack:19738]
7fecf820a000-7fecf820b000 ---p 00000000 00:00 0 
7fecf820b000-7fecf830b000 rw-p 00000000 00:00 0                          [stack:19737]
7fecf830b000-7fecf830c000 ---p 00000000 00:00 0 
7fecf830c000-7fecf8436000 rw-p 00000000 00:00 0                          [stack:19736]
7fecf8436000-7fecf86a2000 ---p 00000000 00:00 0 
7fecf86a2000-7fecf86cc000 rw-p 00000000 00:00 0 
7fecf86cc000-7fecf8938000 ---p 00000000 00:00 0 
7fecf8938000-7fecf894d000 rw-p 00000000 00:00 0 
7fecf894d000-7fecf8a83000 ---p 00000000 00:00 0 
7fecf8a83000-7fecf8a9f000 rw-p 00000000 00:00 0 
7fecf8a9f000-7fecf8e44000 ---p 00000000 00:00 0 
7fecf8e44000-7fecf8e4c000 r-xp 00000000 08:01 808658                     /usr/lib/jvm/java-8-openjdk/jre/lib/amd64/libzip.so
7fecf8e4c000-7fecf904b000 ---p 00008000 08:01 808658                     /usr/lib/jvm/java-8-openjdk/jre/lib/amd64/libzip.so
7fecf904b000-7fecf904c000 rw-p 00007000 08:01 808658                     /usr/lib/jvm/java-8-openjdk/jre/lib/amd64/libzip.so
7fecf904c000-7fecf9057000 r-xp 00000000 08:01 658558                     /usr/lib/libnss_files-2.20.so
7fecf9057000-7fecf9257000 ---p 0000b000 08:01 658558                     /usr/lib/libnss_files-2.20.so
7fecf9257000-7fecf9258000 r--p 0000b000 08:01 658558                     /usr/lib/libnss_files-2.20.so
7fecf9258000-7fecf9259000 rw-p 0000c000 08:01 658558                     /usr/lib/libnss_files-2.20.so
7fecf9259000-7fecf9286000 r-xp 00000000 08:01 808657                     /usr/lib/jvm/java-8-openjdk/jre/lib/amd64/libjava.so
7fecf9286000-7fecf9485000 ---p 0002d000 08:01 808657                     /usr/lib/jvm/java-8-openjdk/jre/lib/amd64/libjava.so
7fecf9485000-7fecf9487000 rw-p 0002c000 08:01 808657                     /usr/lib/jvm/java-8-openjdk/jre/lib/amd64/libjava.so
7fecf9487000-7fecf9494000 r-xp 00000000 08:01 808650                     /usr/lib/jvm/java-8-openjdk/jre/lib/amd64/libverify.so
7fecf9494000-7fecf9693000 ---p 0000d000 08:01 808650                     /usr/lib/jvm/java-8-openjdk/jre/lib/amd64/libverify.so
7fecf9693000-7fecf9695000 rw-p 0000c000 08:01 808650                     /usr/lib/jvm/java-8-openjdk/jre/lib/amd64/libverify.so
7fecf9695000-7fecf969c000 r-xp 00000000 08:01 658599                     /usr/lib/librt-2.20.so
7fecf969c000-7fecf989b000 ---p 00007000 08:01 658599                     /usr/lib/librt-2.20.so
7fecf989b000-7fecf989c000 r--p 00006000 08:01 658599                     /usr/lib/librt-2.20.so
7fecf989c000-7fecf989d000 rw-p 00007000 08:01 658599                     /usr/lib/librt-2.20.so
7fecf989d000-7fecf99a0000 r-xp 00000000 08:01 658585                     /usr/lib/libm-2.20.so
7fecf99a0000-7fecf9ba0000 ---p 00103000 08:01 658585                     /usr/lib/libm-2.20.so
7fecf9ba0000-7fecf9ba1000 r--p 00103000 08:01 658585                     /usr/lib/libm-2.20.so
7fecf9ba1000-7fecf9ba2000 rw-p 00104000 08:01 658585                     /usr/lib/libm-2.20.so
7fecf9ba2000-7fecfa807000 r-xp 00000000 08:01 131921                     /usr/lib/jvm/java-8-openjdk/jre/lib/amd64/server/libjvm.so
7fecfa807000-7fecfaa07000 ---p 00c65000 08:01 131921                     /usr/lib/jvm/java-8-openjdk/jre/lib/amd64/server/libjvm.so
7fecfaa07000-7fecfaad3000 rw-p 00c65000 08:01 131921                     /usr/lib/jvm/java-8-openjdk/jre/lib/amd64/server/libjvm.so
7fecfaad3000-7fecfab12000 rw-p 00000000 00:00 0 
7fecfab12000-7fecfacac000 r-xp 00000000 08:01 658586                     /usr/lib/libc-2.20.so
7fecfacac000-7fecfaeab000 ---p 0019a000 08:01 658586                     /usr/lib/libc-2.20.so
7fecfaeab000-7fecfaeaf000 r--p 00199000 08:01 658586                     /usr/lib/libc-2.20.so
7fecfaeaf000-7fecfaeb1000 rw-p 0019d000 08:01 658586                     /usr/lib/libc-2.20.so
7fecfaeb1000-7fecfaeb5000 rw-p 00000000 00:00 0 
7fecfaeb5000-7fecfaeb8000 r-xp 00000000 08:01 658555                     /usr/lib/libdl-2.20.so
7fecfaeb8000-7fecfb0b7000 ---p 00003000 08:01 658555                     /usr/lib/libdl-2.20.so
7fecfb0b7000-7fecfb0b8000 r--p 00002000 08:01 658555                     /usr/lib/libdl-2.20.so
7fecfb0b8000-7fecfb0b9000 rw-p 00003000 08:01 658555                     /usr/lib/libdl-2.20.so
7fecfb0b9000-7fecfb0c6000 r-xp 00000000 08:01 131918                     /usr/lib/jvm/java-8-openjdk/jre/lib/amd64/jli/libjli.so
7fecfb0c6000-7fecfb2c5000 ---p 0000d000 08:01 131918                     /usr/lib/jvm/java-8-openjdk/jre/lib/amd64/jli/libjli.so
7fecfb2c5000-7fecfb2c6000 rw-p 0000c000 08:01 131918                     /usr/lib/jvm/java-8-openjdk/jre/lib/amd64/jli/libjli.so
7fecfb2c6000-7fecfb2db000 r-xp 00000000 08:01 661607                     /usr/lib/libz.so.1.2.8
7fecfb2db000-7fecfb4da000 ---p 00015000 08:01 661607                     /usr/lib/libz.so.1.2.8
7fecfb4da000-7fecfb4db000 r--p 00014000 08:01 661607                     /usr/lib/libz.so.1.2.8
7fecfb4db000-7fecfb4dc000 rw-p 00015000 08:01 661607                     /usr/lib/libz.so.1.2.8
7fecfb4dc000-7fecfb4f3000 r-xp 00000000 08:01 658564                     /usr/lib/libpthread-2.20.so
7fecfb4f3000-7fecfb6f2000 ---p 00017000 08:01 658564                     /usr/lib/libpthread-2.20.so
7fecfb6f2000-7fecfb6f3000 r--p 00016000 08:01 658564                     /usr/lib/libpthread-2.20.so
7fecfb6f3000-7fecfb6f4000 rw-p 00017000 08:01 658564                     /usr/lib/libpthread-2.20.so
7fecfb6f4000-7fecfb6f8000 rw-p 00000000 00:00 0 
7fecfb6f8000-7fecfb71a000 r-xp 00000000 08:01 658561                     /usr/lib/ld-2.20.so
7fecfb71a000-7fecfb71c000 r--s 00004000 08:02 7342639                    /home/imalerich/.gradle/caches/modules-2/files-2.1/com.badlogicgames.gdx/gdx-controllers-desktop/1.3.1/9485e5ad3740c8a44d9a600662dcbfdb6fa13c80/gdx-controllers-desktop-1.3.1.jar
7fecfb71c000-7fecfb71d000 r--s 00002000 08:02 6824994                    /home/imalerich/.gradle/caches/modules-2/files-2.1/com.badlogicgames.gdx/gdx-controllers/1.3.1/b6257423d255dc8fecfc38bd578dfb5ba1bf22bc/gdx-controllers-1.3.1.jar
7fecfb71d000-7fecfb7e2000 rw-p 00000000 00:00 0 
7fecfb7e2000-7fecfb7e5000 ---p 00000000 00:00 0 
7fecfb7e5000-7fecfb90e000 rw-p 00000000 00:00 0                          [stack:19731]
7fecfb90e000-7fecfb916000 rw-s 00000000 00:1f 329079                     /tmp/hsperfdata_imalerich/19724 (deleted)
7fecfb916000-7fecfb917000 rw-p 00000000 00:00 0 
7fecfb917000-7fecfb918000 ---p 00000000 00:00 0 
7fecfb918000-7fecfb919000 rw-p 00000000 00:00 0 
7fecfb919000-7fecfb91a000 r--p 00021000 08:01 658561                     /usr/lib/ld-2.20.so
7fecfb91a000-7fecfb91b000 rw-p 00022000 08:01 658561                     /usr/lib/ld-2.20.so
7fecfb91b000-7fecfb91c000 rw-p 00000000 00:00 0 
7fff42279000-7fff4229a000 rw-p 00000000 00:00 0                          [stack]
7fff423fc000-7fff423fe000 r--p 00000000 00:00 0                          [vvar]
7fff423fe000-7fff42400000 r-xp 00000000 00:00 0                          [vdso]
ffffffffff600000-ffffffffff601000 r-xp 00000000 00:00 0                  [vsyscall]

VM Arguments:
jvm_args: -Dfile.encoding=UTF-8 
java_command: com.mygdx.game.desktop.DesktopLauncher
java_class_path (initial): /home/imalerich/dev/Artillery/LGDX/desktop/bin:/home/imalerich/dev/Artillery/LGDX/core/bin:/home/imalerich/.gradle/caches/modules-2/files-2.1/com.badlogicgames.gdx/gdx-controllers/1.3.1/b6257423d255dc8fecfc38bd578dfb5ba1bf22bc/gdx-controllers-1.3.1.jar:/home/imalerich/.gradle/caches/modules-2/files-2.1/com.badlogicgames.gdx/gdx/1.3.1/18995f8b7b19118975722370818023c76a86fdf4/gdx-1.3.1.jar:/home/imalerich/dev/Artillery/Lib/kryonet-2.21-all.jar:/home/imalerich/.gradle/caches/modules-2/files-2.1/com.badlogicgames.gdx/gdx-backend-lwjgl/1.3.1/8df8aa24811d137e88658508fba4c7bb6f27c8c9/gdx-backend-lwjgl-1.3.1.jar:/home/imalerich/.gradle/caches/modules-2/files-2.1/com.badlogicgames.gdx/gdx-controllers-desktop/1.3.1/9485e5ad3740c8a44d9a600662dcbfdb6fa13c80/gdx-controllers-desktop-1.3.1.jar:/home/imalerich/.gradle/caches/modules-2/files-2.1/com.badlogicgames.gdx/gdx-controllers-platform/1.3.1/a1645f0dfb448fdfb181faa1b2bddac14ad2fd3d/gdx-controllers-platform-1.3.1-natives-desktop.jar:/home/imalerich/.gradle/caches/modules-2/files-2.1/com.badlogicgames.gdx/gdx-platform/1.3.1/88596abf3fdd2ea4662e67d59c3c05b07b0d859b/gdx-platform-1.3.1-natives-desktop.jar:/home/imalerich/.gradle/caches/modules-2/files-2.1/com.badlogicgames.jlayer/jlayer/1.0.1-gdx/7cca83cec5c1b2f011362f4d85aabd71a73b049d/jlayer-1.0.1-gdx.jar:/home/imalerich/.gradle/caches/modules-2/files-2.1/net.java.jinput/jinput-platform/2.0.5/385ee093e01f587f30ee1c8a2ee7d408fd732e16/jinput-platform-2.0.5-natives-windows.jar:/home/imalerich/.gradle/caches/modules-2/files-2.1/net.java.jinput/jinput-platform/2.0.5/53f9c919f34d2ca9de8c51fc4e1e8282029a9232/jinput-platform-2.0.5-natives-osx.jar:/home/imalerich/.gradle/caches/modules-2/files-2.1/net.java.jinput/jinput-platform/2.0.5/7ff832a6eb9ab6a767f1ade2b548092d0fa64795/jinput-platform-2.0.5-natives-linux.jar:/home/imalerich/.gradle/caches/modules-2/files-2.1/net.java.jinput/jinput/2.0.5/39c7796b469a600f72380316f6b1f11db6c2c7c4/jinput-2.0.5.jar:/home/imal
Launcher Type: SUN_STANDARD

Environment Variables:
PATH=/usr/local/sbin:/usr/local/bin:/usr/bin:/usr/lib/jvm/default/bin:/usr/bin/site_perl:/usr/bin/vendor_perl:/usr/bin/core_perl
SHELL=/bin/bash
DISPLAY=:0

Signal Handlers:
SIGSEGV: [libjvm.so+0xa606e0], sa_mask[0]=11111111011111111101111111111110, sa_flags=SA_RESTART|SA_SIGINFO
SIGBUS: [libjvm.so+0xa606e0], sa_mask[0]=11111111011111111101111111111110, sa_flags=SA_RESTART|SA_SIGINFO
SIGFPE: [libjvm.so+0x8b4a70], sa_mask[0]=11111111011111111101111111111110, sa_flags=SA_RESTART|SA_SIGINFO
SIGPIPE: [libjvm.so+0x8b4a70], sa_mask[0]=11111111011111111101111111111110, sa_flags=SA_RESTART|SA_SIGINFO
SIGXFSZ: [libjvm.so+0x8b4a70], sa_mask[0]=11111111011111111101111111111110, sa_flags=SA_RESTART|SA_SIGINFO
SIGILL: [libjvm.so+0x8b4a70], sa_mask[0]=11111111011111111101111111111110, sa_flags=SA_RESTART|SA_SIGINFO
SIGUSR1: SIG_DFL, sa_mask[0]=00000000000000000000000000000000, sa_flags=none
SIGUSR2: [libjvm.so+0x8b4920], sa_mask[0]=00100000000000000000000000000000, sa_flags=SA_RESTART|SA_SIGINFO
SIGHUP: [libjvm.so+0x8b4b40], sa_mask[0]=11111111011111111101111111111110, sa_flags=SA_RESTART|SA_SIGINFO
SIGINT: SIG_IGN, sa_mask[0]=00000000000000000000000000000000, sa_flags=none
SIGTERM: [libjvm.so+0x8b4b40], sa_mask[0]=11111111011111111101111111111110, sa_flags=SA_RESTART|SA_SIGINFO
SIGQUIT: [libjvm.so+0x8b4b40], sa_mask[0]=11111111011111111101111111111110, sa_flags=SA_RESTART|SA_SIGINFO


---------------  S Y S T E M  ---------------

OS:NAME="Arch Linux"
ID=arch
PRETTY_NAME="Arch Linux"
ANSI_COLOR="0;36"
HOME_URL="https://www.archlinux.org/"
SUPPORT_URL="https://bbs.archlinux.org/"
BUG_REPORT_URL="https://bugs.archlinux.org/"


uname:Linux 3.17.6-1-ARCH #1 SMP PREEMPT Sun Dec 7 23:43:32 UTC 2014 x86_64
libc:glibc 2.20 NPTL 2.20 
rlimit: STACK 8192k, CORE 0k, NPROC 31439, NOFILE 4096, AS infinity
load average:0.86 0.79 0.59

/proc/meminfo:
MemTotal:        8126984 kB
MemFree:         5542192 kB
MemAvailable:    6603328 kB
Buffers:           71236 kB
Cached:          1151576 kB
SwapCached:            0 kB
Active:          1654744 kB
Inactive:         682352 kB
Active(anon):    1116940 kB
Inactive(anon):    18396 kB
Active(file):     537804 kB
Inactive(file):   663956 kB
Unevictable:           4 kB
Mlocked:               4 kB
SwapTotal:             0 kB
SwapFree:              0 kB
Dirty:              2032 kB
Writeback:             0 kB
AnonPages:       1113608 kB
Mapped:           324040 kB
Shmem:             21048 kB
Slab:              87720 kB
SReclaimable:      56624 kB
SUnreclaim:        31096 kB
KernelStack:        6128 kB
PageTables:        11036 kB
NFS_Unstable:          0 kB
Bounce:                0 kB
WritebackTmp:          0 kB
CommitLimit:     4063492 kB
Committed_AS:    2095480 kB
VmallocTotal:   34359738367 kB
VmallocUsed:      141680 kB
VmallocChunk:   34359586300 kB
HardwareCorrupted:     0 kB
AnonHugePages:    694272 kB
HugePages_Total:       0
HugePages_Free:        0
HugePages_Rsvd:        0
HugePages_Surp:        0
Hugepagesize:       2048 kB
DirectMap4k:      200448 kB
DirectMap2M:     8134656 kB


CPU:total 8 (4 cores per cpu, 2 threads per core) family 6 model 58 stepping 9, cmov, cx8, fxsr, mmx, sse, sse2, sse3, ssse3, sse4.1, sse4.2, popcnt, avx, aes, clmul, erms, ht, tsc, tscinvbit, tscinv

/proc/cpuinfo:
processor	: 0
vendor_id	: GenuineIntel
cpu family	: 6
model		: 58
model name	: Intel(R) Core(TM) i7-3630QM CPU @ 2.40GHz
stepping	: 9
microcode	: 0x12
cpu MHz		: 2962.875
cache size	: 6144 KB
physical id	: 0
siblings	: 8
core id		: 0
cpu cores	: 4
apicid		: 0
initial apicid	: 0
fpu		: yes
fpu_exception	: yes
cpuid level	: 13
wp		: yes
flags		: fpu vme de pse tsc msr pae mce cx8 apic sep mtrr pge mca cmov pat pse36 clflush dts acpi mmx fxsr sse sse2 ss ht tm pbe syscall nx rdtscp lm constant_tsc arch_perfmon pebs bts rep_good nopl xtopology nonstop_tsc aperfmperf eagerfpu pni pclmulqdq dtes64 monitor ds_cpl vmx est tm2 ssse3 cx16 xtpr pdcm pcid sse4_1 sse4_2 x2apic popcnt tsc_deadline_timer aes xsave avx f16c rdrand lahf_lm ida arat epb pln pts dtherm tpr_shadow vnmi flexpriority ept vpid fsgsbase smep erms xsaveopt
bugs		:
bogomips	: 4791.85
clflush size	: 64
cache_alignment	: 64
address sizes	: 36 bits physical, 48 bits virtual
power management:

processor	: 1
vendor_id	: GenuineIntel
cpu family	: 6
model		: 58
model name	: Intel(R) Core(TM) i7-3630QM CPU @ 2.40GHz
stepping	: 9
microcode	: 0x12
cpu MHz		: 2938.875
cache size	: 6144 KB
physical id	: 0
siblings	: 8
core id		: 0
cpu cores	: 4
apicid		: 1
initial apicid	: 1
fpu		: yes
fpu_exception	: yes
cpuid level	: 13
wp		: yes
flags		: fpu vme de pse tsc msr pae mce cx8 apic sep mtrr pge mca cmov pat pse36 clflush dts acpi mmx fxsr sse sse2 ss ht tm pbe syscall nx rdtscp lm constant_tsc arch_perfmon pebs bts rep_good nopl xtopology nonstop_tsc aperfmperf eagerfpu pni pclmulqdq dtes64 monitor ds_cpl vmx est tm2 ssse3 cx16 xtpr pdcm pcid sse4_1 sse4_2 x2apic popcnt tsc_deadline_timer aes xsave avx f16c rdrand lahf_lm ida arat epb pln pts dtherm tpr_shadow vnmi flexpriority ept vpid fsgsbase smep erms xsaveopt
bugs		:
bogomips	: 4791.85
clflush size	: 64
cache_alignment	: 64
address sizes	: 36 bits physical, 48 bits virtual
power management:

processor	: 2
vendor_id	: GenuineIntel
cpu family	: 6
model		: 58
model name	: Intel(R) Core(TM) i7-3630QM CPU @ 2.40GHz
stepping	: 9
microcode	: 0x12
cpu MHz		: 3293.343
cache size	: 6144 KB
physical id	: 0
siblings	: 8
core id		: 1
cpu cores	: 4
apicid		: 2
initial apicid	: 2
fpu		: yes
fpu_exception	: yes
cpuid level	: 13
wp		: yes
flags		: fpu vme de pse tsc msr pae mce cx8 apic sep mtrr pge mca cmov pat pse36 clflush dts acpi mmx fxsr sse sse2 ss ht tm pbe syscall nx rdtscp lm constant_tsc arch_perfmon pebs bts rep_good nopl xtopology nonstop_tsc aperfmperf eagerfpu pni pclmulqdq dtes64 monitor ds_cpl vmx est tm2 ssse3 cx16 xtpr pdcm pcid sse4_1 sse4_2 x2apic popcnt tsc_deadline_timer aes xsave avx f16c rdrand lahf_lm ida arat epb pln pts dtherm tpr_shadow vnmi flexpriority ept vpid fsgsbase smep erms xsaveopt
bugs		:
bogomips	: 4791.85
clflush size	: 64
cache_alignment	: 64
address sizes	: 36 bits physical, 48 bits virtual
power management:

processor	: 3
vendor_id	: GenuineIntel
cpu family	: 6
model		: 58
model name	: Intel(R) Core(TM) i7-3630QM CPU @ 2.40GHz
stepping	: 9
microcode	: 0x12
cpu MHz		: 3172.031
cache size	: 6144 KB
physical id	: 0
siblings	: 8
core id		: 1
cpu cores	: 4
apicid		: 3
initial apicid	: 3
fpu		: yes
fpu_exception	: yes
cpuid level	: 13
wp		: yes
flags		: fpu vme de pse tsc msr pae mce cx8 apic sep mtrr pge mca cmov pat pse36 clflush dts acpi mmx fxsr sse sse2 ss ht tm pbe syscall nx rdtscp lm constant_tsc arch_perfmon pebs bts rep_good nopl xtopology nonstop_tsc aperfmperf eagerfpu pni pclmulqdq dtes64 monitor ds_cpl vmx est tm2 ssse3 cx16 xtpr pdcm pcid sse4_1 sse4_2 x2apic popcnt tsc_deadline_timer aes xsave avx f16c rdrand lahf_lm ida arat epb pln pts dtherm tpr_shadow vnmi flexpriority ept vpid fsgsbase smep erms xsaveopt
bugs		:
bogomips	: 4791.85
clflush size	: 64
cache_alignment	: 64
address sizes	: 36 bits physical, 48 bits virtual
power management:

processor	: 4
vendor_id	: GenuineIntel
cpu family	: 6
model		: 58
model name	: Intel(R) Core(TM) i7-3630QM CPU @ 2.40GHz
stepping	: 9
microcode	: 0x12
cpu MHz		: 2741.156
cache size	: 6144 KB
physical id	: 0
siblings	: 8
core id		: 2
cpu cores	: 4
apicid		: 4
initial apicid	: 4
fpu		: yes
fpu_exception	: yes
cpuid level	: 13
wp		: yes
flags		: fpu vme de pse tsc msr pae mce cx8 apic sep mtrr pge mca cmov pat pse36 clflush dts acpi mmx fxsr sse sse2 ss ht tm pbe syscall nx rdtscp lm constant_tsc arch_perfmon pebs bts rep_good nopl xtopology nonstop_tsc aperfmperf eagerfpu pni pclmulqdq dtes64 monitor ds_cpl vmx est tm2 ssse3 cx16 xtpr pdcm pcid sse4_1 sse4_2 x2apic popcnt tsc_deadline_timer aes xsave avx f16c rdrand lahf_lm ida arat epb pln pts dtherm tpr_shadow vnmi flexpriority ept vpid fsgsbase smep erms xsaveopt
bugs		:
bogomips	: 4791.85
clflush size	: 64
cache_alignment	: 64
address sizes	: 36 bits physical, 48 bits virtual
power management:

processor	: 5
vendor_id	: GenuineIntel
cpu family	: 6
model		: 58
model name	: Intel(R) Core(TM) i7-3630QM CPU @ 2.40GHz
stepping	: 9
microcode	: 0x12
cpu MHz		: 2819.343
cache size	: 6144 KB
physical id	: 0
siblings	: 8
core id		: 2
cpu cores	: 4
apicid		: 5
initial apicid	: 5
fpu		: yes
fpu_exception	: yes
cpuid level	: 13
wp		: yes
flags		: fpu vme de pse tsc msr pae mce cx8 apic sep mtrr pge mca cmov pat pse36 clflush dts acpi mmx fxsr sse sse2 ss ht tm pbe syscall nx rdtscp lm constant_tsc arch_perfmon pebs bts rep_good nopl xtopology nonstop_tsc aperfmperf eagerfpu pni pclmulqdq dtes64 monitor ds_cpl vmx est tm2 ssse3 cx16 xtpr pdcm pcid sse4_1 sse4_2 x2apic popcnt tsc_deadline_timer aes xsave avx f16c rdrand lahf_lm ida arat epb pln pts dtherm tpr_shadow vnmi flexpriority ept vpid fsgsbase smep erms xsaveopt
bugs		:
bogomips	: 4791.85
clflush size	: 64
cache_alignment	: 64
address sizes	: 36 bits physical, 48 bits virtual
power management:

processor	: 6
vendor_id	: GenuineIntel
cpu family	: 6
model		: 58
model name	: Intel(R) Core(TM) i7-3630QM CPU @ 2.40GHz
stepping	: 9
microcode	: 0x12
cpu MHz		: 2963.718
cache size	: 6144 KB
physical id	: 0
siblings	: 8
core id		: 3
cpu cores	: 4
apicid		: 6
initial apicid	: 6
fpu		: yes
fpu_exception	: yes
cpuid level	: 13
wp		: yes
flags		: fpu vme de pse tsc msr pae mce cx8 apic sep mtrr pge mca cmov pat pse36 clflush dts acpi mmx fxsr sse sse2 ss ht tm pbe syscall nx rdtscp lm constant_tsc arch_perfmon pebs bts rep_good nopl xtopology nonstop_tsc aperfmperf eagerfpu pni pclmulqdq dtes64 monitor ds_cpl vmx est tm2 ssse3 cx16 xtpr pdcm pcid sse4_1 sse4_2 x2apic popcnt tsc_deadline_timer aes xsave avx f16c rdrand lahf_lm ida arat epb pln pts dtherm tpr_shadow vnmi flexpriority ept vpid fsgsbase smep erms xsaveopt
bugs		:
bogomips	: 4791.85
clflush size	: 64
cache_alignment	: 64
address sizes	: 36 bits physical, 48 bits virtual
power management:

processor	: 7
vendor_id	: GenuineIntel
cpu family	: 6
model		: 58
model name	: Intel(R) Core(TM) i7-3630QM CPU @ 2.40GHz
stepping	: 9
microcode	: 0x12
cpu MHz		: 2884.031
cache size	: 6144 KB
physical id	: 0
siblings	: 8
core id		: 3
cpu cores	: 4
apicid		: 7
initial apicid	: 7
fpu		: yes
fpu_exception	: yes
cpuid level	: 13
wp		: yes
flags		: fpu vme de pse tsc msr pae mce cx8 apic sep mtrr pge mca cmov pat pse36 clflush dts acpi mmx fxsr sse sse2 ss ht tm pbe syscall nx rdtscp lm constant_tsc arch_perfmon pebs bts rep_good nopl xtopology nonstop_tsc aperfmperf eagerfpu pni pclmulqdq dtes64 monitor ds_cpl vmx est tm2 ssse3 cx16 xtpr pdcm pcid sse4_1 sse4_2 x2apic popcnt tsc_deadline_timer aes xsave avx f16c rdrand lahf_lm ida arat epb pln pts dtherm tpr_shadow vnmi flexpriority ept vpid fsgsbase smep erms xsaveopt
bugs		:
bogomips	: 4791.85
clflush size	: 64
cache_alignment	: 64
address sizes	: 36 bits physical, 48 bits virtual
power management:



Memory: 4k page, physical 8126984k(5542424k free), swap 0k(0k free)

vm_info: OpenJDK 64-Bit Server VM (25.25-b02) for linux-amd64 JRE (1.8.0_25-b18), built on Nov 16 2014 16:13:29 by "builduser" with gcc 4.9.2

time: Tue Dec 16 14:42:41 2014
elapsed time: 98 seconds (0d 0h 1m 38s)

