#
# A fatal error has been detected by the Java Runtime Environment:
#
#  SIGSEGV (0xb) at pc=0x0000000000000000, pid=5951, tid=139758304818944
#
# JRE version: OpenJDK Runtime Environment (8.0_25-b18) (build 1.8.0_25-b18)
# Java VM: OpenJDK 64-Bit Server VM (25.25-b02 mixed mode linux-amd64 compressed oops)
# Problematic frame:
# C  0x0000000000000000
#
# Failed to write core dump. Core dumps have been disabled. To enable core dumping, try "ulimit -c unlimited" before starting Java again
#
# If you would like to submit a bug report, please visit:
#   http://bugreport.sun.com/bugreport/crash.jsp
#

---------------  T H R E A D  ---------------

Current thread is native thread

siginfo: si_signo: 11 (SIGSEGV), si_code: 1 (SEGV_MAPERR), si_addr: 0x0000000000000000

Registers:
RAX=0x00007f1c055d67c0, RBX=0x0000000000000400, RCX=0x00007f1c683764c0, RDX=0x00007f1c683764c0
RSP=0x00007f1c041ced58, RBP=0x00007f1c68361350, RSI=0x0000000000000000, RDI=0x00007f1c68361350
R8 =0x00000000006c8000, R9 =0x0000000000000001, R10=0x00007f1c68361374, R11=0x0000000000000000
R12=0x00007f1c683654e0, R13=0x0000000000012000, R14=0x0000000000001000, R15=0x00007f1c041cef08
RIP=0x0000000000000000, EFLAGS=0x0000000000010246, CSGSFS=0x0000000000000033, ERR=0x0000000000000014
  TRAPNO=0x000000000000000e

Top of Stack: (sp=0x00007f1c041ced58)
0x00007f1c041ced58:   00007f1c0539f4d1 0000000000000008
0x00007f1c041ced68:   00007f1bec005b80 00007f1bbb800000
0x00007f1c041ced78:   00007f1c6f3bc379 0000000000000000
0x00007f1c041ced88:   00007f1c04ce1152 00007f1c682ff420
0x00007f1c041ced98:   0000000000000000 0000000000000000
0x00007f1c041ceda8:   0000000000000000 00007f1c6835db00
0x00007f1c041cedb8:   00007f1c6835da40 0000000000002000
0x00007f1c041cedc8:   00007f1c04ce957a 0000000000000005
0x00007f1c041cedd8:   00007f1be4000ce0 0000000000000000
0x00007f1c041cede8:   5700000000000001 0000000000002000
0x00007f1c041cedf8:   00007f1c04ceb08b 0000000000000000
0x00007f1c041cee08:   0000000000000000 0000000000000000
0x00007f1c041cee18:   0000000000000000 0000000000000000
0x00007f1c041cee28:   0000000000002000 00007f1c6835da40
0x00007f1c041cee38:   00007f1c041cef08 00007f1c041cef00
0x00007f1c041cee48:   00007f1c683654e0 00007f1c6835db38
0x00007f1c041cee58:   00007f1c0515aba2 00007f1bf42ff040
0x00007f1c041cee68:   00007f1bf412f040 00000400041ceeb0
0x00007f1c041cee78:   00007f1c041cee90 0000000000000000
0x00007f1c041cee88:   00007f1c0515fdf2 00001fa00000037f
0x00007f1c041cee98:   00007f1c04ccb99f 00007f1c6835db00
0x00007f1c041ceea8:   0000000000002000 00007f1c68333090
0x00007f1c041ceeb8:   0000000000000000 00007f1c68361350
0x00007f1c041ceec8:   0000000000000008 00007f1c041cef08
0x00007f1c041ceed8:   00007f1c053b5544 0000000000000000
0x00007f1c041ceee8:   00007f1c041cef00 0000000000002000
0x00007f1c041ceef8:   0000000000006000 00007f1bf412f040
0x00007f1c041cef08:   0000000000002000 0000000000000000
0x00007f1c041cef18:   00007f1c68360e30 0000000000000000
0x00007f1c041cef28:   00007f1c6f7b2400 0000000000000000
0x00007f1c041cef38:   00007f1c041cf700 0000000000000000
0x00007f1c041cef48:   00007f1c053a873a 0000000000000000 

Instructions: (pc=0x0000000000000000)
0xffffffffffffffe0:   

Register to memory mapping:

RAX=0x00007f1c055d67c0: <offset 0x2577c0> in /tmp/libgdximalerich/7b43be9b/libopenal64.so at 0x00007f1c0537f000
RBX=0x0000000000000400 is an unknown value
RCX=0x00007f1c683764c0 is an unknown value
RDX=0x00007f1c683764c0 is an unknown value
RSP=0x00007f1c041ced58 is an unknown value
RBP=0x00007f1c68361350 is an unknown value
RSI=0x0000000000000000 is an unknown value
RDI=0x00007f1c68361350 is an unknown value
R8 =0x00000000006c8000 is an unknown value
R9 =0x0000000000000001 is an unknown value
R10=0x00007f1c68361374 is an unknown value
R11=0x0000000000000000 is an unknown value
R12=0x00007f1c683654e0 is an unknown value
R13=0x0000000000012000 is an unknown value
R14=0x0000000000001000 is an unknown value
R15=0x00007f1c041cef08 is an unknown value


Stack: [0x00007f1c040cf000,0x00007f1c041d0000],  sp=0x00007f1c041ced58,  free space=1023k

---------------  P R O C E S S  ---------------

VM state:at safepoint (shutting down)

VM Mutex/Monitor currently owned by a thread:  ([mutex/lock_event])
[0x00007f1c68007630] Threads_lock - owner thread: 0x00007f1c6807a800

Heap:
 PSYoungGen      total 37888K, used 28546K [0x00000000d6a00000, 0x00000000d9400000, 0x0000000100000000)
  eden space 32768K, 73% used [0x00000000d6a00000,0x00000000d81715d8,0x00000000d8a00000)
  from space 5120K, 88% used [0x00000000d8a00000,0x00000000d8e6f228,0x00000000d8f00000)
  to   space 5120K, 0% used [0x00000000d8f00000,0x00000000d8f00000,0x00000000d9400000)
 ParOldGen       total 86016K, used 80K [0x0000000083e00000, 0x0000000089200000, 0x00000000d6a00000)
  object space 86016K, 0% used [0x0000000083e00000,0x0000000083e14010,0x0000000089200000)
 Metaspace       used 12191K, capacity 12345K, committed 12544K, reserved 1060864K
  class space    used 1138K, capacity 1214K, committed 1280K, reserved 1048576K

Card table byte_map: [0x00007f1c6c573000,0x00007f1c6c955000] byte_map_base: 0x00007f1c6c154000

Marking Bits: (ParMarkBitMap*) 0x00007f1c6e9b6780
 Begin Bits: [0x00007f1c501f0000, 0x00007f1c520f8000)
 End Bits:   [0x00007f1c520f8000, 0x00007f1c54000000)

Polling page: 0x00007f1c6f7e8000

CodeCache: size=245760Kb used=6743Kb max_used=6751Kb free=239016Kb
 bounds [0x00007f1c59000000, 0x00007f1c596a0000, 0x00007f1c68000000]
 total_blobs=2444 nmethods=1823 adapters=535
 compilation: enabled

Compilation events (10 events):
Event: 85.637 Thread 0x00007f1c680bb800 1823       3       ui.ButtonOptions::draw (308 bytes)
Event: 85.639 Thread 0x00007f1c680bb800 nmethod 1823 0x00007f1c59698c90 code [0x00007f1c59699040, 0x00007f1c5969a9a8]
Event: 86.069 Thread 0x00007f1c680bb800 1824       1       entity.Squad::getTargetSquad (5 bytes)
Event: 86.069 Thread 0x00007f1c680bb800 nmethod 1824 0x00007f1c59682d90 code [0x00007f1c59682ee0, 0x00007f1c59682ff0]
Event: 88.057 Thread 0x00007f1c680b4800 1825       4       org.lwjgl.opengl.Display::getWidth (30 bytes)
Event: 88.059 Thread 0x00007f1c680b4800 nmethod 1825 0x00007f1c5968d290 code [0x00007f1c5968d400, 0x00007f1c5968d698]
Event: 88.574 Thread 0x00007f1c680b7800 1826       4       particles.Weather::verifyOffsets (59 bytes)
Event: 88.578 Thread 0x00007f1c680b7800 nmethod 1826 0x00007f1c59695c10 code [0x00007f1c59695dc0, 0x00007f1c59696038]
Event: 88.782 Thread 0x00007f1c680bb800 1827       3       java.nio.ByteBuffer::arrayOffset (35 bytes)
Event: 88.782 Thread 0x00007f1c680bb800 nmethod 1827 0x00007f1c59695650 code [0x00007f1c596957e0, 0x00007f1c59695ad8]

GC Heap History (2 events):
Event: 14.772 GC heap before
{Heap before GC invocations=1 (full 0):
 PSYoungGen      total 37888K, used 32768K [0x00000000d6a00000, 0x00000000d9400000, 0x0000000100000000)
  eden space 32768K, 100% used [0x00000000d6a00000,0x00000000d8a00000,0x00000000d8a00000)
  from space 5120K, 0% used [0x00000000d8f00000,0x00000000d8f00000,0x00000000d9400000)
  to   space 5120K, 0% used [0x00000000d8a00000,0x00000000d8a00000,0x00000000d8f00000)
 ParOldGen       total 86016K, used 0K [0x0000000083e00000, 0x0000000089200000, 0x00000000d6a00000)
  object space 86016K, 0% used [0x0000000083e00000,0x0000000083e00000,0x0000000089200000)
 Metaspace       used 12002K, capacity 12089K, committed 12160K, reserved 1060864K
  class space    used 1130K, capacity 1150K, committed 1152K, reserved 1048576K
Event: 14.778 GC heap after
Heap after GC invocations=1 (full 0):
 PSYoungGen      total 37888K, used 4540K [0x00000000d6a00000, 0x00000000d9400000, 0x0000000100000000)
  eden space 32768K, 0% used [0x00000000d6a00000,0x00000000d6a00000,0x00000000d8a00000)
  from space 5120K, 88% used [0x00000000d8a00000,0x00000000d8e6f228,0x00000000d8f00000)
  to   space 5120K, 0% used [0x00000000d8f00000,0x00000000d8f00000,0x00000000d9400000)
 ParOldGen       total 86016K, used 80K [0x0000000083e00000, 0x0000000089200000, 0x00000000d6a00000)
  object space 86016K, 0% used [0x0000000083e00000,0x0000000083e14010,0x0000000089200000)
 Metaspace       used 12002K, capacity 12089K, committed 12160K, reserved 1060864K
  class space    used 1130K, capacity 1150K, committed 1152K, reserved 1048576K
}

Deoptimization events (10 events):
Event: 32.323 Thread 0x00007f1c683ec800 Uncommon trap: reason=unreached action=reinterpret pc=0x00007f1c594a94b4 method=com.badlogic.gdx.graphics.g2d.SpriteBatch.flush()V @ 159
Event: 32.323 Thread 0x00007f1c683ec800 Uncommon trap: reason=null_check action=make_not_entrant pc=0x00007f1c594b3b34 method=com.badlogic.gdx.utils.ObjectIntMap.get(Ljava/lang/Object;I)I @ 21
Event: 32.323 Thread 0x00007f1c683ec800 Uncommon trap: reason=null_check action=make_not_entrant pc=0x00007f1c594d4904 method=com.badlogic.gdx.utils.ObjectIntMap.get(Ljava/lang/Object;I)I @ 21
Event: 32.324 Thread 0x00007f1c683ec800 Uncommon trap: reason=null_check action=make_not_entrant pc=0x00007f1c59420f38 method=com.badlogic.gdx.utils.ObjectIntMap.get(Ljava/lang/Object;I)I @ 21
Event: 32.324 Thread 0x00007f1c683ec800 Uncommon trap: reason=null_check action=make_not_entrant pc=0x00007f1c5946d958 method=com.badlogic.gdx.utils.ObjectIntMap.get(Ljava/lang/Object;I)I @ 21
Event: 51.241 Thread 0x00007f1c683ec800 Uncommon trap: reason=null_check action=make_not_entrant pc=0x00007f1c5960aeb8 method=com.badlogic.gdx.utils.ObjectIntMap.get(Ljava/lang/Object;I)I @ 42
Event: 51.241 Thread 0x00007f1c683ec800 Uncommon trap: reason=null_check action=make_not_entrant pc=0x00007f1c5960151c method=com.badlogic.gdx.utils.ObjectIntMap.get(Ljava/lang/Object;I)I @ 42
Event: 51.242 Thread 0x00007f1c683ec800 Uncommon trap: reason=unreached action=reinterpret pc=0x00007f1c595da7c8 method=entity.Squad.draw(Lcom/badlogic/gdx/graphics/g2d/SpriteBatch;Lcom/mygdx/game/Camera;Z)V @ 66
Event: 88.784 Thread 0x00007f1bdc002000 Uncommon trap: reason=class_check action=maybe_recompile pc=0x00007f1c5956a1c8 method=java.util.concurrent.locks.AbstractQueuedSynchronizer.release(I)Z @ 2
Event: 88.825 Thread 0x00007f1bdc002000 Uncommon trap: reason=class_check action=maybe_recompile pc=0x00007f1c5956a1c8 method=java.util.concurrent.locks.AbstractQueuedSynchronizer.release(I)Z @ 2

Internal exceptions (10 events):
Event: 32.323 Thread 0x00007f1c683ec800 Implicit null exception at 0x00007f1c594b3071 to 0x00007f1c594b3af9
Event: 32.323 Thread 0x00007f1c683ec800 Implicit null exception at 0x00007f1c594d431f to 0x00007f1c594d48d5
Event: 32.324 Thread 0x00007f1c683ec800 Implicit null exception at 0x00007f1c59420b0c to 0x00007f1c59420f25
Event: 32.324 Thread 0x00007f1c683ec800 Implicit null exception at 0x00007f1c5946d438 to 0x00007f1c5946d91d
Event: 33.607 Thread 0x00007f1c683ec800 Exception <a 'java/security/PrivilegedActionException'> (0x00000000d70e23b8) thrown at [/build/java8-openjdk/src/jdk8u-jdk8u25-b18/hotspot/src/share/vm/prims/jvm.cpp, line 1312]
Event: 33.608 Thread 0x00007f1c683ec800 Exception <a 'java/security/PrivilegedActionException'> (0x00000000d70f1280) thrown at [/build/java8-openjdk/src/jdk8u-jdk8u25-b18/hotspot/src/share/vm/prims/jvm.cpp, line 1312]
Event: 51.241 Thread 0x00007f1c683ec800 Implicit null exception at 0x00007f1c5960a78e to 0x00007f1c5960aea5
Event: 51.241 Thread 0x00007f1c683ec800 Implicit null exception at 0x00007f1c596010aa to 0x00007f1c59601505
Event: 88.782 Thread 0x00007f1c683ec800 Exception <a 'java/security/PrivilegedActionException'> (0x00000000d810ae40) thrown at [/build/java8-openjdk/src/jdk8u-jdk8u25-b18/hotspot/src/share/vm/prims/jvm.cpp, line 1312]
Event: 88.782 Thread 0x00007f1bd4004000 Exception <a 'java/security/PrivilegedActionException'> (0x00000000d8130130) thrown at [/build/java8-openjdk/src/jdk8u-jdk8u25-b18/hotspot/src/share/vm/prims/jvm.cpp, line 1312]

Events (10 events):
Event: 88.825 Executing VM operation: RevokeBias
Event: 88.825 Executing VM operation: RevokeBias done
Event: 88.825 Executing VM operation: RevokeBias
Event: 88.825 Executing VM operation: RevokeBias done
Event: 88.825 Thread 0x00007f1bdc002000 Uncommon trap: trap_request=0xffffffde fr.pc=0x00007f1c5956a1c8
Event: 88.825 Thread 0x00007f1bdc002000 DEOPT PACKING pc=0x00007f1c5956a1c8 sp=0x00007f1c040cd940
Event: 88.825 Thread 0x00007f1bdc002000 DEOPT UNPACKING pc=0x00007f1c59004f69 sp=0x00007f1c040cd908 mode 2
Event: 88.825 Thread 0x00007f1bd4004000 Thread exited: 0x00007f1bd4004000
Event: 88.841 Thread 0x00007f1bd4005000 Thread exited: 0x00007f1bd4005000
Event: 88.841 Executing VM operation: Exit


Dynamic libraries:
00400000-00401000 r-xp 00000000 08:01 808857                             /usr/lib/jvm/java-8-openjdk/jre/bin/java
00600000-00601000 rw-p 00000000 08:01 808857                             /usr/lib/jvm/java-8-openjdk/jre/bin/java
01999000-019ba000 rw-p 00000000 00:00 0                                  [heap]
83e00000-89200000 rw-p 00000000 00:00 0 
89200000-d6a00000 ---p 00000000 00:00 0 
d6a00000-d9400000 rw-p 00000000 00:00 0 
d9400000-100000000 ---p 00000000 00:00 0 
100000000-100140000 rw-p 00000000 00:00 0 
100140000-140000000 ---p 00000000 00:00 0 
7f1bcc000000-7f1bcc021000 rw-p 00000000 00:00 0 
7f1bcc021000-7f1bd0000000 ---p 00000000 00:00 0 
7f1bd4000000-7f1bd4021000 rw-p 00000000 00:00 0 
7f1bd4021000-7f1bd8000000 ---p 00000000 00:00 0 
7f1bd8000000-7f1bd8021000 rw-p 00000000 00:00 0 
7f1bd8021000-7f1bdc000000 ---p 00000000 00:00 0 
7f1bdc000000-7f1bdc021000 rw-p 00000000 00:00 0 
7f1bdc021000-7f1be0000000 ---p 00000000 00:00 0 
7f1be0000000-7f1be0021000 rw-p 00000000 00:00 0 
7f1be0021000-7f1be4000000 ---p 00000000 00:00 0 
7f1be4000000-7f1be4021000 rw-p 00000000 00:00 0 
7f1be4021000-7f1be8000000 ---p 00000000 00:00 0 
7f1be8000000-7f1be9545000 rw-p 00000000 00:00 0 
7f1be9545000-7f1bec000000 ---p 00000000 00:00 0 
7f1bec000000-7f1bec021000 rw-p 00000000 00:00 0 
7f1bec021000-7f1bf0000000 ---p 00000000 00:00 0 
7f1bf0795000-7f1bf0b95000 rw-s 1db3ee000 00:05 7608                      /dev/nvidiactl
7f1bf0b95000-7f1bf0f95000 rw-s 22675f000 00:05 7608                      /dev/nvidiactl
7f1bf0f95000-7f1bf1095000 rw-p 00000000 00:00 0 
7f1bf1095000-7f1bf1198000 ---p 00000000 00:00 0 
7f1bf1198000-7f1bf1296000 rw-p 00000000 00:00 0 
7f1bf1296000-7f1bf1299000 ---p 00000000 00:00 0 
7f1bf1299000-7f1bf1397000 rw-p 00000000 00:00 0                          [stack:6191]
7f1bf1397000-7f1bf2d80000 r-xp 00000000 08:01 687867                     /usr/lib/libnvidia-glcore.so.343.36
7f1bf2d80000-7f1bf2d9e000 rwxp 019e9000 08:01 687867                     /usr/lib/libnvidia-glcore.so.343.36
7f1bf2d9e000-7f1bf322c000 r-xp 01a07000 08:01 687867                     /usr/lib/libnvidia-glcore.so.343.36
7f1bf322c000-7f1bf342b000 ---p 01e95000 08:01 687867                     /usr/lib/libnvidia-glcore.so.343.36
7f1bf342b000-7f1bf3fe2000 rw-p 01e94000 08:01 687867                     /usr/lib/libnvidia-glcore.so.343.36
7f1bf3fe2000-7f1bf3fff000 rw-p 00000000 00:00 0 
7f1bf3fff000-7f1bf8000000 rw-s 00000000 00:11 564542                     /dev/shm/pulse-shm-2278287534
7f1bf8000000-7f1bf8021000 rw-p 00000000 00:00 0 
7f1bf8021000-7f1bfc000000 ---p 00000000 00:00 0 
7f1bfc08c000-7f1bfc09d000 r-xp 00000000 08:01 808671                     /usr/lib/jvm/java-8-openjdk/jre/lib/amd64/libnio.so
7f1bfc09d000-7f1bfc29c000 ---p 00011000 08:01 808671                     /usr/lib/jvm/java-8-openjdk/jre/lib/amd64/libnio.so
7f1bfc29c000-7f1bfc29d000 rw-p 00010000 08:01 808671                     /usr/lib/jvm/java-8-openjdk/jre/lib/amd64/libnio.so
7f1bfc29d000-7f1bfc2b3000 r-xp 00000000 08:01 808661                     /usr/lib/jvm/java-8-openjdk/jre/lib/amd64/libnet.so
7f1bfc2b3000-7f1bfc4b3000 ---p 00016000 08:01 808661                     /usr/lib/jvm/java-8-openjdk/jre/lib/amd64/libnet.so
7f1bfc4b3000-7f1bfc4b4000 rw-p 00016000 08:01 808661                     /usr/lib/jvm/java-8-openjdk/jre/lib/amd64/libnet.so
7f1bfc6b4000-7f1bfcab4000 rw-s 8b385000 00:05 7608                       /dev/nvidiactl
7f1bfceb5000-7f1bfd2b5000 rw-s 1db08a000 00:05 7608                      /dev/nvidiactl
7f1bfd2b5000-7f1bfd4b5000 rw-s 2022df000 00:05 7608                      /dev/nvidiactl
7f1bfd7b5000-7f1bfd7b8000 ---p 00000000 00:00 0 
7f1bfd7b8000-7f1bfd8b6000 rw-p 00000000 00:00 0 
7f1bfd8b6000-7f1bfd8b9000 ---p 00000000 00:00 0 
7f1bfd8b9000-7f1bfd9b7000 rw-p 00000000 00:00 0                          [stack:6190]
7f1bfd9b7000-7f1bfdbb7000 rw-p 00000000 00:00 0 
7f1bfdbb7000-7f1bfdc37000 rw-s 2022c2000 00:05 7608                      /dev/nvidiactl
7f1bfde77000-7f1bfdf3b000 rw-s 241f5d000 00:05 7608                      /dev/nvidiactl
7f1bfdf3b000-7f1bfdf3e000 r-xp 00000000 08:01 687875                     /usr/lib/libnvidia-tls.so.343.36
7f1bfdf3e000-7f1bfe13d000 ---p 00003000 08:01 687875                     /usr/lib/libnvidia-tls.so.343.36
7f1bfe13d000-7f1bfe13e000 rw-p 00002000 08:01 687875                     /usr/lib/libnvidia-tls.so.343.36
7f1bfe13e000-7f1bfe206000 r-xp 00000000 08:01 687908                     /usr/lib/nvidia/libGL.so.343.36
7f1bfe206000-7f1bfe235000 rwxp 000c8000 08:01 687908                     /usr/lib/nvidia/libGL.so.343.36
7f1bfe235000-7f1bfe251000 r-xp 000f7000 08:01 687908                     /usr/lib/nvidia/libGL.so.343.36
7f1bfe251000-7f1bfe451000 ---p 00113000 08:01 687908                     /usr/lib/nvidia/libGL.so.343.36
7f1bfe451000-7f1bfe475000 rw-p 00113000 08:01 687908                     /usr/lib/nvidia/libGL.so.343.36
7f1bfe475000-7f1bfe48c000 rw-p 00000000 00:00 0 
7f1bfe48c000-7f1bfe48f000 ---p 00000000 00:00 0 
7f1bfe48f000-7f1bfe58d000 rw-p 00000000 00:00 0                          [stack:6048]
7f1bfe58d000-7f1bfe58e000 ---p 00000000 00:00 0 
7f1bfe58e000-7f1bfed8e000 rw-p 00000000 00:00 0                          [stack:5981]
7f1bfed8e000-7f1bfeda2000 r-xp 00000000 08:01 658557                     /usr/lib/libresolv-2.20.so
7f1bfeda2000-7f1bfefa1000 ---p 00014000 08:01 658557                     /usr/lib/libresolv-2.20.so
7f1bfefa1000-7f1bfefa2000 r--p 00013000 08:01 658557                     /usr/lib/libresolv-2.20.so
7f1bfefa2000-7f1bfefa3000 rw-p 00014000 08:01 658557                     /usr/lib/libresolv-2.20.so
7f1bfefa3000-7f1bfefa5000 rw-p 00000000 00:00 0 
7f1bfefa5000-7f1bfefba000 r-xp 00000000 08:01 658546                     /usr/lib/libnsl-2.20.so
7f1bfefba000-7f1bff1b9000 ---p 00015000 08:01 658546                     /usr/lib/libnsl-2.20.so
7f1bff1b9000-7f1bff1ba000 r--p 00014000 08:01 658546                     /usr/lib/libnsl-2.20.so
7f1bff1ba000-7f1bff1bb000 rw-p 00015000 08:01 658546                     /usr/lib/libnsl-2.20.so
7f1bff1bb000-7f1bff1bd000 rw-p 00000000 00:00 0 
7f1bff1bd000-7f1bff1c3000 r-xp 00000000 08:01 689792                     /usr/lib/libogg.so.0.8.2
7f1bff1c3000-7f1bff3c2000 ---p 00006000 08:01 689792                     /usr/lib/libogg.so.0.8.2
7f1bff3c2000-7f1bff3c3000 r--p 00005000 08:01 689792                     /usr/lib/libogg.so.0.8.2
7f1bff3c3000-7f1bff3c4000 rw-p 00006000 08:01 689792                     /usr/lib/libogg.so.0.8.2
7f1bff3c4000-7f1bff3f0000 r-xp 00000000 08:01 689800                     /usr/lib/libvorbis.so.0.4.7
7f1bff3f0000-7f1bff5ef000 ---p 0002c000 08:01 689800                     /usr/lib/libvorbis.so.0.4.7
7f1bff5ef000-7f1bff5f0000 r--p 0002b000 08:01 689800                     /usr/lib/libvorbis.so.0.4.7
7f1bff5f0000-7f1bff5f1000 rw-p 0002c000 08:01 689800                     /usr/lib/libvorbis.so.0.4.7
7f1bff5f1000-7f1bff67e000 r-xp 00000000 08:01 689802                     /usr/lib/libvorbisenc.so.2.0.10
7f1bff67e000-7f1bff87d000 ---p 0008d000 08:01 689802                     /usr/lib/libvorbisenc.so.2.0.10
7f1bff87d000-7f1bff899000 r--p 0008c000 08:01 689802                     /usr/lib/libvorbisenc.so.2.0.10
7f1bff899000-7f1bff89a000 rw-p 000a8000 08:01 689802                     /usr/lib/libvorbisenc.so.2.0.10
7f1bff89a000-7f1bff90c000 r-xp 00000000 08:01 689880                     /usr/lib/libFLAC.so.8.3.0
7f1bff90c000-7f1bffb0b000 ---p 00072000 08:01 689880                     /usr/lib/libFLAC.so.8.3.0
7f1bffb0b000-7f1bffb0c000 r--p 00071000 08:01 689880                     /usr/lib/libFLAC.so.8.3.0
7f1bffb0c000-7f1bffb0d000 rw-p 00072000 08:01 689880                     /usr/lib/libFLAC.so.8.3.0
7f1bffb0d000-7f1bffb1e000 r-xp 00000000 08:01 666762                     /usr/lib/libgpg-error.so.0.13.0
7f1bffb1e000-7f1bffd1d000 ---p 00011000 08:01 666762                     /usr/lib/libgpg-error.so.0.13.0
7f1bffd1d000-7f1bffd1e000 r--p 00010000 08:01 666762                     /usr/lib/libgpg-error.so.0.13.0
7f1bffd1e000-7f1bffd1f000 rw-p 00011000 08:01 666762                     /usr/lib/libgpg-error.so.0.13.0
7f1bffd1f000-7f1bffdf6000 r-xp 00000000 08:01 666774                     /usr/lib/libgcrypt.so.20.0.2
7f1bffdf6000-7f1bffff6000 ---p 000d7000 08:01 666774                     /usr/lib/libgcrypt.so.20.0.2
7f1bffff6000-7f1bffff7000 r--p 000d7000 08:01 666774                     /usr/lib/libgcrypt.so.20.0.2
7f1bffff7000-7f1c00000000 rw-p 000d8000 08:01 666774                     /usr/lib/libgcrypt.so.20.0.2
7f1c00000000-7f1c00021000 rw-p 00000000 00:00 0 
7f1c00021000-7f1c04000000 ---p 00000000 00:00 0 
7f1c0400c000-7f1c04016000 r--s 00116000 08:01 131907                     /usr/lib/jvm/java-8-openjdk/jre/lib/ext/localedata.jar
7f1c04096000-7f1c04099000 ---p 00000000 00:00 0 
7f1c04099000-7f1c040cf000 rw-p 00000000 00:00 0                          [stack:16593]
7f1c040cf000-7f1c040d0000 ---p 00000000 00:00 0 
7f1c040d0000-7f1c041d0000 rw-p 00000000 00:00 0                          [stack:6047]
7f1c041d0000-7f1c041da000 r-xp 00000000 08:01 667025                     /usr/lib/liblz4.so.1.4.0
7f1c041da000-7f1c043d9000 ---p 0000a000 08:01 667025                     /usr/lib/liblz4.so.1.4.0
7f1c043d9000-7f1c043da000 r--p 00009000 08:01 667025                     /usr/lib/liblz4.so.1.4.0
7f1c043da000-7f1c043db000 rw-p 0000a000 08:01 667025                     /usr/lib/liblz4.so.1.4.0
7f1c043db000-7f1c043fd000 r-xp 00000000 08:01 666663                     /usr/lib/liblzma.so.5.0.7
7f1c043fd000-7f1c045fc000 ---p 00022000 08:01 666663                     /usr/lib/liblzma.so.5.0.7
7f1c045fc000-7f1c045fd000 r--p 00021000 08:01 666663                     /usr/lib/liblzma.so.5.0.7
7f1c045fd000-7f1c045fe000 rw-p 00022000 08:01 666663                     /usr/lib/liblzma.so.5.0.7
7f1c045fe000-7f1c04603000 r-xp 00000000 08:01 689850                     /usr/lib/libasyncns.so.0.3.1
7f1c04603000-7f1c04802000 ---p 00005000 08:01 689850                     /usr/lib/libasyncns.so.0.3.1
7f1c04802000-7f1c04803000 r--p 00004000 08:01 689850                     /usr/lib/libasyncns.so.0.3.1
7f1c04803000-7f1c04804000 rw-p 00005000 08:01 689850                     /usr/lib/libasyncns.so.0.3.1
7f1c04804000-7f1c04865000 r-xp 00000000 08:01 689905                     /usr/lib/libsndfile.so.1.0.25
7f1c04865000-7f1c04a65000 ---p 00061000 08:01 689905                     /usr/lib/libsndfile.so.1.0.25
7f1c04a65000-7f1c04a67000 r--p 00061000 08:01 689905                     /usr/lib/libsndfile.so.1.0.25
7f1c04a67000-7f1c04a68000 rw-p 00063000 08:01 689905                     /usr/lib/libsndfile.so.1.0.25
7f1c04a68000-7f1c04a6c000 rw-p 00000000 00:00 0 
7f1c04a6c000-7f1c04ab3000 r-xp 00000000 08:01 666312                     /usr/lib/libdbus-1.so.3.8.9
7f1c04ab3000-7f1c04cb3000 ---p 00047000 08:01 666312                     /usr/lib/libdbus-1.so.3.8.9
7f1c04cb3000-7f1c04cb4000 r--p 00047000 08:01 666312                     /usr/lib/libdbus-1.so.3.8.9
7f1c04cb4000-7f1c04cb5000 rw-p 00048000 08:01 666312                     /usr/lib/libdbus-1.so.3.8.9
7f1c04cb5000-7f1c04d26000 r-xp 00000000 08:01 689982                     /usr/lib/pulseaudio/libpulsecommon-5.0.so
7f1c04d26000-7f1c04f26000 ---p 00071000 08:01 689982                     /usr/lib/pulseaudio/libpulsecommon-5.0.so
7f1c04f26000-7f1c04f27000 r--p 00071000 08:01 689982                     /usr/lib/pulseaudio/libpulsecommon-5.0.so
7f1c04f27000-7f1c04f29000 rw-p 00072000 08:01 689982                     /usr/lib/pulseaudio/libpulsecommon-5.0.so
7f1c04f29000-7f1c04f33000 r-xp 00000000 08:01 689925                     /usr/lib/libjson-c.so.2.0.1
7f1c04f33000-7f1c05132000 ---p 0000a000 08:01 689925                     /usr/lib/libjson-c.so.2.0.1
7f1c05132000-7f1c05133000 r--p 00009000 08:01 689925                     /usr/lib/libjson-c.so.2.0.1
7f1c05133000-7f1c05134000 rw-p 0000a000 08:01 689925                     /usr/lib/libjson-c.so.2.0.1
7f1c05134000-7f1c0517e000 r-xp 00000000 08:01 689975                     /usr/lib/libpulse.so.0.17.3
7f1c0517e000-7f1c0537d000 ---p 0004a000 08:01 689975                     /usr/lib/libpulse.so.0.17.3
7f1c0537d000-7f1c0537e000 r--p 00049000 08:01 689975                     /usr/lib/libpulse.so.0.17.3
7f1c0537e000-7f1c0537f000 rw-p 0004a000 08:01 689975                     /usr/lib/libpulse.so.0.17.3
7f1c0537f000-7f1c053d4000 r-xp 00000000 00:1f 147522                     /tmp/libgdximalerich/7b43be9b/libopenal64.so
7f1c053d4000-7f1c055d3000 ---p 00055000 00:1f 147522                     /tmp/libgdximalerich/7b43be9b/libopenal64.so
7f1c055d3000-7f1c055d6000 r--p 00054000 00:1f 147522                     /tmp/libgdximalerich/7b43be9b/libopenal64.so
7f1c055d6000-7f1c055d7000 rw-p 00057000 00:1f 147522                     /tmp/libgdximalerich/7b43be9b/libopenal64.so
7f1c055d7000-7f1c055d8000 rw-p 00000000 00:00 0 
7f1c055d8000-7f1c055dd000 r-xp 00000000 08:01 681418                     /usr/lib/libXxf86vm.so.1.0.0
7f1c055dd000-7f1c057dc000 ---p 00005000 08:01 681418                     /usr/lib/libXxf86vm.so.1.0.0
7f1c057dc000-7f1c057dd000 r--p 00004000 08:01 681418                     /usr/lib/libXxf86vm.so.1.0.0
7f1c057dd000-7f1c057de000 rw-p 00005000 08:01 681418                     /usr/lib/libXxf86vm.so.1.0.0
7f1c057de000-7f1c057e7000 r-xp 00000000 08:01 682129                     /usr/lib/libXrandr.so.2.2.0
7f1c057e7000-7f1c059e6000 ---p 00009000 08:01 682129                     /usr/lib/libXrandr.so.2.2.0
7f1c059e6000-7f1c059e7000 r--p 00008000 08:01 682129                     /usr/lib/libXrandr.so.2.2.0
7f1c059e7000-7f1c059e8000 rw-p 00009000 08:01 682129                     /usr/lib/libXrandr.so.2.2.0
7f1c059e8000-7f1c05a54000 r-xp 00000000 00:1f 147517                     /tmp/libgdximalerich/7b43be9b/liblwjgl64.so
7f1c05a54000-7f1c05c53000 ---p 0006c000 00:1f 147517                     /tmp/libgdximalerich/7b43be9b/liblwjgl64.so
7f1c05c53000-7f1c05c55000 r--p 0006b000 00:1f 147517                     /tmp/libgdximalerich/7b43be9b/liblwjgl64.so
7f1c05c55000-7f1c05c56000 rw-p 0006d000 00:1f 147517                     /tmp/libgdximalerich/7b43be9b/liblwjgl64.so
7f1c05c56000-7f1c05c57000 r-xp 00000000 08:01 808675                     /usr/lib/jvm/java-8-openjdk/jre/lib/amd64/libjawt.so
7f1c05c57000-7f1c05e56000 ---p 00001000 08:01 808675                     /usr/lib/jvm/java-8-openjdk/jre/lib/amd64/libjawt.so
7f1c05e56000-7f1c05e57000 rw-p 00000000 08:01 808675                     /usr/lib/jvm/java-8-openjdk/jre/lib/amd64/libjawt.so
7f1c05e57000-7f1c05e5a000 ---p 00000000 00:00 0 
7f1c05e5a000-7f1c05f58000 rw-p 00000000 00:00 0                          [stack:5976]
7f1c05f58000-7f1c05f5d000 r-xp 00000000 08:01 681427                     /usr/lib/libXfixes.so.3.1.0
7f1c05f5d000-7f1c0615c000 ---p 00005000 08:01 681427                     /usr/lib/libXfixes.so.3.1.0
7f1c0615c000-7f1c0615d000 r--p 00004000 08:01 681427                     /usr/lib/libXfixes.so.3.1.0
7f1c0615d000-7f1c0615e000 rw-p 00005000 08:01 681427                     /usr/lib/libXfixes.so.3.1.0
7f1c0615e000-7f1c06168000 r-xp 00000000 08:01 682213                     /usr/lib/libXcursor.so.1.0.2
7f1c06168000-7f1c06367000 ---p 0000a000 08:01 682213                     /usr/lib/libXcursor.so.1.0.2
7f1c06367000-7f1c06368000 r--p 00009000 08:01 682213                     /usr/lib/libXcursor.so.1.0.2
7f1c06368000-7f1c06369000 rw-p 0000a000 08:01 682213                     /usr/lib/libXcursor.so.1.0.2
7f1c06369000-7f1c0636c000 ---p 00000000 00:00 0 
7f1c0636c000-7f1c0646a000 rw-p 00000000 00:00 0                          [stack:5975]
7f1c0646a000-7f1c064d8000 r-xp 00000000 08:01 666348                     /usr/lib/libpcre.so.1.2.4
7f1c064d8000-7f1c066d7000 ---p 0006e000 08:01 666348                     /usr/lib/libpcre.so.1.2.4
7f1c066d7000-7f1c066d8000 r--p 0006d000 08:01 666348                     /usr/lib/libpcre.so.1.2.4
7f1c066d8000-7f1c066d9000 rw-p 0006e000 08:01 666348                     /usr/lib/libpcre.so.1.2.4
7f1c066d9000-7f1c066f5000 r-xp 00000000 08:01 676943                     /usr/lib/libgraphite2.so.3.0.1
7f1c066f5000-7f1c068f4000 ---p 0001c000 08:01 676943                     /usr/lib/libgraphite2.so.3.0.1
7f1c068f4000-7f1c068f6000 r--p 0001b000 08:01 676943                     /usr/lib/libgraphite2.so.3.0.1
7f1c068f6000-7f1c068f7000 rw-p 0001d000 08:01 676943                     /usr/lib/libgraphite2.so.3.0.1
7f1c068f7000-7f1c06a03000 r-xp 00000000 08:01 666564                     /usr/lib/libglib-2.0.so.0.4200.1
7f1c06a03000-7f1c06c02000 ---p 0010c000 08:01 666564                     /usr/lib/libglib-2.0.so.0.4200.1
7f1c06c02000-7f1c06c03000 r--p 0010b000 08:01 666564                     /usr/lib/libglib-2.0.so.0.4200.1
7f1c06c03000-7f1c06c04000 rw-p 0010c000 08:01 666564                     /usr/lib/libglib-2.0.so.0.4200.1
7f1c06c04000-7f1c06c05000 rw-p 00000000 00:00 0 
7f1c06c05000-7f1c06c5b000 r-xp 00000000 08:01 676955                     /usr/lib/libharfbuzz.so.0.936.0
7f1c06c5b000-7f1c06e5a000 ---p 00056000 08:01 676955                     /usr/lib/libharfbuzz.so.0.936.0
7f1c06e5a000-7f1c06e5c000 r--p 00055000 08:01 676955                     /usr/lib/libharfbuzz.so.0.936.0
7f1c06e5c000-7f1c06e5d000 rw-p 00057000 08:01 676955                     /usr/lib/libharfbuzz.so.0.936.0
7f1c06e5d000-7f1c06e92000 r-xp 00000000 08:01 676920                     /usr/lib/libpng16.so.16.15.0
7f1c06e92000-7f1c07091000 ---p 00035000 08:01 676920                     /usr/lib/libpng16.so.16.15.0
7f1c07091000-7f1c07092000 r--p 00034000 08:01 676920                     /usr/lib/libpng16.so.16.15.0
7f1c07092000-7f1c07093000 rw-p 00035000 08:01 676920                     /usr/lib/libpng16.so.16.15.0
7f1c07093000-7f1c070a2000 r-xp 00000000 08:01 661599                     /usr/lib/libbz2.so.1.0.6
7f1c070a2000-7f1c072a1000 ---p 0000f000 08:01 661599                     /usr/lib/libbz2.so.1.0.6
7f1c072a1000-7f1c072a3000 rw-p 0000e000 08:01 661599                     /usr/lib/libbz2.so.1.0.6
7f1c072a3000-7f1c07346000 r-xp 00000000 08:01 676961                     /usr/lib/libfreetype.so.6.11.2
7f1c07346000-7f1c07545000 ---p 000a3000 08:01 676961                     /usr/lib/libfreetype.so.6.11.2
7f1c07545000-7f1c0754b000 r--p 000a2000 08:01 676961                     /usr/lib/libfreetype.so.6.11.2
7f1c0754b000-7f1c0754c000 rw-p 000a8000 08:01 676961                     /usr/lib/libfreetype.so.6.11.2
7f1c0754c000-7f1c075ad000 r-xp 00000000 08:01 808676                     /usr/lib/jvm/java-8-openjdk/jre/lib/amd64/libfontmanager.so
7f1c075ad000-7f1c077ac000 ---p 00061000 08:01 808676                     /usr/lib/jvm/java-8-openjdk/jre/lib/amd64/libfontmanager.so
7f1c077ac000-7f1c077b0000 rw-p 00060000 08:01 808676                     /usr/lib/jvm/java-8-openjdk/jre/lib/amd64/libfontmanager.so
7f1c077b0000-7f1c077c3000 rw-p 00000000 00:00 0 
7f1c077c3000-7f1c077c8000 r-xp 00000000 08:01 676913                     /usr/lib/libXdmcp.so.6.0.0
7f1c077c8000-7f1c079c7000 ---p 00005000 08:01 676913                     /usr/lib/libXdmcp.so.6.0.0
7f1c079c7000-7f1c079c8000 r--p 00004000 08:01 676913                     /usr/lib/libXdmcp.so.6.0.0
7f1c079c8000-7f1c079c9000 rw-p 00005000 08:01 676913                     /usr/lib/libXdmcp.so.6.0.0
7f1c079c9000-7f1c079cb000 r-xp 00000000 08:01 677039                     /usr/lib/libXau.so.6.0.0
7f1c079cb000-7f1c07bcb000 ---p 00002000 08:01 677039                     /usr/lib/libXau.so.6.0.0
7f1c07bcb000-7f1c07bcc000 r--p 00002000 08:01 677039                     /usr/lib/libXau.so.6.0.0
7f1c07bcc000-7f1c07bcd000 rw-p 00003000 08:01 677039                     /usr/lib/libXau.so.6.0.0
7f1c07bcd000-7f1c07bee000 r-xp 00000000 08:01 679432                     /usr/lib/libxcb.so.1.1.0
7f1c07bee000-7f1c07ded000 ---p 00021000 08:01 679432                     /usr/lib/libxcb.so.1.1.0
7f1c07ded000-7f1c07dee000 r--p 00020000 08:01 679432                     /usr/lib/libxcb.so.1.1.0
7f1c07dee000-7f1c07def000 rw-p 00021000 08:01 679432                     /usr/lib/libxcb.so.1.1.0
7f1c07def000-7f1c07dfe000 r-xp 00000000 08:01 682112                     /usr/lib/libXi.so.6.1.0
7f1c07dfe000-7f1c07ffe000 ---p 0000f000 08:01 682112                     /usr/lib/libXi.so.6.1.0
7f1c07ffe000-7f1c07fff000 r--p 0000f000 08:01 682112                     /usr/lib/libXi.so.6.1.0
7f1c07fff000-7f1c08000000 rw-p 00010000 08:01 682112                     /usr/lib/libXi.so.6.1.0
7f1c08000000-7f1c08021000 rw-p 00000000 00:00 0 
7f1c08021000-7f1c0c000000 ---p 00000000 00:00 0 
7f1c0c000000-7f1c0c021000 rw-p 00000000 00:00 0 
7f1c0c021000-7f1c10000000 ---p 00000000 00:00 0 
7f1c10000000-7f1c1041f000 rw-p 00000000 00:00 0 
7f1c1041f000-7f1c14000000 ---p 00000000 00:00 0 
7f1c14000000-7f1c14481000 rw-p 00000000 00:00 0 
7f1c14481000-7f1c18000000 ---p 00000000 00:00 0 
7f1c18000000-7f1c195a5000 rw-p 00000000 00:00 0 
7f1c195a5000-7f1c1c000000 ---p 00000000 00:00 0 
7f1c1c000000-7f1c1c5b8000 rw-p 00000000 00:00 0 
7f1c1c5b8000-7f1c20000000 ---p 00000000 00:00 0 
7f1c20000000-7f1c20021000 rw-p 00000000 00:00 0 
7f1c20021000-7f1c24000000 ---p 00000000 00:00 0 
7f1c24000000-7f1c24021000 rw-p 00000000 00:00 0 
7f1c24021000-7f1c28000000 ---p 00000000 00:00 0 
7f1c28000000-7f1c28021000 rw-p 00000000 00:00 0 
7f1c28021000-7f1c2c000000 ---p 00000000 00:00 0 
7f1c2c000000-7f1c2c021000 rw-p 00000000 00:00 0 
7f1c2c021000-7f1c30000000 ---p 00000000 00:00 0 
7f1c30000000-7f1c30021000 rw-p 00000000 00:00 0 
7f1c30021000-7f1c34000000 ---p 00000000 00:00 0 
7f1c34000000-7f1c34021000 rw-p 00000000 00:00 0 
7f1c34021000-7f1c38000000 ---p 00000000 00:00 0 
7f1c38000000-7f1c38021000 rw-p 00000000 00:00 0 
7f1c38021000-7f1c3c000000 ---p 00000000 00:00 0 
7f1c3c000000-7f1c3c01c000 r--s 00393000 08:01 131908                     /usr/lib/jvm/java-8-openjdk/jre/lib/ext/cldrdata.jar
7f1c3c01c000-7f1c3c034000 r-xp 00000000 08:01 666794                     /usr/lib/libsystemd-journal.so.0.11.5
7f1c3c034000-7f1c3c035000 ---p 00018000 08:01 666794                     /usr/lib/libsystemd-journal.so.0.11.5
7f1c3c035000-7f1c3c036000 r--p 00018000 08:01 666794                     /usr/lib/libsystemd-journal.so.0.11.5
7f1c3c036000-7f1c3c037000 rw-p 00019000 08:01 666794                     /usr/lib/libsystemd-journal.so.0.11.5
7f1c3c037000-7f1c3c03c000 r-xp 00000000 08:01 682265                     /usr/lib/libXtst.so.6.1.0
7f1c3c03c000-7f1c3c23b000 ---p 00005000 08:01 682265                     /usr/lib/libXtst.so.6.1.0
7f1c3c23b000-7f1c3c23c000 r--p 00004000 08:01 682265                     /usr/lib/libXtst.so.6.1.0
7f1c3c23c000-7f1c3c23d000 rw-p 00005000 08:01 682265                     /usr/lib/libXtst.so.6.1.0
7f1c3c23d000-7f1c3c246000 r-xp 00000000 08:01 682122                     /usr/lib/libXrender.so.1.3.0
7f1c3c246000-7f1c3c445000 ---p 00009000 08:01 682122                     /usr/lib/libXrender.so.1.3.0
7f1c3c445000-7f1c3c446000 r--p 00008000 08:01 682122                     /usr/lib/libXrender.so.1.3.0
7f1c3c446000-7f1c3c447000 rw-p 00009000 08:01 682122                     /usr/lib/libXrender.so.1.3.0
7f1c3c447000-7f1c3c582000 r-xp 00000000 08:01 680349                     /usr/lib/libX11.so.6.3.0
7f1c3c582000-7f1c3c781000 ---p 0013b000 08:01 680349                     /usr/lib/libX11.so.6.3.0
7f1c3c781000-7f1c3c783000 r--p 0013a000 08:01 680349                     /usr/lib/libX11.so.6.3.0
7f1c3c783000-7f1c3c788000 rw-p 0013c000 08:01 680349                     /usr/lib/libX11.so.6.3.0
7f1c3c788000-7f1c3c789000 rw-p 00000000 00:00 0 
7f1c3c789000-7f1c3c79a000 r-xp 00000000 08:01 681387                     /usr/lib/libXext.so.6.4.0
7f1c3c79a000-7f1c3c999000 ---p 00011000 08:01 681387                     /usr/lib/libXext.so.6.4.0
7f1c3c999000-7f1c3c99a000 r--p 00010000 08:01 681387                     /usr/lib/libXext.so.6.4.0
7f1c3c99a000-7f1c3c99b000 rw-p 00011000 08:01 681387                     /usr/lib/libXext.so.6.4.0
7f1c3c99b000-7f1c3c9ef000 r-xp 00000000 08:01 808674                     /usr/lib/jvm/java-8-openjdk/jre/lib/amd64/libawt_xawt.so
7f1c3c9ef000-7f1c3cbee000 ---p 00054000 08:01 808674                     /usr/lib/jvm/java-8-openjdk/jre/lib/amd64/libawt_xawt.so
7f1c3cbee000-7f1c3cbf1000 rw-p 00053000 08:01 808674                     /usr/lib/jvm/java-8-openjdk/jre/lib/amd64/libawt_xawt.so
7f1c3cbf1000-7f1c3cbf3000 rw-p 00000000 00:00 0 
7f1c3cbf3000-7f1c3cc93000 r-xp 00000000 08:01 808669                     /usr/lib/jvm/java-8-openjdk/jre/lib/amd64/libawt.so
7f1c3cc93000-7f1c3ce93000 ---p 000a0000 08:01 808669                     /usr/lib/jvm/java-8-openjdk/jre/lib/amd64/libawt.so
7f1c3ce93000-7f1c3ce9f000 rw-p 000a0000 08:01 808669                     /usr/lib/jvm/java-8-openjdk/jre/lib/amd64/libawt.so
7f1c3ce9f000-7f1c3cec3000 rw-p 00000000 00:00 0 
7f1c3cec3000-7f1c3ced9000 r-xp 00000000 08:01 705807                     /usr/lib/libgcc_s.so.1
7f1c3ced9000-7f1c3d0d8000 ---p 00016000 08:01 705807                     /usr/lib/libgcc_s.so.1
7f1c3d0d8000-7f1c3d0d9000 rw-p 00015000 08:01 705807                     /usr/lib/libgcc_s.so.1
7f1c3d0d9000-7f1c3d1c9000 r-xp 00000000 08:01 705836                     /usr/lib/libstdc++.so.6.0.20
7f1c3d1c9000-7f1c3d3c9000 ---p 000f0000 08:01 705836                     /usr/lib/libstdc++.so.6.0.20
7f1c3d3c9000-7f1c3d3d1000 r--p 000f0000 08:01 705836                     /usr/lib/libstdc++.so.6.0.20
7f1c3d3d1000-7f1c3d3d3000 rw-p 000f8000 08:01 705836                     /usr/lib/libstdc++.so.6.0.20
7f1c3d3d3000-7f1c3d3e8000 rw-p 00000000 00:00 0 
7f1c3d3ed000-7f1c3d3ef000 rw-p 00000000 00:00 0 
7f1c3d419000-7f1c3d456000 r-xp 00000000 00:1f 144014                     /tmp/libgdximalerich/5502b6ed/libgdx64.so
7f1c3d456000-7f1c3d655000 ---p 0003d000 00:1f 144014                     /tmp/libgdximalerich/5502b6ed/libgdx64.so
7f1c3d655000-7f1c3d656000 r--p 0003c000 00:1f 144014                     /tmp/libgdximalerich/5502b6ed/libgdx64.so
7f1c3d656000-7f1c3d657000 rw-p 0003d000 00:1f 144014                     /tmp/libgdximalerich/5502b6ed/libgdx64.so
7f1c3d657000-7f1c3d658000 ---p 00000000 00:00 0 
7f1c3d658000-7f1c3d758000 rw-p 00000000 00:00 0 
7f1c3d758000-7f1c3d75b000 ---p 00000000 00:00 0 
7f1c3d75b000-7f1c3d859000 rw-p 00000000 00:00 0                          [stack:5973]
7f1c3d859000-7f1c3d85c000 ---p 00000000 00:00 0 
7f1c3d85c000-7f1c3d95a000 rw-p 00000000 00:00 0                          [stack:5972]
7f1c3d95a000-7f1c3d95d000 ---p 00000000 00:00 0 
7f1c3d95d000-7f1c3da5b000 rw-p 00000000 00:00 0                          [stack:5971]
7f1c3da5b000-7f1c3da5e000 ---p 00000000 00:00 0 
7f1c3da5e000-7f1c3db5c000 rw-p 00000000 00:00 0                          [stack:5970]
7f1c3db5c000-7f1c3db5f000 ---p 00000000 00:00 0 
7f1c3db5f000-7f1c3dc5d000 rw-p 00000000 00:00 0                          [stack:5969]
7f1c3dc5d000-7f1c3dc60000 ---p 00000000 00:00 0 
7f1c3dc60000-7f1c3dd5e000 rw-p 00000000 00:00 0                          [stack:5968]
7f1c3dd5e000-7f1c3dee7000 r--p 00000000 08:01 676544                     /usr/lib/locale/locale-archive
7f1c3dee7000-7f1c3deea000 ---p 00000000 00:00 0 
7f1c3deea000-7f1c3dfe8000 rw-p 00000000 00:00 0                          [stack:5967]
7f1c3dfe8000-7f1c3dfeb000 ---p 00000000 00:00 0 
7f1c3dfeb000-7f1c3e0e9000 rw-p 00000000 00:00 0                          [stack:5966]
7f1c3e0e9000-7f1c3e0ea000 ---p 00000000 00:00 0 
7f1c3e0ea000-7f1c40000000 rw-p 00000000 00:00 0                          [stack:5965]
7f1c40000000-7f1c40021000 rw-p 00000000 00:00 0 
7f1c40021000-7f1c44000000 ---p 00000000 00:00 0 
7f1c44000000-7f1c44021000 rw-p 00000000 00:00 0 
7f1c44021000-7f1c48000000 ---p 00000000 00:00 0 
7f1c48000000-7f1c48021000 rw-p 00000000 00:00 0 
7f1c48021000-7f1c4c000000 ---p 00000000 00:00 0 
7f1c4c000000-7f1c4c021000 rw-p 00000000 00:00 0 
7f1c4c021000-7f1c50000000 ---p 00000000 00:00 0 
7f1c5000b000-7f1c5000c000 rw-s c2060000 00:05 7609                       /dev/nvidia0
7f1c5000c000-7f1c5001f000 r--s 00345000 08:01 808618                     /usr/lib/jvm/java-8-openjdk/jre/lib/resources.jar
7f1c5001f000-7f1c50023000 r--s 00093000 08:01 808619                     /usr/lib/jvm/java-8-openjdk/jre/lib/jsse.jar
7f1c50023000-7f1c50031000 r--s 000ea000 08:02 7342653                    /home/imalerich/.gradle/caches/modules-2/files-2.1/org.lwjgl.lwjgl/lwjgl/2.9.1/f58c5aabcef0e41718a564be9f8e412fff8db847/lwjgl-2.9.1.jar
7f1c50031000-7f1c5004a000 r--s 0017e000 08:02 6824992                    /home/imalerich/.gradle/caches/modules-2/files-2.1/com.badlogicgames.gdx/gdx/1.3.1/18995f8b7b19118975722370818023c76a86fdf4/gdx-1.3.1.jar
7f1c5004a000-7f1c54000000 rw-p 00000000 00:00 0 
7f1c54000000-7f1c54021000 rw-p 00000000 00:00 0 
7f1c54021000-7f1c58000000 ---p 00000000 00:00 0 
7f1c58000000-7f1c58004000 r--s 00027000 08:02 7342661                    /home/imalerich/.gradle/caches/modules-2/files-2.1/org.lwjgl.lwjgl/lwjgl_util/2.9.1/290d7ba8a1bd9566f5ddf16ad06f09af5ec9b20e/lwjgl_util-2.9.1.jar
7f1c58004000-7f1c58005000 r--s 0008b000 08:02 7342643                    /home/imalerich/.gradle/caches/modules-2/files-2.1/org.lwjgl.lwjgl/lwjgl-platform/2.9.1/aa9aae879af8eb378e22cfc64db56ec2ca9a44d1/lwjgl-platform-2.9.1-natives-linux.jar
7f1c58005000-7f1c58006000 r--s 00095000 08:02 7342647                    /home/imalerich/.gradle/caches/modules-2/files-2.1/org.lwjgl.lwjgl/lwjgl-platform/2.9.1/4c517eca808522457dd95ee8fc1fbcdbb602efbe/lwjgl-platform-2.9.1-natives-windows.jar
7f1c58006000-7f1c5844c000 rw-p 00000000 00:00 0 
7f1c5844c000-7f1c58619000 r--s 03bb4000 08:01 808620                     /usr/lib/jvm/java-8-openjdk/jre/lib/rt.jar
7f1c58619000-7f1c589fa000 rw-p 00000000 00:00 0 
7f1c589fa000-7f1c589fb000 ---p 00000000 00:00 0 
7f1c589fb000-7f1c58afb000 rw-p 00000000 00:00 0                          [stack:5964]
7f1c58afb000-7f1c58afc000 ---p 00000000 00:00 0 
7f1c58afc000-7f1c58bfc000 rw-p 00000000 00:00 0                          [stack:5963]
7f1c58bfc000-7f1c58bfd000 ---p 00000000 00:00 0 
7f1c58bfd000-7f1c58cfd000 rw-p 00000000 00:00 0                          [stack:5962]
7f1c58cfd000-7f1c58cfe000 ---p 00000000 00:00 0 
7f1c58cfe000-7f1c58dfe000 rw-p 00000000 00:00 0                          [stack:5961]
7f1c58dfe000-7f1c58dff000 ---p 00000000 00:00 0 
7f1c58dff000-7f1c58eff000 rw-p 00000000 00:00 0                          [stack:5960]
7f1c58eff000-7f1c58f00000 ---p 00000000 00:00 0 
7f1c58f00000-7f1c59000000 rw-p 00000000 00:00 0                          [stack:5959]
7f1c59000000-7f1c596a0000 rwxp 00000000 00:00 0 
7f1c596a0000-7f1c68000000 ---p 00000000 00:00 0 
7f1c68000000-7f1c683ff000 rw-p 00000000 00:00 0 
7f1c683ff000-7f1c6c000000 ---p 00000000 00:00 0 
7f1c6c000000-7f1c6c001000 r--s 00080000 08:02 7342645                    /home/imalerich/.gradle/caches/modules-2/files-2.1/org.lwjgl.lwjgl/lwjgl-platform/2.9.1/2d12c83fdfbc04ecabf02c7bc8cc54d034f0daac/lwjgl-platform-2.9.1-natives-osx.jar
7f1c6c001000-7f1c6c003000 r--s 00017000 08:02 7342665                    /home/imalerich/.gradle/caches/modules-2/files-2.1/org.jcraft/jorbis/0.0.17/8872d22b293e8f5d7d56ff92be966e6dc28ebdc6/jorbis-0.0.17.jar
7f1c6c003000-7f1c6c004000 r--s 00001000 08:02 7342649                    /home/imalerich/.gradle/caches/modules-2/files-2.1/net.java.jutils/jutils/1.0.0/e12fe1fda814bd348c1579329c86943d2cd3c6a6/jutils-1.0.0.jar
7f1c6c004000-7f1c6c008000 r--s 0002f000 08:02 7342651                    /home/imalerich/.gradle/caches/modules-2/files-2.1/net.java.jinput/jinput/2.0.5/39c7796b469a600f72380316f6b1f11db6c2c7c4/jinput-2.0.5.jar
7f1c6c008000-7f1c6c009000 r--s 00002000 08:02 7342655                    /home/imalerich/.gradle/caches/modules-2/files-2.1/net.java.jinput/jinput-platform/2.0.5/7ff832a6eb9ab6a767f1ade2b548092d0fa64795/jinput-platform-2.0.5-natives-linux.jar
7f1c6c009000-7f1c6c00a000 r--s 00002000 08:02 7342657                    /home/imalerich/.gradle/caches/modules-2/files-2.1/net.java.jinput/jinput-platform/2.0.5/53f9c919f34d2ca9de8c51fc4e1e8282029a9232/jinput-platform-2.0.5-natives-osx.jar
7f1c6c00a000-7f1c6c00b000 r--s 00025000 08:02 7342659                    /home/imalerich/.gradle/caches/modules-2/files-2.1/net.java.jinput/jinput-platform/2.0.5/385ee093e01f587f30ee1c8a2ee7d408fd732e16/jinput-platform-2.0.5-natives-windows.jar
7f1c6c00b000-7f1c6c00c000 r--s 00015000 08:02 7342663                    /home/imalerich/.gradle/caches/modules-2/files-2.1/com.badlogicgames.jlayer/jlayer/1.0.1-gdx/7cca83cec5c1b2f011362f4d85aabd71a73b049d/jlayer-1.0.1-gdx.jar
7f1c6c00c000-7f1c6c00d000 r--s 000cd000 08:02 6430306                    /home/imalerich/.gradle/caches/modules-2/files-2.1/com.badlogicgames.gdx/gdx-platform/1.3.1/88596abf3fdd2ea4662e67d59c3c05b07b0d859b/gdx-platform-1.3.1-natives-desktop.jar
7f1c6c00d000-7f1c6c00e000 r--s 00133000 08:02 7342641                    /home/imalerich/.gradle/caches/modules-2/files-2.1/com.badlogicgames.gdx/gdx-controllers-platform/1.3.1/a1645f0dfb448fdfb181faa1b2bddac14ad2fd3d/gdx-controllers-platform-1.3.1-natives-desktop.jar
7f1c6c00e000-7f1c6c011000 r--s 0001f000 08:02 7342637                    /home/imalerich/.gradle/caches/modules-2/files-2.1/com.badlogicgames.gdx/gdx-backend-lwjgl/1.3.1/8df8aa24811d137e88658508fba4c7bb6f27c8c9/gdx-backend-lwjgl-1.3.1.jar
7f1c6c011000-7f1c6c018000 r--s 0004c000 08:02 9444111                    /home/imalerich/dev/Artillery/Lib/kryonet-2.21-all.jar
7f1c6c018000-7f1c6c0db000 rw-p 00000000 00:00 0 
7f1c6c0db000-7f1c6c0dc000 ---p 00000000 00:00 0 
7f1c6c0dc000-7f1c6c1dc000 rw-p 00000000 00:00 0                          [stack:5958]
7f1c6c1dc000-7f1c6c1dd000 ---p 00000000 00:00 0 
7f1c6c1dd000-7f1c6c307000 rw-p 00000000 00:00 0                          [stack:5957]
7f1c6c307000-7f1c6c573000 ---p 00000000 00:00 0 
7f1c6c573000-7f1c6c59d000 rw-p 00000000 00:00 0 
7f1c6c59d000-7f1c6c809000 ---p 00000000 00:00 0 
7f1c6c809000-7f1c6c81e000 rw-p 00000000 00:00 0 
7f1c6c81e000-7f1c6c954000 ---p 00000000 00:00 0 
7f1c6c954000-7f1c6c970000 rw-p 00000000 00:00 0 
7f1c6c970000-7f1c6cd15000 ---p 00000000 00:00 0 
7f1c6cd15000-7f1c6cd1d000 r-xp 00000000 08:01 808658                     /usr/lib/jvm/java-8-openjdk/jre/lib/amd64/libzip.so
7f1c6cd1d000-7f1c6cf1c000 ---p 00008000 08:01 808658                     /usr/lib/jvm/java-8-openjdk/jre/lib/amd64/libzip.so
7f1c6cf1c000-7f1c6cf1d000 rw-p 00007000 08:01 808658                     /usr/lib/jvm/java-8-openjdk/jre/lib/amd64/libzip.so
7f1c6cf1d000-7f1c6cf28000 r-xp 00000000 08:01 658558                     /usr/lib/libnss_files-2.20.so
7f1c6cf28000-7f1c6d128000 ---p 0000b000 08:01 658558                     /usr/lib/libnss_files-2.20.so
7f1c6d128000-7f1c6d129000 r--p 0000b000 08:01 658558                     /usr/lib/libnss_files-2.20.so
7f1c6d129000-7f1c6d12a000 rw-p 0000c000 08:01 658558                     /usr/lib/libnss_files-2.20.so
7f1c6d12a000-7f1c6d157000 r-xp 00000000 08:01 808657                     /usr/lib/jvm/java-8-openjdk/jre/lib/amd64/libjava.so
7f1c6d157000-7f1c6d356000 ---p 0002d000 08:01 808657                     /usr/lib/jvm/java-8-openjdk/jre/lib/amd64/libjava.so
7f1c6d356000-7f1c6d358000 rw-p 0002c000 08:01 808657                     /usr/lib/jvm/java-8-openjdk/jre/lib/amd64/libjava.so
7f1c6d358000-7f1c6d365000 r-xp 00000000 08:01 808650                     /usr/lib/jvm/java-8-openjdk/jre/lib/amd64/libverify.so
7f1c6d365000-7f1c6d564000 ---p 0000d000 08:01 808650                     /usr/lib/jvm/java-8-openjdk/jre/lib/amd64/libverify.so
7f1c6d564000-7f1c6d566000 rw-p 0000c000 08:01 808650                     /usr/lib/jvm/java-8-openjdk/jre/lib/amd64/libverify.so
7f1c6d566000-7f1c6d56d000 r-xp 00000000 08:01 658599                     /usr/lib/librt-2.20.so
7f1c6d56d000-7f1c6d76c000 ---p 00007000 08:01 658599                     /usr/lib/librt-2.20.so
7f1c6d76c000-7f1c6d76d000 r--p 00006000 08:01 658599                     /usr/lib/librt-2.20.so
7f1c6d76d000-7f1c6d76e000 rw-p 00007000 08:01 658599                     /usr/lib/librt-2.20.so
7f1c6d76e000-7f1c6d871000 r-xp 00000000 08:01 658585                     /usr/lib/libm-2.20.so
7f1c6d871000-7f1c6da71000 ---p 00103000 08:01 658585                     /usr/lib/libm-2.20.so
7f1c6da71000-7f1c6da72000 r--p 00103000 08:01 658585                     /usr/lib/libm-2.20.so
7f1c6da72000-7f1c6da73000 rw-p 00104000 08:01 658585                     /usr/lib/libm-2.20.so
7f1c6da73000-7f1c6e6d8000 r-xp 00000000 08:01 131921                     /usr/lib/jvm/java-8-openjdk/jre/lib/amd64/server/libjvm.so
7f1c6e6d8000-7f1c6e8d8000 ---p 00c65000 08:01 131921                     /usr/lib/jvm/java-8-openjdk/jre/lib/amd64/server/libjvm.so
7f1c6e8d8000-7f1c6e9a4000 rw-p 00c65000 08:01 131921                     /usr/lib/jvm/java-8-openjdk/jre/lib/amd64/server/libjvm.so
7f1c6e9a4000-7f1c6e9e3000 rw-p 00000000 00:00 0 
7f1c6e9e3000-7f1c6eb7d000 r-xp 00000000 08:01 658586                     /usr/lib/libc-2.20.so
7f1c6eb7d000-7f1c6ed7c000 ---p 0019a000 08:01 658586                     /usr/lib/libc-2.20.so
7f1c6ed7c000-7f1c6ed80000 r--p 00199000 08:01 658586                     /usr/lib/libc-2.20.so
7f1c6ed80000-7f1c6ed82000 rw-p 0019d000 08:01 658586                     /usr/lib/libc-2.20.so
7f1c6ed82000-7f1c6ed86000 rw-p 00000000 00:00 0 
7f1c6ed86000-7f1c6ed89000 r-xp 00000000 08:01 658555                     /usr/lib/libdl-2.20.so
7f1c6ed89000-7f1c6ef88000 ---p 00003000 08:01 658555                     /usr/lib/libdl-2.20.so
7f1c6ef88000-7f1c6ef89000 r--p 00002000 08:01 658555                     /usr/lib/libdl-2.20.so
7f1c6ef89000-7f1c6ef8a000 rw-p 00003000 08:01 658555                     /usr/lib/libdl-2.20.so
7f1c6ef8a000-7f1c6ef97000 r-xp 00000000 08:01 131918                     /usr/lib/jvm/java-8-openjdk/jre/lib/amd64/jli/libjli.so
7f1c6ef97000-7f1c6f196000 ---p 0000d000 08:01 131918                     /usr/lib/jvm/java-8-openjdk/jre/lib/amd64/jli/libjli.so
7f1c6f196000-7f1c6f197000 rw-p 0000c000 08:01 131918                     /usr/lib/jvm/java-8-openjdk/jre/lib/amd64/jli/libjli.so
7f1c6f197000-7f1c6f1ac000 r-xp 00000000 08:01 661607                     /usr/lib/libz.so.1.2.8
7f1c6f1ac000-7f1c6f3ab000 ---p 00015000 08:01 661607                     /usr/lib/libz.so.1.2.8
7f1c6f3ab000-7f1c6f3ac000 r--p 00014000 08:01 661607                     /usr/lib/libz.so.1.2.8
7f1c6f3ac000-7f1c6f3ad000 rw-p 00015000 08:01 661607                     /usr/lib/libz.so.1.2.8
7f1c6f3ad000-7f1c6f3c4000 r-xp 00000000 08:01 658564                     /usr/lib/libpthread-2.20.so
7f1c6f3c4000-7f1c6f5c3000 ---p 00017000 08:01 658564                     /usr/lib/libpthread-2.20.so
7f1c6f5c3000-7f1c6f5c4000 r--p 00016000 08:01 658564                     /usr/lib/libpthread-2.20.so
7f1c6f5c4000-7f1c6f5c5000 rw-p 00017000 08:01 658564                     /usr/lib/libpthread-2.20.so
7f1c6f5c5000-7f1c6f5c9000 rw-p 00000000 00:00 0 
7f1c6f5c9000-7f1c6f5eb000 r-xp 00000000 08:01 658561                     /usr/lib/ld-2.20.so
7f1c6f5eb000-7f1c6f5ed000 r--s 00004000 08:02 7342639                    /home/imalerich/.gradle/caches/modules-2/files-2.1/com.badlogicgames.gdx/gdx-controllers-desktop/1.3.1/9485e5ad3740c8a44d9a600662dcbfdb6fa13c80/gdx-controllers-desktop-1.3.1.jar
7f1c6f5ed000-7f1c6f5ee000 r--s 00002000 08:02 6824994                    /home/imalerich/.gradle/caches/modules-2/files-2.1/com.badlogicgames.gdx/gdx-controllers/1.3.1/b6257423d255dc8fecfc38bd578dfb5ba1bf22bc/gdx-controllers-1.3.1.jar
7f1c6f5ee000-7f1c6f6b3000 rw-p 00000000 00:00 0 
7f1c6f6b3000-7f1c6f6b6000 ---p 00000000 00:00 0 
7f1c6f6b6000-7f1c6f7df000 rw-p 00000000 00:00 0                          [stack:5956]
7f1c6f7df000-7f1c6f7e7000 rw-s 00000000 00:1f 563891                     /tmp/hsperfdata_imalerich/5951 (deleted)
7f1c6f7e7000-7f1c6f7e8000 rw-p 00000000 00:00 0 
7f1c6f7e8000-7f1c6f7e9000 ---p 00000000 00:00 0 
7f1c6f7e9000-7f1c6f7ea000 rw-p 00000000 00:00 0 
7f1c6f7ea000-7f1c6f7eb000 r--p 00021000 08:01 658561                     /usr/lib/ld-2.20.so
7f1c6f7eb000-7f1c6f7ec000 rw-p 00022000 08:01 658561                     /usr/lib/ld-2.20.so
7f1c6f7ec000-7f1c6f7ed000 rw-p 00000000 00:00 0 
7fff61363000-7fff61384000 rw-p 00000000 00:00 0                          [stack]
7fff613fc000-7fff613fe000 r--p 00000000 00:00 0                          [vvar]
7fff613fe000-7fff61400000 r-xp 00000000 00:00 0                          [vdso]
ffffffffff600000-ffffffffff601000 r-xp 00000000 00:00 0                  [vsyscall]

VM Arguments:
jvm_args: -Dfile.encoding=UTF-8 
java_command: com.mygdx.game.desktop.DesktopLauncher
java_class_path (initial): /home/imalerich/dev/Artillery/LGDX/desktop/bin:/home/imalerich/dev/Artillery/LGDX/core/bin:/home/imalerich/.gradle/caches/modules-2/files-2.1/com.badlogicgames.gdx/gdx-controllers/1.3.1/b6257423d255dc8fecfc38bd578dfb5ba1bf22bc/gdx-controllers-1.3.1.jar:/home/imalerich/.gradle/caches/modules-2/files-2.1/com.badlogicgames.gdx/gdx/1.3.1/18995f8b7b19118975722370818023c76a86fdf4/gdx-1.3.1.jar:/home/imalerich/dev/Artillery/Lib/kryonet-2.21-all.jar:/home/imalerich/.gradle/caches/modules-2/files-2.1/com.badlogicgames.gdx/gdx-backend-lwjgl/1.3.1/8df8aa24811d137e88658508fba4c7bb6f27c8c9/gdx-backend-lwjgl-1.3.1.jar:/home/imalerich/.gradle/caches/modules-2/files-2.1/com.badlogicgames.gdx/gdx-controllers-desktop/1.3.1/9485e5ad3740c8a44d9a600662dcbfdb6fa13c80/gdx-controllers-desktop-1.3.1.jar:/home/imalerich/.gradle/caches/modules-2/files-2.1/com.badlogicgames.gdx/gdx-controllers-platform/1.3.1/a1645f0dfb448fdfb181faa1b2bddac14ad2fd3d/gdx-controllers-platform-1.3.1-natives-desktop.jar:/home/imalerich/.gradle/caches/modules-2/files-2.1/com.badlogicgames.gdx/gdx-platform/1.3.1/88596abf3fdd2ea4662e67d59c3c05b07b0d859b/gdx-platform-1.3.1-natives-desktop.jar:/home/imalerich/.gradle/caches/modules-2/files-2.1/com.badlogicgames.jlayer/jlayer/1.0.1-gdx/7cca83cec5c1b2f011362f4d85aabd71a73b049d/jlayer-1.0.1-gdx.jar:/home/imalerich/.gradle/caches/modules-2/files-2.1/net.java.jinput/jinput-platform/2.0.5/385ee093e01f587f30ee1c8a2ee7d408fd732e16/jinput-platform-2.0.5-natives-windows.jar:/home/imalerich/.gradle/caches/modules-2/files-2.1/net.java.jinput/jinput-platform/2.0.5/53f9c919f34d2ca9de8c51fc4e1e8282029a9232/jinput-platform-2.0.5-natives-osx.jar:/home/imalerich/.gradle/caches/modules-2/files-2.1/net.java.jinput/jinput-platform/2.0.5/7ff832a6eb9ab6a767f1ade2b548092d0fa64795/jinput-platform-2.0.5-natives-linux.jar:/home/imalerich/.gradle/caches/modules-2/files-2.1/net.java.jinput/jinput/2.0.5/39c7796b469a600f72380316f6b1f11db6c2c7c4/jinput-2.0.5.jar:/home/imal
Launcher Type: SUN_STANDARD

Environment Variables:
PATH=/usr/local/sbin:/usr/local/bin:/usr/bin:/usr/lib/jvm/default/bin:/usr/bin/site_perl:/usr/bin/vendor_perl:/usr/bin/core_perl
SHELL=/bin/bash
DISPLAY=:0

Signal Handlers:
SIGSEGV: [libjvm.so+0xa606e0], sa_mask[0]=11111111011111111101111111111110, sa_flags=SA_RESTART|SA_SIGINFO
SIGBUS: [libjvm.so+0xa606e0], sa_mask[0]=11111111011111111101111111111110, sa_flags=SA_RESTART|SA_SIGINFO
SIGFPE: [libjvm.so+0x8b4a70], sa_mask[0]=11111111011111111101111111111110, sa_flags=SA_RESTART|SA_SIGINFO
SIGPIPE: [libjvm.so+0x8b4a70], sa_mask[0]=11111111011111111101111111111110, sa_flags=SA_RESTART|SA_SIGINFO
SIGXFSZ: [libjvm.so+0x8b4a70], sa_mask[0]=11111111011111111101111111111110, sa_flags=SA_RESTART|SA_SIGINFO
SIGILL: [libjvm.so+0x8b4a70], sa_mask[0]=11111111011111111101111111111110, sa_flags=SA_RESTART|SA_SIGINFO
SIGUSR1: SIG_DFL, sa_mask[0]=00000000000000000000000000000000, sa_flags=none
SIGUSR2: [libjvm.so+0x8b4920], sa_mask[0]=00100000000000000000000000000000, sa_flags=SA_RESTART|SA_SIGINFO
SIGHUP: [libjvm.so+0x8b4b40], sa_mask[0]=11111111011111111101111111111110, sa_flags=SA_RESTART|SA_SIGINFO
SIGINT: SIG_IGN, sa_mask[0]=00000000000000000000000000000000, sa_flags=none
SIGTERM: [libjvm.so+0x8b4b40], sa_mask[0]=11111111011111111101111111111110, sa_flags=SA_RESTART|SA_SIGINFO
SIGQUIT: [libjvm.so+0x8b4b40], sa_mask[0]=11111111011111111101111111111110, sa_flags=SA_RESTART|SA_SIGINFO


---------------  S Y S T E M  ---------------

OS:NAME="Arch Linux"
ID=arch
PRETTY_NAME="Arch Linux"
ANSI_COLOR="0;36"
HOME_URL="https://www.archlinux.org/"
SUPPORT_URL="https://bbs.archlinux.org/"
BUG_REPORT_URL="https://bugs.archlinux.org/"


uname:Linux 3.17.6-1-ARCH #1 SMP PREEMPT Sun Dec 7 23:43:32 UTC 2014 x86_64
libc:glibc 2.20 NPTL 2.20 
rlimit: STACK 8192k, CORE 0k, NPROC 31439, NOFILE 4096, AS infinity
load average:1.19 0.84 0.73

/proc/meminfo:
MemTotal:        8126984 kB
MemFree:         5122480 kB
MemAvailable:    6428644 kB
Buffers:           80268 kB
Cached:          1378844 kB
SwapCached:            0 kB
Active:          1925712 kB
Inactive:         796156 kB
Active(anon):    1264344 kB
Inactive(anon):    19200 kB
Active(file):     661368 kB
Inactive(file):   776956 kB
Unevictable:           4 kB
Mlocked:               4 kB
SwapTotal:             0 kB
SwapFree:              0 kB
Dirty:               684 kB
Writeback:             0 kB
AnonPages:       1263384 kB
Mapped:           340768 kB
Shmem:             20780 kB
Slab:             104836 kB
SReclaimable:      73552 kB
SUnreclaim:        31284 kB
KernelStack:        6064 kB
PageTables:        12728 kB
NFS_Unstable:          0 kB
Bounce:                0 kB
WritebackTmp:          0 kB
CommitLimit:     4063492 kB
Committed_AS:    2418128 kB
VmallocTotal:   34359738367 kB
VmallocUsed:      141832 kB
VmallocChunk:   34359586300 kB
HardwareCorrupted:     0 kB
AnonHugePages:    737280 kB
HugePages_Total:       0
HugePages_Free:        0
HugePages_Rsvd:        0
HugePages_Surp:        0
Hugepagesize:       2048 kB
DirectMap4k:      204544 kB
DirectMap2M:     8130560 kB


CPU:total 8 (4 cores per cpu, 2 threads per core) family 6 model 58 stepping 9, cmov, cx8, fxsr, mmx, sse, sse2, sse3, ssse3, sse4.1, sse4.2, popcnt, avx, aes, clmul, erms, ht, tsc, tscinvbit, tscinv

/proc/cpuinfo:
processor	: 0
vendor_id	: GenuineIntel
cpu family	: 6
model		: 58
model name	: Intel(R) Core(TM) i7-3630QM CPU @ 2.40GHz
stepping	: 9
microcode	: 0x12
cpu MHz		: 2078.531
cache size	: 6144 KB
physical id	: 0
siblings	: 8
core id		: 0
cpu cores	: 4
apicid		: 0
initial apicid	: 0
fpu		: yes
fpu_exception	: yes
cpuid level	: 13
wp		: yes
flags		: fpu vme de pse tsc msr pae mce cx8 apic sep mtrr pge mca cmov pat pse36 clflush dts acpi mmx fxsr sse sse2 ss ht tm pbe syscall nx rdtscp lm constant_tsc arch_perfmon pebs bts rep_good nopl xtopology nonstop_tsc aperfmperf eagerfpu pni pclmulqdq dtes64 monitor ds_cpl vmx est tm2 ssse3 cx16 xtpr pdcm pcid sse4_1 sse4_2 x2apic popcnt tsc_deadline_timer aes xsave avx f16c rdrand lahf_lm ida arat epb pln pts dtherm tpr_shadow vnmi flexpriority ept vpid fsgsbase smep erms xsaveopt
bugs		:
bogomips	: 4791.85
clflush size	: 64
cache_alignment	: 64
address sizes	: 36 bits physical, 48 bits virtual
power management:

processor	: 1
vendor_id	: GenuineIntel
cpu family	: 6
model		: 58
model name	: Intel(R) Core(TM) i7-3630QM CPU @ 2.40GHz
stepping	: 9
microcode	: 0x12
cpu MHz		: 2200.687
cache size	: 6144 KB
physical id	: 0
siblings	: 8
core id		: 0
cpu cores	: 4
apicid		: 1
initial apicid	: 1
fpu		: yes
fpu_exception	: yes
cpuid level	: 13
wp		: yes
flags		: fpu vme de pse tsc msr pae mce cx8 apic sep mtrr pge mca cmov pat pse36 clflush dts acpi mmx fxsr sse sse2 ss ht tm pbe syscall nx rdtscp lm constant_tsc arch_perfmon pebs bts rep_good nopl xtopology nonstop_tsc aperfmperf eagerfpu pni pclmulqdq dtes64 monitor ds_cpl vmx est tm2 ssse3 cx16 xtpr pdcm pcid sse4_1 sse4_2 x2apic popcnt tsc_deadline_timer aes xsave avx f16c rdrand lahf_lm ida arat epb pln pts dtherm tpr_shadow vnmi flexpriority ept vpid fsgsbase smep erms xsaveopt
bugs		:
bogomips	: 4791.85
clflush size	: 64
cache_alignment	: 64
address sizes	: 36 bits physical, 48 bits virtual
power management:

processor	: 2
vendor_id	: GenuineIntel
cpu family	: 6
model		: 58
model name	: Intel(R) Core(TM) i7-3630QM CPU @ 2.40GHz
stepping	: 9
microcode	: 0x12
cpu MHz		: 1840.687
cache size	: 6144 KB
physical id	: 0
siblings	: 8
core id		: 1
cpu cores	: 4
apicid		: 2
initial apicid	: 2
fpu		: yes
fpu_exception	: yes
cpuid level	: 13
wp		: yes
flags		: fpu vme de pse tsc msr pae mce cx8 apic sep mtrr pge mca cmov pat pse36 clflush dts acpi mmx fxsr sse sse2 ss ht tm pbe syscall nx rdtscp lm constant_tsc arch_perfmon pebs bts rep_good nopl xtopology nonstop_tsc aperfmperf eagerfpu pni pclmulqdq dtes64 monitor ds_cpl vmx est tm2 ssse3 cx16 xtpr pdcm pcid sse4_1 sse4_2 x2apic popcnt tsc_deadline_timer aes xsave avx f16c rdrand lahf_lm ida arat epb pln pts dtherm tpr_shadow vnmi flexpriority ept vpid fsgsbase smep erms xsaveopt
bugs		:
bogomips	: 4791.85
clflush size	: 64
cache_alignment	: 64
address sizes	: 36 bits physical, 48 bits virtual
power management:

processor	: 3
vendor_id	: GenuineIntel
cpu family	: 6
model		: 58
model name	: Intel(R) Core(TM) i7-3630QM CPU @ 2.40GHz
stepping	: 9
microcode	: 0x12
cpu MHz		: 2041.406
cache size	: 6144 KB
physical id	: 0
siblings	: 8
core id		: 1
cpu cores	: 4
apicid		: 3
initial apicid	: 3
fpu		: yes
fpu_exception	: yes
cpuid level	: 13
wp		: yes
flags		: fpu vme de pse tsc msr pae mce cx8 apic sep mtrr pge mca cmov pat pse36 clflush dts acpi mmx fxsr sse sse2 ss ht tm pbe syscall nx rdtscp lm constant_tsc arch_perfmon pebs bts rep_good nopl xtopology nonstop_tsc aperfmperf eagerfpu pni pclmulqdq dtes64 monitor ds_cpl vmx est tm2 ssse3 cx16 xtpr pdcm pcid sse4_1 sse4_2 x2apic popcnt tsc_deadline_timer aes xsave avx f16c rdrand lahf_lm ida arat epb pln pts dtherm tpr_shadow vnmi flexpriority ept vpid fsgsbase smep erms xsaveopt
bugs		:
bogomips	: 4791.85
clflush size	: 64
cache_alignment	: 64
address sizes	: 36 bits physical, 48 bits virtual
power management:

processor	: 4
vendor_id	: GenuineIntel
cpu family	: 6
model		: 58
model name	: Intel(R) Core(TM) i7-3630QM CPU @ 2.40GHz
stepping	: 9
microcode	: 0x12
cpu MHz		: 1504.312
cache size	: 6144 KB
physical id	: 0
siblings	: 8
core id		: 2
cpu cores	: 4
apicid		: 4
initial apicid	: 4
fpu		: yes
fpu_exception	: yes
cpuid level	: 13
wp		: yes
flags		: fpu vme de pse tsc msr pae mce cx8 apic sep mtrr pge mca cmov pat pse36 clflush dts acpi mmx fxsr sse sse2 ss ht tm pbe syscall nx rdtscp lm constant_tsc arch_perfmon pebs bts rep_good nopl xtopology nonstop_tsc aperfmperf eagerfpu pni pclmulqdq dtes64 monitor ds_cpl vmx est tm2 ssse3 cx16 xtpr pdcm pcid sse4_1 sse4_2 x2apic popcnt tsc_deadline_timer aes xsave avx f16c rdrand lahf_lm ida arat epb pln pts dtherm tpr_shadow vnmi flexpriority ept vpid fsgsbase smep erms xsaveopt
bugs		:
bogomips	: 4791.85
clflush size	: 64
cache_alignment	: 64
address sizes	: 36 bits physical, 48 bits virtual
power management:

processor	: 5
vendor_id	: GenuineIntel
cpu family	: 6
model		: 58
model name	: Intel(R) Core(TM) i7-3630QM CPU @ 2.40GHz
stepping	: 9
microcode	: 0x12
cpu MHz		: 1847.718
cache size	: 6144 KB
physical id	: 0
siblings	: 8
core id		: 2
cpu cores	: 4
apicid		: 5
initial apicid	: 5
fpu		: yes
fpu_exception	: yes
cpuid level	: 13
wp		: yes
flags		: fpu vme de pse tsc msr pae mce cx8 apic sep mtrr pge mca cmov pat pse36 clflush dts acpi mmx fxsr sse sse2 ss ht tm pbe syscall nx rdtscp lm constant_tsc arch_perfmon pebs bts rep_good nopl xtopology nonstop_tsc aperfmperf eagerfpu pni pclmulqdq dtes64 monitor ds_cpl vmx est tm2 ssse3 cx16 xtpr pdcm pcid sse4_1 sse4_2 x2apic popcnt tsc_deadline_timer aes xsave avx f16c rdrand lahf_lm ida arat epb pln pts dtherm tpr_shadow vnmi flexpriority ept vpid fsgsbase smep erms xsaveopt
bugs		:
bogomips	: 4791.85
clflush size	: 64
cache_alignment	: 64
address sizes	: 36 bits physical, 48 bits virtual
power management:

processor	: 6
vendor_id	: GenuineIntel
cpu family	: 6
model		: 58
model name	: Intel(R) Core(TM) i7-3630QM CPU @ 2.40GHz
stepping	: 9
microcode	: 0x12
cpu MHz		: 2315.906
cache size	: 6144 KB
physical id	: 0
siblings	: 8
core id		: 3
cpu cores	: 4
apicid		: 6
initial apicid	: 6
fpu		: yes
fpu_exception	: yes
cpuid level	: 13
wp		: yes
flags		: fpu vme de pse tsc msr pae mce cx8 apic sep mtrr pge mca cmov pat pse36 clflush dts acpi mmx fxsr sse sse2 ss ht tm pbe syscall nx rdtscp lm constant_tsc arch_perfmon pebs bts rep_good nopl xtopology nonstop_tsc aperfmperf eagerfpu pni pclmulqdq dtes64 monitor ds_cpl vmx est tm2 ssse3 cx16 xtpr pdcm pcid sse4_1 sse4_2 x2apic popcnt tsc_deadline_timer aes xsave avx f16c rdrand lahf_lm ida arat epb pln pts dtherm tpr_shadow vnmi flexpriority ept vpid fsgsbase smep erms xsaveopt
bugs		:
bogomips	: 4791.85
clflush size	: 64
cache_alignment	: 64
address sizes	: 36 bits physical, 48 bits virtual
power management:

processor	: 7
vendor_id	: GenuineIntel
cpu family	: 6
model		: 58
model name	: Intel(R) Core(TM) i7-3630QM CPU @ 2.40GHz
stepping	: 9
microcode	: 0x12
cpu MHz		: 2487.656
cache size	: 6144 KB
physical id	: 0
siblings	: 8
core id		: 3
cpu cores	: 4
apicid		: 7
initial apicid	: 7
fpu		: yes
fpu_exception	: yes
cpuid level	: 13
wp		: yes
flags		: fpu vme de pse tsc msr pae mce cx8 apic sep mtrr pge mca cmov pat pse36 clflush dts acpi mmx fxsr sse sse2 ss ht tm pbe syscall nx rdtscp lm constant_tsc arch_perfmon pebs bts rep_good nopl xtopology nonstop_tsc aperfmperf eagerfpu pni pclmulqdq dtes64 monitor ds_cpl vmx est tm2 ssse3 cx16 xtpr pdcm pcid sse4_1 sse4_2 x2apic popcnt tsc_deadline_timer aes xsave avx f16c rdrand lahf_lm ida arat epb pln pts dtherm tpr_shadow vnmi flexpriority ept vpid fsgsbase smep erms xsaveopt
bugs		:
bogomips	: 4791.85
clflush size	: 64
cache_alignment	: 64
address sizes	: 36 bits physical, 48 bits virtual
power management:



Memory: 4k page, physical 8126984k(5122936k free), swap 0k(0k free)

vm_info: OpenJDK 64-Bit Server VM (25.25-b02) for linux-amd64 JRE (1.8.0_25-b18), built on Nov 16 2014 16:13:29 by "builduser" with gcc 4.9.2

time: Tue Dec 16 14:59:16 2014
elapsed time: 89 seconds (0d 0h 1m 29s)

