#
# A fatal error has been detected by the Java Runtime Environment:
#
#  SIGSEGV (0xb) at pc=0x0000000000000000, pid=29977, tid=140526902249216
#
# JRE version: OpenJDK Runtime Environment (8.0_25-b18) (build 1.8.0_25-b18)
# Java VM: OpenJDK 64-Bit Server VM (25.25-b02 mixed mode linux-amd64 compressed oops)
# Problematic frame:
# C  0x0000000000000000
#
# Failed to write core dump. Core dumps have been disabled. To enable core dumping, try "ulimit -c unlimited" before starting Java again
#
# If you would like to submit a bug report, please visit:
#   http://bugreport.sun.com/bugreport/crash.jsp
#

---------------  T H R E A D  ---------------

Current thread is native thread

siginfo: si_signo: 11 (SIGSEGV), si_code: 1 (SEGV_MAPERR), si_addr: 0x0000000000000000

Registers:
RAX=0x00007fcef9cdd7c0, RBX=0x0000000000000400, RCX=0x00007fcf58382780, RDX=0x00007fcf58382780
RSP=0x00007fcef816fd58, RBP=0x00007fcf5836d610, RSI=0x0000000000000000, RDI=0x00007fcf5836d610
R8 =0x0000000000569000, R9 =0x0000000000000001, R10=0x00007fcf5836d634, R11=0x0000000000000000
R12=0x00007fcf583717a0, R13=0x0000000000012000, R14=0x0000000000001000, R15=0x00007fcef816ff08
RIP=0x0000000000000000, EFLAGS=0x0000000000010246, CSGSFS=0x0000000000000033, ERR=0x0000000000000014
  TRAPNO=0x000000000000000e

Top of Stack: (sp=0x00007fcef816fd58)
0x00007fcef816fd58:   00007fcef9aa64d1 0000000000000008
0x00007fcef816fd68:   00007fcedc005b80 00007fcebb800000
0x00007fcef816fd78:   00007fcf5fad3379 0000000000000000
0x00007fcef816fd88:   00007fcef93e8152 00007fcf5833f140
0x00007fcef816fd98:   0000000000000000 0000000000000000
0x00007fcef816fda8:   0000000000000000 00007fcf5836c440
0x00007fcef816fdb8:   00007fcf583690f0 0000000000002000
0x00007fcef816fdc8:   00007fcef93f057a 0000000000000005
0x00007fcef816fdd8:   00007fced4000fb0 0000000000000000
0x00007fcef816fde8:   5700000000000001 0000000000002000
0x00007fcef816fdf8:   00007fcef93f208b 0000000000000000
0x00007fcef816fe08:   0000000000000000 0000000000000000
0x00007fcef816fe18:   0000000000000000 0000000000000000
0x00007fcef816fe28:   0000000000002000 00007fcf583690f0
0x00007fcef816fe38:   00007fcef816ff08 00007fcef816ff00
0x00007fcef816fe48:   00007fcf583717a0 00007fcf5836c478
0x00007fcef816fe58:   00007fcef9861ba2 00007fcee424f040
0x00007fcef816fe68:   00007fcee445f040 00000400f816feb0
0x00007fcef816fe78:   00007fcef816fe90 0000000000000000
0x00007fcef816fe88:   00007fcef9866df2 00001fa00000037f
0x00007fcef816fe98:   00007fcef93d299f 00007fcf5836c440
0x00007fcef816fea8:   0000000000002000 00007fcf5833f8e0
0x00007fcef816feb8:   0000000000000000 00007fcf5836d610
0x00007fcef816fec8:   0000000000000008 00007fcef816ff08
0x00007fcef816fed8:   00007fcef9abc544 0000000000000000
0x00007fcef816fee8:   00007fcef816ff00 0000000000002000
0x00007fcef816fef8:   0000000000006000 00007fcee445f040
0x00007fcef816ff08:   0000000000002000 0000000000000000
0x00007fcef816ff18:   00007fcf58369c40 0000000000000000
0x00007fcef816ff28:   00007fcf5fec9400 0000000000000000
0x00007fcef816ff38:   00007fcef8170700 0000000000000000
0x00007fcef816ff48:   00007fcef9aaf73a 0000000000000000 

Instructions: (pc=0x0000000000000000)
0xffffffffffffffe0:   

Register to memory mapping:

RAX=0x00007fcef9cdd7c0: <offset 0x2577c0> in /tmp/libgdximalerich/7b43be9b/libopenal64.so at 0x00007fcef9a86000
RBX=0x0000000000000400 is an unknown value
RCX=0x00007fcf58382780 is an unknown value
RDX=0x00007fcf58382780 is an unknown value
RSP=0x00007fcef816fd58 is an unknown value
RBP=0x00007fcf5836d610 is an unknown value
RSI=0x0000000000000000 is an unknown value
RDI=0x00007fcf5836d610 is an unknown value
R8 =0x0000000000569000 is an unknown value
R9 =0x0000000000000001 is an unknown value
R10=0x00007fcf5836d634 is an unknown value
R11=0x0000000000000000 is an unknown value
R12=0x00007fcf583717a0 is an unknown value
R13=0x0000000000012000 is an unknown value
R14=0x0000000000001000 is an unknown value
R15=0x00007fcef816ff08 is an unknown value


Stack: [0x00007fcef8070000,0x00007fcef8171000],  sp=0x00007fcef816fd58,  free space=1023k

---------------  P R O C E S S  ---------------

VM state:at safepoint (shutting down)

VM Mutex/Monitor currently owned by a thread:  ([mutex/lock_event])
[0x00007fcf58007630] Threads_lock - owner thread: 0x00007fcf5807a800

Heap:
 PSYoungGen      total 37888K, used 23577K [0x00000000d6a00000, 0x00000000d9400000, 0x0000000100000000)
  eden space 32768K, 57% used [0x00000000d6a00000,0x00000000d7c87fd8,0x00000000d8a00000)
  from space 5120K, 89% used [0x00000000d8a00000,0x00000000d8e7e6d0,0x00000000d8f00000)
  to   space 5120K, 0% used [0x00000000d8f00000,0x00000000d8f00000,0x00000000d9400000)
 ParOldGen       total 86016K, used 8K [0x0000000083e00000, 0x0000000089200000, 0x00000000d6a00000)
  object space 86016K, 0% used [0x0000000083e00000,0x0000000083e02000,0x0000000089200000)
 Metaspace       used 12198K, capacity 12345K, committed 12544K, reserved 1060864K
  class space    used 1138K, capacity 1214K, committed 1280K, reserved 1048576K

Card table byte_map: [0x00007fcf5cc8a000,0x00007fcf5d06c000] byte_map_base: 0x00007fcf5c86b000

Marking Bits: (ParMarkBitMap*) 0x00007fcf5f0cd780
 Begin Bits: [0x00007fcf401f0000, 0x00007fcf420f8000)
 End Bits:   [0x00007fcf420f8000, 0x00007fcf44000000)

Polling page: 0x00007fcf5feff000

CodeCache: size=245760Kb used=6795Kb max_used=6807Kb free=238964Kb
 bounds [0x00007fcf49000000, 0x00007fcf496b0000, 0x00007fcf58000000]
 total_blobs=2475 nmethods=1854 adapters=535
 compilation: enabled

Compilation events (10 events):
Event: 68.227 Thread 0x00007fcf580bb800 nmethod 1855 0x00007fcf496a8190 code [0x00007fcf496a8320, 0x00007fcf496a85f8]
Event: 68.227 Thread 0x00007fcf580bb800 1856       3       java.nio.DirectIntBufferU::isDirect (2 bytes)
Event: 68.227 Thread 0x00007fcf580bb800 nmethod 1856 0x00007fcf496a7e90 code [0x00007fcf496a7fe0, 0x00007fcf496a8130]
Event: 68.228 Thread 0x00007fcf580bb800 1857       1       com.badlogic.gdx.graphics.glutils.PixmapTextureData::isManaged (5 bytes)
Event: 68.228 Thread 0x00007fcf580bb800 nmethod 1857 0x00007fcf496a7bd0 code [0x00007fcf496a7d20, 0x00007fcf496a7e30]
Event: 68.228 Thread 0x00007fcf580bb800 1858       3       java.nio.ByteBuffer::arrayOffset (35 bytes)
Event: 68.228 Thread 0x00007fcf580bb800 nmethod 1858 0x00007fcf496a7610 code [0x00007fcf496a77a0, 0x00007fcf496a7a98]
Event: 68.260 Thread 0x00007fcf580b4800 1859       4       java.lang.Thread::isInterrupted (6 bytes)
Event: 68.261 Thread 0x00007fcf580b4800 nmethod 1859 0x00007fcf496aa510 code [0x00007fcf496aa660, 0x00007fcf496aa708]
Event: 68.261 Thread 0x00007fcf580bb800 1860       3       sun.util.calendar.BaseCalendar::getDayOfYear (26 bytes)

GC Heap History (2 events):
Event: 17.501 GC heap before
{Heap before GC invocations=1 (full 0):
 PSYoungGen      total 37888K, used 32768K [0x00000000d6a00000, 0x00000000d9400000, 0x0000000100000000)
  eden space 32768K, 100% used [0x00000000d6a00000,0x00000000d8a00000,0x00000000d8a00000)
  from space 5120K, 0% used [0x00000000d8f00000,0x00000000d8f00000,0x00000000d9400000)
  to   space 5120K, 0% used [0x00000000d8a00000,0x00000000d8a00000,0x00000000d8f00000)
 ParOldGen       total 86016K, used 0K [0x0000000083e00000, 0x0000000089200000, 0x00000000d6a00000)
  object space 86016K, 0% used [0x0000000083e00000,0x0000000083e00000,0x0000000089200000)
 Metaspace       used 12006K, capacity 12089K, committed 12160K, reserved 1060864K
  class space    used 1130K, capacity 1150K, committed 1152K, reserved 1048576K
Event: 17.508 GC heap after
Heap after GC invocations=1 (full 0):
 PSYoungGen      total 37888K, used 4601K [0x00000000d6a00000, 0x00000000d9400000, 0x0000000100000000)
  eden space 32768K, 0% used [0x00000000d6a00000,0x00000000d6a00000,0x00000000d8a00000)
  from space 5120K, 89% used [0x00000000d8a00000,0x00000000d8e7e6d0,0x00000000d8f00000)
  to   space 5120K, 0% used [0x00000000d8f00000,0x00000000d8f00000,0x00000000d9400000)
 ParOldGen       total 86016K, used 8K [0x0000000083e00000, 0x0000000089200000, 0x00000000d6a00000)
  object space 86016K, 0% used [0x0000000083e00000,0x0000000083e02000,0x0000000089200000)
 Metaspace       used 12006K, capacity 12089K, committed 12160K, reserved 1060864K
  class space    used 1130K, capacity 1150K, committed 1152K, reserved 1048576K
}

Deoptimization events (10 events):
Event: 27.570 Thread 0x00007fcf583fc000 Uncommon trap: reason=unreached action=reinterpret pc=0x00007fcf494fc9c8 method=com.badlogic.gdx.graphics.g2d.SpriteBatch.flush()V @ 159
Event: 27.570 Thread 0x00007fcf583fc000 Uncommon trap: reason=null_check action=make_not_entrant pc=0x00007fcf494e57b4 method=com.badlogic.gdx.utils.ObjectIntMap.get(Ljava/lang/Object;I)I @ 21
Event: 27.570 Thread 0x00007fcf583fc000 Uncommon trap: reason=null_check action=make_not_entrant pc=0x00007fcf495fcde4 method=com.badlogic.gdx.utils.ObjectIntMap.get(Ljava/lang/Object;I)I @ 21
Event: 27.571 Thread 0x00007fcf583fc000 Uncommon trap: reason=null_check action=make_not_entrant pc=0x00007fcf4941c538 method=com.badlogic.gdx.utils.ObjectIntMap.get(Ljava/lang/Object;I)I @ 21
Event: 27.572 Thread 0x00007fcf583fc000 Uncommon trap: reason=null_check action=make_not_entrant pc=0x00007fcf49492218 method=com.badlogic.gdx.utils.ObjectIntMap.get(Ljava/lang/Object;I)I @ 21
Event: 42.363 Thread 0x00007fcf583fc000 Uncommon trap: reason=null_check action=make_not_entrant pc=0x00007fcf4961b0b8 method=com.badlogic.gdx.utils.ObjectIntMap.get(Ljava/lang/Object;I)I @ 42
Event: 42.363 Thread 0x00007fcf583fc000 Uncommon trap: reason=null_check action=make_not_entrant pc=0x00007fcf49620d08 method=com.badlogic.gdx.utils.ObjectIntMap.get(Ljava/lang/Object;I)I @ 42
Event: 42.364 Thread 0x00007fcf583fc000 Uncommon trap: reason=unreached action=reinterpret pc=0x00007fcf496447d4 method=entity.Squad.draw(Lcom/badlogic/gdx/graphics/g2d/SpriteBatch;Lcom/mygdx/game/Camera;Z)V @ 66
Event: 68.230 Thread 0x00007fcecc002000 Uncommon trap: reason=class_check action=maybe_recompile pc=0x00007fcf49547448 method=java.util.concurrent.locks.AbstractQueuedSynchronizer.release(I)Z @ 2
Event: 68.260 Thread 0x00007fcecc002000 Uncommon trap: reason=class_check action=maybe_recompile pc=0x00007fcf49547448 method=java.util.concurrent.locks.AbstractQueuedSynchronizer.release(I)Z @ 2

Internal exceptions (10 events):
Event: 27.570 Thread 0x00007fcf583fc000 Implicit null exception at 0x00007fcf495fbb16 to 0x00007fcf495fcd99
Event: 27.571 Thread 0x00007fcf583fc000 Implicit null exception at 0x00007fcf4941c10c to 0x00007fcf4941c525
Event: 27.572 Thread 0x00007fcf583fc000 Implicit null exception at 0x00007fcf49491cf8 to 0x00007fcf494921dd
Event: 28.831 Thread 0x00007fcf583fc000 Exception <a 'java/security/PrivilegedActionException'> (0x00000000d6f49788) thrown at [/build/java8-openjdk/src/jdk8u-jdk8u25-b18/hotspot/src/share/vm/prims/jvm.cpp, line 1312]
Event: 28.832 Thread 0x00007fcf583fc000 Exception <a 'java/security/PrivilegedActionException'> (0x00000000d6f58650) thrown at [/build/java8-openjdk/src/jdk8u-jdk8u25-b18/hotspot/src/share/vm/prims/jvm.cpp, line 1312]
Event: 42.363 Thread 0x00007fcf583fc000 Implicit null exception at 0x00007fcf4961a98e to 0x00007fcf4961b0a5
Event: 42.363 Thread 0x00007fcf583fc000 Implicit null exception at 0x00007fcf4961fbf5 to 0x00007fcf49620ce5
Event: 68.228 Thread 0x00007fcf583fc000 Exception <a 'java/security/PrivilegedActionException'> (0x00000000d7b84b30) thrown at [/build/java8-openjdk/src/jdk8u-jdk8u25-b18/hotspot/src/share/vm/prims/jvm.cpp, line 1312]
Event: 68.229 Thread 0x00007fcec4004000 Exception <a 'java/security/PrivilegedActionException'> (0x00000000d7c25f38) thrown at [/build/java8-openjdk/src/jdk8u-jdk8u25-b18/hotspot/src/share/vm/prims/jvm.cpp, line 1312]
Event: 68.260 Thread 0x00007fcf583fc000 Exception <a 'java/security/PrivilegedActionException'> (0x00000000d7b9d4b0) thrown at [/build/java8-openjdk/src/jdk8u-jdk8u25-b18/hotspot/src/share/vm/prims/jvm.cpp, line 1312]

Events (10 events):
Event: 68.260 Executing VM operation: RevokeBias
Event: 68.260 Executing VM operation: RevokeBias done
Event: 68.260 Thread 0x00007fcecc002000 Uncommon trap: trap_request=0xffffffde fr.pc=0x00007fcf49547448
Event: 68.260 Thread 0x00007fcec4004000 Thread exited: 0x00007fcec4004000
Event: 68.260 Thread 0x00007fcecc002000 DEOPT PACKING pc=0x00007fcf49547448 sp=0x00007fcef806e940
Event: 68.260 Thread 0x00007fcecc002000 DEOPT UNPACKING pc=0x00007fcf49004f69 sp=0x00007fcef806e908 mode 2
Event: 68.260 loading class org/lwjgl/opengl/CallbackUtil
Event: 68.260 loading class org/lwjgl/opengl/CallbackUtil done
Event: 68.261 Thread 0x00007fcec4005000 Thread exited: 0x00007fcec4005000
Event: 68.261 Executing VM operation: Exit


Dynamic libraries:
00400000-00401000 r-xp 00000000 08:01 808857                             /usr/lib/jvm/java-8-openjdk/jre/bin/java
00600000-00601000 rw-p 00000000 08:01 808857                             /usr/lib/jvm/java-8-openjdk/jre/bin/java
017f4000-01815000 rw-p 00000000 00:00 0                                  [heap]
83e00000-89200000 rw-p 00000000 00:00 0 
89200000-d6a00000 ---p 00000000 00:00 0 
d6a00000-d9400000 rw-p 00000000 00:00 0 
d9400000-100000000 ---p 00000000 00:00 0 
100000000-100140000 rw-p 00000000 00:00 0 
100140000-140000000 ---p 00000000 00:00 0 
7fcebc000000-7fcebc021000 rw-p 00000000 00:00 0 
7fcebc021000-7fcec0000000 ---p 00000000 00:00 0 
7fcec4000000-7fcec4021000 rw-p 00000000 00:00 0 
7fcec4021000-7fcec8000000 ---p 00000000 00:00 0 
7fcec8000000-7fcec8021000 rw-p 00000000 00:00 0 
7fcec8021000-7fcecc000000 ---p 00000000 00:00 0 
7fcecc000000-7fcecc021000 rw-p 00000000 00:00 0 
7fcecc021000-7fced0000000 ---p 00000000 00:00 0 
7fced0000000-7fced0021000 rw-p 00000000 00:00 0 
7fced0021000-7fced4000000 ---p 00000000 00:00 0 
7fced4000000-7fced4021000 rw-p 00000000 00:00 0 
7fced4021000-7fced8000000 ---p 00000000 00:00 0 
7fced8000000-7fced9508000 rw-p 00000000 00:00 0 
7fced9508000-7fcedc000000 ---p 00000000 00:00 0 
7fcedc000000-7fcedc021000 rw-p 00000000 00:00 0 
7fcedc021000-7fcee0000000 ---p 00000000 00:00 0 
7fcee0f97000-7fcee1397000 rw-s 1c69a4000 00:05 7608                      /dev/nvidiactl
7fcee1397000-7fcee2d80000 r-xp 00000000 08:01 687867                     /usr/lib/libnvidia-glcore.so.343.36
7fcee2d80000-7fcee2d9e000 rwxp 019e9000 08:01 687867                     /usr/lib/libnvidia-glcore.so.343.36
7fcee2d9e000-7fcee322c000 r-xp 01a07000 08:01 687867                     /usr/lib/libnvidia-glcore.so.343.36
7fcee322c000-7fcee342b000 ---p 01e95000 08:01 687867                     /usr/lib/libnvidia-glcore.so.343.36
7fcee342b000-7fcee3fe2000 rw-p 01e94000 08:01 687867                     /usr/lib/libnvidia-glcore.so.343.36
7fcee3fe2000-7fcee3fff000 rw-p 00000000 00:00 0 
7fcee3fff000-7fcee8000000 rw-s 00000000 00:11 610919                     /dev/shm/pulse-shm-3096211400
7fcee8000000-7fcee8021000 rw-p 00000000 00:00 0 
7fcee8021000-7fceec000000 ---p 00000000 00:00 0 
7fceec2af000-7fceec2b2000 ---p 00000000 00:00 0 
7fceec2b2000-7fceec3b0000 rw-p 00000000 00:00 0 
7fceec3b0000-7fceec3b3000 ---p 00000000 00:00 0 
7fceec3b3000-7fceec5b1000 rw-p 00000000 00:00 0                          [stack:30324]
7fceec5b1000-7fceec6b1000 ---p 00000000 00:00 0 
7fceec6b1000-7fceec6b4000 ---p 00000000 00:00 0 
7fceec6b4000-7fceec7b2000 rw-p 00000000 00:00 0                          [stack:30323]
7fceec7b2000-7fceec7c3000 r-xp 00000000 08:01 808671                     /usr/lib/jvm/java-8-openjdk/jre/lib/amd64/libnio.so
7fceec7c3000-7fceec9c2000 ---p 00011000 08:01 808671                     /usr/lib/jvm/java-8-openjdk/jre/lib/amd64/libnio.so
7fceec9c2000-7fceec9c3000 rw-p 00010000 08:01 808671                     /usr/lib/jvm/java-8-openjdk/jre/lib/amd64/libnio.so
7fceec9c3000-7fceec9d9000 r-xp 00000000 08:01 808661                     /usr/lib/jvm/java-8-openjdk/jre/lib/amd64/libnet.so
7fceec9d9000-7fceecbd9000 ---p 00016000 08:01 808661                     /usr/lib/jvm/java-8-openjdk/jre/lib/amd64/libnet.so
7fceecbd9000-7fceecbda000 rw-p 00016000 08:01 808661                     /usr/lib/jvm/java-8-openjdk/jre/lib/amd64/libnet.so
7fceed5db000-7fceed9db000 rw-s 814ec000 00:05 7608                       /dev/nvidiactl
7fceed9db000-7fceedbdb000 rw-s 1dae0e000 00:05 7608                      /dev/nvidiactl
7fceedfc0000-7fceedfc3000 ---p 00000000 00:00 0 
7fceedfc3000-7fceee0c1000 rw-p 00000000 00:00 0 
7fceee0c1000-7fceee0dd000 r--s 00393000 08:01 131908                     /usr/lib/jvm/java-8-openjdk/jre/lib/ext/cldrdata.jar
7fceee0dd000-7fceee2dd000 rw-p 00000000 00:00 0 
7fceee2dd000-7fceee35d000 rw-s 8bfc7000 00:05 7608                       /dev/nvidiactl
7fceee45d000-7fceee55d000 rw-s 1db051000 00:05 7608                      /dev/nvidiactl
7fceee5dd000-7fceee6a1000 rw-s 241f5d000 00:05 7608                      /dev/nvidiactl
7fceee6a1000-7fceee6a4000 r-xp 00000000 08:01 687875                     /usr/lib/libnvidia-tls.so.343.36
7fceee6a4000-7fceee8a3000 ---p 00003000 08:01 687875                     /usr/lib/libnvidia-tls.so.343.36
7fceee8a3000-7fceee8a4000 rw-p 00002000 08:01 687875                     /usr/lib/libnvidia-tls.so.343.36
7fceee8a4000-7fceee96c000 r-xp 00000000 08:01 687908                     /usr/lib/nvidia/libGL.so.343.36
7fceee96c000-7fceee99b000 rwxp 000c8000 08:01 687908                     /usr/lib/nvidia/libGL.so.343.36
7fceee99b000-7fceee9b7000 r-xp 000f7000 08:01 687908                     /usr/lib/nvidia/libGL.so.343.36
7fceee9b7000-7fceeebb7000 ---p 00113000 08:01 687908                     /usr/lib/nvidia/libGL.so.343.36
7fceeebb7000-7fceeebdb000 rw-p 00113000 08:01 687908                     /usr/lib/nvidia/libGL.so.343.36
7fceeebdb000-7fceeebf2000 rw-p 00000000 00:00 0 
7fceeebf2000-7fceeebf5000 ---p 00000000 00:00 0 
7fceeebf5000-7fceeecf3000 rw-p 00000000 00:00 0                          [stack:30079]
7fceeecf3000-7fceeecf4000 ---p 00000000 00:00 0 
7fceeecf4000-7fceef4f4000 rw-p 00000000 00:00 0                          [stack:30043]
7fceef4f4000-7fceef508000 r-xp 00000000 08:01 658557                     /usr/lib/libresolv-2.20.so
7fceef508000-7fceef707000 ---p 00014000 08:01 658557                     /usr/lib/libresolv-2.20.so
7fceef707000-7fceef708000 r--p 00013000 08:01 658557                     /usr/lib/libresolv-2.20.so
7fceef708000-7fceef709000 rw-p 00014000 08:01 658557                     /usr/lib/libresolv-2.20.so
7fceef709000-7fceef70b000 rw-p 00000000 00:00 0 
7fceef70b000-7fceef720000 r-xp 00000000 08:01 658546                     /usr/lib/libnsl-2.20.so
7fceef720000-7fceef91f000 ---p 00015000 08:01 658546                     /usr/lib/libnsl-2.20.so
7fceef91f000-7fceef920000 r--p 00014000 08:01 658546                     /usr/lib/libnsl-2.20.so
7fceef920000-7fceef921000 rw-p 00015000 08:01 658546                     /usr/lib/libnsl-2.20.so
7fceef921000-7fceef923000 rw-p 00000000 00:00 0 
7fceef923000-7fceef929000 r-xp 00000000 08:01 689792                     /usr/lib/libogg.so.0.8.2
7fceef929000-7fceefb28000 ---p 00006000 08:01 689792                     /usr/lib/libogg.so.0.8.2
7fceefb28000-7fceefb29000 r--p 00005000 08:01 689792                     /usr/lib/libogg.so.0.8.2
7fceefb29000-7fceefb2a000 rw-p 00006000 08:01 689792                     /usr/lib/libogg.so.0.8.2
7fceefb2a000-7fceefb56000 r-xp 00000000 08:01 689800                     /usr/lib/libvorbis.so.0.4.7
7fceefb56000-7fceefd55000 ---p 0002c000 08:01 689800                     /usr/lib/libvorbis.so.0.4.7
7fceefd55000-7fceefd56000 r--p 0002b000 08:01 689800                     /usr/lib/libvorbis.so.0.4.7
7fceefd56000-7fceefd57000 rw-p 0002c000 08:01 689800                     /usr/lib/libvorbis.so.0.4.7
7fceefd57000-7fceefde4000 r-xp 00000000 08:01 689802                     /usr/lib/libvorbisenc.so.2.0.10
7fceefde4000-7fceeffe3000 ---p 0008d000 08:01 689802                     /usr/lib/libvorbisenc.so.2.0.10
7fceeffe3000-7fceeffff000 r--p 0008c000 08:01 689802                     /usr/lib/libvorbisenc.so.2.0.10
7fceeffff000-7fcef0000000 rw-p 000a8000 08:01 689802                     /usr/lib/libvorbisenc.so.2.0.10
7fcef0000000-7fcef0021000 rw-p 00000000 00:00 0 
7fcef0021000-7fcef4000000 ---p 00000000 00:00 0 
7fcef4000000-7fcef4021000 rw-p 00000000 00:00 0 
7fcef4021000-7fcef8000000 ---p 00000000 00:00 0 
7fcef8037000-7fcef803a000 ---p 00000000 00:00 0 
7fcef803a000-7fcef8070000 rw-p 00000000 00:00 0                          [stack:6099]
7fcef8070000-7fcef8071000 ---p 00000000 00:00 0 
7fcef8071000-7fcef8171000 rw-p 00000000 00:00 0                          [stack:30054]
7fcef8171000-7fcef81e3000 r-xp 00000000 08:01 689880                     /usr/lib/libFLAC.so.8.3.0
7fcef81e3000-7fcef83e2000 ---p 00072000 08:01 689880                     /usr/lib/libFLAC.so.8.3.0
7fcef83e2000-7fcef83e3000 r--p 00071000 08:01 689880                     /usr/lib/libFLAC.so.8.3.0
7fcef83e3000-7fcef83e4000 rw-p 00072000 08:01 689880                     /usr/lib/libFLAC.so.8.3.0
7fcef83e4000-7fcef83f5000 r-xp 00000000 08:01 666762                     /usr/lib/libgpg-error.so.0.13.0
7fcef83f5000-7fcef85f4000 ---p 00011000 08:01 666762                     /usr/lib/libgpg-error.so.0.13.0
7fcef85f4000-7fcef85f5000 r--p 00010000 08:01 666762                     /usr/lib/libgpg-error.so.0.13.0
7fcef85f5000-7fcef85f6000 rw-p 00011000 08:01 666762                     /usr/lib/libgpg-error.so.0.13.0
7fcef85f6000-7fcef86cd000 r-xp 00000000 08:01 666774                     /usr/lib/libgcrypt.so.20.0.2
7fcef86cd000-7fcef88cd000 ---p 000d7000 08:01 666774                     /usr/lib/libgcrypt.so.20.0.2
7fcef88cd000-7fcef88ce000 r--p 000d7000 08:01 666774                     /usr/lib/libgcrypt.so.20.0.2
7fcef88ce000-7fcef88d7000 rw-p 000d8000 08:01 666774                     /usr/lib/libgcrypt.so.20.0.2
7fcef88d7000-7fcef88e1000 r-xp 00000000 08:01 667025                     /usr/lib/liblz4.so.1.4.0
7fcef88e1000-7fcef8ae0000 ---p 0000a000 08:01 667025                     /usr/lib/liblz4.so.1.4.0
7fcef8ae0000-7fcef8ae1000 r--p 00009000 08:01 667025                     /usr/lib/liblz4.so.1.4.0
7fcef8ae1000-7fcef8ae2000 rw-p 0000a000 08:01 667025                     /usr/lib/liblz4.so.1.4.0
7fcef8ae2000-7fcef8b04000 r-xp 00000000 08:01 666663                     /usr/lib/liblzma.so.5.0.7
7fcef8b04000-7fcef8d03000 ---p 00022000 08:01 666663                     /usr/lib/liblzma.so.5.0.7
7fcef8d03000-7fcef8d04000 r--p 00021000 08:01 666663                     /usr/lib/liblzma.so.5.0.7
7fcef8d04000-7fcef8d05000 rw-p 00022000 08:01 666663                     /usr/lib/liblzma.so.5.0.7
7fcef8d05000-7fcef8d0a000 r-xp 00000000 08:01 689850                     /usr/lib/libasyncns.so.0.3.1
7fcef8d0a000-7fcef8f09000 ---p 00005000 08:01 689850                     /usr/lib/libasyncns.so.0.3.1
7fcef8f09000-7fcef8f0a000 r--p 00004000 08:01 689850                     /usr/lib/libasyncns.so.0.3.1
7fcef8f0a000-7fcef8f0b000 rw-p 00005000 08:01 689850                     /usr/lib/libasyncns.so.0.3.1
7fcef8f0b000-7fcef8f6c000 r-xp 00000000 08:01 689905                     /usr/lib/libsndfile.so.1.0.25
7fcef8f6c000-7fcef916c000 ---p 00061000 08:01 689905                     /usr/lib/libsndfile.so.1.0.25
7fcef916c000-7fcef916e000 r--p 00061000 08:01 689905                     /usr/lib/libsndfile.so.1.0.25
7fcef916e000-7fcef916f000 rw-p 00063000 08:01 689905                     /usr/lib/libsndfile.so.1.0.25
7fcef916f000-7fcef9173000 rw-p 00000000 00:00 0 
7fcef9173000-7fcef91ba000 r-xp 00000000 08:01 666312                     /usr/lib/libdbus-1.so.3.8.9
7fcef91ba000-7fcef93ba000 ---p 00047000 08:01 666312                     /usr/lib/libdbus-1.so.3.8.9
7fcef93ba000-7fcef93bb000 r--p 00047000 08:01 666312                     /usr/lib/libdbus-1.so.3.8.9
7fcef93bb000-7fcef93bc000 rw-p 00048000 08:01 666312                     /usr/lib/libdbus-1.so.3.8.9
7fcef93bc000-7fcef942d000 r-xp 00000000 08:01 689982                     /usr/lib/pulseaudio/libpulsecommon-5.0.so
7fcef942d000-7fcef962d000 ---p 00071000 08:01 689982                     /usr/lib/pulseaudio/libpulsecommon-5.0.so
7fcef962d000-7fcef962e000 r--p 00071000 08:01 689982                     /usr/lib/pulseaudio/libpulsecommon-5.0.so
7fcef962e000-7fcef9630000 rw-p 00072000 08:01 689982                     /usr/lib/pulseaudio/libpulsecommon-5.0.so
7fcef9630000-7fcef963a000 r-xp 00000000 08:01 689925                     /usr/lib/libjson-c.so.2.0.1
7fcef963a000-7fcef9839000 ---p 0000a000 08:01 689925                     /usr/lib/libjson-c.so.2.0.1
7fcef9839000-7fcef983a000 r--p 00009000 08:01 689925                     /usr/lib/libjson-c.so.2.0.1
7fcef983a000-7fcef983b000 rw-p 0000a000 08:01 689925                     /usr/lib/libjson-c.so.2.0.1
7fcef983b000-7fcef9885000 r-xp 00000000 08:01 689975                     /usr/lib/libpulse.so.0.17.3
7fcef9885000-7fcef9a84000 ---p 0004a000 08:01 689975                     /usr/lib/libpulse.so.0.17.3
7fcef9a84000-7fcef9a85000 r--p 00049000 08:01 689975                     /usr/lib/libpulse.so.0.17.3
7fcef9a85000-7fcef9a86000 rw-p 0004a000 08:01 689975                     /usr/lib/libpulse.so.0.17.3
7fcef9a86000-7fcef9adb000 r-xp 00000000 00:1f 147522                     /tmp/libgdximalerich/7b43be9b/libopenal64.so
7fcef9adb000-7fcef9cda000 ---p 00055000 00:1f 147522                     /tmp/libgdximalerich/7b43be9b/libopenal64.so
7fcef9cda000-7fcef9cdd000 r--p 00054000 00:1f 147522                     /tmp/libgdximalerich/7b43be9b/libopenal64.so
7fcef9cdd000-7fcef9cde000 rw-p 00057000 00:1f 147522                     /tmp/libgdximalerich/7b43be9b/libopenal64.so
7fcef9cde000-7fcef9cdf000 rw-p 00000000 00:00 0 
7fcef9cdf000-7fcef9ce4000 r-xp 00000000 08:01 681418                     /usr/lib/libXxf86vm.so.1.0.0
7fcef9ce4000-7fcef9ee3000 ---p 00005000 08:01 681418                     /usr/lib/libXxf86vm.so.1.0.0
7fcef9ee3000-7fcef9ee4000 r--p 00004000 08:01 681418                     /usr/lib/libXxf86vm.so.1.0.0
7fcef9ee4000-7fcef9ee5000 rw-p 00005000 08:01 681418                     /usr/lib/libXxf86vm.so.1.0.0
7fcef9ee5000-7fcef9eee000 r-xp 00000000 08:01 682129                     /usr/lib/libXrandr.so.2.2.0
7fcef9eee000-7fcefa0ed000 ---p 00009000 08:01 682129                     /usr/lib/libXrandr.so.2.2.0
7fcefa0ed000-7fcefa0ee000 r--p 00008000 08:01 682129                     /usr/lib/libXrandr.so.2.2.0
7fcefa0ee000-7fcefa0ef000 rw-p 00009000 08:01 682129                     /usr/lib/libXrandr.so.2.2.0
7fcefa0ef000-7fcefa15b000 r-xp 00000000 00:1f 147517                     /tmp/libgdximalerich/7b43be9b/liblwjgl64.so
7fcefa15b000-7fcefa35a000 ---p 0006c000 00:1f 147517                     /tmp/libgdximalerich/7b43be9b/liblwjgl64.so
7fcefa35a000-7fcefa35c000 r--p 0006b000 00:1f 147517                     /tmp/libgdximalerich/7b43be9b/liblwjgl64.so
7fcefa35c000-7fcefa35d000 rw-p 0006d000 00:1f 147517                     /tmp/libgdximalerich/7b43be9b/liblwjgl64.so
7fcefa35d000-7fcefa35e000 r-xp 00000000 08:01 808675                     /usr/lib/jvm/java-8-openjdk/jre/lib/amd64/libjawt.so
7fcefa35e000-7fcefa55d000 ---p 00001000 08:01 808675                     /usr/lib/jvm/java-8-openjdk/jre/lib/amd64/libjawt.so
7fcefa55d000-7fcefa55e000 rw-p 00000000 08:01 808675                     /usr/lib/jvm/java-8-openjdk/jre/lib/amd64/libjawt.so
7fcefa55e000-7fcefa561000 ---p 00000000 00:00 0 
7fcefa561000-7fcefa65f000 rw-p 00000000 00:00 0                          [stack:30038]
7fcefa65f000-7fcefa664000 r-xp 00000000 08:01 681427                     /usr/lib/libXfixes.so.3.1.0
7fcefa664000-7fcefa863000 ---p 00005000 08:01 681427                     /usr/lib/libXfixes.so.3.1.0
7fcefa863000-7fcefa864000 r--p 00004000 08:01 681427                     /usr/lib/libXfixes.so.3.1.0
7fcefa864000-7fcefa865000 rw-p 00005000 08:01 681427                     /usr/lib/libXfixes.so.3.1.0
7fcefa865000-7fcefa86f000 r-xp 00000000 08:01 682213                     /usr/lib/libXcursor.so.1.0.2
7fcefa86f000-7fcefaa6e000 ---p 0000a000 08:01 682213                     /usr/lib/libXcursor.so.1.0.2
7fcefaa6e000-7fcefaa6f000 r--p 00009000 08:01 682213                     /usr/lib/libXcursor.so.1.0.2
7fcefaa6f000-7fcefaa70000 rw-p 0000a000 08:01 682213                     /usr/lib/libXcursor.so.1.0.2
7fcefaa77000-7fcefaa81000 r--s 00116000 08:01 131907                     /usr/lib/jvm/java-8-openjdk/jre/lib/ext/localedata.jar
7fcefaaa1000-7fcefab0f000 r-xp 00000000 08:01 666348                     /usr/lib/libpcre.so.1.2.4
7fcefab0f000-7fcefad0e000 ---p 0006e000 08:01 666348                     /usr/lib/libpcre.so.1.2.4
7fcefad0e000-7fcefad0f000 r--p 0006d000 08:01 666348                     /usr/lib/libpcre.so.1.2.4
7fcefad0f000-7fcefad10000 rw-p 0006e000 08:01 666348                     /usr/lib/libpcre.so.1.2.4
7fcefad10000-7fcefad2c000 r-xp 00000000 08:01 676943                     /usr/lib/libgraphite2.so.3.0.1
7fcefad2c000-7fcefaf2b000 ---p 0001c000 08:01 676943                     /usr/lib/libgraphite2.so.3.0.1
7fcefaf2b000-7fcefaf2d000 r--p 0001b000 08:01 676943                     /usr/lib/libgraphite2.so.3.0.1
7fcefaf2d000-7fcefaf2e000 rw-p 0001d000 08:01 676943                     /usr/lib/libgraphite2.so.3.0.1
7fcefaf2e000-7fcefb03a000 r-xp 00000000 08:01 666564                     /usr/lib/libglib-2.0.so.0.4200.1
7fcefb03a000-7fcefb239000 ---p 0010c000 08:01 666564                     /usr/lib/libglib-2.0.so.0.4200.1
7fcefb239000-7fcefb23a000 r--p 0010b000 08:01 666564                     /usr/lib/libglib-2.0.so.0.4200.1
7fcefb23a000-7fcefb23b000 rw-p 0010c000 08:01 666564                     /usr/lib/libglib-2.0.so.0.4200.1
7fcefb23b000-7fcefb23c000 rw-p 00000000 00:00 0 
7fcefb23c000-7fcefb292000 r-xp 00000000 08:01 676955                     /usr/lib/libharfbuzz.so.0.936.0
7fcefb292000-7fcefb491000 ---p 00056000 08:01 676955                     /usr/lib/libharfbuzz.so.0.936.0
7fcefb491000-7fcefb493000 r--p 00055000 08:01 676955                     /usr/lib/libharfbuzz.so.0.936.0
7fcefb493000-7fcefb494000 rw-p 00057000 08:01 676955                     /usr/lib/libharfbuzz.so.0.936.0
7fcefb494000-7fcefb4c9000 r-xp 00000000 08:01 676920                     /usr/lib/libpng16.so.16.15.0
7fcefb4c9000-7fcefb6c8000 ---p 00035000 08:01 676920                     /usr/lib/libpng16.so.16.15.0
7fcefb6c8000-7fcefb6c9000 r--p 00034000 08:01 676920                     /usr/lib/libpng16.so.16.15.0
7fcefb6c9000-7fcefb6ca000 rw-p 00035000 08:01 676920                     /usr/lib/libpng16.so.16.15.0
7fcefb6ca000-7fcefb6d9000 r-xp 00000000 08:01 661599                     /usr/lib/libbz2.so.1.0.6
7fcefb6d9000-7fcefb8d8000 ---p 0000f000 08:01 661599                     /usr/lib/libbz2.so.1.0.6
7fcefb8d8000-7fcefb8da000 rw-p 0000e000 08:01 661599                     /usr/lib/libbz2.so.1.0.6
7fcefb8da000-7fcefb97d000 r-xp 00000000 08:01 676961                     /usr/lib/libfreetype.so.6.11.2
7fcefb97d000-7fcefbb7c000 ---p 000a3000 08:01 676961                     /usr/lib/libfreetype.so.6.11.2
7fcefbb7c000-7fcefbb82000 r--p 000a2000 08:01 676961                     /usr/lib/libfreetype.so.6.11.2
7fcefbb82000-7fcefbb83000 rw-p 000a8000 08:01 676961                     /usr/lib/libfreetype.so.6.11.2
7fcefbb83000-7fcefbbe4000 r-xp 00000000 08:01 808676                     /usr/lib/jvm/java-8-openjdk/jre/lib/amd64/libfontmanager.so
7fcefbbe4000-7fcefbde3000 ---p 00061000 08:01 808676                     /usr/lib/jvm/java-8-openjdk/jre/lib/amd64/libfontmanager.so
7fcefbde3000-7fcefbde7000 rw-p 00060000 08:01 808676                     /usr/lib/jvm/java-8-openjdk/jre/lib/amd64/libfontmanager.so
7fcefbde7000-7fcefbdfa000 rw-p 00000000 00:00 0 
7fcefbdfa000-7fcefbdff000 r-xp 00000000 08:01 676913                     /usr/lib/libXdmcp.so.6.0.0
7fcefbdff000-7fcefbffe000 ---p 00005000 08:01 676913                     /usr/lib/libXdmcp.so.6.0.0
7fcefbffe000-7fcefbfff000 r--p 00004000 08:01 676913                     /usr/lib/libXdmcp.so.6.0.0
7fcefbfff000-7fcefc000000 rw-p 00005000 08:01 676913                     /usr/lib/libXdmcp.so.6.0.0
7fcefc000000-7fcefc387000 rw-p 00000000 00:00 0 
7fcefc387000-7fcf00000000 ---p 00000000 00:00 0 
7fcf00000000-7fcf00021000 rw-p 00000000 00:00 0 
7fcf00021000-7fcf04000000 ---p 00000000 00:00 0 
7fcf04000000-7fcf04539000 rw-p 00000000 00:00 0 
7fcf04539000-7fcf08000000 ---p 00000000 00:00 0 
7fcf08000000-7fcf08a19000 rw-p 00000000 00:00 0 
7fcf08a19000-7fcf0c000000 ---p 00000000 00:00 0 
7fcf0c000000-7fcf0c021000 rw-p 00000000 00:00 0 
7fcf0c021000-7fcf10000000 ---p 00000000 00:00 0 
7fcf10000000-7fcf1136d000 rw-p 00000000 00:00 0 
7fcf1136d000-7fcf14000000 ---p 00000000 00:00 0 
7fcf14000000-7fcf14021000 rw-p 00000000 00:00 0 
7fcf14021000-7fcf18000000 ---p 00000000 00:00 0 
7fcf18000000-7fcf18021000 rw-p 00000000 00:00 0 
7fcf18021000-7fcf1c000000 ---p 00000000 00:00 0 
7fcf1c000000-7fcf1c021000 rw-p 00000000 00:00 0 
7fcf1c021000-7fcf20000000 ---p 00000000 00:00 0 
7fcf20000000-7fcf20021000 rw-p 00000000 00:00 0 
7fcf20021000-7fcf24000000 ---p 00000000 00:00 0 
7fcf24000000-7fcf24021000 rw-p 00000000 00:00 0 
7fcf24021000-7fcf28000000 ---p 00000000 00:00 0 
7fcf28000000-7fcf28002000 rw-p 00000000 00:00 0 
7fcf2802f000-7fcf28032000 ---p 00000000 00:00 0 
7fcf28032000-7fcf28130000 rw-p 00000000 00:00 0                          [stack:30035]
7fcf28130000-7fcf28132000 r-xp 00000000 08:01 677039                     /usr/lib/libXau.so.6.0.0
7fcf28132000-7fcf28332000 ---p 00002000 08:01 677039                     /usr/lib/libXau.so.6.0.0
7fcf28332000-7fcf28333000 r--p 00002000 08:01 677039                     /usr/lib/libXau.so.6.0.0
7fcf28333000-7fcf28334000 rw-p 00003000 08:01 677039                     /usr/lib/libXau.so.6.0.0
7fcf28334000-7fcf28355000 r-xp 00000000 08:01 679432                     /usr/lib/libxcb.so.1.1.0
7fcf28355000-7fcf28554000 ---p 00021000 08:01 679432                     /usr/lib/libxcb.so.1.1.0
7fcf28554000-7fcf28555000 r--p 00020000 08:01 679432                     /usr/lib/libxcb.so.1.1.0
7fcf28555000-7fcf28556000 rw-p 00021000 08:01 679432                     /usr/lib/libxcb.so.1.1.0
7fcf28556000-7fcf28565000 r-xp 00000000 08:01 682112                     /usr/lib/libXi.so.6.1.0
7fcf28565000-7fcf28765000 ---p 0000f000 08:01 682112                     /usr/lib/libXi.so.6.1.0
7fcf28765000-7fcf28766000 r--p 0000f000 08:01 682112                     /usr/lib/libXi.so.6.1.0
7fcf28766000-7fcf28767000 rw-p 00010000 08:01 682112                     /usr/lib/libXi.so.6.1.0
7fcf28767000-7fcf2876c000 r-xp 00000000 08:01 682265                     /usr/lib/libXtst.so.6.1.0
7fcf2876c000-7fcf2896b000 ---p 00005000 08:01 682265                     /usr/lib/libXtst.so.6.1.0
7fcf2896b000-7fcf2896c000 r--p 00004000 08:01 682265                     /usr/lib/libXtst.so.6.1.0
7fcf2896c000-7fcf2896d000 rw-p 00005000 08:01 682265                     /usr/lib/libXtst.so.6.1.0
7fcf2896d000-7fcf28976000 r-xp 00000000 08:01 682122                     /usr/lib/libXrender.so.1.3.0
7fcf28976000-7fcf28b75000 ---p 00009000 08:01 682122                     /usr/lib/libXrender.so.1.3.0
7fcf28b75000-7fcf28b76000 r--p 00008000 08:01 682122                     /usr/lib/libXrender.so.1.3.0
7fcf28b76000-7fcf28b77000 rw-p 00009000 08:01 682122                     /usr/lib/libXrender.so.1.3.0
7fcf28b77000-7fcf28cb2000 r-xp 00000000 08:01 680349                     /usr/lib/libX11.so.6.3.0
7fcf28cb2000-7fcf28eb1000 ---p 0013b000 08:01 680349                     /usr/lib/libX11.so.6.3.0
7fcf28eb1000-7fcf28eb3000 r--p 0013a000 08:01 680349                     /usr/lib/libX11.so.6.3.0
7fcf28eb3000-7fcf28eb8000 rw-p 0013c000 08:01 680349                     /usr/lib/libX11.so.6.3.0
7fcf28eb8000-7fcf28eb9000 rw-p 00000000 00:00 0 
7fcf28eb9000-7fcf28eca000 r-xp 00000000 08:01 681387                     /usr/lib/libXext.so.6.4.0
7fcf28eca000-7fcf290c9000 ---p 00011000 08:01 681387                     /usr/lib/libXext.so.6.4.0
7fcf290c9000-7fcf290ca000 r--p 00010000 08:01 681387                     /usr/lib/libXext.so.6.4.0
7fcf290ca000-7fcf290cb000 rw-p 00011000 08:01 681387                     /usr/lib/libXext.so.6.4.0
7fcf290cb000-7fcf2911f000 r-xp 00000000 08:01 808674                     /usr/lib/jvm/java-8-openjdk/jre/lib/amd64/libawt_xawt.so
7fcf2911f000-7fcf2931e000 ---p 00054000 08:01 808674                     /usr/lib/jvm/java-8-openjdk/jre/lib/amd64/libawt_xawt.so
7fcf2931e000-7fcf29321000 rw-p 00053000 08:01 808674                     /usr/lib/jvm/java-8-openjdk/jre/lib/amd64/libawt_xawt.so
7fcf29321000-7fcf29323000 rw-p 00000000 00:00 0 
7fcf29323000-7fcf293c3000 r-xp 00000000 08:01 808669                     /usr/lib/jvm/java-8-openjdk/jre/lib/amd64/libawt.so
7fcf293c3000-7fcf295c3000 ---p 000a0000 08:01 808669                     /usr/lib/jvm/java-8-openjdk/jre/lib/amd64/libawt.so
7fcf295c3000-7fcf295cf000 rw-p 000a0000 08:01 808669                     /usr/lib/jvm/java-8-openjdk/jre/lib/amd64/libawt.so
7fcf295cf000-7fcf295f3000 rw-p 00000000 00:00 0 
7fcf295f3000-7fcf29609000 r-xp 00000000 08:01 705807                     /usr/lib/libgcc_s.so.1
7fcf29609000-7fcf29808000 ---p 00016000 08:01 705807                     /usr/lib/libgcc_s.so.1
7fcf29808000-7fcf29809000 rw-p 00015000 08:01 705807                     /usr/lib/libgcc_s.so.1
7fcf29809000-7fcf298f9000 r-xp 00000000 08:01 705836                     /usr/lib/libstdc++.so.6.0.20
7fcf298f9000-7fcf29af9000 ---p 000f0000 08:01 705836                     /usr/lib/libstdc++.so.6.0.20
7fcf29af9000-7fcf29b01000 r--p 000f0000 08:01 705836                     /usr/lib/libstdc++.so.6.0.20
7fcf29b01000-7fcf29b03000 rw-p 000f8000 08:01 705836                     /usr/lib/libstdc++.so.6.0.20
7fcf29b03000-7fcf29b18000 rw-p 00000000 00:00 0 
7fcf29b18000-7fcf29b55000 r-xp 00000000 00:1f 144014                     /tmp/libgdximalerich/5502b6ed/libgdx64.so
7fcf29b55000-7fcf29d54000 ---p 0003d000 00:1f 144014                     /tmp/libgdximalerich/5502b6ed/libgdx64.so
7fcf29d54000-7fcf29d55000 r--p 0003c000 00:1f 144014                     /tmp/libgdximalerich/5502b6ed/libgdx64.so
7fcf29d55000-7fcf29d56000 rw-p 0003d000 00:1f 144014                     /tmp/libgdximalerich/5502b6ed/libgdx64.so
7fcf29d56000-7fcf29d57000 ---p 00000000 00:00 0 
7fcf29d57000-7fcf29e57000 rw-p 00000000 00:00 0 
7fcf29e57000-7fcf29e5a000 ---p 00000000 00:00 0 
7fcf29e5a000-7fcf29f58000 rw-p 00000000 00:00 0                          [stack:29999]
7fcf29f58000-7fcf29f5b000 ---p 00000000 00:00 0 
7fcf29f5b000-7fcf2a059000 rw-p 00000000 00:00 0                          [stack:29998]
7fcf2a059000-7fcf2a05c000 ---p 00000000 00:00 0 
7fcf2a05c000-7fcf2a15a000 rw-p 00000000 00:00 0                          [stack:29997]
7fcf2a15a000-7fcf2a15d000 ---p 00000000 00:00 0 
7fcf2a15d000-7fcf2a25b000 rw-p 00000000 00:00 0                          [stack:29996]
7fcf2a25b000-7fcf2a25e000 ---p 00000000 00:00 0 
7fcf2a25e000-7fcf2a35c000 rw-p 00000000 00:00 0                          [stack:29995]
7fcf2a35c000-7fcf2a35f000 ---p 00000000 00:00 0 
7fcf2a35f000-7fcf2a45d000 rw-p 00000000 00:00 0                          [stack:29994]
7fcf2a45d000-7fcf2a5e6000 r--p 00000000 08:01 676544                     /usr/lib/locale/locale-archive
7fcf2a5e6000-7fcf2a5e9000 ---p 00000000 00:00 0 
7fcf2a5e9000-7fcf2a6e7000 rw-p 00000000 00:00 0                          [stack:29993]
7fcf2a6e7000-7fcf2a6ea000 ---p 00000000 00:00 0 
7fcf2a6ea000-7fcf2a7e8000 rw-p 00000000 00:00 0                          [stack:29992]
7fcf2a7e8000-7fcf2a7e9000 ---p 00000000 00:00 0 
7fcf2a7e9000-7fcf2c000000 rw-p 00000000 00:00 0                          [stack:29991]
7fcf2c000000-7fcf2c021000 rw-p 00000000 00:00 0 
7fcf2c021000-7fcf30000000 ---p 00000000 00:00 0 
7fcf30000000-7fcf30021000 rw-p 00000000 00:00 0 
7fcf30021000-7fcf34000000 ---p 00000000 00:00 0 
7fcf34000000-7fcf34021000 rw-p 00000000 00:00 0 
7fcf34021000-7fcf38000000 ---p 00000000 00:00 0 
7fcf38000000-7fcf38021000 rw-p 00000000 00:00 0 
7fcf38021000-7fcf3c000000 ---p 00000000 00:00 0 
7fcf3c000000-7fcf3c021000 rw-p 00000000 00:00 0 
7fcf3c021000-7fcf40000000 ---p 00000000 00:00 0 
7fcf40008000-7fcf40009000 rw-s c2060000 00:05 7609                       /dev/nvidia0
7fcf40009000-7fcf40021000 r-xp 00000000 08:01 666794                     /usr/lib/libsystemd-journal.so.0.11.5
7fcf40021000-7fcf40022000 ---p 00018000 08:01 666794                     /usr/lib/libsystemd-journal.so.0.11.5
7fcf40022000-7fcf40023000 r--p 00018000 08:01 666794                     /usr/lib/libsystemd-journal.so.0.11.5
7fcf40023000-7fcf40024000 rw-p 00019000 08:01 666794                     /usr/lib/libsystemd-journal.so.0.11.5
7fcf40024000-7fcf40037000 r--s 00345000 08:01 808618                     /usr/lib/jvm/java-8-openjdk/jre/lib/resources.jar
7fcf40037000-7fcf4003b000 r--s 00093000 08:01 808619                     /usr/lib/jvm/java-8-openjdk/jre/lib/jsse.jar
7fcf4003b000-7fcf4003f000 r--s 00027000 08:02 7342661                    /home/imalerich/.gradle/caches/modules-2/files-2.1/org.lwjgl.lwjgl/lwjgl_util/2.9.1/290d7ba8a1bd9566f5ddf16ad06f09af5ec9b20e/lwjgl_util-2.9.1.jar
7fcf4003f000-7fcf4004d000 r--s 000ea000 08:02 7342653                    /home/imalerich/.gradle/caches/modules-2/files-2.1/org.lwjgl.lwjgl/lwjgl/2.9.1/f58c5aabcef0e41718a564be9f8e412fff8db847/lwjgl-2.9.1.jar
7fcf4004d000-7fcf4004e000 r--s 0008b000 08:02 7342643                    /home/imalerich/.gradle/caches/modules-2/files-2.1/org.lwjgl.lwjgl/lwjgl-platform/2.9.1/aa9aae879af8eb378e22cfc64db56ec2ca9a44d1/lwjgl-platform-2.9.1-natives-linux.jar
7fcf4004e000-7fcf4004f000 r--s 00095000 08:02 7342647                    /home/imalerich/.gradle/caches/modules-2/files-2.1/org.lwjgl.lwjgl/lwjgl-platform/2.9.1/4c517eca808522457dd95ee8fc1fbcdbb602efbe/lwjgl-platform-2.9.1-natives-windows.jar
7fcf4004f000-7fcf40050000 r--s 00080000 08:02 7342645                    /home/imalerich/.gradle/caches/modules-2/files-2.1/org.lwjgl.lwjgl/lwjgl-platform/2.9.1/2d12c83fdfbc04ecabf02c7bc8cc54d034f0daac/lwjgl-platform-2.9.1-natives-osx.jar
7fcf40050000-7fcf40052000 r--s 00017000 08:02 7342665                    /home/imalerich/.gradle/caches/modules-2/files-2.1/org.jcraft/jorbis/0.0.17/8872d22b293e8f5d7d56ff92be966e6dc28ebdc6/jorbis-0.0.17.jar
7fcf40052000-7fcf4006b000 r--s 0017e000 08:02 6824992                    /home/imalerich/.gradle/caches/modules-2/files-2.1/com.badlogicgames.gdx/gdx/1.3.1/18995f8b7b19118975722370818023c76a86fdf4/gdx-1.3.1.jar
7fcf4006b000-7fcf44000000 rw-p 00000000 00:00 0 
7fcf44000000-7fcf44021000 rw-p 00000000 00:00 0 
7fcf44021000-7fcf48000000 ---p 00000000 00:00 0 
7fcf48000000-7fcf48001000 r--s 00001000 08:02 7342649                    /home/imalerich/.gradle/caches/modules-2/files-2.1/net.java.jutils/jutils/1.0.0/e12fe1fda814bd348c1579329c86943d2cd3c6a6/jutils-1.0.0.jar
7fcf48001000-7fcf48005000 r--s 0002f000 08:02 7342651                    /home/imalerich/.gradle/caches/modules-2/files-2.1/net.java.jinput/jinput/2.0.5/39c7796b469a600f72380316f6b1f11db6c2c7c4/jinput-2.0.5.jar
7fcf48005000-7fcf48006000 r--s 00002000 08:02 7342655                    /home/imalerich/.gradle/caches/modules-2/files-2.1/net.java.jinput/jinput-platform/2.0.5/7ff832a6eb9ab6a767f1ade2b548092d0fa64795/jinput-platform-2.0.5-natives-linux.jar
7fcf48006000-7fcf48007000 r--s 00002000 08:02 7342657                    /home/imalerich/.gradle/caches/modules-2/files-2.1/net.java.jinput/jinput-platform/2.0.5/53f9c919f34d2ca9de8c51fc4e1e8282029a9232/jinput-platform-2.0.5-natives-osx.jar
7fcf48007000-7fcf48008000 r--s 00025000 08:02 7342659                    /home/imalerich/.gradle/caches/modules-2/files-2.1/net.java.jinput/jinput-platform/2.0.5/385ee093e01f587f30ee1c8a2ee7d408fd732e16/jinput-platform-2.0.5-natives-windows.jar
7fcf48008000-7fcf48009000 r--s 00015000 08:02 7342663                    /home/imalerich/.gradle/caches/modules-2/files-2.1/com.badlogicgames.jlayer/jlayer/1.0.1-gdx/7cca83cec5c1b2f011362f4d85aabd71a73b049d/jlayer-1.0.1-gdx.jar
7fcf48009000-7fcf4800a000 r--s 000cd000 08:02 6430306                    /home/imalerich/.gradle/caches/modules-2/files-2.1/com.badlogicgames.gdx/gdx-platform/1.3.1/88596abf3fdd2ea4662e67d59c3c05b07b0d859b/gdx-platform-1.3.1-natives-desktop.jar
7fcf4800a000-7fcf4800b000 r--s 00133000 08:02 7342641                    /home/imalerich/.gradle/caches/modules-2/files-2.1/com.badlogicgames.gdx/gdx-controllers-platform/1.3.1/a1645f0dfb448fdfb181faa1b2bddac14ad2fd3d/gdx-controllers-platform-1.3.1-natives-desktop.jar
7fcf4800b000-7fcf4800e000 r--s 0001f000 08:02 7342637                    /home/imalerich/.gradle/caches/modules-2/files-2.1/com.badlogicgames.gdx/gdx-backend-lwjgl/1.3.1/8df8aa24811d137e88658508fba4c7bb6f27c8c9/gdx-backend-lwjgl-1.3.1.jar
7fcf4800e000-7fcf48252000 rw-p 00000000 00:00 0 
7fcf48252000-7fcf4841f000 r--s 03bb4000 08:01 808620                     /usr/lib/jvm/java-8-openjdk/jre/lib/rt.jar
7fcf4841f000-7fcf49000000 rw-p 00000000 00:00 0 
7fcf49000000-7fcf496b0000 rwxp 00000000 00:00 0 
7fcf496b0000-7fcf58000000 ---p 00000000 00:00 0 
7fcf58000000-7fcf5840e000 rw-p 00000000 00:00 0 
7fcf5840e000-7fcf5c000000 ---p 00000000 00:00 0 
7fcf5c000000-7fcf5c007000 r--s 0004c000 08:02 9444111                    /home/imalerich/dev/Artillery/Lib/kryonet-2.21-all.jar
7fcf5c007000-7fcf5c1ec000 rw-p 00000000 00:00 0 
7fcf5c1ec000-7fcf5c1ed000 ---p 00000000 00:00 0 
7fcf5c1ed000-7fcf5c2ed000 rw-p 00000000 00:00 0                          [stack:29990]
7fcf5c2ed000-7fcf5c2ee000 ---p 00000000 00:00 0 
7fcf5c2ee000-7fcf5c3ee000 rw-p 00000000 00:00 0                          [stack:29989]
7fcf5c3ee000-7fcf5c3ef000 ---p 00000000 00:00 0 
7fcf5c3ef000-7fcf5c4ef000 rw-p 00000000 00:00 0                          [stack:29988]
7fcf5c4ef000-7fcf5c4f0000 ---p 00000000 00:00 0 
7fcf5c4f0000-7fcf5c5f0000 rw-p 00000000 00:00 0                          [stack:29987]
7fcf5c5f0000-7fcf5c5f1000 ---p 00000000 00:00 0 
7fcf5c5f1000-7fcf5c6f1000 rw-p 00000000 00:00 0                          [stack:29986]
7fcf5c6f1000-7fcf5c6f2000 ---p 00000000 00:00 0 
7fcf5c6f2000-7fcf5c7f2000 rw-p 00000000 00:00 0                          [stack:29985]
7fcf5c7f2000-7fcf5c7f3000 ---p 00000000 00:00 0 
7fcf5c7f3000-7fcf5c8f3000 rw-p 00000000 00:00 0                          [stack:29984]
7fcf5c8f3000-7fcf5c8f4000 ---p 00000000 00:00 0 
7fcf5c8f4000-7fcf5ca1e000 rw-p 00000000 00:00 0                          [stack:29983]
7fcf5ca1e000-7fcf5cc8a000 ---p 00000000 00:00 0 
7fcf5cc8a000-7fcf5ccb4000 rw-p 00000000 00:00 0 
7fcf5ccb4000-7fcf5cf20000 ---p 00000000 00:00 0 
7fcf5cf20000-7fcf5cf35000 rw-p 00000000 00:00 0 
7fcf5cf35000-7fcf5d06b000 ---p 00000000 00:00 0 
7fcf5d06b000-7fcf5d087000 rw-p 00000000 00:00 0 
7fcf5d087000-7fcf5d42c000 ---p 00000000 00:00 0 
7fcf5d42c000-7fcf5d434000 r-xp 00000000 08:01 808658                     /usr/lib/jvm/java-8-openjdk/jre/lib/amd64/libzip.so
7fcf5d434000-7fcf5d633000 ---p 00008000 08:01 808658                     /usr/lib/jvm/java-8-openjdk/jre/lib/amd64/libzip.so
7fcf5d633000-7fcf5d634000 rw-p 00007000 08:01 808658                     /usr/lib/jvm/java-8-openjdk/jre/lib/amd64/libzip.so
7fcf5d634000-7fcf5d63f000 r-xp 00000000 08:01 658558                     /usr/lib/libnss_files-2.20.so
7fcf5d63f000-7fcf5d83f000 ---p 0000b000 08:01 658558                     /usr/lib/libnss_files-2.20.so
7fcf5d83f000-7fcf5d840000 r--p 0000b000 08:01 658558                     /usr/lib/libnss_files-2.20.so
7fcf5d840000-7fcf5d841000 rw-p 0000c000 08:01 658558                     /usr/lib/libnss_files-2.20.so
7fcf5d841000-7fcf5d86e000 r-xp 00000000 08:01 808657                     /usr/lib/jvm/java-8-openjdk/jre/lib/amd64/libjava.so
7fcf5d86e000-7fcf5da6d000 ---p 0002d000 08:01 808657                     /usr/lib/jvm/java-8-openjdk/jre/lib/amd64/libjava.so
7fcf5da6d000-7fcf5da6f000 rw-p 0002c000 08:01 808657                     /usr/lib/jvm/java-8-openjdk/jre/lib/amd64/libjava.so
7fcf5da6f000-7fcf5da7c000 r-xp 00000000 08:01 808650                     /usr/lib/jvm/java-8-openjdk/jre/lib/amd64/libverify.so
7fcf5da7c000-7fcf5dc7b000 ---p 0000d000 08:01 808650                     /usr/lib/jvm/java-8-openjdk/jre/lib/amd64/libverify.so
7fcf5dc7b000-7fcf5dc7d000 rw-p 0000c000 08:01 808650                     /usr/lib/jvm/java-8-openjdk/jre/lib/amd64/libverify.so
7fcf5dc7d000-7fcf5dc84000 r-xp 00000000 08:01 658599                     /usr/lib/librt-2.20.so
7fcf5dc84000-7fcf5de83000 ---p 00007000 08:01 658599                     /usr/lib/librt-2.20.so
7fcf5de83000-7fcf5de84000 r--p 00006000 08:01 658599                     /usr/lib/librt-2.20.so
7fcf5de84000-7fcf5de85000 rw-p 00007000 08:01 658599                     /usr/lib/librt-2.20.so
7fcf5de85000-7fcf5df88000 r-xp 00000000 08:01 658585                     /usr/lib/libm-2.20.so
7fcf5df88000-7fcf5e188000 ---p 00103000 08:01 658585                     /usr/lib/libm-2.20.so
7fcf5e188000-7fcf5e189000 r--p 00103000 08:01 658585                     /usr/lib/libm-2.20.so
7fcf5e189000-7fcf5e18a000 rw-p 00104000 08:01 658585                     /usr/lib/libm-2.20.so
7fcf5e18a000-7fcf5edef000 r-xp 00000000 08:01 131921                     /usr/lib/jvm/java-8-openjdk/jre/lib/amd64/server/libjvm.so
7fcf5edef000-7fcf5efef000 ---p 00c65000 08:01 131921                     /usr/lib/jvm/java-8-openjdk/jre/lib/amd64/server/libjvm.so
7fcf5efef000-7fcf5f0bb000 rw-p 00c65000 08:01 131921                     /usr/lib/jvm/java-8-openjdk/jre/lib/amd64/server/libjvm.so
7fcf5f0bb000-7fcf5f0fa000 rw-p 00000000 00:00 0 
7fcf5f0fa000-7fcf5f294000 r-xp 00000000 08:01 658586                     /usr/lib/libc-2.20.so
7fcf5f294000-7fcf5f493000 ---p 0019a000 08:01 658586                     /usr/lib/libc-2.20.so
7fcf5f493000-7fcf5f497000 r--p 00199000 08:01 658586                     /usr/lib/libc-2.20.so
7fcf5f497000-7fcf5f499000 rw-p 0019d000 08:01 658586                     /usr/lib/libc-2.20.so
7fcf5f499000-7fcf5f49d000 rw-p 00000000 00:00 0 
7fcf5f49d000-7fcf5f4a0000 r-xp 00000000 08:01 658555                     /usr/lib/libdl-2.20.so
7fcf5f4a0000-7fcf5f69f000 ---p 00003000 08:01 658555                     /usr/lib/libdl-2.20.so
7fcf5f69f000-7fcf5f6a0000 r--p 00002000 08:01 658555                     /usr/lib/libdl-2.20.so
7fcf5f6a0000-7fcf5f6a1000 rw-p 00003000 08:01 658555                     /usr/lib/libdl-2.20.so
7fcf5f6a1000-7fcf5f6ae000 r-xp 00000000 08:01 131918                     /usr/lib/jvm/java-8-openjdk/jre/lib/amd64/jli/libjli.so
7fcf5f6ae000-7fcf5f8ad000 ---p 0000d000 08:01 131918                     /usr/lib/jvm/java-8-openjdk/jre/lib/amd64/jli/libjli.so
7fcf5f8ad000-7fcf5f8ae000 rw-p 0000c000 08:01 131918                     /usr/lib/jvm/java-8-openjdk/jre/lib/amd64/jli/libjli.so
7fcf5f8ae000-7fcf5f8c3000 r-xp 00000000 08:01 661607                     /usr/lib/libz.so.1.2.8
7fcf5f8c3000-7fcf5fac2000 ---p 00015000 08:01 661607                     /usr/lib/libz.so.1.2.8
7fcf5fac2000-7fcf5fac3000 r--p 00014000 08:01 661607                     /usr/lib/libz.so.1.2.8
7fcf5fac3000-7fcf5fac4000 rw-p 00015000 08:01 661607                     /usr/lib/libz.so.1.2.8
7fcf5fac4000-7fcf5fadb000 r-xp 00000000 08:01 658564                     /usr/lib/libpthread-2.20.so
7fcf5fadb000-7fcf5fcda000 ---p 00017000 08:01 658564                     /usr/lib/libpthread-2.20.so
7fcf5fcda000-7fcf5fcdb000 r--p 00016000 08:01 658564                     /usr/lib/libpthread-2.20.so
7fcf5fcdb000-7fcf5fcdc000 rw-p 00017000 08:01 658564                     /usr/lib/libpthread-2.20.so
7fcf5fcdc000-7fcf5fce0000 rw-p 00000000 00:00 0 
7fcf5fce0000-7fcf5fd02000 r-xp 00000000 08:01 658561                     /usr/lib/ld-2.20.so
7fcf5fd02000-7fcf5fd04000 r--s 00004000 08:02 7342639                    /home/imalerich/.gradle/caches/modules-2/files-2.1/com.badlogicgames.gdx/gdx-controllers-desktop/1.3.1/9485e5ad3740c8a44d9a600662dcbfdb6fa13c80/gdx-controllers-desktop-1.3.1.jar
7fcf5fd04000-7fcf5fd05000 r--s 00002000 08:02 6824994                    /home/imalerich/.gradle/caches/modules-2/files-2.1/com.badlogicgames.gdx/gdx-controllers/1.3.1/b6257423d255dc8fecfc38bd578dfb5ba1bf22bc/gdx-controllers-1.3.1.jar
7fcf5fd05000-7fcf5fdca000 rw-p 00000000 00:00 0 
7fcf5fdca000-7fcf5fdcd000 ---p 00000000 00:00 0 
7fcf5fdcd000-7fcf5fef6000 rw-p 00000000 00:00 0                          [stack:29982]
7fcf5fef6000-7fcf5fefe000 rw-s 00000000 00:1f 610904                     /tmp/hsperfdata_imalerich/29977 (deleted)
7fcf5fefe000-7fcf5feff000 rw-p 00000000 00:00 0 
7fcf5feff000-7fcf5ff00000 ---p 00000000 00:00 0 
7fcf5ff00000-7fcf5ff01000 rw-p 00000000 00:00 0 
7fcf5ff01000-7fcf5ff02000 r--p 00021000 08:01 658561                     /usr/lib/ld-2.20.so
7fcf5ff02000-7fcf5ff03000 rw-p 00022000 08:01 658561                     /usr/lib/ld-2.20.so
7fcf5ff03000-7fcf5ff04000 rw-p 00000000 00:00 0 
7fff348eb000-7fff3490c000 rw-p 00000000 00:00 0                          [stack]
7fff349fc000-7fff349fe000 r--p 00000000 00:00 0                          [vvar]
7fff349fe000-7fff34a00000 r-xp 00000000 00:00 0                          [vdso]
ffffffffff600000-ffffffffff601000 r-xp 00000000 00:00 0                  [vsyscall]

VM Arguments:
jvm_args: -Dfile.encoding=UTF-8 
java_command: com.mygdx.game.desktop.DesktopLauncher
java_class_path (initial): /home/imalerich/dev/Artillery/LGDX/desktop/bin:/home/imalerich/dev/Artillery/LGDX/core/bin:/home/imalerich/.gradle/caches/modules-2/files-2.1/com.badlogicgames.gdx/gdx-controllers/1.3.1/b6257423d255dc8fecfc38bd578dfb5ba1bf22bc/gdx-controllers-1.3.1.jar:/home/imalerich/.gradle/caches/modules-2/files-2.1/com.badlogicgames.gdx/gdx/1.3.1/18995f8b7b19118975722370818023c76a86fdf4/gdx-1.3.1.jar:/home/imalerich/dev/Artillery/Lib/kryonet-2.21-all.jar:/home/imalerich/.gradle/caches/modules-2/files-2.1/com.badlogicgames.gdx/gdx-backend-lwjgl/1.3.1/8df8aa24811d137e88658508fba4c7bb6f27c8c9/gdx-backend-lwjgl-1.3.1.jar:/home/imalerich/.gradle/caches/modules-2/files-2.1/com.badlogicgames.gdx/gdx-controllers-desktop/1.3.1/9485e5ad3740c8a44d9a600662dcbfdb6fa13c80/gdx-controllers-desktop-1.3.1.jar:/home/imalerich/.gradle/caches/modules-2/files-2.1/com.badlogicgames.gdx/gdx-controllers-platform/1.3.1/a1645f0dfb448fdfb181faa1b2bddac14ad2fd3d/gdx-controllers-platform-1.3.1-natives-desktop.jar:/home/imalerich/.gradle/caches/modules-2/files-2.1/com.badlogicgames.gdx/gdx-platform/1.3.1/88596abf3fdd2ea4662e67d59c3c05b07b0d859b/gdx-platform-1.3.1-natives-desktop.jar:/home/imalerich/.gradle/caches/modules-2/files-2.1/com.badlogicgames.jlayer/jlayer/1.0.1-gdx/7cca83cec5c1b2f011362f4d85aabd71a73b049d/jlayer-1.0.1-gdx.jar:/home/imalerich/.gradle/caches/modules-2/files-2.1/net.java.jinput/jinput-platform/2.0.5/385ee093e01f587f30ee1c8a2ee7d408fd732e16/jinput-platform-2.0.5-natives-windows.jar:/home/imalerich/.gradle/caches/modules-2/files-2.1/net.java.jinput/jinput-platform/2.0.5/53f9c919f34d2ca9de8c51fc4e1e8282029a9232/jinput-platform-2.0.5-natives-osx.jar:/home/imalerich/.gradle/caches/modules-2/files-2.1/net.java.jinput/jinput-platform/2.0.5/7ff832a6eb9ab6a767f1ade2b548092d0fa64795/jinput-platform-2.0.5-natives-linux.jar:/home/imalerich/.gradle/caches/modules-2/files-2.1/net.java.jinput/jinput/2.0.5/39c7796b469a600f72380316f6b1f11db6c2c7c4/jinput-2.0.5.jar:/home/imal
Launcher Type: SUN_STANDARD

Environment Variables:
PATH=/usr/local/sbin:/usr/local/bin:/usr/bin:/usr/lib/jvm/default/bin:/usr/bin/site_perl:/usr/bin/vendor_perl:/usr/bin/core_perl
SHELL=/bin/bash
DISPLAY=:0

Signal Handlers:
SIGSEGV: [libjvm.so+0xa606e0], sa_mask[0]=11111111011111111101111111111110, sa_flags=SA_RESTART|SA_SIGINFO
SIGBUS: [libjvm.so+0xa606e0], sa_mask[0]=11111111011111111101111111111110, sa_flags=SA_RESTART|SA_SIGINFO
SIGFPE: [libjvm.so+0x8b4a70], sa_mask[0]=11111111011111111101111111111110, sa_flags=SA_RESTART|SA_SIGINFO
SIGPIPE: [libjvm.so+0x8b4a70], sa_mask[0]=11111111011111111101111111111110, sa_flags=SA_RESTART|SA_SIGINFO
SIGXFSZ: [libjvm.so+0x8b4a70], sa_mask[0]=11111111011111111101111111111110, sa_flags=SA_RESTART|SA_SIGINFO
SIGILL: [libjvm.so+0x8b4a70], sa_mask[0]=11111111011111111101111111111110, sa_flags=SA_RESTART|SA_SIGINFO
SIGUSR1: SIG_DFL, sa_mask[0]=00000000000000000000000000000000, sa_flags=none
SIGUSR2: [libjvm.so+0x8b4920], sa_mask[0]=00100000000000000000000000000000, sa_flags=SA_RESTART|SA_SIGINFO
SIGHUP: [libjvm.so+0x8b4b40], sa_mask[0]=11111111011111111101111111111110, sa_flags=SA_RESTART|SA_SIGINFO
SIGINT: SIG_IGN, sa_mask[0]=00000000000000000000000000000000, sa_flags=none
SIGTERM: [libjvm.so+0x8b4b40], sa_mask[0]=11111111011111111101111111111110, sa_flags=SA_RESTART|SA_SIGINFO
SIGQUIT: [libjvm.so+0x8b4b40], sa_mask[0]=11111111011111111101111111111110, sa_flags=SA_RESTART|SA_SIGINFO


---------------  S Y S T E M  ---------------

OS:NAME="Arch Linux"
ID=arch
PRETTY_NAME="Arch Linux"
ANSI_COLOR="0;36"
HOME_URL="https://www.archlinux.org/"
SUPPORT_URL="https://bbs.archlinux.org/"
BUG_REPORT_URL="https://bugs.archlinux.org/"


uname:Linux 3.17.6-1-ARCH #1 SMP PREEMPT Sun Dec 7 23:43:32 UTC 2014 x86_64
libc:glibc 2.20 NPTL 2.20 
rlimit: STACK 8192k, CORE 0k, NPROC 31439, NOFILE 4096, AS infinity
load average:0.72 0.86 0.76

/proc/meminfo:
MemTotal:        8126984 kB
MemFree:         5201560 kB
MemAvailable:    6575252 kB
Buffers:           82908 kB
Cached:          1439812 kB
SwapCached:            0 kB
Active:          1826172 kB
Inactive:         834080 kB
Active(anon):    1139116 kB
Inactive(anon):    17748 kB
Active(file):     687056 kB
Inactive(file):   816332 kB
Unevictable:           4 kB
Mlocked:               4 kB
SwapTotal:             0 kB
SwapFree:              0 kB
Dirty:              1212 kB
Writeback:             0 kB
AnonPages:       1137560 kB
Mapped:           319328 kB
Shmem:             19328 kB
Slab:             109508 kB
SReclaimable:      78480 kB
SUnreclaim:        31028 kB
KernelStack:        6080 kB
PageTables:        11748 kB
NFS_Unstable:          0 kB
Bounce:                0 kB
WritebackTmp:          0 kB
CommitLimit:     4063492 kB
Committed_AS:    2120012 kB
VmallocTotal:   34359738367 kB
VmallocUsed:      141680 kB
VmallocChunk:   34359586300 kB
HardwareCorrupted:     0 kB
AnonHugePages:    735232 kB
HugePages_Total:       0
HugePages_Free:        0
HugePages_Rsvd:        0
HugePages_Surp:        0
Hugepagesize:       2048 kB
DirectMap4k:      204544 kB
DirectMap2M:     8130560 kB


CPU:total 8 (4 cores per cpu, 2 threads per core) family 6 model 58 stepping 9, cmov, cx8, fxsr, mmx, sse, sse2, sse3, ssse3, sse4.1, sse4.2, popcnt, avx, aes, clmul, erms, ht, tsc, tscinvbit, tscinv

/proc/cpuinfo:
processor	: 0
vendor_id	: GenuineIntel
cpu family	: 6
model		: 58
model name	: Intel(R) Core(TM) i7-3630QM CPU @ 2.40GHz
stepping	: 9
microcode	: 0x12
cpu MHz		: 1639.500
cache size	: 6144 KB
physical id	: 0
siblings	: 8
core id		: 0
cpu cores	: 4
apicid		: 0
initial apicid	: 0
fpu		: yes
fpu_exception	: yes
cpuid level	: 13
wp		: yes
flags		: fpu vme de pse tsc msr pae mce cx8 apic sep mtrr pge mca cmov pat pse36 clflush dts acpi mmx fxsr sse sse2 ss ht tm pbe syscall nx rdtscp lm constant_tsc arch_perfmon pebs bts rep_good nopl xtopology nonstop_tsc aperfmperf eagerfpu pni pclmulqdq dtes64 monitor ds_cpl vmx est tm2 ssse3 cx16 xtpr pdcm pcid sse4_1 sse4_2 x2apic popcnt tsc_deadline_timer aes xsave avx f16c rdrand lahf_lm ida arat epb pln pts dtherm tpr_shadow vnmi flexpriority ept vpid fsgsbase smep erms xsaveopt
bugs		:
bogomips	: 4791.85
clflush size	: 64
cache_alignment	: 64
address sizes	: 36 bits physical, 48 bits virtual
power management:

processor	: 1
vendor_id	: GenuineIntel
cpu family	: 6
model		: 58
model name	: Intel(R) Core(TM) i7-3630QM CPU @ 2.40GHz
stepping	: 9
microcode	: 0x12
cpu MHz		: 1453.312
cache size	: 6144 KB
physical id	: 0
siblings	: 8
core id		: 0
cpu cores	: 4
apicid		: 1
initial apicid	: 1
fpu		: yes
fpu_exception	: yes
cpuid level	: 13
wp		: yes
flags		: fpu vme de pse tsc msr pae mce cx8 apic sep mtrr pge mca cmov pat pse36 clflush dts acpi mmx fxsr sse sse2 ss ht tm pbe syscall nx rdtscp lm constant_tsc arch_perfmon pebs bts rep_good nopl xtopology nonstop_tsc aperfmperf eagerfpu pni pclmulqdq dtes64 monitor ds_cpl vmx est tm2 ssse3 cx16 xtpr pdcm pcid sse4_1 sse4_2 x2apic popcnt tsc_deadline_timer aes xsave avx f16c rdrand lahf_lm ida arat epb pln pts dtherm tpr_shadow vnmi flexpriority ept vpid fsgsbase smep erms xsaveopt
bugs		:
bogomips	: 4791.85
clflush size	: 64
cache_alignment	: 64
address sizes	: 36 bits physical, 48 bits virtual
power management:

processor	: 2
vendor_id	: GenuineIntel
cpu family	: 6
model		: 58
model name	: Intel(R) Core(TM) i7-3630QM CPU @ 2.40GHz
stepping	: 9
microcode	: 0x12
cpu MHz		: 1903.218
cache size	: 6144 KB
physical id	: 0
siblings	: 8
core id		: 1
cpu cores	: 4
apicid		: 2
initial apicid	: 2
fpu		: yes
fpu_exception	: yes
cpuid level	: 13
wp		: yes
flags		: fpu vme de pse tsc msr pae mce cx8 apic sep mtrr pge mca cmov pat pse36 clflush dts acpi mmx fxsr sse sse2 ss ht tm pbe syscall nx rdtscp lm constant_tsc arch_perfmon pebs bts rep_good nopl xtopology nonstop_tsc aperfmperf eagerfpu pni pclmulqdq dtes64 monitor ds_cpl vmx est tm2 ssse3 cx16 xtpr pdcm pcid sse4_1 sse4_2 x2apic popcnt tsc_deadline_timer aes xsave avx f16c rdrand lahf_lm ida arat epb pln pts dtherm tpr_shadow vnmi flexpriority ept vpid fsgsbase smep erms xsaveopt
bugs		:
bogomips	: 4791.85
clflush size	: 64
cache_alignment	: 64
address sizes	: 36 bits physical, 48 bits virtual
power management:

processor	: 3
vendor_id	: GenuineIntel
cpu family	: 6
model		: 58
model name	: Intel(R) Core(TM) i7-3630QM CPU @ 2.40GHz
stepping	: 9
microcode	: 0x12
cpu MHz		: 1528.500
cache size	: 6144 KB
physical id	: 0
siblings	: 8
core id		: 1
cpu cores	: 4
apicid		: 3
initial apicid	: 3
fpu		: yes
fpu_exception	: yes
cpuid level	: 13
wp		: yes
flags		: fpu vme de pse tsc msr pae mce cx8 apic sep mtrr pge mca cmov pat pse36 clflush dts acpi mmx fxsr sse sse2 ss ht tm pbe syscall nx rdtscp lm constant_tsc arch_perfmon pebs bts rep_good nopl xtopology nonstop_tsc aperfmperf eagerfpu pni pclmulqdq dtes64 monitor ds_cpl vmx est tm2 ssse3 cx16 xtpr pdcm pcid sse4_1 sse4_2 x2apic popcnt tsc_deadline_timer aes xsave avx f16c rdrand lahf_lm ida arat epb pln pts dtherm tpr_shadow vnmi flexpriority ept vpid fsgsbase smep erms xsaveopt
bugs		:
bogomips	: 4791.85
clflush size	: 64
cache_alignment	: 64
address sizes	: 36 bits physical, 48 bits virtual
power management:

processor	: 4
vendor_id	: GenuineIntel
cpu family	: 6
model		: 58
model name	: Intel(R) Core(TM) i7-3630QM CPU @ 2.40GHz
stepping	: 9
microcode	: 0x12
cpu MHz		: 1720.312
cache size	: 6144 KB
physical id	: 0
siblings	: 8
core id		: 2
cpu cores	: 4
apicid		: 4
initial apicid	: 4
fpu		: yes
fpu_exception	: yes
cpuid level	: 13
wp		: yes
flags		: fpu vme de pse tsc msr pae mce cx8 apic sep mtrr pge mca cmov pat pse36 clflush dts acpi mmx fxsr sse sse2 ss ht tm pbe syscall nx rdtscp lm constant_tsc arch_perfmon pebs bts rep_good nopl xtopology nonstop_tsc aperfmperf eagerfpu pni pclmulqdq dtes64 monitor ds_cpl vmx est tm2 ssse3 cx16 xtpr pdcm pcid sse4_1 sse4_2 x2apic popcnt tsc_deadline_timer aes xsave avx f16c rdrand lahf_lm ida arat epb pln pts dtherm tpr_shadow vnmi flexpriority ept vpid fsgsbase smep erms xsaveopt
bugs		:
bogomips	: 4791.85
clflush size	: 64
cache_alignment	: 64
address sizes	: 36 bits physical, 48 bits virtual
power management:

processor	: 5
vendor_id	: GenuineIntel
cpu family	: 6
model		: 58
model name	: Intel(R) Core(TM) i7-3630QM CPU @ 2.40GHz
stepping	: 9
microcode	: 0x12
cpu MHz		: 1823.718
cache size	: 6144 KB
physical id	: 0
siblings	: 8
core id		: 2
cpu cores	: 4
apicid		: 5
initial apicid	: 5
fpu		: yes
fpu_exception	: yes
cpuid level	: 13
wp		: yes
flags		: fpu vme de pse tsc msr pae mce cx8 apic sep mtrr pge mca cmov pat pse36 clflush dts acpi mmx fxsr sse sse2 ss ht tm pbe syscall nx rdtscp lm constant_tsc arch_perfmon pebs bts rep_good nopl xtopology nonstop_tsc aperfmperf eagerfpu pni pclmulqdq dtes64 monitor ds_cpl vmx est tm2 ssse3 cx16 xtpr pdcm pcid sse4_1 sse4_2 x2apic popcnt tsc_deadline_timer aes xsave avx f16c rdrand lahf_lm ida arat epb pln pts dtherm tpr_shadow vnmi flexpriority ept vpid fsgsbase smep erms xsaveopt
bugs		:
bogomips	: 4791.85
clflush size	: 64
cache_alignment	: 64
address sizes	: 36 bits physical, 48 bits virtual
power management:

processor	: 6
vendor_id	: GenuineIntel
cpu family	: 6
model		: 58
model name	: Intel(R) Core(TM) i7-3630QM CPU @ 2.40GHz
stepping	: 9
microcode	: 0x12
cpu MHz		: 2006.250
cache size	: 6144 KB
physical id	: 0
siblings	: 8
core id		: 3
cpu cores	: 4
apicid		: 6
initial apicid	: 6
fpu		: yes
fpu_exception	: yes
cpuid level	: 13
wp		: yes
flags		: fpu vme de pse tsc msr pae mce cx8 apic sep mtrr pge mca cmov pat pse36 clflush dts acpi mmx fxsr sse sse2 ss ht tm pbe syscall nx rdtscp lm constant_tsc arch_perfmon pebs bts rep_good nopl xtopology nonstop_tsc aperfmperf eagerfpu pni pclmulqdq dtes64 monitor ds_cpl vmx est tm2 ssse3 cx16 xtpr pdcm pcid sse4_1 sse4_2 x2apic popcnt tsc_deadline_timer aes xsave avx f16c rdrand lahf_lm ida arat epb pln pts dtherm tpr_shadow vnmi flexpriority ept vpid fsgsbase smep erms xsaveopt
bugs		:
bogomips	: 4791.85
clflush size	: 64
cache_alignment	: 64
address sizes	: 36 bits physical, 48 bits virtual
power management:

processor	: 7
vendor_id	: GenuineIntel
cpu family	: 6
model		: 58
model name	: Intel(R) Core(TM) i7-3630QM CPU @ 2.40GHz
stepping	: 9
microcode	: 0x12
cpu MHz		: 1752.000
cache size	: 6144 KB
physical id	: 0
siblings	: 8
core id		: 3
cpu cores	: 4
apicid		: 7
initial apicid	: 7
fpu		: yes
fpu_exception	: yes
cpuid level	: 13
wp		: yes
flags		: fpu vme de pse tsc msr pae mce cx8 apic sep mtrr pge mca cmov pat pse36 clflush dts acpi mmx fxsr sse sse2 ss ht tm pbe syscall nx rdtscp lm constant_tsc arch_perfmon pebs bts rep_good nopl xtopology nonstop_tsc aperfmperf eagerfpu pni pclmulqdq dtes64 monitor ds_cpl vmx est tm2 ssse3 cx16 xtpr pdcm pcid sse4_1 sse4_2 x2apic popcnt tsc_deadline_timer aes xsave avx f16c rdrand lahf_lm ida arat epb pln pts dtherm tpr_shadow vnmi flexpriority ept vpid fsgsbase smep erms xsaveopt
bugs		:
bogomips	: 4791.85
clflush size	: 64
cache_alignment	: 64
address sizes	: 36 bits physical, 48 bits virtual
power management:



Memory: 4k page, physical 8126984k(5202208k free), swap 0k(0k free)

vm_info: OpenJDK 64-Bit Server VM (25.25-b02) for linux-amd64 JRE (1.8.0_25-b18), built on Nov 16 2014 16:13:29 by "builduser" with gcc 4.9.2

