#
# A fatal error has been detected by the Java Runtime Environment:
#
#  SIGSEGV (0xb) at pc=0x0000000000000000, pid=25219, tid=140327373305600
#
# JRE version: OpenJDK Runtime Environment (8.0_25-b18) (build 1.8.0_25-b18)
# Java VM: OpenJDK 64-Bit Server VM (25.25-b02 mixed mode linux-amd64 compressed oops)
# Problematic frame:
# C  0x0000000000000000
#
# Failed to write core dump. Core dumps have been disabled. To enable core dumping, try "ulimit -c unlimited" before starting Java again
#
# If you would like to submit a bug report, please visit:
#   http://bugreport.sun.com/bugreport/crash.jsp
#

---------------  T H R E A D  ---------------

Current thread is native thread

siginfo: si_signo: 11 (SIGSEGV), si_code: 1 (SEGV_MAPERR), si_addr: 0x0000000000000000

Registers:
RAX=0x00007fa08a3337c0, RBX=0x0000000000000400, RCX=0x00007fa0b0346400, RDX=0x00007fa0b0346400
RSP=0x00007fa0833ced58, RBP=0x00007fa0b0331270, RSI=0x0000000000000000, RDI=0x00007fa0b0331270
R8 =0x00000000004bf000, R9 =0x0000000000000001, R10=0x0000000000000000, R11=0x0000000000000000
R12=0x00007fa0b0335400, R13=0x0000000000012000, R14=0x0000000000001000, R15=0x00007fa0833cef08
RIP=0x0000000000000000, EFLAGS=0x0000000000010246, CSGSFS=0x0000000000000033, ERR=0x0000000000000014
  TRAPNO=0x000000000000000e

Top of Stack: (sp=0x00007fa0833ced58)
0x00007fa0833ced58:   00007fa08a0fc4d1 0000000000000008
0x00007fa0833ced68:   00007fa040005b80 00007fa0bb800000
0x00007fa0833ced78:   00007fa0b820f379 0000000000000000
0x00007fa0833ced88:   00007fa089a3e152 00007fa0b02fc780
0x00007fa0833ced98:   0000000000000000 0000000000000000
0x00007fa0833ceda8:   0000000000000000 00007fa0b032da20
0x00007fa0833cedb8:   00007fa0b032d960 0000000000002000
0x00007fa0833cedc8:   00007fa089a4657a 0000000000000005
0x00007fa0833cedd8:   00007fa030000fb0 0000000000000000
0x00007fa0833cede8:   5700000000000001 0000000000002000
0x00007fa0833cedf8:   00007fa089a4808b 0000000000000000
0x00007fa0833cee08:   0000000000000000 0000000000000000
0x00007fa0833cee18:   0000000000000000 0000000000000000
0x00007fa0833cee28:   0000000000002000 00007fa0b032d960
0x00007fa0833cee38:   00007fa0833cef08 00007fa0833cef00
0x00007fa0833cee48:   00007fa0b0335400 00007fa0b032da58
0x00007fa0833cee58:   00007fa089eb7ba2 00007fa03806f040
0x00007fa0833cee68:   00007fa0381df040 00000400833ceeb0
0x00007fa0833cee78:   00007fa0833cee90 0000000000000000
0x00007fa0833cee88:   00007fa089ebcdf2 00001fa00000037f
0x00007fa0833cee98:   00007fa089a2899f 00007fa0b032da20
0x00007fa0833ceea8:   0000000000002000 00007fa0b0302fb0
0x00007fa0833ceeb8:   0000000000000000 00007fa0b0331270
0x00007fa0833ceec8:   0000000000000008 00007fa0833cef08
0x00007fa0833ceed8:   00007fa08a112544 0000000000000000
0x00007fa0833ceee8:   00007fa0833cef00 0000000000002000
0x00007fa0833ceef8:   0000000000006000 00007fa0381df040
0x00007fa0833cef08:   0000000000002000 0000000000000000
0x00007fa0833cef18:   00007fa0b0330d50 0000000000000000
0x00007fa0833cef28:   00007fa0b8605400 0000000000000000
0x00007fa0833cef38:   00007fa0833cf700 0000000000000000
0x00007fa0833cef48:   00007fa08a10573a 0000000000000000 

Instructions: (pc=0x0000000000000000)
0xffffffffffffffe0:   

Register to memory mapping:

RAX=0x00007fa08a3337c0: <offset 0x2577c0> in /tmp/libgdximalerich/7b43be9b/libopenal64.so at 0x00007fa08a0dc000
RBX=0x0000000000000400 is an unknown value
RCX=0x00007fa0b0346400 is an unknown value
RDX=0x00007fa0b0346400 is an unknown value
RSP=0x00007fa0833ced58 is an unknown value
RBP=0x00007fa0b0331270 is an unknown value
RSI=0x0000000000000000 is an unknown value
RDI=0x00007fa0b0331270 is an unknown value
R8 =0x00000000004bf000 is an unknown value
R9 =0x0000000000000001 is an unknown value
R10=0x0000000000000000 is an unknown value
R11=0x0000000000000000 is an unknown value
R12=0x00007fa0b0335400 is an unknown value
R13=0x0000000000012000 is an unknown value
R14=0x0000000000001000 is an unknown value
R15=0x00007fa0833cef08 is an unknown value


Stack: [0x00007fa0832cf000,0x00007fa0833d0000],  sp=0x00007fa0833ced58,  free space=1023k

---------------  P R O C E S S  ---------------

VM state:at safepoint (shutting down)

VM Mutex/Monitor currently owned by a thread:  ([mutex/lock_event])
[0x00007fa0b0007630] Threads_lock - owner thread: 0x00007fa0b007a800

Heap:
 PSYoungGen      total 37888K, used 20593K [0x00000000d6a00000, 0x00000000d9400000, 0x0000000100000000)
  eden space 32768K, 48% used [0x00000000d6a00000,0x00000000d799d2f8,0x00000000d8a00000)
  from space 5120K, 89% used [0x00000000d8a00000,0x00000000d8e7f228,0x00000000d8f00000)
  to   space 5120K, 0% used [0x00000000d8f00000,0x00000000d8f00000,0x00000000d9400000)
 ParOldGen       total 86016K, used 80K [0x0000000083e00000, 0x0000000089200000, 0x00000000d6a00000)
  object space 86016K, 0% used [0x0000000083e00000,0x0000000083e14010,0x0000000089200000)
 Metaspace       used 12179K, capacity 12345K, committed 12544K, reserved 1060864K
  class space    used 1138K, capacity 1214K, committed 1280K, reserved 1048576K

Card table byte_map: [0x00007fa0b53c6000,0x00007fa0b57a8000] byte_map_base: 0x00007fa0b4fa7000

Marking Bits: (ParMarkBitMap*) 0x00007fa0b7809780
 Begin Bits: [0x00007fa0981f0000, 0x00007fa09a0f8000)
 End Bits:   [0x00007fa09a0f8000, 0x00007fa09c000000)

Polling page: 0x00007fa0b863b000

CodeCache: size=245760Kb used=6804Kb max_used=6811Kb free=238955Kb
 bounds [0x00007fa0a1000000, 0x00007fa0a16b0000, 0x00007fa0b0000000]
 total_blobs=2476 nmethods=1855 adapters=535
 compilation: enabled

Compilation events (10 events):
Event: 56.831 Thread 0x00007fa0b00bb800 1855       3       physics.CombatPacket::getMoveDirection (131 bytes)
Event: 56.832 Thread 0x00007fa0b00bb800 nmethod 1855 0x00007fa0a1690b90 code [0x00007fa0a1690d20, 0x00007fa0a1691070]
Event: 57.365 Thread 0x00007fa0b00bb800 1856       3       ui.UnitDeployer::getSelected (32 bytes)
Event: 57.366 Thread 0x00007fa0b00bb800 nmethod 1856 0x00007fa0a167c250 code [0x00007fa0a167c3e0, 0x00007fa0a167c6d8]
Event: 57.800 Thread 0x00007fa0b00b7800 1857       4       entity.Squad::drawView (106 bytes)
Event: 57.815 Thread 0x00007fa0b00b7800 nmethod 1857 0x00007fa0a168cf90 code [0x00007fa0a168d160, 0x00007fa0a168d9d8]
Event: 58.168 Thread 0x00007fa0b00b9000 1858       4       com.badlogic.gdx.backends.lwjgl.LwjglGL20::glStencilOp (7 bytes)
Event: 58.170 Thread 0x00007fa0b00b9000 nmethod 1858 0x00007fa0a167a350 code [0x00007fa0a167a4c0, 0x00007fa0a167a5e8]
Event: 58.619 Thread 0x00007fa0b00bb800 1859       3       java.nio.ByteBuffer::arrayOffset (35 bytes)
Event: 58.620 Thread 0x00007fa0b00bb800 nmethod 1859 0x00007fa0a167bc50 code [0x00007fa0a167bde0, 0x00007fa0a167c0d8]

GC Heap History (2 events):
Event: 19.161 GC heap before
{Heap before GC invocations=1 (full 0):
 PSYoungGen      total 37888K, used 32768K [0x00000000d6a00000, 0x00000000d9400000, 0x0000000100000000)
  eden space 32768K, 100% used [0x00000000d6a00000,0x00000000d8a00000,0x00000000d8a00000)
  from space 5120K, 0% used [0x00000000d8f00000,0x00000000d8f00000,0x00000000d9400000)
  to   space 5120K, 0% used [0x00000000d8a00000,0x00000000d8a00000,0x00000000d8f00000)
 ParOldGen       total 86016K, used 0K [0x0000000083e00000, 0x0000000089200000, 0x00000000d6a00000)
  object space 86016K, 0% used [0x0000000083e00000,0x0000000083e00000,0x0000000089200000)
 Metaspace       used 11997K, capacity 12153K, committed 12416K, reserved 1060864K
  class space    used 1129K, capacity 1150K, committed 1152K, reserved 1048576K
Event: 19.168 GC heap after
Heap after GC invocations=1 (full 0):
 PSYoungGen      total 37888K, used 4604K [0x00000000d6a00000, 0x00000000d9400000, 0x0000000100000000)
  eden space 32768K, 0% used [0x00000000d6a00000,0x00000000d6a00000,0x00000000d8a00000)
  from space 5120K, 89% used [0x00000000d8a00000,0x00000000d8e7f228,0x00000000d8f00000)
  to   space 5120K, 0% used [0x00000000d8f00000,0x00000000d8f00000,0x00000000d9400000)
 ParOldGen       total 86016K, used 80K [0x0000000083e00000, 0x0000000089200000, 0x00000000d6a00000)
  object space 86016K, 0% used [0x0000000083e00000,0x0000000083e14010,0x0000000089200000)
 Metaspace       used 11997K, capacity 12153K, committed 12416K, reserved 1060864K
  class space    used 1129K, capacity 1150K, committed 1152K, reserved 1048576K
}

Deoptimization events (10 events):
Event: 30.150 Thread 0x00007fa0b03c0800 Uncommon trap: reason=null_check action=make_not_entrant pc=0x00007fa0a1505eb4 method=com.badlogic.gdx.utils.ObjectIntMap.get(Ljava/lang/Object;I)I @ 21
Event: 30.150 Thread 0x00007fa0b03c0800 Uncommon trap: reason=null_check action=make_not_entrant pc=0x00007fa0a159b684 method=com.badlogic.gdx.utils.ObjectIntMap.get(Ljava/lang/Object;I)I @ 21
Event: 30.167 Thread 0x00007fa0b03c0800 Uncommon trap: reason=null_check action=make_not_entrant pc=0x00007fa0a1514e00 method=com.badlogic.gdx.utils.ObjectIntMap.get(Ljava/lang/Object;I)I @ 21
Event: 30.167 Thread 0x00007fa0b03c0800 Uncommon trap: reason=null_check action=make_not_entrant pc=0x00007fa0a162109c method=com.badlogic.gdx.utils.ObjectIntMap.get(Ljava/lang/Object;I)I @ 42
Event: 41.399 Thread 0x00007fa0287b9000 Uncommon trap: reason=class_check action=maybe_recompile pc=0x00007fa0a14a35a0 method=com.esotericsoftware.kryo.io.ByteBufferOutputStream.write([BII)V @ 22
Event: 43.492 Thread 0x00007fa0b03c0800 Uncommon trap: reason=null_check action=make_not_entrant pc=0x00007fa0a162db64 method=com.badlogic.gdx.utils.ObjectIntMap.get(Ljava/lang/Object;I)I @ 63
Event: 43.492 Thread 0x00007fa0b03c0800 Uncommon trap: reason=null_check action=make_not_entrant pc=0x00007fa0a1629bf4 method=com.badlogic.gdx.utils.ObjectIntMap.get(Ljava/lang/Object;I)I @ 63
Event: 43.493 Thread 0x00007fa0b03c0800 Uncommon trap: reason=unreached action=reinterpret pc=0x00007fa0a1658158 method=entity.Squad.draw(Lcom/badlogic/gdx/graphics/g2d/SpriteBatch;Lcom/mygdx/game/Camera;Z)V @ 66
Event: 58.619 Thread 0x00007fa0287cd000 Uncommon trap: reason=unreached action=reinterpret pc=0x00007fa0a1484264 method=java.util.HashMap$HashIterator.nextNode()Ljava/util/HashMap$Node; @ 95
Event: 58.655 Thread 0x00007fa02800b800 Uncommon trap: reason=class_check action=maybe_recompile pc=0x00007fa0a152ba88 method=java.util.concurrent.locks.AbstractQueuedSynchronizer.release(I)Z @ 2

Internal exceptions (10 events):
Event: 30.150 Thread 0x00007fa0b03c0800 Implicit null exception at 0x00007fa0a159b09f to 0x00007fa0a159b655
Event: 30.167 Thread 0x00007fa0b03c0800 Implicit null exception at 0x00007fa0a15149b7 to 0x00007fa0a1514ded
Event: 30.167 Thread 0x00007fa0b03c0800 Implicit null exception at 0x00007fa0a1620c2a to 0x00007fa0a1621085
Event: 31.158 Thread 0x00007fa0b03c0800 Exception <a 'java/security/PrivilegedActionException'> (0x00000000d6f885d8) thrown at [/build/java8-openjdk/src/jdk8u-jdk8u25-b18/hotspot/src/share/vm/prims/jvm.cpp, line 1312]
Event: 31.160 Thread 0x00007fa0b03c0800 Exception <a 'java/security/PrivilegedActionException'> (0x00000000d6f974c0) thrown at [/build/java8-openjdk/src/jdk8u-jdk8u25-b18/hotspot/src/share/vm/prims/jvm.cpp, line 1312]
Event: 43.492 Thread 0x00007fa0b03c0800 Implicit null exception at 0x00007fa0a162d545 to 0x00007fa0a162db51
Event: 43.492 Thread 0x00007fa0b03c0800 Implicit null exception at 0x00007fa0a1629896 to 0x00007fa0a1629bdd
Event: 58.619 Thread 0x00007fa0b03c0800 Exception <a 'java/security/PrivilegedActionException'> (0x00000000d78a0e40) thrown at [/build/java8-openjdk/src/jdk8u-jdk8u25-b18/hotspot/src/share/vm/prims/jvm.cpp, line 1312]
Event: 58.620 Thread 0x00007fa024003000 Exception <a 'java/security/PrivilegedActionException'> (0x00000000d790a000) thrown at [/build/java8-openjdk/src/jdk8u-jdk8u25-b18/hotspot/src/share/vm/prims/jvm.cpp, line 1312]
Event: 58.656 Thread 0x00007fa0b03c0800 Exception <a 'java/security/PrivilegedActionException'> (0x00000000d78a5d90) thrown at [/build/java8-openjdk/src/jdk8u-jdk8u25-b18/hotspot/src/share/vm/prims/jvm.cpp, line 1312]

Events (10 events):
Event: 58.655 Executing VM operation: RevokeBias
Event: 58.655 Executing VM operation: RevokeBias done
Event: 58.655 Thread 0x00007fa02800b800 Uncommon trap: trap_request=0xffffffde fr.pc=0x00007fa0a152ba88
Event: 58.655 Thread 0x00007fa02800b800 DEOPT PACKING pc=0x00007fa0a152ba88 sp=0x00007fa0980ed940
Event: 58.655 Thread 0x00007fa02800b800 DEOPT UNPACKING pc=0x00007fa0a1004f69 sp=0x00007fa0980ed908 mode 2
Event: 58.656 loading class org/lwjgl/opengl/CallbackUtil
Event: 58.656 loading class org/lwjgl/opengl/CallbackUtil done
Event: 58.656 Thread 0x00007fa024005000 Thread exited: 0x00007fa024005000
Event: 58.656 Executing VM operation: Exit
Event: 58.656 Thread 0x00007fa0b00b2800 Thread exited: 0x00007fa0b00b2800


Dynamic libraries:
00400000-00401000 r-xp 00000000 08:01 808857                             /usr/lib/jvm/java-8-openjdk/jre/bin/java
00600000-00601000 rw-p 00000000 08:01 808857                             /usr/lib/jvm/java-8-openjdk/jre/bin/java
013b2000-013d3000 rw-p 00000000 00:00 0                                  [heap]
83e00000-89200000 rw-p 00000000 00:00 0 
89200000-d6a00000 ---p 00000000 00:00 0 
d6a00000-d9400000 rw-p 00000000 00:00 0 
d9400000-100000000 ---p 00000000 00:00 0 
100000000-100140000 rw-p 00000000 00:00 0 
100140000-140000000 ---p 00000000 00:00 0 
7fa018000000-7fa018021000 rw-p 00000000 00:00 0 
7fa018021000-7fa01c000000 ---p 00000000 00:00 0 
7fa01c000000-7fa01c021000 rw-p 00000000 00:00 0 
7fa01c021000-7fa020000000 ---p 00000000 00:00 0 
7fa020000000-7fa020021000 rw-p 00000000 00:00 0 
7fa020021000-7fa024000000 ---p 00000000 00:00 0 
7fa024000000-7fa024021000 rw-p 00000000 00:00 0 
7fa024021000-7fa028000000 ---p 00000000 00:00 0 
7fa028000000-7fa029512000 rw-p 00000000 00:00 0 
7fa029512000-7fa02c000000 ---p 00000000 00:00 0 
7fa02c000000-7fa02c021000 rw-p 00000000 00:00 0 
7fa02c021000-7fa030000000 ---p 00000000 00:00 0 
7fa030000000-7fa030021000 rw-p 00000000 00:00 0 
7fa030021000-7fa034000000 ---p 00000000 00:00 0 
7fa035551000-7fa035951000 rw-s 1d84ec000 00:05 7608                      /dev/nvidiactl
7fa035951000-7fa035d51000 rw-s 20212a000 00:05 7608                      /dev/nvidiactl
7fa035d51000-7fa035d54000 ---p 00000000 00:00 0 
7fa035d54000-7fa035e52000 rw-p 00000000 00:00 0 
7fa035e52000-7fa035e55000 ---p 00000000 00:00 0 
7fa035e55000-7fa036053000 rw-p 00000000 00:00 0                          [stack:25654]
7fa036053000-7fa036153000 ---p 00000000 00:00 0 
7fa036153000-7fa036156000 ---p 00000000 00:00 0 
7fa036156000-7fa036254000 rw-p 00000000 00:00 0                          [stack:25653]
7fa036254000-7fa036265000 r-xp 00000000 08:01 808671                     /usr/lib/jvm/java-8-openjdk/jre/lib/amd64/libnio.so
7fa036265000-7fa036464000 ---p 00011000 08:01 808671                     /usr/lib/jvm/java-8-openjdk/jre/lib/amd64/libnio.so
7fa036464000-7fa036465000 rw-p 00010000 08:01 808671                     /usr/lib/jvm/java-8-openjdk/jre/lib/amd64/libnio.so
7fa036465000-7fa03647b000 r-xp 00000000 08:01 808661                     /usr/lib/jvm/java-8-openjdk/jre/lib/amd64/libnet.so
7fa03647b000-7fa03667b000 ---p 00016000 08:01 808661                     /usr/lib/jvm/java-8-openjdk/jre/lib/amd64/libnet.so
7fa03667b000-7fa03667c000 rw-p 00016000 08:01 808661                     /usr/lib/jvm/java-8-openjdk/jre/lib/amd64/libnet.so
7fa03667c000-7fa03687c000 rw-s 1ed16a000 00:05 7608                      /dev/nvidiactl
7fa03687c000-7fa036c7c000 rw-s 202126000 00:05 7608                      /dev/nvidiactl
7fa03707d000-7fa03747d000 rw-s 20218e000 00:05 7608                      /dev/nvidiactl
7fa03747d000-7fa03767d000 rw-s 1e9e1f000 00:05 7608                      /dev/nvidiactl
7fa037a62000-7fa037a65000 ---p 00000000 00:00 0 
7fa037a65000-7fa037b63000 rw-p 00000000 00:00 0 
7fa037b63000-7fa037b7f000 r--s 00393000 08:01 131908                     /usr/lib/jvm/java-8-openjdk/jre/lib/ext/cldrdata.jar
7fa037b7f000-7fa037d7f000 rw-p 00000000 00:00 0 
7fa037d7f000-7fa037dff000 rw-s 241494000 00:05 7608                      /dev/nvidiactl
7fa037e7f000-7fa037eff000 rw-s 1d7b0a000 00:05 7608                      /dev/nvidiactl
7fa037fff000-7fa03c000000 rw-s 00000000 00:11 540750                     /dev/shm/pulse-shm-4103208931
7fa03c000000-7fa03c021000 rw-p 00000000 00:00 0 
7fa03c021000-7fa040000000 ---p 00000000 00:00 0 
7fa040000000-7fa040021000 rw-p 00000000 00:00 0 
7fa040021000-7fa044000000 ---p 00000000 00:00 0 
7fa044000000-7fa044021000 rw-p 00000000 00:00 0 
7fa044021000-7fa048000000 ---p 00000000 00:00 0 
7fa048000000-7fa048021000 rw-p 00000000 00:00 0 
7fa048021000-7fa04c000000 ---p 00000000 00:00 0 
7fa04c000000-7fa04c471000 rw-p 00000000 00:00 0 
7fa04c471000-7fa050000000 ---p 00000000 00:00 0 
7fa050000000-7fa050021000 rw-p 00000000 00:00 0 
7fa050021000-7fa054000000 ---p 00000000 00:00 0 
7fa054000000-7fa054675000 rw-p 00000000 00:00 0 
7fa054675000-7fa058000000 ---p 00000000 00:00 0 
7fa058000000-7fa05865f000 rw-p 00000000 00:00 0 
7fa05865f000-7fa05c000000 ---p 00000000 00:00 0 
7fa05c000000-7fa05c021000 rw-p 00000000 00:00 0 
7fa05c021000-7fa060000000 ---p 00000000 00:00 0 
7fa060000000-7fa06160d000 rw-p 00000000 00:00 0 
7fa06160d000-7fa064000000 ---p 00000000 00:00 0 
7fa064000000-7fa064021000 rw-p 00000000 00:00 0 
7fa064021000-7fa068000000 ---p 00000000 00:00 0 
7fa068000000-7fa068021000 rw-p 00000000 00:00 0 
7fa068021000-7fa06c000000 ---p 00000000 00:00 0 
7fa06c000000-7fa06c021000 rw-p 00000000 00:00 0 
7fa06c021000-7fa070000000 ---p 00000000 00:00 0 
7fa070000000-7fa070021000 rw-p 00000000 00:00 0 
7fa070021000-7fa074000000 ---p 00000000 00:00 0 
7fa074000000-7fa074021000 rw-p 00000000 00:00 0 
7fa074021000-7fa078000000 ---p 00000000 00:00 0 
7fa078000000-7fa078021000 rw-p 00000000 00:00 0 
7fa078021000-7fa07c000000 ---p 00000000 00:00 0 
7fa07c000000-7fa07c021000 rw-p 00000000 00:00 0 
7fa07c021000-7fa080000000 ---p 00000000 00:00 0 
7fa080015000-7fa0819fe000 r-xp 00000000 08:01 687867                     /usr/lib/libnvidia-glcore.so.343.36
7fa0819fe000-7fa081a1c000 rwxp 019e9000 08:01 687867                     /usr/lib/libnvidia-glcore.so.343.36
7fa081a1c000-7fa081eaa000 r-xp 01a07000 08:01 687867                     /usr/lib/libnvidia-glcore.so.343.36
7fa081eaa000-7fa0820a9000 ---p 01e95000 08:01 687867                     /usr/lib/libnvidia-glcore.so.343.36
7fa0820a9000-7fa082c60000 rw-p 01e94000 08:01 687867                     /usr/lib/libnvidia-glcore.so.343.36
7fa082c60000-7fa082c7d000 rw-p 00000000 00:00 0 
7fa082c7d000-7fa082c80000 r-xp 00000000 08:01 687875                     /usr/lib/libnvidia-tls.so.343.36
7fa082c80000-7fa082e7f000 ---p 00003000 08:01 687875                     /usr/lib/libnvidia-tls.so.343.36
7fa082e7f000-7fa082e80000 rw-p 00002000 08:01 687875                     /usr/lib/libnvidia-tls.so.343.36
7fa082e80000-7fa082f48000 r-xp 00000000 08:01 687908                     /usr/lib/nvidia/libGL.so.343.36
7fa082f48000-7fa082f77000 rwxp 000c8000 08:01 687908                     /usr/lib/nvidia/libGL.so.343.36
7fa082f77000-7fa082f93000 r-xp 000f7000 08:01 687908                     /usr/lib/nvidia/libGL.so.343.36
7fa082f93000-7fa083193000 ---p 00113000 08:01 687908                     /usr/lib/nvidia/libGL.so.343.36
7fa083193000-7fa0831b7000 rw-p 00113000 08:01 687908                     /usr/lib/nvidia/libGL.so.343.36
7fa0831b7000-7fa0831ce000 rw-p 00000000 00:00 0 
7fa0831ce000-7fa0831d1000 ---p 00000000 00:00 0 
7fa0831d1000-7fa0832cf000 rw-p 00000000 00:00 0                          [stack:25302]
7fa0832cf000-7fa0832d0000 ---p 00000000 00:00 0 
7fa0832d0000-7fa0833d0000 rw-p 00000000 00:00 0                          [stack:25301]
7fa0833d0000-7fa0833d1000 ---p 00000000 00:00 0 
7fa0833d1000-7fa083bd1000 rw-p 00000000 00:00 0                          [stack:25300]
7fa083bd1000-7fa083be5000 r-xp 00000000 08:01 658557                     /usr/lib/libresolv-2.20.so
7fa083be5000-7fa083de4000 ---p 00014000 08:01 658557                     /usr/lib/libresolv-2.20.so
7fa083de4000-7fa083de5000 r--p 00013000 08:01 658557                     /usr/lib/libresolv-2.20.so
7fa083de5000-7fa083de6000 rw-p 00014000 08:01 658557                     /usr/lib/libresolv-2.20.so
7fa083de6000-7fa083de8000 rw-p 00000000 00:00 0 
7fa083de8000-7fa083dfd000 r-xp 00000000 08:01 658546                     /usr/lib/libnsl-2.20.so
7fa083dfd000-7fa083ffc000 ---p 00015000 08:01 658546                     /usr/lib/libnsl-2.20.so
7fa083ffc000-7fa083ffd000 r--p 00014000 08:01 658546                     /usr/lib/libnsl-2.20.so
7fa083ffd000-7fa083ffe000 rw-p 00015000 08:01 658546                     /usr/lib/libnsl-2.20.so
7fa083ffe000-7fa084000000 rw-p 00000000 00:00 0 
7fa084000000-7fa084021000 rw-p 00000000 00:00 0 
7fa084021000-7fa088000000 ---p 00000000 00:00 0 
7fa088026000-7fa0880ea000 rw-s 241f5d000 00:05 7608                      /dev/nvidiactl
7fa0880ea000-7fa0880f0000 r-xp 00000000 08:01 689792                     /usr/lib/libogg.so.0.8.2
7fa0880f0000-7fa0882ef000 ---p 00006000 08:01 689792                     /usr/lib/libogg.so.0.8.2
7fa0882ef000-7fa0882f0000 r--p 00005000 08:01 689792                     /usr/lib/libogg.so.0.8.2
7fa0882f0000-7fa0882f1000 rw-p 00006000 08:01 689792                     /usr/lib/libogg.so.0.8.2
7fa0882f1000-7fa08831d000 r-xp 00000000 08:01 689800                     /usr/lib/libvorbis.so.0.4.7
7fa08831d000-7fa08851c000 ---p 0002c000 08:01 689800                     /usr/lib/libvorbis.so.0.4.7
7fa08851c000-7fa08851d000 r--p 0002b000 08:01 689800                     /usr/lib/libvorbis.so.0.4.7
7fa08851d000-7fa08851e000 rw-p 0002c000 08:01 689800                     /usr/lib/libvorbis.so.0.4.7
7fa08851e000-7fa0885ab000 r-xp 00000000 08:01 689802                     /usr/lib/libvorbisenc.so.2.0.10
7fa0885ab000-7fa0887aa000 ---p 0008d000 08:01 689802                     /usr/lib/libvorbisenc.so.2.0.10
7fa0887aa000-7fa0887c6000 r--p 0008c000 08:01 689802                     /usr/lib/libvorbisenc.so.2.0.10
7fa0887c6000-7fa0887c7000 rw-p 000a8000 08:01 689802                     /usr/lib/libvorbisenc.so.2.0.10
7fa0887c7000-7fa088839000 r-xp 00000000 08:01 689880                     /usr/lib/libFLAC.so.8.3.0
7fa088839000-7fa088a38000 ---p 00072000 08:01 689880                     /usr/lib/libFLAC.so.8.3.0
7fa088a38000-7fa088a39000 r--p 00071000 08:01 689880                     /usr/lib/libFLAC.so.8.3.0
7fa088a39000-7fa088a3a000 rw-p 00072000 08:01 689880                     /usr/lib/libFLAC.so.8.3.0
7fa088a3a000-7fa088a4b000 r-xp 00000000 08:01 666762                     /usr/lib/libgpg-error.so.0.13.0
7fa088a4b000-7fa088c4a000 ---p 00011000 08:01 666762                     /usr/lib/libgpg-error.so.0.13.0
7fa088c4a000-7fa088c4b000 r--p 00010000 08:01 666762                     /usr/lib/libgpg-error.so.0.13.0
7fa088c4b000-7fa088c4c000 rw-p 00011000 08:01 666762                     /usr/lib/libgpg-error.so.0.13.0
7fa088c4c000-7fa088d23000 r-xp 00000000 08:01 666774                     /usr/lib/libgcrypt.so.20.0.2
7fa088d23000-7fa088f23000 ---p 000d7000 08:01 666774                     /usr/lib/libgcrypt.so.20.0.2
7fa088f23000-7fa088f24000 r--p 000d7000 08:01 666774                     /usr/lib/libgcrypt.so.20.0.2
7fa088f24000-7fa088f2d000 rw-p 000d8000 08:01 666774                     /usr/lib/libgcrypt.so.20.0.2
7fa088f2d000-7fa088f37000 r-xp 00000000 08:01 667025                     /usr/lib/liblz4.so.1.4.0
7fa088f37000-7fa089136000 ---p 0000a000 08:01 667025                     /usr/lib/liblz4.so.1.4.0
7fa089136000-7fa089137000 r--p 00009000 08:01 667025                     /usr/lib/liblz4.so.1.4.0
7fa089137000-7fa089138000 rw-p 0000a000 08:01 667025                     /usr/lib/liblz4.so.1.4.0
7fa089138000-7fa08915a000 r-xp 00000000 08:01 666663                     /usr/lib/liblzma.so.5.0.7
7fa08915a000-7fa089359000 ---p 00022000 08:01 666663                     /usr/lib/liblzma.so.5.0.7
7fa089359000-7fa08935a000 r--p 00021000 08:01 666663                     /usr/lib/liblzma.so.5.0.7
7fa08935a000-7fa08935b000 rw-p 00022000 08:01 666663                     /usr/lib/liblzma.so.5.0.7
7fa08935b000-7fa089360000 r-xp 00000000 08:01 689850                     /usr/lib/libasyncns.so.0.3.1
7fa089360000-7fa08955f000 ---p 00005000 08:01 689850                     /usr/lib/libasyncns.so.0.3.1
7fa08955f000-7fa089560000 r--p 00004000 08:01 689850                     /usr/lib/libasyncns.so.0.3.1
7fa089560000-7fa089561000 rw-p 00005000 08:01 689850                     /usr/lib/libasyncns.so.0.3.1
7fa089561000-7fa0895c2000 r-xp 00000000 08:01 689905                     /usr/lib/libsndfile.so.1.0.25
7fa0895c2000-7fa0897c2000 ---p 00061000 08:01 689905                     /usr/lib/libsndfile.so.1.0.25
7fa0897c2000-7fa0897c4000 r--p 00061000 08:01 689905                     /usr/lib/libsndfile.so.1.0.25
7fa0897c4000-7fa0897c5000 rw-p 00063000 08:01 689905                     /usr/lib/libsndfile.so.1.0.25
7fa0897c5000-7fa0897c9000 rw-p 00000000 00:00 0 
7fa0897c9000-7fa089810000 r-xp 00000000 08:01 666312                     /usr/lib/libdbus-1.so.3.8.9
7fa089810000-7fa089a10000 ---p 00047000 08:01 666312                     /usr/lib/libdbus-1.so.3.8.9
7fa089a10000-7fa089a11000 r--p 00047000 08:01 666312                     /usr/lib/libdbus-1.so.3.8.9
7fa089a11000-7fa089a12000 rw-p 00048000 08:01 666312                     /usr/lib/libdbus-1.so.3.8.9
7fa089a12000-7fa089a83000 r-xp 00000000 08:01 689982                     /usr/lib/pulseaudio/libpulsecommon-5.0.so
7fa089a83000-7fa089c83000 ---p 00071000 08:01 689982                     /usr/lib/pulseaudio/libpulsecommon-5.0.so
7fa089c83000-7fa089c84000 r--p 00071000 08:01 689982                     /usr/lib/pulseaudio/libpulsecommon-5.0.so
7fa089c84000-7fa089c86000 rw-p 00072000 08:01 689982                     /usr/lib/pulseaudio/libpulsecommon-5.0.so
7fa089c86000-7fa089c90000 r-xp 00000000 08:01 689925                     /usr/lib/libjson-c.so.2.0.1
7fa089c90000-7fa089e8f000 ---p 0000a000 08:01 689925                     /usr/lib/libjson-c.so.2.0.1
7fa089e8f000-7fa089e90000 r--p 00009000 08:01 689925                     /usr/lib/libjson-c.so.2.0.1
7fa089e90000-7fa089e91000 rw-p 0000a000 08:01 689925                     /usr/lib/libjson-c.so.2.0.1
7fa089e91000-7fa089edb000 r-xp 00000000 08:01 689975                     /usr/lib/libpulse.so.0.17.3
7fa089edb000-7fa08a0da000 ---p 0004a000 08:01 689975                     /usr/lib/libpulse.so.0.17.3
7fa08a0da000-7fa08a0db000 r--p 00049000 08:01 689975                     /usr/lib/libpulse.so.0.17.3
7fa08a0db000-7fa08a0dc000 rw-p 0004a000 08:01 689975                     /usr/lib/libpulse.so.0.17.3
7fa08a0dc000-7fa08a131000 r-xp 00000000 00:1f 147522                     /tmp/libgdximalerich/7b43be9b/libopenal64.so
7fa08a131000-7fa08a330000 ---p 00055000 00:1f 147522                     /tmp/libgdximalerich/7b43be9b/libopenal64.so
7fa08a330000-7fa08a333000 r--p 00054000 00:1f 147522                     /tmp/libgdximalerich/7b43be9b/libopenal64.so
7fa08a333000-7fa08a334000 rw-p 00057000 00:1f 147522                     /tmp/libgdximalerich/7b43be9b/libopenal64.so
7fa08a334000-7fa08a335000 rw-p 00000000 00:00 0 
7fa08a335000-7fa08a33a000 r-xp 00000000 08:01 681418                     /usr/lib/libXxf86vm.so.1.0.0
7fa08a33a000-7fa08a539000 ---p 00005000 08:01 681418                     /usr/lib/libXxf86vm.so.1.0.0
7fa08a539000-7fa08a53a000 r--p 00004000 08:01 681418                     /usr/lib/libXxf86vm.so.1.0.0
7fa08a53a000-7fa08a53b000 rw-p 00005000 08:01 681418                     /usr/lib/libXxf86vm.so.1.0.0
7fa08a53b000-7fa08a544000 r-xp 00000000 08:01 682129                     /usr/lib/libXrandr.so.2.2.0
7fa08a544000-7fa08a743000 ---p 00009000 08:01 682129                     /usr/lib/libXrandr.so.2.2.0
7fa08a743000-7fa08a744000 r--p 00008000 08:01 682129                     /usr/lib/libXrandr.so.2.2.0
7fa08a744000-7fa08a745000 rw-p 00009000 08:01 682129                     /usr/lib/libXrandr.so.2.2.0
7fa08a745000-7fa08a7b1000 r-xp 00000000 00:1f 147517                     /tmp/libgdximalerich/7b43be9b/liblwjgl64.so
7fa08a7b1000-7fa08a9b0000 ---p 0006c000 00:1f 147517                     /tmp/libgdximalerich/7b43be9b/liblwjgl64.so
7fa08a9b0000-7fa08a9b2000 r--p 0006b000 00:1f 147517                     /tmp/libgdximalerich/7b43be9b/liblwjgl64.so
7fa08a9b2000-7fa08a9b3000 rw-p 0006d000 00:1f 147517                     /tmp/libgdximalerich/7b43be9b/liblwjgl64.so
7fa08a9b3000-7fa08a9b4000 r-xp 00000000 08:01 808675                     /usr/lib/jvm/java-8-openjdk/jre/lib/amd64/libjawt.so
7fa08a9b4000-7fa08abb3000 ---p 00001000 08:01 808675                     /usr/lib/jvm/java-8-openjdk/jre/lib/amd64/libjawt.so
7fa08abb3000-7fa08abb4000 rw-p 00000000 08:01 808675                     /usr/lib/jvm/java-8-openjdk/jre/lib/amd64/libjawt.so
7fa08abb4000-7fa08abb7000 ---p 00000000 00:00 0 
7fa08abb7000-7fa08acb5000 rw-p 00000000 00:00 0                          [stack:25298]
7fa08acb5000-7fa08acba000 r-xp 00000000 08:01 681427                     /usr/lib/libXfixes.so.3.1.0
7fa08acba000-7fa08aeb9000 ---p 00005000 08:01 681427                     /usr/lib/libXfixes.so.3.1.0
7fa08aeb9000-7fa08aeba000 r--p 00004000 08:01 681427                     /usr/lib/libXfixes.so.3.1.0
7fa08aeba000-7fa08aebb000 rw-p 00005000 08:01 681427                     /usr/lib/libXfixes.so.3.1.0
7fa08aebb000-7fa08aec5000 r-xp 00000000 08:01 682213                     /usr/lib/libXcursor.so.1.0.2
7fa08aec5000-7fa08b0c4000 ---p 0000a000 08:01 682213                     /usr/lib/libXcursor.so.1.0.2
7fa08b0c4000-7fa08b0c5000 r--p 00009000 08:01 682213                     /usr/lib/libXcursor.so.1.0.2
7fa08b0c5000-7fa08b0c6000 rw-p 0000a000 08:01 682213                     /usr/lib/libXcursor.so.1.0.2
7fa08b0c6000-7fa08b0c9000 ---p 00000000 00:00 0 
7fa08b0c9000-7fa08b1c7000 rw-p 00000000 00:00 0                          [stack:25297]
7fa08b1c7000-7fa08b235000 r-xp 00000000 08:01 666348                     /usr/lib/libpcre.so.1.2.4
7fa08b235000-7fa08b434000 ---p 0006e000 08:01 666348                     /usr/lib/libpcre.so.1.2.4
7fa08b434000-7fa08b435000 r--p 0006d000 08:01 666348                     /usr/lib/libpcre.so.1.2.4
7fa08b435000-7fa08b436000 rw-p 0006e000 08:01 666348                     /usr/lib/libpcre.so.1.2.4
7fa08b436000-7fa08b452000 r-xp 00000000 08:01 676943                     /usr/lib/libgraphite2.so.3.0.1
7fa08b452000-7fa08b651000 ---p 0001c000 08:01 676943                     /usr/lib/libgraphite2.so.3.0.1
7fa08b651000-7fa08b653000 r--p 0001b000 08:01 676943                     /usr/lib/libgraphite2.so.3.0.1
7fa08b653000-7fa08b654000 rw-p 0001d000 08:01 676943                     /usr/lib/libgraphite2.so.3.0.1
7fa08b654000-7fa08b760000 r-xp 00000000 08:01 666564                     /usr/lib/libglib-2.0.so.0.4200.1
7fa08b760000-7fa08b95f000 ---p 0010c000 08:01 666564                     /usr/lib/libglib-2.0.so.0.4200.1
7fa08b95f000-7fa08b960000 r--p 0010b000 08:01 666564                     /usr/lib/libglib-2.0.so.0.4200.1
7fa08b960000-7fa08b961000 rw-p 0010c000 08:01 666564                     /usr/lib/libglib-2.0.so.0.4200.1
7fa08b961000-7fa08b962000 rw-p 00000000 00:00 0 
7fa08b962000-7fa08b9b8000 r-xp 00000000 08:01 676955                     /usr/lib/libharfbuzz.so.0.936.0
7fa08b9b8000-7fa08bbb7000 ---p 00056000 08:01 676955                     /usr/lib/libharfbuzz.so.0.936.0
7fa08bbb7000-7fa08bbb9000 r--p 00055000 08:01 676955                     /usr/lib/libharfbuzz.so.0.936.0
7fa08bbb9000-7fa08bbba000 rw-p 00057000 08:01 676955                     /usr/lib/libharfbuzz.so.0.936.0
7fa08bbba000-7fa08bbef000 r-xp 00000000 08:01 676920                     /usr/lib/libpng16.so.16.15.0
7fa08bbef000-7fa08bdee000 ---p 00035000 08:01 676920                     /usr/lib/libpng16.so.16.15.0
7fa08bdee000-7fa08bdef000 r--p 00034000 08:01 676920                     /usr/lib/libpng16.so.16.15.0
7fa08bdef000-7fa08bdf0000 rw-p 00035000 08:01 676920                     /usr/lib/libpng16.so.16.15.0
7fa08bdf0000-7fa08bdff000 r-xp 00000000 08:01 661599                     /usr/lib/libbz2.so.1.0.6
7fa08bdff000-7fa08bffe000 ---p 0000f000 08:01 661599                     /usr/lib/libbz2.so.1.0.6
7fa08bffe000-7fa08c000000 rw-p 0000e000 08:01 661599                     /usr/lib/libbz2.so.1.0.6
7fa08c000000-7fa08c021000 rw-p 00000000 00:00 0 
7fa08c021000-7fa090000000 ---p 00000000 00:00 0 
7fa090010000-7fa0900b3000 r-xp 00000000 08:01 676961                     /usr/lib/libfreetype.so.6.11.2
7fa0900b3000-7fa0902b2000 ---p 000a3000 08:01 676961                     /usr/lib/libfreetype.so.6.11.2
7fa0902b2000-7fa0902b8000 r--p 000a2000 08:01 676961                     /usr/lib/libfreetype.so.6.11.2
7fa0902b8000-7fa0902b9000 rw-p 000a8000 08:01 676961                     /usr/lib/libfreetype.so.6.11.2
7fa0902b9000-7fa09031a000 r-xp 00000000 08:01 808676                     /usr/lib/jvm/java-8-openjdk/jre/lib/amd64/libfontmanager.so
7fa09031a000-7fa090519000 ---p 00061000 08:01 808676                     /usr/lib/jvm/java-8-openjdk/jre/lib/amd64/libfontmanager.so
7fa090519000-7fa09051d000 rw-p 00060000 08:01 808676                     /usr/lib/jvm/java-8-openjdk/jre/lib/amd64/libfontmanager.so
7fa09051d000-7fa090530000 rw-p 00000000 00:00 0 
7fa090530000-7fa090535000 r-xp 00000000 08:01 676913                     /usr/lib/libXdmcp.so.6.0.0
7fa090535000-7fa090734000 ---p 00005000 08:01 676913                     /usr/lib/libXdmcp.so.6.0.0
7fa090734000-7fa090735000 r--p 00004000 08:01 676913                     /usr/lib/libXdmcp.so.6.0.0
7fa090735000-7fa090736000 rw-p 00005000 08:01 676913                     /usr/lib/libXdmcp.so.6.0.0
7fa090736000-7fa090738000 r-xp 00000000 08:01 677039                     /usr/lib/libXau.so.6.0.0
7fa090738000-7fa090938000 ---p 00002000 08:01 677039                     /usr/lib/libXau.so.6.0.0
7fa090938000-7fa090939000 r--p 00002000 08:01 677039                     /usr/lib/libXau.so.6.0.0
7fa090939000-7fa09093a000 rw-p 00003000 08:01 677039                     /usr/lib/libXau.so.6.0.0
7fa09093a000-7fa09095b000 r-xp 00000000 08:01 679432                     /usr/lib/libxcb.so.1.1.0
7fa09095b000-7fa090b5a000 ---p 00021000 08:01 679432                     /usr/lib/libxcb.so.1.1.0
7fa090b5a000-7fa090b5b000 r--p 00020000 08:01 679432                     /usr/lib/libxcb.so.1.1.0
7fa090b5b000-7fa090b5c000 rw-p 00021000 08:01 679432                     /usr/lib/libxcb.so.1.1.0
7fa090b5c000-7fa090b6b000 r-xp 00000000 08:01 682112                     /usr/lib/libXi.so.6.1.0
7fa090b6b000-7fa090d6b000 ---p 0000f000 08:01 682112                     /usr/lib/libXi.so.6.1.0
7fa090d6b000-7fa090d6c000 r--p 0000f000 08:01 682112                     /usr/lib/libXi.so.6.1.0
7fa090d6c000-7fa090d6d000 rw-p 00010000 08:01 682112                     /usr/lib/libXi.so.6.1.0
7fa090d6d000-7fa090d72000 r-xp 00000000 08:01 682265                     /usr/lib/libXtst.so.6.1.0
7fa090d72000-7fa090f71000 ---p 00005000 08:01 682265                     /usr/lib/libXtst.so.6.1.0
7fa090f71000-7fa090f72000 r--p 00004000 08:01 682265                     /usr/lib/libXtst.so.6.1.0
7fa090f72000-7fa090f73000 rw-p 00005000 08:01 682265                     /usr/lib/libXtst.so.6.1.0
7fa090f73000-7fa090f7c000 r-xp 00000000 08:01 682122                     /usr/lib/libXrender.so.1.3.0
7fa090f7c000-7fa09117b000 ---p 00009000 08:01 682122                     /usr/lib/libXrender.so.1.3.0
7fa09117b000-7fa09117c000 r--p 00008000 08:01 682122                     /usr/lib/libXrender.so.1.3.0
7fa09117c000-7fa09117d000 rw-p 00009000 08:01 682122                     /usr/lib/libXrender.so.1.3.0
7fa09117d000-7fa0912b8000 r-xp 00000000 08:01 680349                     /usr/lib/libX11.so.6.3.0
7fa0912b8000-7fa0914b7000 ---p 0013b000 08:01 680349                     /usr/lib/libX11.so.6.3.0
7fa0914b7000-7fa0914b9000 r--p 0013a000 08:01 680349                     /usr/lib/libX11.so.6.3.0
7fa0914b9000-7fa0914be000 rw-p 0013c000 08:01 680349                     /usr/lib/libX11.so.6.3.0
7fa0914be000-7fa0914bf000 rw-p 00000000 00:00 0 
7fa0914bf000-7fa0914d0000 r-xp 00000000 08:01 681387                     /usr/lib/libXext.so.6.4.0
7fa0914d0000-7fa0916cf000 ---p 00011000 08:01 681387                     /usr/lib/libXext.so.6.4.0
7fa0916cf000-7fa0916d0000 r--p 00010000 08:01 681387                     /usr/lib/libXext.so.6.4.0
7fa0916d0000-7fa0916d1000 rw-p 00011000 08:01 681387                     /usr/lib/libXext.so.6.4.0
7fa0916d1000-7fa091725000 r-xp 00000000 08:01 808674                     /usr/lib/jvm/java-8-openjdk/jre/lib/amd64/libawt_xawt.so
7fa091725000-7fa091924000 ---p 00054000 08:01 808674                     /usr/lib/jvm/java-8-openjdk/jre/lib/amd64/libawt_xawt.so
7fa091924000-7fa091927000 rw-p 00053000 08:01 808674                     /usr/lib/jvm/java-8-openjdk/jre/lib/amd64/libawt_xawt.so
7fa091927000-7fa091929000 rw-p 00000000 00:00 0 
7fa091929000-7fa0919c9000 r-xp 00000000 08:01 808669                     /usr/lib/jvm/java-8-openjdk/jre/lib/amd64/libawt.so
7fa0919c9000-7fa091bc9000 ---p 000a0000 08:01 808669                     /usr/lib/jvm/java-8-openjdk/jre/lib/amd64/libawt.so
7fa091bc9000-7fa091bd5000 rw-p 000a0000 08:01 808669                     /usr/lib/jvm/java-8-openjdk/jre/lib/amd64/libawt.so
7fa091bd5000-7fa091bf9000 rw-p 00000000 00:00 0 
7fa091bf9000-7fa091c0f000 r-xp 00000000 08:01 705807                     /usr/lib/libgcc_s.so.1
7fa091c0f000-7fa091e0e000 ---p 00016000 08:01 705807                     /usr/lib/libgcc_s.so.1
7fa091e0e000-7fa091e0f000 rw-p 00015000 08:01 705807                     /usr/lib/libgcc_s.so.1
7fa091e0f000-7fa091eff000 r-xp 00000000 08:01 705836                     /usr/lib/libstdc++.so.6.0.20
7fa091eff000-7fa0920ff000 ---p 000f0000 08:01 705836                     /usr/lib/libstdc++.so.6.0.20
7fa0920ff000-7fa092107000 r--p 000f0000 08:01 705836                     /usr/lib/libstdc++.so.6.0.20
7fa092107000-7fa092109000 rw-p 000f8000 08:01 705836                     /usr/lib/libstdc++.so.6.0.20
7fa092109000-7fa09211e000 rw-p 00000000 00:00 0 
7fa09211e000-7fa09215b000 r-xp 00000000 00:1f 144014                     /tmp/libgdximalerich/5502b6ed/libgdx64.so
7fa09215b000-7fa09235a000 ---p 0003d000 00:1f 144014                     /tmp/libgdximalerich/5502b6ed/libgdx64.so
7fa09235a000-7fa09235b000 r--p 0003c000 00:1f 144014                     /tmp/libgdximalerich/5502b6ed/libgdx64.so
7fa09235b000-7fa09235c000 rw-p 0003d000 00:1f 144014                     /tmp/libgdximalerich/5502b6ed/libgdx64.so
7fa09235c000-7fa09235d000 ---p 00000000 00:00 0 
7fa09235d000-7fa09245d000 rw-p 00000000 00:00 0 
7fa09245d000-7fa092460000 ---p 00000000 00:00 0 
7fa092460000-7fa09255e000 rw-p 00000000 00:00 0                          [stack:25276]
7fa09255e000-7fa092561000 ---p 00000000 00:00 0 
7fa092561000-7fa09265f000 rw-p 00000000 00:00 0                          [stack:25275]
7fa09265f000-7fa092662000 ---p 00000000 00:00 0 
7fa092662000-7fa092760000 rw-p 00000000 00:00 0                          [stack:25274]
7fa092760000-7fa092763000 ---p 00000000 00:00 0 
7fa092763000-7fa092861000 rw-p 00000000 00:00 0                          [stack:25273]
7fa092861000-7fa092864000 ---p 00000000 00:00 0 
7fa092864000-7fa092962000 rw-p 00000000 00:00 0                          [stack:25272]
7fa092962000-7fa092965000 ---p 00000000 00:00 0 
7fa092965000-7fa092a63000 rw-p 00000000 00:00 0 
7fa092a63000-7fa092bec000 r--p 00000000 08:01 676544                     /usr/lib/locale/locale-archive
7fa092bec000-7fa092bef000 ---p 00000000 00:00 0 
7fa092bef000-7fa092ced000 rw-p 00000000 00:00 0                          [stack:25250]
7fa092ced000-7fa092cf0000 ---p 00000000 00:00 0 
7fa092cf0000-7fa092dee000 rw-p 00000000 00:00 0                          [stack:25249]
7fa092dee000-7fa092def000 ---p 00000000 00:00 0 
7fa092def000-7fa094000000 rw-p 00000000 00:00 0                          [stack:25244]
7fa094000000-7fa094021000 rw-p 00000000 00:00 0 
7fa094021000-7fa098000000 ---p 00000000 00:00 0 
7fa0980b6000-7fa0980b9000 ---p 00000000 00:00 0 
7fa0980b9000-7fa09c000000 rw-p 00000000 00:00 0                          [stack:25304]
7fa09c000000-7fa09c021000 rw-p 00000000 00:00 0 
7fa09c021000-7fa0a0000000 ---p 00000000 00:00 0 
7fa0a000e000-7fa0a0018000 r--s 00116000 08:01 131907                     /usr/lib/jvm/java-8-openjdk/jre/lib/ext/localedata.jar
7fa0a001f000-7fa0a0037000 r-xp 00000000 08:01 666794                     /usr/lib/libsystemd-journal.so.0.11.5
7fa0a0037000-7fa0a0038000 ---p 00018000 08:01 666794                     /usr/lib/libsystemd-journal.so.0.11.5
7fa0a0038000-7fa0a0039000 r--p 00018000 08:01 666794                     /usr/lib/libsystemd-journal.so.0.11.5
7fa0a0039000-7fa0a003a000 rw-p 00019000 08:01 666794                     /usr/lib/libsystemd-journal.so.0.11.5
7fa0a003a000-7fa0a003c000 rw-p 00000000 00:00 0 
7fa0a006a000-7fa0a006b000 rw-s c2060000 00:05 7609                       /dev/nvidia0
7fa0a006b000-7fa0a007e000 r--s 00345000 08:01 808618                     /usr/lib/jvm/java-8-openjdk/jre/lib/resources.jar
7fa0a007e000-7fa0a0082000 r--s 00093000 08:01 808619                     /usr/lib/jvm/java-8-openjdk/jre/lib/jsse.jar
7fa0a0082000-7fa0a0086000 r--s 00027000 08:02 7342661                    /home/imalerich/.gradle/caches/modules-2/files-2.1/org.lwjgl.lwjgl/lwjgl_util/2.9.1/290d7ba8a1bd9566f5ddf16ad06f09af5ec9b20e/lwjgl_util-2.9.1.jar
7fa0a0086000-7fa0a0094000 r--s 000ea000 08:02 7342653                    /home/imalerich/.gradle/caches/modules-2/files-2.1/org.lwjgl.lwjgl/lwjgl/2.9.1/f58c5aabcef0e41718a564be9f8e412fff8db847/lwjgl-2.9.1.jar
7fa0a0094000-7fa0a0095000 r--s 0008b000 08:02 7342643                    /home/imalerich/.gradle/caches/modules-2/files-2.1/org.lwjgl.lwjgl/lwjgl-platform/2.9.1/aa9aae879af8eb378e22cfc64db56ec2ca9a44d1/lwjgl-platform-2.9.1-natives-linux.jar
7fa0a0095000-7fa0a0096000 r--s 00095000 08:02 7342647                    /home/imalerich/.gradle/caches/modules-2/files-2.1/org.lwjgl.lwjgl/lwjgl-platform/2.9.1/4c517eca808522457dd95ee8fc1fbcdbb602efbe/lwjgl-platform-2.9.1-natives-windows.jar
7fa0a0096000-7fa0a0097000 r--s 00080000 08:02 7342645                    /home/imalerich/.gradle/caches/modules-2/files-2.1/org.lwjgl.lwjgl/lwjgl-platform/2.9.1/2d12c83fdfbc04ecabf02c7bc8cc54d034f0daac/lwjgl-platform-2.9.1-natives-osx.jar
7fa0a0097000-7fa0a0099000 r--s 00017000 08:02 7342665                    /home/imalerich/.gradle/caches/modules-2/files-2.1/org.jcraft/jorbis/0.0.17/8872d22b293e8f5d7d56ff92be966e6dc28ebdc6/jorbis-0.0.17.jar
7fa0a0099000-7fa0a009a000 r--s 00001000 08:02 7342649                    /home/imalerich/.gradle/caches/modules-2/files-2.1/net.java.jutils/jutils/1.0.0/e12fe1fda814bd348c1579329c86943d2cd3c6a6/jutils-1.0.0.jar
7fa0a009a000-7fa0a009e000 r--s 0002f000 08:02 7342651                    /home/imalerich/.gradle/caches/modules-2/files-2.1/net.java.jinput/jinput/2.0.5/39c7796b469a600f72380316f6b1f11db6c2c7c4/jinput-2.0.5.jar
7fa0a009e000-7fa0a00b7000 r--s 0017e000 08:02 6824992                    /home/imalerich/.gradle/caches/modules-2/files-2.1/com.badlogicgames.gdx/gdx/1.3.1/18995f8b7b19118975722370818023c76a86fdf4/gdx-1.3.1.jar
7fa0a00b7000-7fa0a1000000 rw-p 00000000 00:00 0 
7fa0a1000000-7fa0a16b0000 rwxp 00000000 00:00 0 
7fa0a16b0000-7fa0b0000000 ---p 00000000 00:00 0 
7fa0b0000000-7fa0b03cd000 rw-p 00000000 00:00 0 
7fa0b03cd000-7fa0b4000000 ---p 00000000 00:00 0 
7fa0b4000000-7fa0b4001000 r--s 00002000 08:02 7342655                    /home/imalerich/.gradle/caches/modules-2/files-2.1/net.java.jinput/jinput-platform/2.0.5/7ff832a6eb9ab6a767f1ade2b548092d0fa64795/jinput-platform-2.0.5-natives-linux.jar
7fa0b4001000-7fa0b4002000 r--s 00002000 08:02 7342657                    /home/imalerich/.gradle/caches/modules-2/files-2.1/net.java.jinput/jinput-platform/2.0.5/53f9c919f34d2ca9de8c51fc4e1e8282029a9232/jinput-platform-2.0.5-natives-osx.jar
7fa0b4002000-7fa0b4003000 r--s 00025000 08:02 7342659                    /home/imalerich/.gradle/caches/modules-2/files-2.1/net.java.jinput/jinput-platform/2.0.5/385ee093e01f587f30ee1c8a2ee7d408fd732e16/jinput-platform-2.0.5-natives-windows.jar
7fa0b4003000-7fa0b4004000 r--s 00015000 08:02 7342663                    /home/imalerich/.gradle/caches/modules-2/files-2.1/com.badlogicgames.jlayer/jlayer/1.0.1-gdx/7cca83cec5c1b2f011362f4d85aabd71a73b049d/jlayer-1.0.1-gdx.jar
7fa0b4004000-7fa0b4005000 r--s 000cd000 08:02 6430306                    /home/imalerich/.gradle/caches/modules-2/files-2.1/com.badlogicgames.gdx/gdx-platform/1.3.1/88596abf3fdd2ea4662e67d59c3c05b07b0d859b/gdx-platform-1.3.1-natives-desktop.jar
7fa0b4005000-7fa0b4006000 r--s 00133000 08:02 7342641                    /home/imalerich/.gradle/caches/modules-2/files-2.1/com.badlogicgames.gdx/gdx-controllers-platform/1.3.1/a1645f0dfb448fdfb181faa1b2bddac14ad2fd3d/gdx-controllers-platform-1.3.1-natives-desktop.jar
7fa0b4006000-7fa0b4009000 r--s 0001f000 08:02 7342637                    /home/imalerich/.gradle/caches/modules-2/files-2.1/com.badlogicgames.gdx/gdx-backend-lwjgl/1.3.1/8df8aa24811d137e88658508fba4c7bb6f27c8c9/gdx-backend-lwjgl-1.3.1.jar
7fa0b4009000-7fa0b4010000 r--s 0004c000 08:02 9444111                    /home/imalerich/dev/Artillery/Lib/kryonet-2.21-all.jar
7fa0b4010000-7fa0b4304000 rw-p 00000000 00:00 0 
7fa0b4304000-7fa0b44d1000 r--s 03bb4000 08:01 808620                     /usr/lib/jvm/java-8-openjdk/jre/lib/rt.jar
7fa0b44d1000-7fa0b4928000 rw-p 00000000 00:00 0 
7fa0b4928000-7fa0b4929000 ---p 00000000 00:00 0 
7fa0b4929000-7fa0b4a29000 rw-p 00000000 00:00 0                          [stack:25232]
7fa0b4a29000-7fa0b4a2a000 ---p 00000000 00:00 0 
7fa0b4a2a000-7fa0b4b2a000 rw-p 00000000 00:00 0                          [stack:25231]
7fa0b4b2a000-7fa0b4b2b000 ---p 00000000 00:00 0 
7fa0b4b2b000-7fa0b4c2b000 rw-p 00000000 00:00 0                          [stack:25230]
7fa0b4c2b000-7fa0b4c2c000 ---p 00000000 00:00 0 
7fa0b4c2c000-7fa0b4d2c000 rw-p 00000000 00:00 0                          [stack:25229]
7fa0b4d2c000-7fa0b4d2d000 ---p 00000000 00:00 0 
7fa0b4d2d000-7fa0b4e2d000 rw-p 00000000 00:00 0                          [stack:25228]
7fa0b4e2d000-7fa0b4e2e000 ---p 00000000 00:00 0 
7fa0b4e2e000-7fa0b4f2e000 rw-p 00000000 00:00 0                          [stack:25227]
7fa0b4f2e000-7fa0b4f2f000 ---p 00000000 00:00 0 
7fa0b4f2f000-7fa0b502f000 rw-p 00000000 00:00 0                          [stack:25226]
7fa0b502f000-7fa0b5030000 ---p 00000000 00:00 0 
7fa0b5030000-7fa0b515a000 rw-p 00000000 00:00 0                          [stack:25225]
7fa0b515a000-7fa0b53c6000 ---p 00000000 00:00 0 
7fa0b53c6000-7fa0b53f0000 rw-p 00000000 00:00 0 
7fa0b53f0000-7fa0b565c000 ---p 00000000 00:00 0 
7fa0b565c000-7fa0b5671000 rw-p 00000000 00:00 0 
7fa0b5671000-7fa0b57a7000 ---p 00000000 00:00 0 
7fa0b57a7000-7fa0b57c3000 rw-p 00000000 00:00 0 
7fa0b57c3000-7fa0b5b68000 ---p 00000000 00:00 0 
7fa0b5b68000-7fa0b5b70000 r-xp 00000000 08:01 808658                     /usr/lib/jvm/java-8-openjdk/jre/lib/amd64/libzip.so
7fa0b5b70000-7fa0b5d6f000 ---p 00008000 08:01 808658                     /usr/lib/jvm/java-8-openjdk/jre/lib/amd64/libzip.so
7fa0b5d6f000-7fa0b5d70000 rw-p 00007000 08:01 808658                     /usr/lib/jvm/java-8-openjdk/jre/lib/amd64/libzip.so
7fa0b5d70000-7fa0b5d7b000 r-xp 00000000 08:01 658558                     /usr/lib/libnss_files-2.20.so
7fa0b5d7b000-7fa0b5f7b000 ---p 0000b000 08:01 658558                     /usr/lib/libnss_files-2.20.so
7fa0b5f7b000-7fa0b5f7c000 r--p 0000b000 08:01 658558                     /usr/lib/libnss_files-2.20.so
7fa0b5f7c000-7fa0b5f7d000 rw-p 0000c000 08:01 658558                     /usr/lib/libnss_files-2.20.so
7fa0b5f7d000-7fa0b5faa000 r-xp 00000000 08:01 808657                     /usr/lib/jvm/java-8-openjdk/jre/lib/amd64/libjava.so
7fa0b5faa000-7fa0b61a9000 ---p 0002d000 08:01 808657                     /usr/lib/jvm/java-8-openjdk/jre/lib/amd64/libjava.so
7fa0b61a9000-7fa0b61ab000 rw-p 0002c000 08:01 808657                     /usr/lib/jvm/java-8-openjdk/jre/lib/amd64/libjava.so
7fa0b61ab000-7fa0b61b8000 r-xp 00000000 08:01 808650                     /usr/lib/jvm/java-8-openjdk/jre/lib/amd64/libverify.so
7fa0b61b8000-7fa0b63b7000 ---p 0000d000 08:01 808650                     /usr/lib/jvm/java-8-openjdk/jre/lib/amd64/libverify.so
7fa0b63b7000-7fa0b63b9000 rw-p 0000c000 08:01 808650                     /usr/lib/jvm/java-8-openjdk/jre/lib/amd64/libverify.so
7fa0b63b9000-7fa0b63c0000 r-xp 00000000 08:01 658599                     /usr/lib/librt-2.20.so
7fa0b63c0000-7fa0b65bf000 ---p 00007000 08:01 658599                     /usr/lib/librt-2.20.so
7fa0b65bf000-7fa0b65c0000 r--p 00006000 08:01 658599                     /usr/lib/librt-2.20.so
7fa0b65c0000-7fa0b65c1000 rw-p 00007000 08:01 658599                     /usr/lib/librt-2.20.so
7fa0b65c1000-7fa0b66c4000 r-xp 00000000 08:01 658585                     /usr/lib/libm-2.20.so
7fa0b66c4000-7fa0b68c4000 ---p 00103000 08:01 658585                     /usr/lib/libm-2.20.so
7fa0b68c4000-7fa0b68c5000 r--p 00103000 08:01 658585                     /usr/lib/libm-2.20.so
7fa0b68c5000-7fa0b68c6000 rw-p 00104000 08:01 658585                     /usr/lib/libm-2.20.so
7fa0b68c6000-7fa0b752b000 r-xp 00000000 08:01 131921                     /usr/lib/jvm/java-8-openjdk/jre/lib/amd64/server/libjvm.so
7fa0b752b000-7fa0b772b000 ---p 00c65000 08:01 131921                     /usr/lib/jvm/java-8-openjdk/jre/lib/amd64/server/libjvm.so
7fa0b772b000-7fa0b77f7000 rw-p 00c65000 08:01 131921                     /usr/lib/jvm/java-8-openjdk/jre/lib/amd64/server/libjvm.so
7fa0b77f7000-7fa0b7836000 rw-p 00000000 00:00 0 
7fa0b7836000-7fa0b79d0000 r-xp 00000000 08:01 658586                     /usr/lib/libc-2.20.so
7fa0b79d0000-7fa0b7bcf000 ---p 0019a000 08:01 658586                     /usr/lib/libc-2.20.so
7fa0b7bcf000-7fa0b7bd3000 r--p 00199000 08:01 658586                     /usr/lib/libc-2.20.so
7fa0b7bd3000-7fa0b7bd5000 rw-p 0019d000 08:01 658586                     /usr/lib/libc-2.20.so
7fa0b7bd5000-7fa0b7bd9000 rw-p 00000000 00:00 0 
7fa0b7bd9000-7fa0b7bdc000 r-xp 00000000 08:01 658555                     /usr/lib/libdl-2.20.so
7fa0b7bdc000-7fa0b7ddb000 ---p 00003000 08:01 658555                     /usr/lib/libdl-2.20.so
7fa0b7ddb000-7fa0b7ddc000 r--p 00002000 08:01 658555                     /usr/lib/libdl-2.20.so
7fa0b7ddc000-7fa0b7ddd000 rw-p 00003000 08:01 658555                     /usr/lib/libdl-2.20.so
7fa0b7ddd000-7fa0b7dea000 r-xp 00000000 08:01 131918                     /usr/lib/jvm/java-8-openjdk/jre/lib/amd64/jli/libjli.so
7fa0b7dea000-7fa0b7fe9000 ---p 0000d000 08:01 131918                     /usr/lib/jvm/java-8-openjdk/jre/lib/amd64/jli/libjli.so
7fa0b7fe9000-7fa0b7fea000 rw-p 0000c000 08:01 131918                     /usr/lib/jvm/java-8-openjdk/jre/lib/amd64/jli/libjli.so
7fa0b7fea000-7fa0b7fff000 r-xp 00000000 08:01 661607                     /usr/lib/libz.so.1.2.8
7fa0b7fff000-7fa0b81fe000 ---p 00015000 08:01 661607                     /usr/lib/libz.so.1.2.8
7fa0b81fe000-7fa0b81ff000 r--p 00014000 08:01 661607                     /usr/lib/libz.so.1.2.8
7fa0b81ff000-7fa0b8200000 rw-p 00015000 08:01 661607                     /usr/lib/libz.so.1.2.8
7fa0b8200000-7fa0b8217000 r-xp 00000000 08:01 658564                     /usr/lib/libpthread-2.20.so
7fa0b8217000-7fa0b8416000 ---p 00017000 08:01 658564                     /usr/lib/libpthread-2.20.so
7fa0b8416000-7fa0b8417000 r--p 00016000 08:01 658564                     /usr/lib/libpthread-2.20.so
7fa0b8417000-7fa0b8418000 rw-p 00017000 08:01 658564                     /usr/lib/libpthread-2.20.so
7fa0b8418000-7fa0b841c000 rw-p 00000000 00:00 0 
7fa0b841c000-7fa0b843e000 r-xp 00000000 08:01 658561                     /usr/lib/ld-2.20.so
7fa0b843e000-7fa0b8440000 r--s 00004000 08:02 7342639                    /home/imalerich/.gradle/caches/modules-2/files-2.1/com.badlogicgames.gdx/gdx-controllers-desktop/1.3.1/9485e5ad3740c8a44d9a600662dcbfdb6fa13c80/gdx-controllers-desktop-1.3.1.jar
7fa0b8440000-7fa0b8441000 r--s 00002000 08:02 6824994                    /home/imalerich/.gradle/caches/modules-2/files-2.1/com.badlogicgames.gdx/gdx-controllers/1.3.1/b6257423d255dc8fecfc38bd578dfb5ba1bf22bc/gdx-controllers-1.3.1.jar
7fa0b8441000-7fa0b8506000 rw-p 00000000 00:00 0 
7fa0b8506000-7fa0b8509000 ---p 00000000 00:00 0 
7fa0b8509000-7fa0b8632000 rw-p 00000000 00:00 0                          [stack:25224]
7fa0b8632000-7fa0b863a000 rw-s 00000000 00:1f 536082                     /tmp/hsperfdata_imalerich/25219 (deleted)
7fa0b863a000-7fa0b863b000 rw-p 00000000 00:00 0 
7fa0b863b000-7fa0b863c000 ---p 00000000 00:00 0 
7fa0b863c000-7fa0b863d000 rw-p 00000000 00:00 0 
7fa0b863d000-7fa0b863e000 r--p 00021000 08:01 658561                     /usr/lib/ld-2.20.so
7fa0b863e000-7fa0b863f000 rw-p 00022000 08:01 658561                     /usr/lib/ld-2.20.so
7fa0b863f000-7fa0b8640000 rw-p 00000000 00:00 0 
7fff7f1fa000-7fff7f21b000 rw-p 00000000 00:00 0                          [stack]
7fff7f381000-7fff7f383000 r--p 00000000 00:00 0                          [vvar]
7fff7f383000-7fff7f385000 r-xp 00000000 00:00 0                          [vdso]
ffffffffff600000-ffffffffff601000 r-xp 00000000 00:00 0                  [vsyscall]

VM Arguments:
jvm_args: -Dfile.encoding=UTF-8 
java_command: com.mygdx.game.desktop.DesktopLauncher
java_class_path (initial): /home/imalerich/dev/Artillery/LGDX/desktop/bin:/home/imalerich/dev/Artillery/LGDX/core/bin:/home/imalerich/.gradle/caches/modules-2/files-2.1/com.badlogicgames.gdx/gdx-controllers/1.3.1/b6257423d255dc8fecfc38bd578dfb5ba1bf22bc/gdx-controllers-1.3.1.jar:/home/imalerich/.gradle/caches/modules-2/files-2.1/com.badlogicgames.gdx/gdx/1.3.1/18995f8b7b19118975722370818023c76a86fdf4/gdx-1.3.1.jar:/home/imalerich/dev/Artillery/Lib/kryonet-2.21-all.jar:/home/imalerich/.gradle/caches/modules-2/files-2.1/com.badlogicgames.gdx/gdx-backend-lwjgl/1.3.1/8df8aa24811d137e88658508fba4c7bb6f27c8c9/gdx-backend-lwjgl-1.3.1.jar:/home/imalerich/.gradle/caches/modules-2/files-2.1/com.badlogicgames.gdx/gdx-controllers-desktop/1.3.1/9485e5ad3740c8a44d9a600662dcbfdb6fa13c80/gdx-controllers-desktop-1.3.1.jar:/home/imalerich/.gradle/caches/modules-2/files-2.1/com.badlogicgames.gdx/gdx-controllers-platform/1.3.1/a1645f0dfb448fdfb181faa1b2bddac14ad2fd3d/gdx-controllers-platform-1.3.1-natives-desktop.jar:/home/imalerich/.gradle/caches/modules-2/files-2.1/com.badlogicgames.gdx/gdx-platform/1.3.1/88596abf3fdd2ea4662e67d59c3c05b07b0d859b/gdx-platform-1.3.1-natives-desktop.jar:/home/imalerich/.gradle/caches/modules-2/files-2.1/com.badlogicgames.jlayer/jlayer/1.0.1-gdx/7cca83cec5c1b2f011362f4d85aabd71a73b049d/jlayer-1.0.1-gdx.jar:/home/imalerich/.gradle/caches/modules-2/files-2.1/net.java.jinput/jinput-platform/2.0.5/385ee093e01f587f30ee1c8a2ee7d408fd732e16/jinput-platform-2.0.5-natives-windows.jar:/home/imalerich/.gradle/caches/modules-2/files-2.1/net.java.jinput/jinput-platform/2.0.5/53f9c919f34d2ca9de8c51fc4e1e8282029a9232/jinput-platform-2.0.5-natives-osx.jar:/home/imalerich/.gradle/caches/modules-2/files-2.1/net.java.jinput/jinput-platform/2.0.5/7ff832a6eb9ab6a767f1ade2b548092d0fa64795/jinput-platform-2.0.5-natives-linux.jar:/home/imalerich/.gradle/caches/modules-2/files-2.1/net.java.jinput/jinput/2.0.5/39c7796b469a600f72380316f6b1f11db6c2c7c4/jinput-2.0.5.jar:/home/imal
Launcher Type: SUN_STANDARD

Environment Variables:
PATH=/usr/local/sbin:/usr/local/bin:/usr/bin:/usr/lib/jvm/default/bin:/usr/bin/site_perl:/usr/bin/vendor_perl:/usr/bin/core_perl
SHELL=/bin/bash
DISPLAY=:0

Signal Handlers:
SIGSEGV: [libjvm.so+0xa606e0], sa_mask[0]=11111111011111111101111111111110, sa_flags=SA_RESTART|SA_SIGINFO
SIGBUS: [libjvm.so+0xa606e0], sa_mask[0]=11111111011111111101111111111110, sa_flags=SA_RESTART|SA_SIGINFO
SIGFPE: [libjvm.so+0x8b4a70], sa_mask[0]=11111111011111111101111111111110, sa_flags=SA_RESTART|SA_SIGINFO
SIGPIPE: [libjvm.so+0x8b4a70], sa_mask[0]=11111111011111111101111111111110, sa_flags=SA_RESTART|SA_SIGINFO
SIGXFSZ: [libjvm.so+0x8b4a70], sa_mask[0]=11111111011111111101111111111110, sa_flags=SA_RESTART|SA_SIGINFO
SIGILL: [libjvm.so+0x8b4a70], sa_mask[0]=11111111011111111101111111111110, sa_flags=SA_RESTART|SA_SIGINFO
SIGUSR1: SIG_DFL, sa_mask[0]=00000000000000000000000000000000, sa_flags=none
SIGUSR2: [libjvm.so+0x8b4920], sa_mask[0]=00100000000000000000000000000000, sa_flags=SA_RESTART|SA_SIGINFO
SIGHUP: [libjvm.so+0x8b4b40], sa_mask[0]=11111111011111111101111111111110, sa_flags=SA_RESTART|SA_SIGINFO
SIGINT: SIG_IGN, sa_mask[0]=00000000000000000000000000000000, sa_flags=none
SIGTERM: [libjvm.so+0x8b4b40], sa_mask[0]=11111111011111111101111111111110, sa_flags=SA_RESTART|SA_SIGINFO
SIGQUIT: [libjvm.so+0x8b4b40], sa_mask[0]=11111111011111111101111111111110, sa_flags=SA_RESTART|SA_SIGINFO


---------------  S Y S T E M  ---------------

OS:NAME="Arch Linux"
ID=arch
PRETTY_NAME="Arch Linux"
ANSI_COLOR="0;36"
HOME_URL="https://www.archlinux.org/"
SUPPORT_URL="https://bbs.archlinux.org/"
BUG_REPORT_URL="https://bugs.archlinux.org/"


uname:Linux 3.17.6-1-ARCH #1 SMP PREEMPT Sun Dec 7 23:43:32 UTC 2014 x86_64
libc:glibc 2.20 NPTL 2.20 
rlimit: STACK 8192k, CORE 0k, NPROC 31439, NOFILE 4096, AS infinity
load average:0.77 0.74 0.69

/proc/meminfo:
MemTotal:        8126984 kB
MemFree:         5320788 kB
MemAvailable:    6572132 kB
Buffers:           79904 kB
Cached:          1323688 kB
SwapCached:            0 kB
Active:          1777816 kB
Inactive:         761284 kB
Active(anon):    1137104 kB
Inactive(anon):    17648 kB
Active(file):     640712 kB
Inactive(file):   743636 kB
Unevictable:           4 kB
Mlocked:               4 kB
SwapTotal:             0 kB
SwapFree:              0 kB
Dirty:               712 kB
Writeback:             0 kB
AnonPages:       1135644 kB
Mapped:           324904 kB
Shmem:             19228 kB
Slab:             102412 kB
SReclaimable:      71864 kB
SUnreclaim:        30548 kB
KernelStack:        5456 kB
PageTables:        11396 kB
NFS_Unstable:          0 kB
Bounce:                0 kB
WritebackTmp:          0 kB
CommitLimit:     4063492 kB
Committed_AS:    2106116 kB
VmallocTotal:   34359738367 kB
VmallocUsed:      141680 kB
VmallocChunk:   34359586300 kB
HardwareCorrupted:     0 kB
AnonHugePages:    677888 kB
HugePages_Total:       0
HugePages_Free:        0
HugePages_Rsvd:        0
HugePages_Surp:        0
Hugepagesize:       2048 kB
DirectMap4k:      202496 kB
DirectMap2M:     8132608 kB


CPU:total 8 (4 cores per cpu, 2 threads per core) family 6 model 58 stepping 9, cmov, cx8, fxsr, mmx, sse, sse2, sse3, ssse3, sse4.1, sse4.2, popcnt, avx, aes, clmul, erms, ht, tsc, tscinvbit, tscinv

/proc/cpuinfo:
processor	: 0
vendor_id	: GenuineIntel
cpu family	: 6
model		: 58
model name	: Intel(R) Core(TM) i7-3630QM CPU @ 2.40GHz
stepping	: 9
microcode	: 0x12
cpu MHz		: 1927.312
cache size	: 6144 KB
physical id	: 0
siblings	: 8
core id		: 0
cpu cores	: 4
apicid		: 0
initial apicid	: 0
fpu		: yes
fpu_exception	: yes
cpuid level	: 13
wp		: yes
flags		: fpu vme de pse tsc msr pae mce cx8 apic sep mtrr pge mca cmov pat pse36 clflush dts acpi mmx fxsr sse sse2 ss ht tm pbe syscall nx rdtscp lm constant_tsc arch_perfmon pebs bts rep_good nopl xtopology nonstop_tsc aperfmperf eagerfpu pni pclmulqdq dtes64 monitor ds_cpl vmx est tm2 ssse3 cx16 xtpr pdcm pcid sse4_1 sse4_2 x2apic popcnt tsc_deadline_timer aes xsave avx f16c rdrand lahf_lm ida arat epb pln pts dtherm tpr_shadow vnmi flexpriority ept vpid fsgsbase smep erms xsaveopt
bugs		:
bogomips	: 4791.85
clflush size	: 64
cache_alignment	: 64
address sizes	: 36 bits physical, 48 bits virtual
power management:

processor	: 1
vendor_id	: GenuineIntel
cpu family	: 6
model		: 58
model name	: Intel(R) Core(TM) i7-3630QM CPU @ 2.40GHz
stepping	: 9
microcode	: 0x12
cpu MHz		: 1790.250
cache size	: 6144 KB
physical id	: 0
siblings	: 8
core id		: 0
cpu cores	: 4
apicid		: 1
initial apicid	: 1
fpu		: yes
fpu_exception	: yes
cpuid level	: 13
wp		: yes
flags		: fpu vme de pse tsc msr pae mce cx8 apic sep mtrr pge mca cmov pat pse36 clflush dts acpi mmx fxsr sse sse2 ss ht tm pbe syscall nx rdtscp lm constant_tsc arch_perfmon pebs bts rep_good nopl xtopology nonstop_tsc aperfmperf eagerfpu pni pclmulqdq dtes64 monitor ds_cpl vmx est tm2 ssse3 cx16 xtpr pdcm pcid sse4_1 sse4_2 x2apic popcnt tsc_deadline_timer aes xsave avx f16c rdrand lahf_lm ida arat epb pln pts dtherm tpr_shadow vnmi flexpriority ept vpid fsgsbase smep erms xsaveopt
bugs		:
bogomips	: 4791.85
clflush size	: 64
cache_alignment	: 64
address sizes	: 36 bits physical, 48 bits virtual
power management:

processor	: 2
vendor_id	: GenuineIntel
cpu family	: 6
model		: 58
model name	: Intel(R) Core(TM) i7-3630QM CPU @ 2.40GHz
stepping	: 9
microcode	: 0x12
cpu MHz		: 1941.187
cache size	: 6144 KB
physical id	: 0
siblings	: 8
core id		: 1
cpu cores	: 4
apicid		: 2
initial apicid	: 2
fpu		: yes
fpu_exception	: yes
cpuid level	: 13
wp		: yes
flags		: fpu vme de pse tsc msr pae mce cx8 apic sep mtrr pge mca cmov pat pse36 clflush dts acpi mmx fxsr sse sse2 ss ht tm pbe syscall nx rdtscp lm constant_tsc arch_perfmon pebs bts rep_good nopl xtopology nonstop_tsc aperfmperf eagerfpu pni pclmulqdq dtes64 monitor ds_cpl vmx est tm2 ssse3 cx16 xtpr pdcm pcid sse4_1 sse4_2 x2apic popcnt tsc_deadline_timer aes xsave avx f16c rdrand lahf_lm ida arat epb pln pts dtherm tpr_shadow vnmi flexpriority ept vpid fsgsbase smep erms xsaveopt
bugs		:
bogomips	: 4791.85
clflush size	: 64
cache_alignment	: 64
address sizes	: 36 bits physical, 48 bits virtual
power management:

processor	: 3
vendor_id	: GenuineIntel
cpu family	: 6
model		: 58
model name	: Intel(R) Core(TM) i7-3630QM CPU @ 2.40GHz
stepping	: 9
microcode	: 0x12
cpu MHz		: 2102.625
cache size	: 6144 KB
physical id	: 0
siblings	: 8
core id		: 1
cpu cores	: 4
apicid		: 3
initial apicid	: 3
fpu		: yes
fpu_exception	: yes
cpuid level	: 13
wp		: yes
flags		: fpu vme de pse tsc msr pae mce cx8 apic sep mtrr pge mca cmov pat pse36 clflush dts acpi mmx fxsr sse sse2 ss ht tm pbe syscall nx rdtscp lm constant_tsc arch_perfmon pebs bts rep_good nopl xtopology nonstop_tsc aperfmperf eagerfpu pni pclmulqdq dtes64 monitor ds_cpl vmx est tm2 ssse3 cx16 xtpr pdcm pcid sse4_1 sse4_2 x2apic popcnt tsc_deadline_timer aes xsave avx f16c rdrand lahf_lm ida arat epb pln pts dtherm tpr_shadow vnmi flexpriority ept vpid fsgsbase smep erms xsaveopt
bugs		:
bogomips	: 4791.85
clflush size	: 64
cache_alignment	: 64
address sizes	: 36 bits physical, 48 bits virtual
power management:

processor	: 4
vendor_id	: GenuineIntel
cpu family	: 6
model		: 58
model name	: Intel(R) Core(TM) i7-3630QM CPU @ 2.40GHz
stepping	: 9
microcode	: 0x12
cpu MHz		: 1879.406
cache size	: 6144 KB
physical id	: 0
siblings	: 8
core id		: 2
cpu cores	: 4
apicid		: 4
initial apicid	: 4
fpu		: yes
fpu_exception	: yes
cpuid level	: 13
wp		: yes
flags		: fpu vme de pse tsc msr pae mce cx8 apic sep mtrr pge mca cmov pat pse36 clflush dts acpi mmx fxsr sse sse2 ss ht tm pbe syscall nx rdtscp lm constant_tsc arch_perfmon pebs bts rep_good nopl xtopology nonstop_tsc aperfmperf eagerfpu pni pclmulqdq dtes64 monitor ds_cpl vmx est tm2 ssse3 cx16 xtpr pdcm pcid sse4_1 sse4_2 x2apic popcnt tsc_deadline_timer aes xsave avx f16c rdrand lahf_lm ida arat epb pln pts dtherm tpr_shadow vnmi flexpriority ept vpid fsgsbase smep erms xsaveopt
bugs		:
bogomips	: 4791.85
clflush size	: 64
cache_alignment	: 64
address sizes	: 36 bits physical, 48 bits virtual
power management:

processor	: 5
vendor_id	: GenuineIntel
cpu family	: 6
model		: 58
model name	: Intel(R) Core(TM) i7-3630QM CPU @ 2.40GHz
stepping	: 9
microcode	: 0x12
cpu MHz		: 1752.281
cache size	: 6144 KB
physical id	: 0
siblings	: 8
core id		: 2
cpu cores	: 4
apicid		: 5
initial apicid	: 5
fpu		: yes
fpu_exception	: yes
cpuid level	: 13
wp		: yes
flags		: fpu vme de pse tsc msr pae mce cx8 apic sep mtrr pge mca cmov pat pse36 clflush dts acpi mmx fxsr sse sse2 ss ht tm pbe syscall nx rdtscp lm constant_tsc arch_perfmon pebs bts rep_good nopl xtopology nonstop_tsc aperfmperf eagerfpu pni pclmulqdq dtes64 monitor ds_cpl vmx est tm2 ssse3 cx16 xtpr pdcm pcid sse4_1 sse4_2 x2apic popcnt tsc_deadline_timer aes xsave avx f16c rdrand lahf_lm ida arat epb pln pts dtherm tpr_shadow vnmi flexpriority ept vpid fsgsbase smep erms xsaveopt
bugs		:
bogomips	: 4791.85
clflush size	: 64
cache_alignment	: 64
address sizes	: 36 bits physical, 48 bits virtual
power management:

processor	: 6
vendor_id	: GenuineIntel
cpu family	: 6
model		: 58
model name	: Intel(R) Core(TM) i7-3630QM CPU @ 2.40GHz
stepping	: 9
microcode	: 0x12
cpu MHz		: 1818.937
cache size	: 6144 KB
physical id	: 0
siblings	: 8
core id		: 3
cpu cores	: 4
apicid		: 6
initial apicid	: 6
fpu		: yes
fpu_exception	: yes
cpuid level	: 13
wp		: yes
flags		: fpu vme de pse tsc msr pae mce cx8 apic sep mtrr pge mca cmov pat pse36 clflush dts acpi mmx fxsr sse sse2 ss ht tm pbe syscall nx rdtscp lm constant_tsc arch_perfmon pebs bts rep_good nopl xtopology nonstop_tsc aperfmperf eagerfpu pni pclmulqdq dtes64 monitor ds_cpl vmx est tm2 ssse3 cx16 xtpr pdcm pcid sse4_1 sse4_2 x2apic popcnt tsc_deadline_timer aes xsave avx f16c rdrand lahf_lm ida arat epb pln pts dtherm tpr_shadow vnmi flexpriority ept vpid fsgsbase smep erms xsaveopt
bugs		:
bogomips	: 4791.85
clflush size	: 64
cache_alignment	: 64
address sizes	: 36 bits physical, 48 bits virtual
power management:

processor	: 7
vendor_id	: GenuineIntel
cpu family	: 6
model		: 58
model name	: Intel(R) Core(TM) i7-3630QM CPU @ 2.40GHz
stepping	: 9
microcode	: 0x12
cpu MHz		: 1704.093
cache size	: 6144 KB
physical id	: 0
siblings	: 8
core id		: 3
cpu cores	: 4
apicid		: 7
initial apicid	: 7
fpu		: yes
fpu_exception	: yes
cpuid level	: 13
wp		: yes
flags		: fpu vme de pse tsc msr pae mce cx8 apic sep mtrr pge mca cmov pat pse36 clflush dts acpi mmx fxsr sse sse2 ss ht tm pbe syscall nx rdtscp lm constant_tsc arch_perfmon pebs bts rep_good nopl xtopology nonstop_tsc aperfmperf eagerfpu pni pclmulqdq dtes64 monitor ds_cpl vmx est tm2 ssse3 cx16 xtpr pdcm pcid sse4_1 sse4_2 x2apic popcnt tsc_deadline_timer aes xsave avx f16c rdrand lahf_lm ida arat epb pln pts dtherm tpr_shadow vnmi flexpriority ept vpid fsgsbase smep erms xsaveopt
bugs		:
bogomips	: 4791.85
clflush size	: 64
cache_alignment	: 64
address sizes	: 36 bits physical, 48 bits virtual
power management:



Memory: 4k page, physical 8126984k(5323576k free), swap 0k(0k free)

vm_info: OpenJDK 64-Bit Server VM (25.25-b02) for linux-amd64 JRE (1.8.0_25-b18), built on Nov 16 2014 16:13:29 by "builduser" with gcc 4.9.2

time: Tue Dec 16 14:56:56 2014
elapsed time: 58 seconds (0d 0h 0m 58s)

